--------------- Build Started: 07/25/2017 10:20:19 Project: APU2A03, Configuration: ARM GCC 4.9-2015-q1-update Debug ---------------
cydsfit.exe -.appdatapath "C:\Users\214016586\AppData\Local\Cypress Semiconductor\PSoC Creator\4.0" -.fdsnotice -.fdswarpdepfile=warp_dependencies.txt -.fdselabdepfile=elab_dependencies.txt -.fdsbldfile=generated_files.txt -.fdsreffile=referenced_files.txt -p C:\Users\214016586\Documents\GitHub\PSoC_2A03APU\APU2A03\APU2A03.cydsn\APU2A03.cyprj -d CY8C5868AXI-LP035 -s C:\Users\214016586\Documents\GitHub\PSoC_2A03APU\APU2A03\APU2A03.cydsn\Generated_Source\PSoC5 -- -yv2 -q10 -ygs -o2 -v3 -.fftcfgtype=LE
Elaborating Design...
HDL Generation...
Synthesis...
Tech Mapping...
ADD: pft.M0040: information: The following 9 pin(s) will be assigned a location by the fitter: \USBMIDI_1:Dm(0)\, \USBMIDI_1:Dp(0)\, MIDI_IN1(0), MIDI_OUT1(0), Noise_Out(0), Pin_1(0), Pin_2(0), Pin_3(0), Pin_6(0)
Analog Placement...
Log: apr.M0058: The analog placement iterative improvement is 41% done. (App=cydsfit)
Analog Routing...
Analog Code Generation...
Digital Placement...
Digital Routing...
Bitstream Generation...
Bitstream Verification...
Static timing analysis...
Warning: sta.M0021: APU2A03_timing.html: Warning-1350: Asynchronous path(s) exist from "Clock_179(fixed-function)" to "Clock_179". See the timing report for details. (File=C:\Users\214016586\Documents\GitHub\PSoC_2A03APU\APU2A03\APU2A03.cydsn\APU2A03_timing.html)
API Generation...
Dependency Generation...
Cleanup...
The compile step is up to date, no work needs to be done.
arm-none-eabi-ar.exe -rs .\CortexM3\ARM_GCC_493\Debug\APU2A03.a .\CortexM3\ARM_GCC_493\Debug\cyfitter_cfg.o .\CortexM3\ARM_GCC_493\Debug\LFSR.o .\CortexM3\ARM_GCC_493\Debug\LFSR_PM.o .\CortexM3\ARM_GCC_493\Debug\Length_Counter.o .\CortexM3\ARM_GCC_493\Debug\Length_Counter_PM.o .\CortexM3\ARM_GCC_493\Debug\Clock_179.o .\CortexM3\ARM_GCC_493\Debug\Control_Reg_1.o .\CortexM3\ARM_GCC_493\Debug\Control_Reg_1_PM.o .\CortexM3\ARM_GCC_493\Debug\Pin_1.o .\CortexM3\ARM_GCC_493\Debug\CyDmac.o .\CortexM3\ARM_GCC_493\Debug\CyFlash.o .\CortexM3\ARM_GCC_493\Debug\CyLib.o .\CortexM3\ARM_GCC_493\Debug\cyPm.o .\CortexM3\ARM_GCC_493\Debug\CySpc.o .\CortexM3\ARM_GCC_493\Debug\cyutils.o .\CortexM3\ARM_GCC_493\Debug\volume_generator.o .\CortexM3\ARM_GCC_493\Debug\volume_generator_PM.o .\CortexM3\ARM_GCC_493\Debug\Pin_2.o .\CortexM3\ARM_GCC_493\Debug\Pin_3.o .\CortexM3\ARM_GCC_493\Debug\Control_Reg_2.o .\CortexM3\ARM_GCC_493\Debug\Control_Reg_2_PM.o .\CortexM3\ARM_GCC_493\Debug\Noise_Vol_Clk_Div.o .\CortexM3\ARM_GCC_493\Debug\Noise_Vol_Clk_Div_PM.o .\CortexM3\ARM_GCC_493\Debug\Noise_Clk_Div.o .\CortexM3\ARM_GCC_493\Debug\Noise_Clk_Div_PM.o .\CortexM3\ARM_GCC_493\Debug\Pin_6.o .\CortexM3\ARM_GCC_493\Debug\Length_Counter_1.o .\CortexM3\ARM_GCC_493\Debug\Length_Counter_1_PM.o .\CortexM3\ARM_GCC_493\Debug\Tri_Divider.o .\CortexM3\ARM_GCC_493\Debug\Tri_Divider_PM.o .\CortexM3\ARM_GCC_493\Debug\DAC_Clk.o .\CortexM3\ARM_GCC_493\Debug\Noise_Out.o .\CortexM3\ARM_GCC_493\Debug\VDAC8_Noise.o .\CortexM3\ARM_GCC_493\Debug\VDAC8_Noise_PM.o .\CortexM3\ARM_GCC_493\Debug\MIDI1_UART.o .\CortexM3\ARM_GCC_493\Debug\MIDI1_UART_PM.o .\CortexM3\ARM_GCC_493\Debug\MIDI1_UART_INT.o .\CortexM3\ARM_GCC_493\Debug\MIDI1_UART_BOOT.o .\CortexM3\ARM_GCC_493\Debug\USBMIDI_1.o .\CortexM3\ARM_GCC_493\Debug\USBMIDI_1_audio.o .\CortexM3\ARM_GCC_493\Debug\USBMIDI_1_boot.o .\CortexM3\ARM_GCC_493\Debug\USBMIDI_1_cdc.o .\CortexM3\ARM_GCC_493\Debug\USBMIDI_1_cls.o .\CortexM3\ARM_GCC_493\Debug\USBMIDI_1_descr.o .\CortexM3\ARM_GCC_493\Debug\USBMIDI_1_drv.o .\CortexM3\ARM_GCC_493\Debug\USBMIDI_1_episr.o .\CortexM3\ARM_GCC_493\Debug\USBMIDI_1_hid.o .\CortexM3\ARM_GCC_493\Debug\USBMIDI_1_pm.o .\CortexM3\ARM_GCC_493\Debug\USBMIDI_1_std.o .\CortexM3\ARM_GCC_493\Debug\USBMIDI_1_vnd.o .\CortexM3\ARM_GCC_493\Debug\USBMIDI_1_midi.o .\CortexM3\ARM_GCC_493\Debug\USBMIDI_1_msc.o .\CortexM3\ARM_GCC_493\Debug\MIDI1_UART_IntClock.o .\CortexM3\ARM_GCC_493\Debug\USBMIDI_1_Dm.o .\CortexM3\ARM_GCC_493\Debug\USBMIDI_1_Dp.o .\CortexM3\ARM_GCC_493\Debug\Counter_1.o .\CortexM3\ARM_GCC_493\Debug\Counter_1_PM.o .\CortexM3\ARM_GCC_493\Debug\Count7_1.o .\CortexM3\ARM_GCC_493\Debug\Count7_1_PM.o .\CortexM3\ARM_GCC_493\Debug\Count7_2.o .\CortexM3\ARM_GCC_493\Debug\Count7_2_PM.o .\CortexM3\ARM_GCC_493\Debug\Control_Reg_3.o .\CortexM3\ARM_GCC_493\Debug\Control_Reg_3_PM.o .\CortexM3\ARM_GCC_493\Debug\rectangle_generator.o .\CortexM3\ARM_GCC_493\Debug\rectangle_generator_PM.o .\CortexM3\ARM_GCC_493\Debug\Control_Reg_4.o .\CortexM3\ARM_GCC_493\Debug\Control_Reg_4_PM.o .\CortexM3\ARM_GCC_493\Debug\Status_Reg_1.o .\CortexM3\ARM_GCC_493\Debug\CyBootAsmGnu.o
arm-none-eabi-ar.exe: creating .\CortexM3\ARM_GCC_493\Debug\APU2A03.a
arm-none-eabi-gcc.exe -Wl,--start-group -o .\CortexM3\ARM_GCC_493\Debug\APU2A03.elf .\CortexM3\ARM_GCC_493\Debug\main.o .\CortexM3\ARM_GCC_493\Debug\cymetadata.o .\CortexM3\ARM_GCC_493\Debug\Cm3Start.o .\CortexM3\ARM_GCC_493\Debug\APU2A03.a "C:\Program Files (x86)\Cypress\PSoC Creator\4.0\PSoC Creator\psoc\content\cycomponentlibrary\CyComponentLibrary.cylib\CortexM3\ARM_GCC_493\Debug\CyComponentLibrary.a" -mcpu=cortex-m3 -mthumb -g -ffunction-sections -Og -ffat-lto-objects -L Generated_Source\PSoC5 -Wl,-Map,.\CortexM3\ARM_GCC_493\Debug/APU2A03.map -T C:\Users\214016586\Documents\GitHub\PSoC_2A03APU\APU2A03\APU2A03.cydsn\Generated_Source\PSoC5\cm3gcc.ld -specs=nano.specs -Wl,--gc-sections -Wl,--end-group
cyelftool.exe -C C:\Users\214016586\Documents\GitHub\PSoC_2A03APU\APU2A03\APU2A03.cydsn\CortexM3\ARM_GCC_493\Debug\APU2A03.elf --flash_row_size 256 --flash_size 262144
cyelftool.exe -S C:\Users\214016586\Documents\GitHub\PSoC_2A03APU\APU2A03\APU2A03.cydsn\CortexM3\ARM_GCC_493\Debug\APU2A03.elf
Flash used: 1382 of 262144 bytes (0.5 %).
SRAM used: 2573 of 65536 bytes (3.9 %). Stack: 2048 bytes. Heap: 128 bytes.
--------------- Build Succeeded: 07/25/2017 10:20:45 ---------------
