ARM GAS  C:\Users\214016~1\AppData\Local\Temp\ccVCmpVh.s 			page 1


   1              		.syntax unified
   2              		.cpu cortex-m3
   3              		.fpu softvfp
   4              		.eabi_attribute 20, 1
   5              		.eabi_attribute 21, 1
   6              		.eabi_attribute 23, 3
   7              		.eabi_attribute 24, 1
   8              		.eabi_attribute 25, 1
   9              		.eabi_attribute 26, 1
  10              		.eabi_attribute 30, 1
  11              		.eabi_attribute 34, 1
  12              		.eabi_attribute 18, 4
  13              		.thumb
  14              		.file	"main.c"
  15              		.text
  16              	.Ltext0:
  17              		.cfi_sections	.debug_frame
  18              		.section	.text.main,"ax",%progbits
  19              		.align	2
  20              		.global	main
  21              		.thumb
  22              		.thumb_func
  23              		.type	main, %function
  24              	main:
  25              	.LFB63:
  26              		.file 1 "main.c"
   1:main.c        **** /* ========================================
   2:main.c        ****  *
   3:main.c        ****  * Copyright YOUR COMPANY, THE YEAR
   4:main.c        ****  * All Rights Reserved
   5:main.c        ****  * UNPUBLISHED, LICENSED SOFTWARE.
   6:main.c        ****  *
   7:main.c        ****  * CONFIDENTIAL AND PROPRIETARY INFORMATION
   8:main.c        ****  * WHICH IS THE PROPERTY OF your company.
   9:main.c        ****  *
  10:main.c        ****  * ========================================
  11:main.c        **** */
  12:main.c        **** #include "project.h"
  13:main.c        **** 
  14:main.c        **** int main(void)
  15:main.c        **** {
  27              		.loc 1 15 0
  28              		.cfi_startproc
  29              		@ Volatile: function does not return.
  30              		@ args = 0, pretend = 0, frame = 0
  31              		@ frame_needed = 0, uses_anonymous_args = 0
  32              		@ link register save eliminated.
  16:main.c        ****     CyGlobalIntEnable; /* Enable global interrupts. */
  33              		.loc 1 16 0
  34              	@ 16 "main.c" 1
  35 0000 62B6     		CPSIE   i
  36              	@ 0 "" 2
  37              		.thumb
  38              	.L2:
  17:main.c        **** 
  18:main.c        ****     /* Place your initialization/startup code here (e.g. MyInst_Start()) */
  19:main.c        **** 
ARM GAS  C:\Users\214016~1\AppData\Local\Temp\ccVCmpVh.s 			page 2


  20:main.c        ****     for(;;)
  21:main.c        ****     {
  22:main.c        ****         /* Place your application code here. */
  23:main.c        ****     }
  39              		.loc 1 23 0 discriminator 1
  40 0002 FEE7     		b	.L2
  41              		.cfi_endproc
  42              	.LFE63:
  43              		.size	main, .-main
  44              		.text
  45              	.Letext0:
  46              		.file 2 "c:\\program files (x86)\\cypress\\psoc creator\\4.0\\psoc creator\\import\\gnu\\arm\\4.9.
  47              		.file 3 "c:\\program files (x86)\\cypress\\psoc creator\\4.0\\psoc creator\\import\\gnu\\arm\\4.9.
  48              		.file 4 "Generated_Source\\PSoC5/core_cm3.h"
  49              		.section	.debug_info,"",%progbits
  50              	.Ldebug_info0:
  51 0000 C0000000 		.4byte	0xc0
  52 0004 0400     		.2byte	0x4
  53 0006 00000000 		.4byte	.Ldebug_abbrev0
  54 000a 04       		.byte	0x4
  55 000b 01       		.uleb128 0x1
  56 000c 9E000000 		.4byte	.LASF15
  57 0010 01       		.byte	0x1
  58 0011 2E000000 		.4byte	.LASF16
  59 0015 35000000 		.4byte	.LASF17
  60 0019 00000000 		.4byte	.Ldebug_ranges0+0
  61 001d 00000000 		.4byte	0
  62 0021 00000000 		.4byte	.Ldebug_line0
  63 0025 02       		.uleb128 0x2
  64 0026 01       		.byte	0x1
  65 0027 06       		.byte	0x6
  66 0028 5C010000 		.4byte	.LASF0
  67 002c 02       		.uleb128 0x2
  68 002d 01       		.byte	0x1
  69 002e 08       		.byte	0x8
  70 002f 2C010000 		.4byte	.LASF1
  71 0033 02       		.uleb128 0x2
  72 0034 02       		.byte	0x2
  73 0035 05       		.byte	0x5
  74 0036 7D010000 		.4byte	.LASF2
  75 003a 02       		.uleb128 0x2
  76 003b 02       		.byte	0x2
  77 003c 07       		.byte	0x7
  78 003d 0E000000 		.4byte	.LASF3
  79 0041 03       		.uleb128 0x3
  80 0042 68010000 		.4byte	.LASF9
  81 0046 02       		.byte	0x2
  82 0047 3F       		.byte	0x3f
  83 0048 4C000000 		.4byte	0x4c
  84 004c 02       		.uleb128 0x2
  85 004d 04       		.byte	0x4
  86 004e 05       		.byte	0x5
  87 004f 3F010000 		.4byte	.LASF4
  88 0053 02       		.uleb128 0x2
  89 0054 04       		.byte	0x4
  90 0055 07       		.byte	0x7
  91 0056 75000000 		.4byte	.LASF5
ARM GAS  C:\Users\214016~1\AppData\Local\Temp\ccVCmpVh.s 			page 3


  92 005a 02       		.uleb128 0x2
  93 005b 08       		.byte	0x8
  94 005c 05       		.byte	0x5
  95 005d 00000000 		.4byte	.LASF6
  96 0061 02       		.uleb128 0x2
  97 0062 08       		.byte	0x8
  98 0063 07       		.byte	0x7
  99 0064 87000000 		.4byte	.LASF7
 100 0068 04       		.uleb128 0x4
 101 0069 04       		.byte	0x4
 102 006a 05       		.byte	0x5
 103 006b 696E7400 		.ascii	"int\000"
 104 006f 02       		.uleb128 0x2
 105 0070 04       		.byte	0x4
 106 0071 07       		.byte	0x7
 107 0072 21000000 		.4byte	.LASF8
 108 0076 03       		.uleb128 0x3
 109 0077 87010000 		.4byte	.LASF10
 110 007b 03       		.byte	0x3
 111 007c 2C       		.byte	0x2c
 112 007d 41000000 		.4byte	0x41
 113 0081 02       		.uleb128 0x2
 114 0082 04       		.byte	0x4
 115 0083 04       		.byte	0x4
 116 0084 77010000 		.4byte	.LASF11
 117 0088 02       		.uleb128 0x2
 118 0089 08       		.byte	0x8
 119 008a 04       		.byte	0x4
 120 008b 48010000 		.4byte	.LASF12
 121 008f 02       		.uleb128 0x2
 122 0090 01       		.byte	0x1
 123 0091 08       		.byte	0x8
 124 0092 3A010000 		.4byte	.LASF13
 125 0096 02       		.uleb128 0x2
 126 0097 04       		.byte	0x4
 127 0098 07       		.byte	0x7
 128 0099 8F010000 		.4byte	.LASF14
 129 009d 05       		.uleb128 0x5
 130 009e 72010000 		.4byte	.LASF18
 131 00a2 01       		.byte	0x1
 132 00a3 0E       		.byte	0xe
 133 00a4 68000000 		.4byte	0x68
 134 00a8 00000000 		.4byte	.LFB63
 135 00ac 04000000 		.4byte	.LFE63-.LFB63
 136 00b0 01       		.uleb128 0x1
 137 00b1 9C       		.byte	0x9c
 138 00b2 06       		.uleb128 0x6
 139 00b3 4F010000 		.4byte	.LASF19
 140 00b7 04       		.byte	0x4
 141 00b8 9606     		.2byte	0x696
 142 00ba BE000000 		.4byte	0xbe
 143 00be 07       		.uleb128 0x7
 144 00bf 76000000 		.4byte	0x76
 145 00c3 00       		.byte	0
 146              		.section	.debug_abbrev,"",%progbits
 147              	.Ldebug_abbrev0:
 148 0000 01       		.uleb128 0x1
ARM GAS  C:\Users\214016~1\AppData\Local\Temp\ccVCmpVh.s 			page 4


 149 0001 11       		.uleb128 0x11
 150 0002 01       		.byte	0x1
 151 0003 25       		.uleb128 0x25
 152 0004 0E       		.uleb128 0xe
 153 0005 13       		.uleb128 0x13
 154 0006 0B       		.uleb128 0xb
 155 0007 03       		.uleb128 0x3
 156 0008 0E       		.uleb128 0xe
 157 0009 1B       		.uleb128 0x1b
 158 000a 0E       		.uleb128 0xe
 159 000b 55       		.uleb128 0x55
 160 000c 17       		.uleb128 0x17
 161 000d 11       		.uleb128 0x11
 162 000e 01       		.uleb128 0x1
 163 000f 10       		.uleb128 0x10
 164 0010 17       		.uleb128 0x17
 165 0011 00       		.byte	0
 166 0012 00       		.byte	0
 167 0013 02       		.uleb128 0x2
 168 0014 24       		.uleb128 0x24
 169 0015 00       		.byte	0
 170 0016 0B       		.uleb128 0xb
 171 0017 0B       		.uleb128 0xb
 172 0018 3E       		.uleb128 0x3e
 173 0019 0B       		.uleb128 0xb
 174 001a 03       		.uleb128 0x3
 175 001b 0E       		.uleb128 0xe
 176 001c 00       		.byte	0
 177 001d 00       		.byte	0
 178 001e 03       		.uleb128 0x3
 179 001f 16       		.uleb128 0x16
 180 0020 00       		.byte	0
 181 0021 03       		.uleb128 0x3
 182 0022 0E       		.uleb128 0xe
 183 0023 3A       		.uleb128 0x3a
 184 0024 0B       		.uleb128 0xb
 185 0025 3B       		.uleb128 0x3b
 186 0026 0B       		.uleb128 0xb
 187 0027 49       		.uleb128 0x49
 188 0028 13       		.uleb128 0x13
 189 0029 00       		.byte	0
 190 002a 00       		.byte	0
 191 002b 04       		.uleb128 0x4
 192 002c 24       		.uleb128 0x24
 193 002d 00       		.byte	0
 194 002e 0B       		.uleb128 0xb
 195 002f 0B       		.uleb128 0xb
 196 0030 3E       		.uleb128 0x3e
 197 0031 0B       		.uleb128 0xb
 198 0032 03       		.uleb128 0x3
 199 0033 08       		.uleb128 0x8
 200 0034 00       		.byte	0
 201 0035 00       		.byte	0
 202 0036 05       		.uleb128 0x5
 203 0037 2E       		.uleb128 0x2e
 204 0038 00       		.byte	0
 205 0039 3F       		.uleb128 0x3f
ARM GAS  C:\Users\214016~1\AppData\Local\Temp\ccVCmpVh.s 			page 5


 206 003a 19       		.uleb128 0x19
 207 003b 03       		.uleb128 0x3
 208 003c 0E       		.uleb128 0xe
 209 003d 3A       		.uleb128 0x3a
 210 003e 0B       		.uleb128 0xb
 211 003f 3B       		.uleb128 0x3b
 212 0040 0B       		.uleb128 0xb
 213 0041 27       		.uleb128 0x27
 214 0042 19       		.uleb128 0x19
 215 0043 49       		.uleb128 0x49
 216 0044 13       		.uleb128 0x13
 217 0045 11       		.uleb128 0x11
 218 0046 01       		.uleb128 0x1
 219 0047 12       		.uleb128 0x12
 220 0048 06       		.uleb128 0x6
 221 0049 40       		.uleb128 0x40
 222 004a 18       		.uleb128 0x18
 223 004b 9742     		.uleb128 0x2117
 224 004d 19       		.uleb128 0x19
 225 004e 00       		.byte	0
 226 004f 00       		.byte	0
 227 0050 06       		.uleb128 0x6
 228 0051 34       		.uleb128 0x34
 229 0052 00       		.byte	0
 230 0053 03       		.uleb128 0x3
 231 0054 0E       		.uleb128 0xe
 232 0055 3A       		.uleb128 0x3a
 233 0056 0B       		.uleb128 0xb
 234 0057 3B       		.uleb128 0x3b
 235 0058 05       		.uleb128 0x5
 236 0059 49       		.uleb128 0x49
 237 005a 13       		.uleb128 0x13
 238 005b 3F       		.uleb128 0x3f
 239 005c 19       		.uleb128 0x19
 240 005d 3C       		.uleb128 0x3c
 241 005e 19       		.uleb128 0x19
 242 005f 00       		.byte	0
 243 0060 00       		.byte	0
 244 0061 07       		.uleb128 0x7
 245 0062 35       		.uleb128 0x35
 246 0063 00       		.byte	0
 247 0064 49       		.uleb128 0x49
 248 0065 13       		.uleb128 0x13
 249 0066 00       		.byte	0
 250 0067 00       		.byte	0
 251 0068 00       		.byte	0
 252              		.section	.debug_aranges,"",%progbits
 253 0000 1C000000 		.4byte	0x1c
 254 0004 0200     		.2byte	0x2
 255 0006 00000000 		.4byte	.Ldebug_info0
 256 000a 04       		.byte	0x4
 257 000b 00       		.byte	0
 258 000c 0000     		.2byte	0
 259 000e 0000     		.2byte	0
 260 0010 00000000 		.4byte	.LFB63
 261 0014 04000000 		.4byte	.LFE63-.LFB63
 262 0018 00000000 		.4byte	0
ARM GAS  C:\Users\214016~1\AppData\Local\Temp\ccVCmpVh.s 			page 6


 263 001c 00000000 		.4byte	0
 264              		.section	.debug_ranges,"",%progbits
 265              	.Ldebug_ranges0:
 266 0000 00000000 		.4byte	.LFB63
 267 0004 04000000 		.4byte	.LFE63
 268 0008 00000000 		.4byte	0
 269 000c 00000000 		.4byte	0
 270              		.section	.debug_line,"",%progbits
 271              	.Ldebug_line0:
 272 0000 55010000 		.section	.debug_str,"MS",%progbits,1
 272      02003A01 
 272      00000201 
 272      FB0E0D00 
 272      01010101 
 273              	.LASF6:
 274 0000 6C6F6E67 		.ascii	"long long int\000"
 274      206C6F6E 
 274      6720696E 
 274      7400
 275              	.LASF3:
 276 000e 73686F72 		.ascii	"short unsigned int\000"
 276      7420756E 
 276      7369676E 
 276      65642069 
 276      6E7400
 277              	.LASF8:
 278 0021 756E7369 		.ascii	"unsigned int\000"
 278      676E6564 
 278      20696E74 
 278      00
 279              	.LASF16:
 280 002e 6D61696E 		.ascii	"main.c\000"
 280      2E6300
 281              	.LASF17:
 282 0035 433A5C55 		.ascii	"C:\\Users\\214016586\\Documents\\PSoC Creator\\APU2"
 282      73657273 
 282      5C323134 
 282      30313635 
 282      38365C44 
 283 0063 4130335C 		.ascii	"A03\\APU2A03.cydsn\000"
 283      41505532 
 283      4130332E 
 283      63796473 
 283      6E00
 284              	.LASF5:
 285 0075 6C6F6E67 		.ascii	"long unsigned int\000"
 285      20756E73 
 285      69676E65 
 285      6420696E 
 285      7400
 286              	.LASF7:
 287 0087 6C6F6E67 		.ascii	"long long unsigned int\000"
 287      206C6F6E 
 287      6720756E 
 287      7369676E 
 287      65642069 
 288              	.LASF15:
ARM GAS  C:\Users\214016~1\AppData\Local\Temp\ccVCmpVh.s 			page 7


 289 009e 474E5520 		.ascii	"GNU C 4.9.3 20150303 (release) [ARM/embedded-4_9-br"
 289      4320342E 
 289      392E3320 
 289      32303135 
 289      30333033 
 290 00d1 616E6368 		.ascii	"anch revision 221220] -mcpu=cortex-m3 -mthumb -g -O"
 290      20726576 
 290      6973696F 
 290      6E203232 
 290      31323230 
 291 0104 67202D66 		.ascii	"g -ffunction-sections -ffat-lto-objects\000"
 291      66756E63 
 291      74696F6E 
 291      2D736563 
 291      74696F6E 
 292              	.LASF1:
 293 012c 756E7369 		.ascii	"unsigned char\000"
 293      676E6564 
 293      20636861 
 293      7200
 294              	.LASF13:
 295 013a 63686172 		.ascii	"char\000"
 295      00
 296              	.LASF4:
 297 013f 6C6F6E67 		.ascii	"long int\000"
 297      20696E74 
 297      00
 298              	.LASF12:
 299 0148 646F7562 		.ascii	"double\000"
 299      6C6500
 300              	.LASF19:
 301 014f 49544D5F 		.ascii	"ITM_RxBuffer\000"
 301      52784275 
 301      66666572 
 301      00
 302              	.LASF0:
 303 015c 7369676E 		.ascii	"signed char\000"
 303      65642063 
 303      68617200 
 304              	.LASF9:
 305 0168 5F5F696E 		.ascii	"__int32_t\000"
 305      7433325F 
 305      7400
 306              	.LASF18:
 307 0172 6D61696E 		.ascii	"main\000"
 307      00
 308              	.LASF11:
 309 0177 666C6F61 		.ascii	"float\000"
 309      7400
 310              	.LASF2:
 311 017d 73686F72 		.ascii	"short int\000"
 311      7420696E 
 311      7400
 312              	.LASF10:
 313 0187 696E7433 		.ascii	"int32_t\000"
 313      325F7400 
 314              	.LASF14:
ARM GAS  C:\Users\214016~1\AppData\Local\Temp\ccVCmpVh.s 			page 8


 315 018f 73697A65 		.ascii	"sizetype\000"
 315      74797065 
 315      00
 316              		.ident	"GCC: (GNU Tools for ARM Embedded Processors) 4.9.3 20150303 (release) [ARM/embedded-4_9-br
