ARM GAS  C:\Users\214016~1\AppData\Local\Temp\ccdILzMj.s 			page 1


   1              		.syntax unified
   2              		.cpu cortex-m3
   3              		.fpu softvfp
   4              		.eabi_attribute 20, 1
   5              		.eabi_attribute 21, 1
   6              		.eabi_attribute 23, 3
   7              		.eabi_attribute 24, 1
   8              		.eabi_attribute 25, 1
   9              		.eabi_attribute 26, 1
  10              		.eabi_attribute 30, 1
  11              		.eabi_attribute 34, 1
  12              		.eabi_attribute 18, 4
  13              		.thumb
  14              		.file	"Noise_Clk_Div_PM.c"
  15              		.text
  16              	.Ltext0:
  17              		.cfi_sections	.debug_frame
  18              		.section	.text.Noise_Clk_Div_SaveConfig,"ax",%progbits
  19              		.align	2
  20              		.global	Noise_Clk_Div_SaveConfig
  21              		.thumb
  22              		.thumb_func
  23              		.type	Noise_Clk_Div_SaveConfig, %function
  24              	Noise_Clk_Div_SaveConfig:
  25              	.LFB0:
  26              		.file 1 "Generated_Source\\PSoC5\\Noise_Clk_Div_PM.c"
   1:Generated_Source\PSoC5/Noise_Clk_Div_PM.c **** /*******************************************************************************
   2:Generated_Source\PSoC5/Noise_Clk_Div_PM.c **** * File Name: Noise_Clk_Div_PM.c  
   3:Generated_Source\PSoC5/Noise_Clk_Div_PM.c **** * Version 3.0
   4:Generated_Source\PSoC5/Noise_Clk_Div_PM.c **** *
   5:Generated_Source\PSoC5/Noise_Clk_Div_PM.c **** *  Description:
   6:Generated_Source\PSoC5/Noise_Clk_Div_PM.c **** *    This file provides the power management source code to API for the
   7:Generated_Source\PSoC5/Noise_Clk_Div_PM.c **** *    Counter.  
   8:Generated_Source\PSoC5/Noise_Clk_Div_PM.c **** *
   9:Generated_Source\PSoC5/Noise_Clk_Div_PM.c **** *   Note:
  10:Generated_Source\PSoC5/Noise_Clk_Div_PM.c **** *     None
  11:Generated_Source\PSoC5/Noise_Clk_Div_PM.c **** *
  12:Generated_Source\PSoC5/Noise_Clk_Div_PM.c **** ********************************************************************************
  13:Generated_Source\PSoC5/Noise_Clk_Div_PM.c **** * Copyright 2008-2012, Cypress Semiconductor Corporation.  All rights reserved.
  14:Generated_Source\PSoC5/Noise_Clk_Div_PM.c **** * You may use this file only in accordance with the license, terms, conditions, 
  15:Generated_Source\PSoC5/Noise_Clk_Div_PM.c **** * disclaimers, and limitations in the end user license agreement accompanying 
  16:Generated_Source\PSoC5/Noise_Clk_Div_PM.c **** * the software package with which this file was provided.
  17:Generated_Source\PSoC5/Noise_Clk_Div_PM.c **** *******************************************************************************/
  18:Generated_Source\PSoC5/Noise_Clk_Div_PM.c **** 
  19:Generated_Source\PSoC5/Noise_Clk_Div_PM.c **** #include "Noise_Clk_Div.h"
  20:Generated_Source\PSoC5/Noise_Clk_Div_PM.c **** 
  21:Generated_Source\PSoC5/Noise_Clk_Div_PM.c **** static Noise_Clk_Div_backupStruct Noise_Clk_Div_backup;
  22:Generated_Source\PSoC5/Noise_Clk_Div_PM.c **** 
  23:Generated_Source\PSoC5/Noise_Clk_Div_PM.c **** 
  24:Generated_Source\PSoC5/Noise_Clk_Div_PM.c **** /*******************************************************************************
  25:Generated_Source\PSoC5/Noise_Clk_Div_PM.c **** * Function Name: Noise_Clk_Div_SaveConfig
  26:Generated_Source\PSoC5/Noise_Clk_Div_PM.c **** ********************************************************************************
  27:Generated_Source\PSoC5/Noise_Clk_Div_PM.c **** * Summary:
  28:Generated_Source\PSoC5/Noise_Clk_Div_PM.c **** *     Save the current user configuration
  29:Generated_Source\PSoC5/Noise_Clk_Div_PM.c **** *
  30:Generated_Source\PSoC5/Noise_Clk_Div_PM.c **** * Parameters:  
  31:Generated_Source\PSoC5/Noise_Clk_Div_PM.c **** *  void
ARM GAS  C:\Users\214016~1\AppData\Local\Temp\ccdILzMj.s 			page 2


  32:Generated_Source\PSoC5/Noise_Clk_Div_PM.c **** *
  33:Generated_Source\PSoC5/Noise_Clk_Div_PM.c **** * Return: 
  34:Generated_Source\PSoC5/Noise_Clk_Div_PM.c **** *  void
  35:Generated_Source\PSoC5/Noise_Clk_Div_PM.c **** *
  36:Generated_Source\PSoC5/Noise_Clk_Div_PM.c **** * Global variables:
  37:Generated_Source\PSoC5/Noise_Clk_Div_PM.c **** *  Noise_Clk_Div_backup:  Variables of this global structure are modified to 
  38:Generated_Source\PSoC5/Noise_Clk_Div_PM.c **** *  store the values of non retention configuration registers when Sleep() API is 
  39:Generated_Source\PSoC5/Noise_Clk_Div_PM.c **** *  called.
  40:Generated_Source\PSoC5/Noise_Clk_Div_PM.c **** *
  41:Generated_Source\PSoC5/Noise_Clk_Div_PM.c **** *******************************************************************************/
  42:Generated_Source\PSoC5/Noise_Clk_Div_PM.c **** void Noise_Clk_Div_SaveConfig(void) 
  43:Generated_Source\PSoC5/Noise_Clk_Div_PM.c **** {
  27              		.loc 1 43 0
  28              		.cfi_startproc
  29              		@ args = 0, pretend = 0, frame = 0
  30              		@ frame_needed = 0, uses_anonymous_args = 0
  31              		@ link register save eliminated.
  32 0000 7047     		bx	lr
  33              		.cfi_endproc
  34              	.LFE0:
  35              		.size	Noise_Clk_Div_SaveConfig, .-Noise_Clk_Div_SaveConfig
  36 0002 00BF     		.section	.text.Noise_Clk_Div_RestoreConfig,"ax",%progbits
  37              		.align	2
  38              		.global	Noise_Clk_Div_RestoreConfig
  39              		.thumb
  40              		.thumb_func
  41              		.type	Noise_Clk_Div_RestoreConfig, %function
  42              	Noise_Clk_Div_RestoreConfig:
  43              	.LFB1:
  44:Generated_Source\PSoC5/Noise_Clk_Div_PM.c ****     #if (!Noise_Clk_Div_UsingFixedFunction)
  45:Generated_Source\PSoC5/Noise_Clk_Div_PM.c **** 
  46:Generated_Source\PSoC5/Noise_Clk_Div_PM.c ****         Noise_Clk_Div_backup.CounterUdb = Noise_Clk_Div_ReadCounter();
  47:Generated_Source\PSoC5/Noise_Clk_Div_PM.c **** 
  48:Generated_Source\PSoC5/Noise_Clk_Div_PM.c ****         #if(!Noise_Clk_Div_ControlRegRemoved)
  49:Generated_Source\PSoC5/Noise_Clk_Div_PM.c ****             Noise_Clk_Div_backup.CounterControlRegister = Noise_Clk_Div_ReadControlRegister();
  50:Generated_Source\PSoC5/Noise_Clk_Div_PM.c ****         #endif /* (!Noise_Clk_Div_ControlRegRemoved) */
  51:Generated_Source\PSoC5/Noise_Clk_Div_PM.c **** 
  52:Generated_Source\PSoC5/Noise_Clk_Div_PM.c ****     #endif /* (!Noise_Clk_Div_UsingFixedFunction) */
  53:Generated_Source\PSoC5/Noise_Clk_Div_PM.c **** }
  54:Generated_Source\PSoC5/Noise_Clk_Div_PM.c **** 
  55:Generated_Source\PSoC5/Noise_Clk_Div_PM.c **** 
  56:Generated_Source\PSoC5/Noise_Clk_Div_PM.c **** /*******************************************************************************
  57:Generated_Source\PSoC5/Noise_Clk_Div_PM.c **** * Function Name: Noise_Clk_Div_RestoreConfig
  58:Generated_Source\PSoC5/Noise_Clk_Div_PM.c **** ********************************************************************************
  59:Generated_Source\PSoC5/Noise_Clk_Div_PM.c **** *
  60:Generated_Source\PSoC5/Noise_Clk_Div_PM.c **** * Summary:
  61:Generated_Source\PSoC5/Noise_Clk_Div_PM.c **** *  Restores the current user configuration.
  62:Generated_Source\PSoC5/Noise_Clk_Div_PM.c **** *
  63:Generated_Source\PSoC5/Noise_Clk_Div_PM.c **** * Parameters:  
  64:Generated_Source\PSoC5/Noise_Clk_Div_PM.c **** *  void
  65:Generated_Source\PSoC5/Noise_Clk_Div_PM.c **** *
  66:Generated_Source\PSoC5/Noise_Clk_Div_PM.c **** * Return: 
  67:Generated_Source\PSoC5/Noise_Clk_Div_PM.c **** *  void
  68:Generated_Source\PSoC5/Noise_Clk_Div_PM.c **** *
  69:Generated_Source\PSoC5/Noise_Clk_Div_PM.c **** * Global variables:
  70:Generated_Source\PSoC5/Noise_Clk_Div_PM.c **** *  Noise_Clk_Div_backup:  Variables of this global structure are used to 
  71:Generated_Source\PSoC5/Noise_Clk_Div_PM.c **** *  restore the values of non retention registers on wakeup from sleep mode.
ARM GAS  C:\Users\214016~1\AppData\Local\Temp\ccdILzMj.s 			page 3


  72:Generated_Source\PSoC5/Noise_Clk_Div_PM.c **** *
  73:Generated_Source\PSoC5/Noise_Clk_Div_PM.c **** *******************************************************************************/
  74:Generated_Source\PSoC5/Noise_Clk_Div_PM.c **** void Noise_Clk_Div_RestoreConfig(void) 
  75:Generated_Source\PSoC5/Noise_Clk_Div_PM.c **** {      
  44              		.loc 1 75 0
  45              		.cfi_startproc
  46              		@ args = 0, pretend = 0, frame = 0
  47              		@ frame_needed = 0, uses_anonymous_args = 0
  48              		@ link register save eliminated.
  49 0000 7047     		bx	lr
  50              		.cfi_endproc
  51              	.LFE1:
  52              		.size	Noise_Clk_Div_RestoreConfig, .-Noise_Clk_Div_RestoreConfig
  53 0002 00BF     		.section	.text.Noise_Clk_Div_Sleep,"ax",%progbits
  54              		.align	2
  55              		.global	Noise_Clk_Div_Sleep
  56              		.thumb
  57              		.thumb_func
  58              		.type	Noise_Clk_Div_Sleep, %function
  59              	Noise_Clk_Div_Sleep:
  60              	.LFB2:
  76:Generated_Source\PSoC5/Noise_Clk_Div_PM.c ****     #if (!Noise_Clk_Div_UsingFixedFunction)
  77:Generated_Source\PSoC5/Noise_Clk_Div_PM.c **** 
  78:Generated_Source\PSoC5/Noise_Clk_Div_PM.c ****        Noise_Clk_Div_WriteCounter(Noise_Clk_Div_backup.CounterUdb);
  79:Generated_Source\PSoC5/Noise_Clk_Div_PM.c **** 
  80:Generated_Source\PSoC5/Noise_Clk_Div_PM.c ****         #if(!Noise_Clk_Div_ControlRegRemoved)
  81:Generated_Source\PSoC5/Noise_Clk_Div_PM.c ****             Noise_Clk_Div_WriteControlRegister(Noise_Clk_Div_backup.CounterControlRegister);
  82:Generated_Source\PSoC5/Noise_Clk_Div_PM.c ****         #endif /* (!Noise_Clk_Div_ControlRegRemoved) */
  83:Generated_Source\PSoC5/Noise_Clk_Div_PM.c **** 
  84:Generated_Source\PSoC5/Noise_Clk_Div_PM.c ****     #endif /* (!Noise_Clk_Div_UsingFixedFunction) */
  85:Generated_Source\PSoC5/Noise_Clk_Div_PM.c **** }
  86:Generated_Source\PSoC5/Noise_Clk_Div_PM.c **** 
  87:Generated_Source\PSoC5/Noise_Clk_Div_PM.c **** 
  88:Generated_Source\PSoC5/Noise_Clk_Div_PM.c **** /*******************************************************************************
  89:Generated_Source\PSoC5/Noise_Clk_Div_PM.c **** * Function Name: Noise_Clk_Div_Sleep
  90:Generated_Source\PSoC5/Noise_Clk_Div_PM.c **** ********************************************************************************
  91:Generated_Source\PSoC5/Noise_Clk_Div_PM.c **** * Summary:
  92:Generated_Source\PSoC5/Noise_Clk_Div_PM.c **** *     Stop and Save the user configuration
  93:Generated_Source\PSoC5/Noise_Clk_Div_PM.c **** *
  94:Generated_Source\PSoC5/Noise_Clk_Div_PM.c **** * Parameters:  
  95:Generated_Source\PSoC5/Noise_Clk_Div_PM.c **** *  void
  96:Generated_Source\PSoC5/Noise_Clk_Div_PM.c **** *
  97:Generated_Source\PSoC5/Noise_Clk_Div_PM.c **** * Return: 
  98:Generated_Source\PSoC5/Noise_Clk_Div_PM.c **** *  void
  99:Generated_Source\PSoC5/Noise_Clk_Div_PM.c **** *
 100:Generated_Source\PSoC5/Noise_Clk_Div_PM.c **** * Global variables:
 101:Generated_Source\PSoC5/Noise_Clk_Div_PM.c **** *  Noise_Clk_Div_backup.enableState:  Is modified depending on the enable 
 102:Generated_Source\PSoC5/Noise_Clk_Div_PM.c **** *  state of the block before entering sleep mode.
 103:Generated_Source\PSoC5/Noise_Clk_Div_PM.c **** *
 104:Generated_Source\PSoC5/Noise_Clk_Div_PM.c **** *******************************************************************************/
 105:Generated_Source\PSoC5/Noise_Clk_Div_PM.c **** void Noise_Clk_Div_Sleep(void) 
 106:Generated_Source\PSoC5/Noise_Clk_Div_PM.c **** {
  61              		.loc 1 106 0
  62              		.cfi_startproc
  63              		@ args = 0, pretend = 0, frame = 0
  64              		@ frame_needed = 0, uses_anonymous_args = 0
  65              		.loc 1 106 0
ARM GAS  C:\Users\214016~1\AppData\Local\Temp\ccdILzMj.s 			page 4


  66 0000 08B5     		push	{r3, lr}
  67              		.cfi_def_cfa_offset 8
  68              		.cfi_offset 3, -8
  69              		.cfi_offset 14, -4
 107:Generated_Source\PSoC5/Noise_Clk_Div_PM.c ****     #if(!Noise_Clk_Div_ControlRegRemoved)
 108:Generated_Source\PSoC5/Noise_Clk_Div_PM.c ****         /* Save Counter's enable state */
 109:Generated_Source\PSoC5/Noise_Clk_Div_PM.c ****         if(Noise_Clk_Div_CTRL_ENABLE == (Noise_Clk_Div_CONTROL & Noise_Clk_Div_CTRL_ENABLE))
  70              		.loc 1 109 0
  71 0002 074B     		ldr	r3, .L7
  72 0004 1B78     		ldrb	r3, [r3]	@ zero_extendqisi2
  73 0006 13F0010F 		tst	r3, #1
  74 000a 03D0     		beq	.L4
 110:Generated_Source\PSoC5/Noise_Clk_Div_PM.c ****         {
 111:Generated_Source\PSoC5/Noise_Clk_Div_PM.c ****             /* Counter is enabled */
 112:Generated_Source\PSoC5/Noise_Clk_Div_PM.c ****             Noise_Clk_Div_backup.CounterEnableState = 1u;
  75              		.loc 1 112 0
  76 000c 0122     		movs	r2, #1
  77 000e 054B     		ldr	r3, .L7+4
  78 0010 1A70     		strb	r2, [r3]
  79 0012 02E0     		b	.L5
  80              	.L4:
 113:Generated_Source\PSoC5/Noise_Clk_Div_PM.c ****         }
 114:Generated_Source\PSoC5/Noise_Clk_Div_PM.c ****         else
 115:Generated_Source\PSoC5/Noise_Clk_Div_PM.c ****         {
 116:Generated_Source\PSoC5/Noise_Clk_Div_PM.c ****             /* Counter is disabled */
 117:Generated_Source\PSoC5/Noise_Clk_Div_PM.c ****             Noise_Clk_Div_backup.CounterEnableState = 0u;
  81              		.loc 1 117 0
  82 0014 0022     		movs	r2, #0
  83 0016 034B     		ldr	r3, .L7+4
  84 0018 1A70     		strb	r2, [r3]
  85              	.L5:
 118:Generated_Source\PSoC5/Noise_Clk_Div_PM.c ****         }
 119:Generated_Source\PSoC5/Noise_Clk_Div_PM.c ****     #else
 120:Generated_Source\PSoC5/Noise_Clk_Div_PM.c ****         Noise_Clk_Div_backup.CounterEnableState = 1u;
 121:Generated_Source\PSoC5/Noise_Clk_Div_PM.c ****         if(Noise_Clk_Div_backup.CounterEnableState != 0u)
 122:Generated_Source\PSoC5/Noise_Clk_Div_PM.c ****         {
 123:Generated_Source\PSoC5/Noise_Clk_Div_PM.c ****             Noise_Clk_Div_backup.CounterEnableState = 0u;
 124:Generated_Source\PSoC5/Noise_Clk_Div_PM.c ****         }
 125:Generated_Source\PSoC5/Noise_Clk_Div_PM.c ****     #endif /* (!Noise_Clk_Div_ControlRegRemoved) */
 126:Generated_Source\PSoC5/Noise_Clk_Div_PM.c ****     
 127:Generated_Source\PSoC5/Noise_Clk_Div_PM.c ****     Noise_Clk_Div_Stop();
  86              		.loc 1 127 0
  87 001a FFF7FEFF 		bl	Noise_Clk_Div_Stop
  88              	.LVL0:
  89 001e 08BD     		pop	{r3, pc}
  90              	.L8:
  91              		.align	2
  92              	.L7:
  93 0020 0C4F0040 		.word	1073762060
  94 0024 00000000 		.word	.LANCHOR0
  95              		.cfi_endproc
  96              	.LFE2:
  97              		.size	Noise_Clk_Div_Sleep, .-Noise_Clk_Div_Sleep
  98              		.section	.text.Noise_Clk_Div_Wakeup,"ax",%progbits
  99              		.align	2
 100              		.global	Noise_Clk_Div_Wakeup
 101              		.thumb
ARM GAS  C:\Users\214016~1\AppData\Local\Temp\ccdILzMj.s 			page 5


 102              		.thumb_func
 103              		.type	Noise_Clk_Div_Wakeup, %function
 104              	Noise_Clk_Div_Wakeup:
 105              	.LFB3:
 128:Generated_Source\PSoC5/Noise_Clk_Div_PM.c ****     Noise_Clk_Div_SaveConfig();
 129:Generated_Source\PSoC5/Noise_Clk_Div_PM.c **** }
 130:Generated_Source\PSoC5/Noise_Clk_Div_PM.c **** 
 131:Generated_Source\PSoC5/Noise_Clk_Div_PM.c **** 
 132:Generated_Source\PSoC5/Noise_Clk_Div_PM.c **** /*******************************************************************************
 133:Generated_Source\PSoC5/Noise_Clk_Div_PM.c **** * Function Name: Noise_Clk_Div_Wakeup
 134:Generated_Source\PSoC5/Noise_Clk_Div_PM.c **** ********************************************************************************
 135:Generated_Source\PSoC5/Noise_Clk_Div_PM.c **** *
 136:Generated_Source\PSoC5/Noise_Clk_Div_PM.c **** * Summary:
 137:Generated_Source\PSoC5/Noise_Clk_Div_PM.c **** *  Restores and enables the user configuration
 138:Generated_Source\PSoC5/Noise_Clk_Div_PM.c **** *  
 139:Generated_Source\PSoC5/Noise_Clk_Div_PM.c **** * Parameters:  
 140:Generated_Source\PSoC5/Noise_Clk_Div_PM.c **** *  void
 141:Generated_Source\PSoC5/Noise_Clk_Div_PM.c **** *
 142:Generated_Source\PSoC5/Noise_Clk_Div_PM.c **** * Return: 
 143:Generated_Source\PSoC5/Noise_Clk_Div_PM.c **** *  void
 144:Generated_Source\PSoC5/Noise_Clk_Div_PM.c **** *
 145:Generated_Source\PSoC5/Noise_Clk_Div_PM.c **** * Global variables:
 146:Generated_Source\PSoC5/Noise_Clk_Div_PM.c **** *  Noise_Clk_Div_backup.enableState:  Is used to restore the enable state of 
 147:Generated_Source\PSoC5/Noise_Clk_Div_PM.c **** *  block on wakeup from sleep mode.
 148:Generated_Source\PSoC5/Noise_Clk_Div_PM.c **** *
 149:Generated_Source\PSoC5/Noise_Clk_Div_PM.c **** *******************************************************************************/
 150:Generated_Source\PSoC5/Noise_Clk_Div_PM.c **** void Noise_Clk_Div_Wakeup(void) 
 151:Generated_Source\PSoC5/Noise_Clk_Div_PM.c **** {
 106              		.loc 1 151 0
 107              		.cfi_startproc
 108              		@ args = 0, pretend = 0, frame = 0
 109              		@ frame_needed = 0, uses_anonymous_args = 0
 110 0000 08B5     		push	{r3, lr}
 111              		.cfi_def_cfa_offset 8
 112              		.cfi_offset 3, -8
 113              		.cfi_offset 14, -4
 152:Generated_Source\PSoC5/Noise_Clk_Div_PM.c ****     Noise_Clk_Div_RestoreConfig();
 153:Generated_Source\PSoC5/Noise_Clk_Div_PM.c ****     #if(!Noise_Clk_Div_ControlRegRemoved)
 154:Generated_Source\PSoC5/Noise_Clk_Div_PM.c ****         if(Noise_Clk_Div_backup.CounterEnableState == 1u)
 114              		.loc 1 154 0
 115 0002 034B     		ldr	r3, .L12
 116 0004 1B78     		ldrb	r3, [r3]	@ zero_extendqisi2
 117 0006 012B     		cmp	r3, #1
 118 0008 01D1     		bne	.L9
 155:Generated_Source\PSoC5/Noise_Clk_Div_PM.c ****         {
 156:Generated_Source\PSoC5/Noise_Clk_Div_PM.c ****             /* Enable Counter's operation */
 157:Generated_Source\PSoC5/Noise_Clk_Div_PM.c ****             Noise_Clk_Div_Enable();
 119              		.loc 1 157 0
 120 000a FFF7FEFF 		bl	Noise_Clk_Div_Enable
 121              	.LVL1:
 122              	.L9:
 123 000e 08BD     		pop	{r3, pc}
 124              	.L13:
 125              		.align	2
 126              	.L12:
 127 0010 00000000 		.word	.LANCHOR0
 128              		.cfi_endproc
ARM GAS  C:\Users\214016~1\AppData\Local\Temp\ccdILzMj.s 			page 6


 129              	.LFE3:
 130              		.size	Noise_Clk_Div_Wakeup, .-Noise_Clk_Div_Wakeup
 131              		.bss
 132              		.align	2
 133              		.set	.LANCHOR0,. + 0
 134              		.type	Noise_Clk_Div_backup, %object
 135              		.size	Noise_Clk_Div_backup, 6
 136              	Noise_Clk_Div_backup:
 137 0000 00000000 		.space	6
 137      0000
 138 0006 0000     		.text
 139              	.Letext0:
 140              		.file 2 "Generated_Source\\PSoC5\\cytypes.h"
 141              		.file 3 "Generated_Source\\PSoC5\\Noise_Clk_Div.h"
 142              		.section	.debug_info,"",%progbits
 143              	.Ldebug_info0:
 144 0000 64010000 		.4byte	0x164
 145 0004 0400     		.2byte	0x4
 146 0006 00000000 		.4byte	.Ldebug_abbrev0
 147 000a 04       		.byte	0x4
 148 000b 01       		.uleb128 0x1
 149 000c F6000000 		.4byte	.LASF26
 150 0010 01       		.byte	0x1
 151 0011 00000000 		.4byte	.LASF27
 152 0015 BC010000 		.4byte	.LASF28
 153 0019 00000000 		.4byte	.Ldebug_ranges0+0
 154 001d 00000000 		.4byte	0
 155 0021 00000000 		.4byte	.Ldebug_line0
 156 0025 02       		.uleb128 0x2
 157 0026 01       		.byte	0x1
 158 0027 06       		.byte	0x6
 159 0028 88020000 		.4byte	.LASF0
 160 002c 02       		.uleb128 0x2
 161 002d 01       		.byte	0x1
 162 002e 08       		.byte	0x8
 163 002f 93000000 		.4byte	.LASF1
 164 0033 02       		.uleb128 0x2
 165 0034 02       		.byte	0x2
 166 0035 05       		.byte	0x5
 167 0036 47020000 		.4byte	.LASF2
 168 003a 02       		.uleb128 0x2
 169 003b 02       		.byte	0x2
 170 003c 07       		.byte	0x7
 171 003d 2A000000 		.4byte	.LASF3
 172 0041 02       		.uleb128 0x2
 173 0042 04       		.byte	0x4
 174 0043 05       		.byte	0x5
 175 0044 66020000 		.4byte	.LASF4
 176 0048 02       		.uleb128 0x2
 177 0049 04       		.byte	0x4
 178 004a 07       		.byte	0x7
 179 004b BB000000 		.4byte	.LASF5
 180 004f 02       		.uleb128 0x2
 181 0050 08       		.byte	0x8
 182 0051 05       		.byte	0x5
 183 0052 18020000 		.4byte	.LASF6
 184 0056 02       		.uleb128 0x2
ARM GAS  C:\Users\214016~1\AppData\Local\Temp\ccdILzMj.s 			page 7


 185 0057 08       		.byte	0x8
 186 0058 07       		.byte	0x7
 187 0059 A5010000 		.4byte	.LASF7
 188 005d 03       		.uleb128 0x3
 189 005e 04       		.byte	0x4
 190 005f 05       		.byte	0x5
 191 0060 696E7400 		.ascii	"int\000"
 192 0064 02       		.uleb128 0x2
 193 0065 04       		.byte	0x4
 194 0066 07       		.byte	0x7
 195 0067 84010000 		.4byte	.LASF8
 196 006b 04       		.uleb128 0x4
 197 006c CD000000 		.4byte	.LASF9
 198 0070 02       		.byte	0x2
 199 0071 9201     		.2byte	0x192
 200 0073 2C000000 		.4byte	0x2c
 201 0077 04       		.uleb128 0x4
 202 0078 EF000000 		.4byte	.LASF10
 203 007c 02       		.byte	0x2
 204 007d 9301     		.2byte	0x193
 205 007f 3A000000 		.4byte	0x3a
 206 0083 02       		.uleb128 0x2
 207 0084 04       		.byte	0x4
 208 0085 04       		.byte	0x4
 209 0086 8D000000 		.4byte	.LASF11
 210 008a 02       		.uleb128 0x2
 211 008b 08       		.byte	0x8
 212 008c 04       		.byte	0x4
 213 008d D3000000 		.4byte	.LASF12
 214 0091 02       		.uleb128 0x2
 215 0092 01       		.byte	0x1
 216 0093 08       		.byte	0x8
 217 0094 26020000 		.4byte	.LASF13
 218 0098 04       		.uleb128 0x4
 219 0099 A1000000 		.4byte	.LASF14
 220 009d 02       		.byte	0x2
 221 009e 3C02     		.2byte	0x23c
 222 00a0 A4000000 		.4byte	0xa4
 223 00a4 05       		.uleb128 0x5
 224 00a5 6B000000 		.4byte	0x6b
 225 00a9 02       		.uleb128 0x2
 226 00aa 04       		.byte	0x4
 227 00ab 07       		.byte	0x7
 228 00ac FC010000 		.4byte	.LASF15
 229 00b0 06       		.uleb128 0x6
 230 00b1 06       		.byte	0x6
 231 00b2 03       		.byte	0x3
 232 00b3 40       		.byte	0x40
 233 00b4 DD000000 		.4byte	0xdd
 234 00b8 07       		.uleb128 0x7
 235 00b9 05020000 		.4byte	.LASF16
 236 00bd 03       		.byte	0x3
 237 00be 42       		.byte	0x42
 238 00bf 6B000000 		.4byte	0x6b
 239 00c3 00       		.byte	0
 240 00c4 07       		.uleb128 0x7
 241 00c5 3D000000 		.4byte	.LASF17
ARM GAS  C:\Users\214016~1\AppData\Local\Temp\ccdILzMj.s 			page 8


 242 00c9 03       		.byte	0x3
 243 00ca 43       		.byte	0x43
 244 00cb 77000000 		.4byte	0x77
 245 00cf 02       		.byte	0x2
 246 00d0 07       		.uleb128 0x7
 247 00d1 63000000 		.4byte	.LASF18
 248 00d5 03       		.byte	0x3
 249 00d6 46       		.byte	0x46
 250 00d7 6B000000 		.4byte	0x6b
 251 00db 04       		.byte	0x4
 252 00dc 00       		.byte	0
 253 00dd 08       		.uleb128 0x8
 254 00de 48000000 		.4byte	.LASF19
 255 00e2 03       		.byte	0x3
 256 00e3 49       		.byte	0x49
 257 00e4 B0000000 		.4byte	0xb0
 258 00e8 09       		.uleb128 0x9
 259 00e9 6F020000 		.4byte	.LASF20
 260 00ed 01       		.byte	0x1
 261 00ee 2A       		.byte	0x2a
 262 00ef 00000000 		.4byte	.LFB0
 263 00f3 02000000 		.4byte	.LFE0-.LFB0
 264 00f7 01       		.uleb128 0x1
 265 00f8 9C       		.byte	0x9c
 266 00f9 09       		.uleb128 0x9
 267 00fa 2B020000 		.4byte	.LASF21
 268 00fe 01       		.byte	0x1
 269 00ff 4A       		.byte	0x4a
 270 0100 00000000 		.4byte	.LFB1
 271 0104 02000000 		.4byte	.LFE1-.LFB1
 272 0108 01       		.uleb128 0x1
 273 0109 9C       		.byte	0x9c
 274 010a 0A       		.uleb128 0xa
 275 010b 91010000 		.4byte	.LASF22
 276 010f 01       		.byte	0x1
 277 0110 69       		.byte	0x69
 278 0111 00000000 		.4byte	.LFB2
 279 0115 28000000 		.4byte	.LFE2-.LFB2
 280 0119 01       		.uleb128 0x1
 281 011a 9C       		.byte	0x9c
 282 011b 29010000 		.4byte	0x129
 283 011f 0B       		.uleb128 0xb
 284 0120 1E000000 		.4byte	.LVL0
 285 0124 59010000 		.4byte	0x159
 286 0128 00       		.byte	0
 287 0129 0A       		.uleb128 0xa
 288 012a A6000000 		.4byte	.LASF23
 289 012e 01       		.byte	0x1
 290 012f 96       		.byte	0x96
 291 0130 00000000 		.4byte	.LFB3
 292 0134 14000000 		.4byte	.LFE3-.LFB3
 293 0138 01       		.uleb128 0x1
 294 0139 9C       		.byte	0x9c
 295 013a 48010000 		.4byte	0x148
 296 013e 0B       		.uleb128 0xb
 297 013f 0E000000 		.4byte	.LVL1
 298 0143 60010000 		.4byte	0x160
ARM GAS  C:\Users\214016~1\AppData\Local\Temp\ccdILzMj.s 			page 9


 299 0147 00       		.byte	0
 300 0148 0C       		.uleb128 0xc
 301 0149 51020000 		.4byte	.LASF29
 302 014d 01       		.byte	0x1
 303 014e 15       		.byte	0x15
 304 014f DD000000 		.4byte	0xdd
 305 0153 05       		.uleb128 0x5
 306 0154 03       		.byte	0x3
 307 0155 00000000 		.4byte	Noise_Clk_Div_backup
 308 0159 0D       		.uleb128 0xd
 309 015a 7A000000 		.4byte	.LASF24
 310 015e 03       		.byte	0x3
 311 015f 50       		.byte	0x50
 312 0160 0D       		.uleb128 0xd
 313 0161 DA000000 		.4byte	.LASF25
 314 0165 03       		.byte	0x3
 315 0166 71       		.byte	0x71
 316 0167 00       		.byte	0
 317              		.section	.debug_abbrev,"",%progbits
 318              	.Ldebug_abbrev0:
 319 0000 01       		.uleb128 0x1
 320 0001 11       		.uleb128 0x11
 321 0002 01       		.byte	0x1
 322 0003 25       		.uleb128 0x25
 323 0004 0E       		.uleb128 0xe
 324 0005 13       		.uleb128 0x13
 325 0006 0B       		.uleb128 0xb
 326 0007 03       		.uleb128 0x3
 327 0008 0E       		.uleb128 0xe
 328 0009 1B       		.uleb128 0x1b
 329 000a 0E       		.uleb128 0xe
 330 000b 55       		.uleb128 0x55
 331 000c 17       		.uleb128 0x17
 332 000d 11       		.uleb128 0x11
 333 000e 01       		.uleb128 0x1
 334 000f 10       		.uleb128 0x10
 335 0010 17       		.uleb128 0x17
 336 0011 00       		.byte	0
 337 0012 00       		.byte	0
 338 0013 02       		.uleb128 0x2
 339 0014 24       		.uleb128 0x24
 340 0015 00       		.byte	0
 341 0016 0B       		.uleb128 0xb
 342 0017 0B       		.uleb128 0xb
 343 0018 3E       		.uleb128 0x3e
 344 0019 0B       		.uleb128 0xb
 345 001a 03       		.uleb128 0x3
 346 001b 0E       		.uleb128 0xe
 347 001c 00       		.byte	0
 348 001d 00       		.byte	0
 349 001e 03       		.uleb128 0x3
 350 001f 24       		.uleb128 0x24
 351 0020 00       		.byte	0
 352 0021 0B       		.uleb128 0xb
 353 0022 0B       		.uleb128 0xb
 354 0023 3E       		.uleb128 0x3e
 355 0024 0B       		.uleb128 0xb
ARM GAS  C:\Users\214016~1\AppData\Local\Temp\ccdILzMj.s 			page 10


 356 0025 03       		.uleb128 0x3
 357 0026 08       		.uleb128 0x8
 358 0027 00       		.byte	0
 359 0028 00       		.byte	0
 360 0029 04       		.uleb128 0x4
 361 002a 16       		.uleb128 0x16
 362 002b 00       		.byte	0
 363 002c 03       		.uleb128 0x3
 364 002d 0E       		.uleb128 0xe
 365 002e 3A       		.uleb128 0x3a
 366 002f 0B       		.uleb128 0xb
 367 0030 3B       		.uleb128 0x3b
 368 0031 05       		.uleb128 0x5
 369 0032 49       		.uleb128 0x49
 370 0033 13       		.uleb128 0x13
 371 0034 00       		.byte	0
 372 0035 00       		.byte	0
 373 0036 05       		.uleb128 0x5
 374 0037 35       		.uleb128 0x35
 375 0038 00       		.byte	0
 376 0039 49       		.uleb128 0x49
 377 003a 13       		.uleb128 0x13
 378 003b 00       		.byte	0
 379 003c 00       		.byte	0
 380 003d 06       		.uleb128 0x6
 381 003e 13       		.uleb128 0x13
 382 003f 01       		.byte	0x1
 383 0040 0B       		.uleb128 0xb
 384 0041 0B       		.uleb128 0xb
 385 0042 3A       		.uleb128 0x3a
 386 0043 0B       		.uleb128 0xb
 387 0044 3B       		.uleb128 0x3b
 388 0045 0B       		.uleb128 0xb
 389 0046 01       		.uleb128 0x1
 390 0047 13       		.uleb128 0x13
 391 0048 00       		.byte	0
 392 0049 00       		.byte	0
 393 004a 07       		.uleb128 0x7
 394 004b 0D       		.uleb128 0xd
 395 004c 00       		.byte	0
 396 004d 03       		.uleb128 0x3
 397 004e 0E       		.uleb128 0xe
 398 004f 3A       		.uleb128 0x3a
 399 0050 0B       		.uleb128 0xb
 400 0051 3B       		.uleb128 0x3b
 401 0052 0B       		.uleb128 0xb
 402 0053 49       		.uleb128 0x49
 403 0054 13       		.uleb128 0x13
 404 0055 38       		.uleb128 0x38
 405 0056 0B       		.uleb128 0xb
 406 0057 00       		.byte	0
 407 0058 00       		.byte	0
 408 0059 08       		.uleb128 0x8
 409 005a 16       		.uleb128 0x16
 410 005b 00       		.byte	0
 411 005c 03       		.uleb128 0x3
 412 005d 0E       		.uleb128 0xe
ARM GAS  C:\Users\214016~1\AppData\Local\Temp\ccdILzMj.s 			page 11


 413 005e 3A       		.uleb128 0x3a
 414 005f 0B       		.uleb128 0xb
 415 0060 3B       		.uleb128 0x3b
 416 0061 0B       		.uleb128 0xb
 417 0062 49       		.uleb128 0x49
 418 0063 13       		.uleb128 0x13
 419 0064 00       		.byte	0
 420 0065 00       		.byte	0
 421 0066 09       		.uleb128 0x9
 422 0067 2E       		.uleb128 0x2e
 423 0068 00       		.byte	0
 424 0069 3F       		.uleb128 0x3f
 425 006a 19       		.uleb128 0x19
 426 006b 03       		.uleb128 0x3
 427 006c 0E       		.uleb128 0xe
 428 006d 3A       		.uleb128 0x3a
 429 006e 0B       		.uleb128 0xb
 430 006f 3B       		.uleb128 0x3b
 431 0070 0B       		.uleb128 0xb
 432 0071 27       		.uleb128 0x27
 433 0072 19       		.uleb128 0x19
 434 0073 11       		.uleb128 0x11
 435 0074 01       		.uleb128 0x1
 436 0075 12       		.uleb128 0x12
 437 0076 06       		.uleb128 0x6
 438 0077 40       		.uleb128 0x40
 439 0078 18       		.uleb128 0x18
 440 0079 9742     		.uleb128 0x2117
 441 007b 19       		.uleb128 0x19
 442 007c 00       		.byte	0
 443 007d 00       		.byte	0
 444 007e 0A       		.uleb128 0xa
 445 007f 2E       		.uleb128 0x2e
 446 0080 01       		.byte	0x1
 447 0081 3F       		.uleb128 0x3f
 448 0082 19       		.uleb128 0x19
 449 0083 03       		.uleb128 0x3
 450 0084 0E       		.uleb128 0xe
 451 0085 3A       		.uleb128 0x3a
 452 0086 0B       		.uleb128 0xb
 453 0087 3B       		.uleb128 0x3b
 454 0088 0B       		.uleb128 0xb
 455 0089 27       		.uleb128 0x27
 456 008a 19       		.uleb128 0x19
 457 008b 11       		.uleb128 0x11
 458 008c 01       		.uleb128 0x1
 459 008d 12       		.uleb128 0x12
 460 008e 06       		.uleb128 0x6
 461 008f 40       		.uleb128 0x40
 462 0090 18       		.uleb128 0x18
 463 0091 9742     		.uleb128 0x2117
 464 0093 19       		.uleb128 0x19
 465 0094 01       		.uleb128 0x1
 466 0095 13       		.uleb128 0x13
 467 0096 00       		.byte	0
 468 0097 00       		.byte	0
 469 0098 0B       		.uleb128 0xb
ARM GAS  C:\Users\214016~1\AppData\Local\Temp\ccdILzMj.s 			page 12


 470 0099 898201   		.uleb128 0x4109
 471 009c 00       		.byte	0
 472 009d 11       		.uleb128 0x11
 473 009e 01       		.uleb128 0x1
 474 009f 31       		.uleb128 0x31
 475 00a0 13       		.uleb128 0x13
 476 00a1 00       		.byte	0
 477 00a2 00       		.byte	0
 478 00a3 0C       		.uleb128 0xc
 479 00a4 34       		.uleb128 0x34
 480 00a5 00       		.byte	0
 481 00a6 03       		.uleb128 0x3
 482 00a7 0E       		.uleb128 0xe
 483 00a8 3A       		.uleb128 0x3a
 484 00a9 0B       		.uleb128 0xb
 485 00aa 3B       		.uleb128 0x3b
 486 00ab 0B       		.uleb128 0xb
 487 00ac 49       		.uleb128 0x49
 488 00ad 13       		.uleb128 0x13
 489 00ae 02       		.uleb128 0x2
 490 00af 18       		.uleb128 0x18
 491 00b0 00       		.byte	0
 492 00b1 00       		.byte	0
 493 00b2 0D       		.uleb128 0xd
 494 00b3 2E       		.uleb128 0x2e
 495 00b4 00       		.byte	0
 496 00b5 3F       		.uleb128 0x3f
 497 00b6 19       		.uleb128 0x19
 498 00b7 03       		.uleb128 0x3
 499 00b8 0E       		.uleb128 0xe
 500 00b9 3A       		.uleb128 0x3a
 501 00ba 0B       		.uleb128 0xb
 502 00bb 3B       		.uleb128 0x3b
 503 00bc 0B       		.uleb128 0xb
 504 00bd 27       		.uleb128 0x27
 505 00be 19       		.uleb128 0x19
 506 00bf 3C       		.uleb128 0x3c
 507 00c0 19       		.uleb128 0x19
 508 00c1 00       		.byte	0
 509 00c2 00       		.byte	0
 510 00c3 00       		.byte	0
 511              		.section	.debug_aranges,"",%progbits
 512 0000 34000000 		.4byte	0x34
 513 0004 0200     		.2byte	0x2
 514 0006 00000000 		.4byte	.Ldebug_info0
 515 000a 04       		.byte	0x4
 516 000b 00       		.byte	0
 517 000c 0000     		.2byte	0
 518 000e 0000     		.2byte	0
 519 0010 00000000 		.4byte	.LFB0
 520 0014 02000000 		.4byte	.LFE0-.LFB0
 521 0018 00000000 		.4byte	.LFB1
 522 001c 02000000 		.4byte	.LFE1-.LFB1
 523 0020 00000000 		.4byte	.LFB2
 524 0024 28000000 		.4byte	.LFE2-.LFB2
 525 0028 00000000 		.4byte	.LFB3
 526 002c 14000000 		.4byte	.LFE3-.LFB3
ARM GAS  C:\Users\214016~1\AppData\Local\Temp\ccdILzMj.s 			page 13


 527 0030 00000000 		.4byte	0
 528 0034 00000000 		.4byte	0
 529              		.section	.debug_ranges,"",%progbits
 530              	.Ldebug_ranges0:
 531 0000 00000000 		.4byte	.LFB0
 532 0004 02000000 		.4byte	.LFE0
 533 0008 00000000 		.4byte	.LFB1
 534 000c 02000000 		.4byte	.LFE1
 535 0010 00000000 		.4byte	.LFB2
 536 0014 28000000 		.4byte	.LFE2
 537 0018 00000000 		.4byte	.LFB3
 538 001c 14000000 		.4byte	.LFE3
 539 0020 00000000 		.4byte	0
 540 0024 00000000 		.4byte	0
 541              		.section	.debug_line,"",%progbits
 542              	.Ldebug_line0:
 543 0000 AE000000 		.section	.debug_str,"MS",%progbits,1
 543      02006000 
 543      00000201 
 543      FB0E0D00 
 543      01010101 
 544              	.LASF27:
 545 0000 47656E65 		.ascii	"Generated_Source\\PSoC5\\Noise_Clk_Div_PM.c\000"
 545      72617465 
 545      645F536F 
 545      75726365 
 545      5C50536F 
 546              	.LASF3:
 547 002a 73686F72 		.ascii	"short unsigned int\000"
 547      7420756E 
 547      7369676E 
 547      65642069 
 547      6E7400
 548              	.LASF17:
 549 003d 436F756E 		.ascii	"CounterUdb\000"
 549      74657255 
 549      646200
 550              	.LASF19:
 551 0048 4E6F6973 		.ascii	"Noise_Clk_Div_backupStruct\000"
 551      655F436C 
 551      6B5F4469 
 551      765F6261 
 551      636B7570 
 552              	.LASF18:
 553 0063 436F756E 		.ascii	"CounterControlRegister\000"
 553      74657243 
 553      6F6E7472 
 553      6F6C5265 
 553      67697374 
 554              	.LASF24:
 555 007a 4E6F6973 		.ascii	"Noise_Clk_Div_Stop\000"
 555      655F436C 
 555      6B5F4469 
 555      765F5374 
 555      6F7000
 556              	.LASF11:
 557 008d 666C6F61 		.ascii	"float\000"
ARM GAS  C:\Users\214016~1\AppData\Local\Temp\ccdILzMj.s 			page 14


 557      7400
 558              	.LASF1:
 559 0093 756E7369 		.ascii	"unsigned char\000"
 559      676E6564 
 559      20636861 
 559      7200
 560              	.LASF14:
 561 00a1 72656738 		.ascii	"reg8\000"
 561      00
 562              	.LASF23:
 563 00a6 4E6F6973 		.ascii	"Noise_Clk_Div_Wakeup\000"
 563      655F436C 
 563      6B5F4469 
 563      765F5761 
 563      6B657570 
 564              	.LASF5:
 565 00bb 6C6F6E67 		.ascii	"long unsigned int\000"
 565      20756E73 
 565      69676E65 
 565      6420696E 
 565      7400
 566              	.LASF9:
 567 00cd 75696E74 		.ascii	"uint8\000"
 567      3800
 568              	.LASF12:
 569 00d3 646F7562 		.ascii	"double\000"
 569      6C6500
 570              	.LASF25:
 571 00da 4E6F6973 		.ascii	"Noise_Clk_Div_Enable\000"
 571      655F436C 
 571      6B5F4469 
 571      765F456E 
 571      61626C65 
 572              	.LASF10:
 573 00ef 75696E74 		.ascii	"uint16\000"
 573      313600
 574              	.LASF26:
 575 00f6 474E5520 		.ascii	"GNU C 4.9.3 20150303 (release) [ARM/embedded-4_9-br"
 575      4320342E 
 575      392E3320 
 575      32303135 
 575      30333033 
 576 0129 616E6368 		.ascii	"anch revision 221220] -mcpu=cortex-m3 -mthumb -g -O"
 576      20726576 
 576      6973696F 
 576      6E203232 
 576      31323230 
 577 015c 67202D66 		.ascii	"g -ffunction-sections -ffat-lto-objects\000"
 577      66756E63 
 577      74696F6E 
 577      2D736563 
 577      74696F6E 
 578              	.LASF8:
 579 0184 756E7369 		.ascii	"unsigned int\000"
 579      676E6564 
 579      20696E74 
 579      00
ARM GAS  C:\Users\214016~1\AppData\Local\Temp\ccdILzMj.s 			page 15


 580              	.LASF22:
 581 0191 4E6F6973 		.ascii	"Noise_Clk_Div_Sleep\000"
 581      655F436C 
 581      6B5F4469 
 581      765F536C 
 581      65657000 
 582              	.LASF7:
 583 01a5 6C6F6E67 		.ascii	"long long unsigned int\000"
 583      206C6F6E 
 583      6720756E 
 583      7369676E 
 583      65642069 
 584              	.LASF28:
 585 01bc 433A5C55 		.ascii	"C:\\Users\\214016586\\Documents\\PSoC Creator\\APU2"
 585      73657273 
 585      5C323134 
 585      30313635 
 585      38365C44 
 586 01ea 4130335C 		.ascii	"A03\\APU2A03.cydsn\000"
 586      41505532 
 586      4130332E 
 586      63796473 
 586      6E00
 587              	.LASF15:
 588 01fc 73697A65 		.ascii	"sizetype\000"
 588      74797065 
 588      00
 589              	.LASF16:
 590 0205 436F756E 		.ascii	"CounterEnableState\000"
 590      74657245 
 590      6E61626C 
 590      65537461 
 590      746500
 591              	.LASF6:
 592 0218 6C6F6E67 		.ascii	"long long int\000"
 592      206C6F6E 
 592      6720696E 
 592      7400
 593              	.LASF13:
 594 0226 63686172 		.ascii	"char\000"
 594      00
 595              	.LASF21:
 596 022b 4E6F6973 		.ascii	"Noise_Clk_Div_RestoreConfig\000"
 596      655F436C 
 596      6B5F4469 
 596      765F5265 
 596      73746F72 
 597              	.LASF2:
 598 0247 73686F72 		.ascii	"short int\000"
 598      7420696E 
 598      7400
 599              	.LASF29:
 600 0251 4E6F6973 		.ascii	"Noise_Clk_Div_backup\000"
 600      655F436C 
 600      6B5F4469 
 600      765F6261 
 600      636B7570 
ARM GAS  C:\Users\214016~1\AppData\Local\Temp\ccdILzMj.s 			page 16


 601              	.LASF4:
 602 0266 6C6F6E67 		.ascii	"long int\000"
 602      20696E74 
 602      00
 603              	.LASF20:
 604 026f 4E6F6973 		.ascii	"Noise_Clk_Div_SaveConfig\000"
 604      655F436C 
 604      6B5F4469 
 604      765F5361 
 604      7665436F 
 605              	.LASF0:
 606 0288 7369676E 		.ascii	"signed char\000"
 606      65642063 
 606      68617200 
 607              		.ident	"GCC: (GNU Tools for ARM Embedded Processors) 4.9.3 20150303 (release) [ARM/embedded-4_9-br
