ARM GAS  C:\Users\214016~1\AppData\Local\Temp\ccEfxync.s 			page 1


   1              		.syntax unified
   2              		.cpu cortex-m3
   3              		.fpu softvfp
   4              		.eabi_attribute 20, 1
   5              		.eabi_attribute 21, 1
   6              		.eabi_attribute 23, 3
   7              		.eabi_attribute 24, 1
   8              		.eabi_attribute 25, 1
   9              		.eabi_attribute 26, 1
  10              		.eabi_attribute 30, 1
  11              		.eabi_attribute 34, 1
  12              		.eabi_attribute 18, 4
  13              		.thumb
  14              		.file	"USBMIDI_1_audio.c"
  15              		.text
  16              	.Ltext0:
  17              		.cfi_sections	.debug_frame
  18              		.section	.text.USBMIDI_1_DispatchAUDIOClassRqst,"ax",%progbits
  19              		.align	2
  20              		.global	USBMIDI_1_DispatchAUDIOClassRqst
  21              		.thumb
  22              		.thumb_func
  23              		.type	USBMIDI_1_DispatchAUDIOClassRqst, %function
  24              	USBMIDI_1_DispatchAUDIOClassRqst:
  25              	.LFB0:
  26              		.file 1 "Generated_Source\\PSoC5\\USBMIDI_1_audio.c"
   1:Generated_Source\PSoC5/USBMIDI_1_audio.c **** /***************************************************************************//**
   2:Generated_Source\PSoC5/USBMIDI_1_audio.c **** * \file USBMIDI_1_audio.c
   3:Generated_Source\PSoC5/USBMIDI_1_audio.c **** * \version 3.10
   4:Generated_Source\PSoC5/USBMIDI_1_audio.c **** *
   5:Generated_Source\PSoC5/USBMIDI_1_audio.c **** * \brief
   6:Generated_Source\PSoC5/USBMIDI_1_audio.c **** *  This file contains the USB AUDIO Class request handler.
   7:Generated_Source\PSoC5/USBMIDI_1_audio.c **** *
   8:Generated_Source\PSoC5/USBMIDI_1_audio.c **** * Related Document:
   9:Generated_Source\PSoC5/USBMIDI_1_audio.c **** *  Universal Serial Bus Device Class Definition for Audio Devices Release 1.0
  10:Generated_Source\PSoC5/USBMIDI_1_audio.c **** *
  11:Generated_Source\PSoC5/USBMIDI_1_audio.c **** ********************************************************************************
  12:Generated_Source\PSoC5/USBMIDI_1_audio.c **** * \copyright
  13:Generated_Source\PSoC5/USBMIDI_1_audio.c **** * Copyright 2008-2016, Cypress Semiconductor Corporation.  All rights reserved.
  14:Generated_Source\PSoC5/USBMIDI_1_audio.c **** * You may use this file only in accordance with the license, terms, conditions,
  15:Generated_Source\PSoC5/USBMIDI_1_audio.c **** * disclaimers, and limitations in the end user license agreement accompanying
  16:Generated_Source\PSoC5/USBMIDI_1_audio.c **** * the software package with which this file was provided.
  17:Generated_Source\PSoC5/USBMIDI_1_audio.c **** *******************************************************************************/
  18:Generated_Source\PSoC5/USBMIDI_1_audio.c **** 
  19:Generated_Source\PSoC5/USBMIDI_1_audio.c **** #include "USBMIDI_1_audio.h"
  20:Generated_Source\PSoC5/USBMIDI_1_audio.c **** #include "USBMIDI_1_pvt.h"
  21:Generated_Source\PSoC5/USBMIDI_1_audio.c **** #include "cyapicallbacks.h"
  22:Generated_Source\PSoC5/USBMIDI_1_audio.c **** 
  23:Generated_Source\PSoC5/USBMIDI_1_audio.c **** #if defined(USBMIDI_1_ENABLE_AUDIO_CLASS)
  24:Generated_Source\PSoC5/USBMIDI_1_audio.c **** 
  25:Generated_Source\PSoC5/USBMIDI_1_audio.c **** /***************************************
  26:Generated_Source\PSoC5/USBMIDI_1_audio.c **** * Custom Declarations
  27:Generated_Source\PSoC5/USBMIDI_1_audio.c **** ***************************************/
  28:Generated_Source\PSoC5/USBMIDI_1_audio.c **** 
  29:Generated_Source\PSoC5/USBMIDI_1_audio.c **** /* `#START CUSTOM_DECLARATIONS` Place your declaration here */
  30:Generated_Source\PSoC5/USBMIDI_1_audio.c **** 
  31:Generated_Source\PSoC5/USBMIDI_1_audio.c **** /* `#END` */
ARM GAS  C:\Users\214016~1\AppData\Local\Temp\ccEfxync.s 			page 2


  32:Generated_Source\PSoC5/USBMIDI_1_audio.c **** 
  33:Generated_Source\PSoC5/USBMIDI_1_audio.c **** 
  34:Generated_Source\PSoC5/USBMIDI_1_audio.c **** #if !defined(USER_SUPPLIED_AUDIO_HANDLER)
  35:Generated_Source\PSoC5/USBMIDI_1_audio.c **** 
  36:Generated_Source\PSoC5/USBMIDI_1_audio.c **** /***************************************
  37:Generated_Source\PSoC5/USBMIDI_1_audio.c **** *    AUDIO Variables
  38:Generated_Source\PSoC5/USBMIDI_1_audio.c **** ***************************************/
  39:Generated_Source\PSoC5/USBMIDI_1_audio.c **** 
  40:Generated_Source\PSoC5/USBMIDI_1_audio.c **** #if defined(USBMIDI_1_ENABLE_AUDIO_STREAMING)
  41:Generated_Source\PSoC5/USBMIDI_1_audio.c ****     /** Contains the current audio sample frequency. It is set by the host using a SET_CUR request 
  42:Generated_Source\PSoC5/USBMIDI_1_audio.c ****     volatile uint8 USBMIDI_1_currentSampleFrequency[USBMIDI_1_MAX_EP][USBMIDI_1_SAMPLE_FREQ_LEN];
  43:Generated_Source\PSoC5/USBMIDI_1_audio.c ****     /** Used as a flag for the user code, to inform it that the host has been sent a request 
  44:Generated_Source\PSoC5/USBMIDI_1_audio.c ****      * to change the sample frequency. The sample frequency will be sent on the next OUT transactio
  45:Generated_Source\PSoC5/USBMIDI_1_audio.c ****      * It contains the endpoint address when set. The following code is recommended for 
  46:Generated_Source\PSoC5/USBMIDI_1_audio.c ****      * detecting new sample frequency in main code:
  47:Generated_Source\PSoC5/USBMIDI_1_audio.c ****      * \snippet  /USBFS_sut_02.cydsn/main.c Detecting new Sample Frequency
  48:Generated_Source\PSoC5/USBMIDI_1_audio.c ****      *     
  49:Generated_Source\PSoC5/USBMIDI_1_audio.c ****      * The USBFS_transferState variable is checked to make sure that the transfer completes. */
  50:Generated_Source\PSoC5/USBMIDI_1_audio.c ****     volatile uint8 USBMIDI_1_frequencyChanged;
  51:Generated_Source\PSoC5/USBMIDI_1_audio.c ****     /** Contains the mute configuration set by the host.*/
  52:Generated_Source\PSoC5/USBMIDI_1_audio.c ****     volatile uint8 USBMIDI_1_currentMute;
  53:Generated_Source\PSoC5/USBMIDI_1_audio.c ****     /** Contains the volume level set by the host.*/
  54:Generated_Source\PSoC5/USBMIDI_1_audio.c ****     volatile uint8 USBMIDI_1_currentVolume[USBMIDI_1_VOLUME_LEN];
  55:Generated_Source\PSoC5/USBMIDI_1_audio.c ****     volatile uint8 USBMIDI_1_minimumVolume[USBMIDI_1_VOLUME_LEN] = {USBMIDI_1_VOL_MIN_LSB,
  56:Generated_Source\PSoC5/USBMIDI_1_audio.c ****                                                                                   USBMIDI_1_VOL_MIN
  57:Generated_Source\PSoC5/USBMIDI_1_audio.c ****     volatile uint8 USBMIDI_1_maximumVolume[USBMIDI_1_VOLUME_LEN] = {USBMIDI_1_VOL_MAX_LSB,
  58:Generated_Source\PSoC5/USBMIDI_1_audio.c ****                                                                                   USBMIDI_1_VOL_MAX
  59:Generated_Source\PSoC5/USBMIDI_1_audio.c ****     volatile uint8 USBMIDI_1_resolutionVolume[USBMIDI_1_VOLUME_LEN] = {USBMIDI_1_VOL_RES_LSB,
  60:Generated_Source\PSoC5/USBMIDI_1_audio.c ****                                                                                      USBMIDI_1_VOL_
  61:Generated_Source\PSoC5/USBMIDI_1_audio.c **** #endif /*  USBMIDI_1_ENABLE_AUDIO_STREAMING */
  62:Generated_Source\PSoC5/USBMIDI_1_audio.c **** 
  63:Generated_Source\PSoC5/USBMIDI_1_audio.c **** 
  64:Generated_Source\PSoC5/USBMIDI_1_audio.c **** /*******************************************************************************
  65:Generated_Source\PSoC5/USBMIDI_1_audio.c **** * Function Name: USBMIDI_1_DispatchAUDIOClassRqst
  66:Generated_Source\PSoC5/USBMIDI_1_audio.c **** ****************************************************************************//**
  67:Generated_Source\PSoC5/USBMIDI_1_audio.c **** *
  68:Generated_Source\PSoC5/USBMIDI_1_audio.c **** *  This routine dispatches class requests
  69:Generated_Source\PSoC5/USBMIDI_1_audio.c **** *
  70:Generated_Source\PSoC5/USBMIDI_1_audio.c **** * \return
  71:Generated_Source\PSoC5/USBMIDI_1_audio.c **** *  Results of Audio Class request handling: 
  72:Generated_Source\PSoC5/USBMIDI_1_audio.c **** *  - USBMIDI_1_TRUE  - request was handled without errors
  73:Generated_Source\PSoC5/USBMIDI_1_audio.c **** *  - USBMIDI_1_FALSE - error occurs during handling of request     
  74:Generated_Source\PSoC5/USBMIDI_1_audio.c **** *
  75:Generated_Source\PSoC5/USBMIDI_1_audio.c **** * \globalvars
  76:Generated_Source\PSoC5/USBMIDI_1_audio.c **** *   USBMIDI_1_currentSampleFrequency: Contains the current audio Sample
  77:Generated_Source\PSoC5/USBMIDI_1_audio.c **** *       Frequency. It is set by the Host using SET_CUR request to the endpoint.
  78:Generated_Source\PSoC5/USBMIDI_1_audio.c **** *   USBMIDI_1_frequencyChanged: This variable is used as a flag for the
  79:Generated_Source\PSoC5/USBMIDI_1_audio.c **** *       user code, to be aware that Host has been sent request for changing
  80:Generated_Source\PSoC5/USBMIDI_1_audio.c **** *       Sample Frequency. Sample frequency will be sent on the next OUT
  81:Generated_Source\PSoC5/USBMIDI_1_audio.c **** *       transaction. It is contains endpoint address when set. The following
  82:Generated_Source\PSoC5/USBMIDI_1_audio.c **** *       code is recommended for detecting new Sample Frequency in main code:
  83:Generated_Source\PSoC5/USBMIDI_1_audio.c **** *       
  84:Generated_Source\PSoC5/USBMIDI_1_audio.c **** *  \snippet  /USBFS_sut_02.cydsn/main.c Detecting new Sample Frequency
  85:Generated_Source\PSoC5/USBMIDI_1_audio.c **** *      
  86:Generated_Source\PSoC5/USBMIDI_1_audio.c **** *   USBMIDI_1_transferState variable is checked to be sure that transfer
  87:Generated_Source\PSoC5/USBMIDI_1_audio.c **** *              completes.
  88:Generated_Source\PSoC5/USBMIDI_1_audio.c **** *   USBMIDI_1_currentMute: Contains mute configuration set by Host.
ARM GAS  C:\Users\214016~1\AppData\Local\Temp\ccEfxync.s 			page 3


  89:Generated_Source\PSoC5/USBMIDI_1_audio.c **** *   USBMIDI_1_currentVolume: Contains volume level set by Host.
  90:Generated_Source\PSoC5/USBMIDI_1_audio.c **** *
  91:Generated_Source\PSoC5/USBMIDI_1_audio.c **** * \reentrant
  92:Generated_Source\PSoC5/USBMIDI_1_audio.c **** *  No.
  93:Generated_Source\PSoC5/USBMIDI_1_audio.c **** *
  94:Generated_Source\PSoC5/USBMIDI_1_audio.c **** *******************************************************************************/
  95:Generated_Source\PSoC5/USBMIDI_1_audio.c **** uint8 USBMIDI_1_DispatchAUDIOClassRqst(void) 
  96:Generated_Source\PSoC5/USBMIDI_1_audio.c **** {
  27              		.loc 1 96 0
  28              		.cfi_startproc
  29              		@ args = 0, pretend = 0, frame = 0
  30              		@ frame_needed = 0, uses_anonymous_args = 0
  31              		@ link register save eliminated.
  32              	.LVL0:
  97:Generated_Source\PSoC5/USBMIDI_1_audio.c ****     uint8 requestHandled = USBMIDI_1_FALSE;
  98:Generated_Source\PSoC5/USBMIDI_1_audio.c ****     
  99:Generated_Source\PSoC5/USBMIDI_1_audio.c ****     uint8 RqstRcpt = (uint8)(USBMIDI_1_bmRequestTypeReg & USBMIDI_1_RQST_RCPT_MASK);
  33              		.loc 1 99 0
  34 0000 0E4A     		ldr	r2, .L6
  35 0002 1378     		ldrb	r3, [r2]	@ zero_extendqisi2
  36 0004 03F00303 		and	r3, r3, #3
  37              	.LVL1:
 100:Generated_Source\PSoC5/USBMIDI_1_audio.c **** #if defined(USBMIDI_1_ENABLE_AUDIO_STREAMING)
 101:Generated_Source\PSoC5/USBMIDI_1_audio.c ****     uint8 wValueHi = (uint8) USBMIDI_1_wValueHiReg;
 102:Generated_Source\PSoC5/USBMIDI_1_audio.c ****     uint8 epNumber = (uint8) USBMIDI_1_wIndexLoReg & USBMIDI_1_DIR_UNUSED;
 103:Generated_Source\PSoC5/USBMIDI_1_audio.c **** #endif /* (USBMIDI_1_ENABLE_AUDIO_STREAMING) */
 104:Generated_Source\PSoC5/USBMIDI_1_audio.c ****     
 105:Generated_Source\PSoC5/USBMIDI_1_audio.c ****     /* Check request direction: D2H or H2D. */
 106:Generated_Source\PSoC5/USBMIDI_1_audio.c ****     if (0u != (USBMIDI_1_bmRequestTypeReg & USBMIDI_1_RQST_DIR_D2H))
  38              		.loc 1 106 0
  39 0008 1278     		ldrb	r2, [r2]	@ zero_extendqisi2
  40 000a 12F0800F 		tst	r2, #128
  41 000e 09D0     		beq	.L2
 107:Generated_Source\PSoC5/USBMIDI_1_audio.c ****     {
 108:Generated_Source\PSoC5/USBMIDI_1_audio.c ****         /* Handle direction from device to host. */
 109:Generated_Source\PSoC5/USBMIDI_1_audio.c ****         
 110:Generated_Source\PSoC5/USBMIDI_1_audio.c ****         if (USBMIDI_1_RQST_RCPT_EP == RqstRcpt)
  42              		.loc 1 110 0
  43 0010 022B     		cmp	r3, #2
  44 0012 02D1     		bne	.L3
 111:Generated_Source\PSoC5/USBMIDI_1_audio.c ****         {
 112:Generated_Source\PSoC5/USBMIDI_1_audio.c ****             /* Request recipient is to endpoint. */
 113:Generated_Source\PSoC5/USBMIDI_1_audio.c ****             switch (USBMIDI_1_bRequestReg)
  45              		.loc 1 113 0
  46 0014 094B     		ldr	r3, .L6
  47              	.LVL2:
  48 0016 5B78     		ldrb	r3, [r3, #1]	@ zero_extendqisi2
  49 0018 0DE0     		b	.L4
  50              	.LVL3:
  51              	.L3:
 114:Generated_Source\PSoC5/USBMIDI_1_audio.c ****             {
 115:Generated_Source\PSoC5/USBMIDI_1_audio.c ****                 case USBMIDI_1_GET_CUR:
 116:Generated_Source\PSoC5/USBMIDI_1_audio.c ****                 #if defined(USBMIDI_1_ENABLE_AUDIO_STREAMING)
 117:Generated_Source\PSoC5/USBMIDI_1_audio.c ****                     if (wValueHi == USBMIDI_1_SAMPLING_FREQ_CONTROL)
 118:Generated_Source\PSoC5/USBMIDI_1_audio.c ****                     {
 119:Generated_Source\PSoC5/USBMIDI_1_audio.c ****                          /* point Control Selector is Sampling Frequency */
 120:Generated_Source\PSoC5/USBMIDI_1_audio.c ****                         USBMIDI_1_currentTD.wCount = USBMIDI_1_SAMPLE_FREQ_LEN;
ARM GAS  C:\Users\214016~1\AppData\Local\Temp\ccEfxync.s 			page 4


 121:Generated_Source\PSoC5/USBMIDI_1_audio.c ****                         USBMIDI_1_currentTD.pData  = USBMIDI_1_currentSampleFrequency[epNumber];
 122:Generated_Source\PSoC5/USBMIDI_1_audio.c ****                         
 123:Generated_Source\PSoC5/USBMIDI_1_audio.c ****                         requestHandled   = USBMIDI_1_InitControlRead();
 124:Generated_Source\PSoC5/USBMIDI_1_audio.c ****                     }
 125:Generated_Source\PSoC5/USBMIDI_1_audio.c ****                 #endif /* (USBMIDI_1_ENABLE_AUDIO_STREAMING) */
 126:Generated_Source\PSoC5/USBMIDI_1_audio.c ****                 
 127:Generated_Source\PSoC5/USBMIDI_1_audio.c ****                     /* `#START AUDIO_READ_REQUESTS` Place other request handler here */
 128:Generated_Source\PSoC5/USBMIDI_1_audio.c **** 
 129:Generated_Source\PSoC5/USBMIDI_1_audio.c ****                     /* `#END` */
 130:Generated_Source\PSoC5/USBMIDI_1_audio.c ****                 
 131:Generated_Source\PSoC5/USBMIDI_1_audio.c ****                 #ifdef USBMIDI_1_DISPATCH_AUDIO_CLASS_AUDIO_READ_REQUESTS_CALLBACK    
 132:Generated_Source\PSoC5/USBMIDI_1_audio.c ****                     USBMIDI_1_DispatchAUDIOClass_AUDIO_READ_REQUESTS_Callback();
 133:Generated_Source\PSoC5/USBMIDI_1_audio.c ****                 #endif /* (USBMIDI_1_DISPATCH_AUDIO_CLASS_AUDIO_READ_REQUESTS_CALLBACK) */         
 134:Generated_Source\PSoC5/USBMIDI_1_audio.c ****                 break;
 135:Generated_Source\PSoC5/USBMIDI_1_audio.c ****                 
 136:Generated_Source\PSoC5/USBMIDI_1_audio.c ****                 default:
 137:Generated_Source\PSoC5/USBMIDI_1_audio.c ****                     /* Do not handle this request unless callback is defined. */
 138:Generated_Source\PSoC5/USBMIDI_1_audio.c ****                     break;
 139:Generated_Source\PSoC5/USBMIDI_1_audio.c ****             }
 140:Generated_Source\PSoC5/USBMIDI_1_audio.c ****         
 141:Generated_Source\PSoC5/USBMIDI_1_audio.c ****         }
 142:Generated_Source\PSoC5/USBMIDI_1_audio.c ****         else if (USBMIDI_1_RQST_RCPT_IFC == RqstRcpt)
  52              		.loc 1 142 0
  53 001a 012B     		cmp	r3, #1
  54 001c 0BD1     		bne	.L4
 143:Generated_Source\PSoC5/USBMIDI_1_audio.c ****         {
 144:Generated_Source\PSoC5/USBMIDI_1_audio.c ****             /* Request recipient is interface or entity ID. */
 145:Generated_Source\PSoC5/USBMIDI_1_audio.c ****             switch (USBMIDI_1_bRequestReg)
  55              		.loc 1 145 0
  56 001e 074B     		ldr	r3, .L6
  57              	.LVL4:
  58 0020 5B78     		ldrb	r3, [r3, #1]	@ zero_extendqisi2
  59 0022 08E0     		b	.L4
  60              	.LVL5:
  61              	.L2:
 146:Generated_Source\PSoC5/USBMIDI_1_audio.c ****             {
 147:Generated_Source\PSoC5/USBMIDI_1_audio.c ****                 case USBMIDI_1_GET_CUR:
 148:Generated_Source\PSoC5/USBMIDI_1_audio.c ****                 #if defined(USBMIDI_1_ENABLE_AUDIO_STREAMING)
 149:Generated_Source\PSoC5/USBMIDI_1_audio.c ****                     if (wValueHi == USBMIDI_1_MUTE_CONTROL)
 150:Generated_Source\PSoC5/USBMIDI_1_audio.c ****                     {
 151:Generated_Source\PSoC5/USBMIDI_1_audio.c ****                         /* `#START MUTE_CONTROL_GET_REQUEST` Place multi-channel handler here */
 152:Generated_Source\PSoC5/USBMIDI_1_audio.c **** 
 153:Generated_Source\PSoC5/USBMIDI_1_audio.c ****                         /* `#END` */
 154:Generated_Source\PSoC5/USBMIDI_1_audio.c **** 
 155:Generated_Source\PSoC5/USBMIDI_1_audio.c ****                     #ifdef USBMIDI_1_DISPATCH_AUDIO_CLASS_MUTE_CONTROL_GET_REQUEST_CALLBACK
 156:Generated_Source\PSoC5/USBMIDI_1_audio.c ****                         USBMIDI_1_DispatchAUDIOClass_MUTE_CONTROL_GET_REQUEST_Callback();
 157:Generated_Source\PSoC5/USBMIDI_1_audio.c ****                     #endif /* (USBMIDI_1_DISPATCH_AUDIO_CLASS_MUTE_CONTROL_GET_REQUEST_CALLBACK) */
 158:Generated_Source\PSoC5/USBMIDI_1_audio.c **** 
 159:Generated_Source\PSoC5/USBMIDI_1_audio.c ****                         /* Entity ID Control Selector is MUTE */
 160:Generated_Source\PSoC5/USBMIDI_1_audio.c ****                         USBMIDI_1_currentTD.wCount = 1u;
 161:Generated_Source\PSoC5/USBMIDI_1_audio.c ****                         USBMIDI_1_currentTD.pData  = &USBMIDI_1_currentMute;
 162:Generated_Source\PSoC5/USBMIDI_1_audio.c ****                         
 163:Generated_Source\PSoC5/USBMIDI_1_audio.c ****                         requestHandled = USBMIDI_1_InitControlRead();
 164:Generated_Source\PSoC5/USBMIDI_1_audio.c ****                     }
 165:Generated_Source\PSoC5/USBMIDI_1_audio.c ****                     else if (wValueHi == USBMIDI_1_VOLUME_CONTROL)
 166:Generated_Source\PSoC5/USBMIDI_1_audio.c ****                     {
 167:Generated_Source\PSoC5/USBMIDI_1_audio.c ****                         /* `#START VOLUME_CONTROL_GET_REQUEST` Place multi-channel handler here */
ARM GAS  C:\Users\214016~1\AppData\Local\Temp\ccEfxync.s 			page 5


 168:Generated_Source\PSoC5/USBMIDI_1_audio.c **** 
 169:Generated_Source\PSoC5/USBMIDI_1_audio.c ****                         /* `#END` */
 170:Generated_Source\PSoC5/USBMIDI_1_audio.c **** 
 171:Generated_Source\PSoC5/USBMIDI_1_audio.c ****                     #ifdef USBMIDI_1_DISPATCH_AUDIO_CLASS_VOLUME_CONTROL_GET_REQUEST_CALLBACK
 172:Generated_Source\PSoC5/USBMIDI_1_audio.c ****                         USBMIDI_1_DispatchAUDIOClass_VOLUME_CONTROL_GET_REQUEST_Callback();
 173:Generated_Source\PSoC5/USBMIDI_1_audio.c ****                     #endif /* (USBMIDI_1_DISPATCH_AUDIO_CLASS_VOLUME_CONTROL_GET_REQUEST_CALLBACK) 
 174:Generated_Source\PSoC5/USBMIDI_1_audio.c **** 
 175:Generated_Source\PSoC5/USBMIDI_1_audio.c ****                         /* Entity ID Control Selector is VOLUME, */
 176:Generated_Source\PSoC5/USBMIDI_1_audio.c ****                         USBMIDI_1_currentTD.wCount = USBMIDI_1_VOLUME_LEN;
 177:Generated_Source\PSoC5/USBMIDI_1_audio.c ****                         USBMIDI_1_currentTD.pData  = USBMIDI_1_currentVolume;
 178:Generated_Source\PSoC5/USBMIDI_1_audio.c ****                         
 179:Generated_Source\PSoC5/USBMIDI_1_audio.c ****                         requestHandled = USBMIDI_1_InitControlRead();
 180:Generated_Source\PSoC5/USBMIDI_1_audio.c ****                     }
 181:Generated_Source\PSoC5/USBMIDI_1_audio.c ****                     else
 182:Generated_Source\PSoC5/USBMIDI_1_audio.c ****                     {
 183:Generated_Source\PSoC5/USBMIDI_1_audio.c ****                         /* `#START OTHER_GET_CUR_REQUESTS` Place other request handler here */
 184:Generated_Source\PSoC5/USBMIDI_1_audio.c **** 
 185:Generated_Source\PSoC5/USBMIDI_1_audio.c ****                         /* `#END` */
 186:Generated_Source\PSoC5/USBMIDI_1_audio.c **** 
 187:Generated_Source\PSoC5/USBMIDI_1_audio.c ****                     #ifdef USBMIDI_1_DISPATCH_AUDIO_CLASS_OTHER_GET_CUR_REQUESTS_CALLBACK
 188:Generated_Source\PSoC5/USBMIDI_1_audio.c ****                         USBMIDI_1_DispatchAUDIOClass_OTHER_GET_CUR_REQUESTS_Callback();
 189:Generated_Source\PSoC5/USBMIDI_1_audio.c ****                     #endif /* (USBMIDI_1_DISPATCH_AUDIO_CLASS_OTHER_GET_CUR_REQUESTS_CALLBACK) */
 190:Generated_Source\PSoC5/USBMIDI_1_audio.c ****                     }
 191:Generated_Source\PSoC5/USBMIDI_1_audio.c ****                     break;
 192:Generated_Source\PSoC5/USBMIDI_1_audio.c ****                     
 193:Generated_Source\PSoC5/USBMIDI_1_audio.c ****                 case USBMIDI_1_GET_MIN:
 194:Generated_Source\PSoC5/USBMIDI_1_audio.c ****                     if (wValueHi == USBMIDI_1_VOLUME_CONTROL)
 195:Generated_Source\PSoC5/USBMIDI_1_audio.c ****                     {
 196:Generated_Source\PSoC5/USBMIDI_1_audio.c ****                         /* Entity ID Control Selector is VOLUME, */
 197:Generated_Source\PSoC5/USBMIDI_1_audio.c ****                         USBMIDI_1_currentTD.wCount = USBMIDI_1_VOLUME_LEN;
 198:Generated_Source\PSoC5/USBMIDI_1_audio.c ****                         USBMIDI_1_currentTD.pData  = &USBMIDI_1_minimumVolume[0];
 199:Generated_Source\PSoC5/USBMIDI_1_audio.c ****                         
 200:Generated_Source\PSoC5/USBMIDI_1_audio.c ****                         requestHandled = USBMIDI_1_InitControlRead();
 201:Generated_Source\PSoC5/USBMIDI_1_audio.c ****                     }
 202:Generated_Source\PSoC5/USBMIDI_1_audio.c ****                     break;
 203:Generated_Source\PSoC5/USBMIDI_1_audio.c ****                     
 204:Generated_Source\PSoC5/USBMIDI_1_audio.c ****                 case USBMIDI_1_GET_MAX:
 205:Generated_Source\PSoC5/USBMIDI_1_audio.c ****                     if (wValueHi == USBMIDI_1_VOLUME_CONTROL)
 206:Generated_Source\PSoC5/USBMIDI_1_audio.c ****                     {
 207:Generated_Source\PSoC5/USBMIDI_1_audio.c ****                         /* Entity ID Control Selector is VOLUME, */
 208:Generated_Source\PSoC5/USBMIDI_1_audio.c ****                         USBMIDI_1_currentTD.wCount = USBMIDI_1_VOLUME_LEN;
 209:Generated_Source\PSoC5/USBMIDI_1_audio.c ****                         USBMIDI_1_currentTD.pData  = &USBMIDI_1_maximumVolume[0];
 210:Generated_Source\PSoC5/USBMIDI_1_audio.c ****                         
 211:Generated_Source\PSoC5/USBMIDI_1_audio.c ****                         requestHandled = USBMIDI_1_InitControlRead();
 212:Generated_Source\PSoC5/USBMIDI_1_audio.c ****                     }
 213:Generated_Source\PSoC5/USBMIDI_1_audio.c ****                     break;
 214:Generated_Source\PSoC5/USBMIDI_1_audio.c ****                     
 215:Generated_Source\PSoC5/USBMIDI_1_audio.c ****                 case USBMIDI_1_GET_RES:
 216:Generated_Source\PSoC5/USBMIDI_1_audio.c ****                     if (wValueHi == USBMIDI_1_VOLUME_CONTROL)
 217:Generated_Source\PSoC5/USBMIDI_1_audio.c ****                     {
 218:Generated_Source\PSoC5/USBMIDI_1_audio.c ****                          /* Entity ID Control Selector is VOLUME, */
 219:Generated_Source\PSoC5/USBMIDI_1_audio.c ****                         USBMIDI_1_currentTD.wCount = USBMIDI_1_VOLUME_LEN;
 220:Generated_Source\PSoC5/USBMIDI_1_audio.c ****                         USBMIDI_1_currentTD.pData  = &USBMIDI_1_resolutionVolume[0];
 221:Generated_Source\PSoC5/USBMIDI_1_audio.c ****                         
 222:Generated_Source\PSoC5/USBMIDI_1_audio.c ****                         requestHandled   = USBMIDI_1_InitControlRead();
 223:Generated_Source\PSoC5/USBMIDI_1_audio.c ****                     }
 224:Generated_Source\PSoC5/USBMIDI_1_audio.c ****                     break;
ARM GAS  C:\Users\214016~1\AppData\Local\Temp\ccEfxync.s 			page 6


 225:Generated_Source\PSoC5/USBMIDI_1_audio.c ****                     
 226:Generated_Source\PSoC5/USBMIDI_1_audio.c ****                 /* The contents of the status message is reserved for future use.
 227:Generated_Source\PSoC5/USBMIDI_1_audio.c ****                 * For the time being, a null packet should be returned in the data stage of the
 228:Generated_Source\PSoC5/USBMIDI_1_audio.c ****                 * control transfer, and the received null packet should be ACKed.
 229:Generated_Source\PSoC5/USBMIDI_1_audio.c ****                 */
 230:Generated_Source\PSoC5/USBMIDI_1_audio.c ****                 case USBMIDI_1_GET_STAT:
 231:Generated_Source\PSoC5/USBMIDI_1_audio.c ****                     USBMIDI_1_currentTD.wCount = 0u;    
 232:Generated_Source\PSoC5/USBMIDI_1_audio.c ****                     
 233:Generated_Source\PSoC5/USBMIDI_1_audio.c ****                     requestHandled = USBMIDI_1_InitControlWrite();
 234:Generated_Source\PSoC5/USBMIDI_1_audio.c **** 
 235:Generated_Source\PSoC5/USBMIDI_1_audio.c ****                 #endif /* (USBMIDI_1_ENABLE_AUDIO_STREAMING) */
 236:Generated_Source\PSoC5/USBMIDI_1_audio.c ****                 
 237:Generated_Source\PSoC5/USBMIDI_1_audio.c ****                     /* `#START AUDIO_WRITE_REQUESTS` Place other request handler here */
 238:Generated_Source\PSoC5/USBMIDI_1_audio.c **** 
 239:Generated_Source\PSoC5/USBMIDI_1_audio.c ****                     /* `#END` */
 240:Generated_Source\PSoC5/USBMIDI_1_audio.c ****                 
 241:Generated_Source\PSoC5/USBMIDI_1_audio.c ****                 #ifdef USBMIDI_1_DISPATCH_AUDIO_CLASS_AUDIO_WRITE_REQUESTS_CALLBACK
 242:Generated_Source\PSoC5/USBMIDI_1_audio.c ****                     USBMIDI_1_DispatchAUDIOClass_AUDIO_WRITE_REQUESTS_Callback();
 243:Generated_Source\PSoC5/USBMIDI_1_audio.c ****                 #endif /* (USBMIDI_1_DISPATCH_AUDIO_CLASS_AUDIO_WRITE_REQUESTS_CALLBACK) */
 244:Generated_Source\PSoC5/USBMIDI_1_audio.c ****                     break;
 245:Generated_Source\PSoC5/USBMIDI_1_audio.c ****                 
 246:Generated_Source\PSoC5/USBMIDI_1_audio.c ****                 default:
 247:Generated_Source\PSoC5/USBMIDI_1_audio.c ****                     /* Do not handle this request. */
 248:Generated_Source\PSoC5/USBMIDI_1_audio.c ****                     break;
 249:Generated_Source\PSoC5/USBMIDI_1_audio.c ****             }
 250:Generated_Source\PSoC5/USBMIDI_1_audio.c ****         }
 251:Generated_Source\PSoC5/USBMIDI_1_audio.c ****         else
 252:Generated_Source\PSoC5/USBMIDI_1_audio.c ****         {   
 253:Generated_Source\PSoC5/USBMIDI_1_audio.c ****             /* Do not handle other requests recipients. */
 254:Generated_Source\PSoC5/USBMIDI_1_audio.c ****         }
 255:Generated_Source\PSoC5/USBMIDI_1_audio.c ****     }
 256:Generated_Source\PSoC5/USBMIDI_1_audio.c ****     else
 257:Generated_Source\PSoC5/USBMIDI_1_audio.c ****     {
 258:Generated_Source\PSoC5/USBMIDI_1_audio.c ****         /* Handle direction from host to device. */
 259:Generated_Source\PSoC5/USBMIDI_1_audio.c ****         
 260:Generated_Source\PSoC5/USBMIDI_1_audio.c ****         if (USBMIDI_1_RQST_RCPT_EP == RqstRcpt)
  62              		.loc 1 260 0
  63 0024 022B     		cmp	r3, #2
  64 0026 02D1     		bne	.L5
 261:Generated_Source\PSoC5/USBMIDI_1_audio.c ****         {
 262:Generated_Source\PSoC5/USBMIDI_1_audio.c ****             /* Request recipient is endpoint. */
 263:Generated_Source\PSoC5/USBMIDI_1_audio.c ****             switch (USBMIDI_1_bRequestReg)
  65              		.loc 1 263 0
  66 0028 044B     		ldr	r3, .L6
  67              	.LVL6:
  68 002a 5B78     		ldrb	r3, [r3, #1]	@ zero_extendqisi2
  69 002c 03E0     		b	.L4
  70              	.LVL7:
  71              	.L5:
 264:Generated_Source\PSoC5/USBMIDI_1_audio.c ****             {
 265:Generated_Source\PSoC5/USBMIDI_1_audio.c ****                 case USBMIDI_1_SET_CUR:
 266:Generated_Source\PSoC5/USBMIDI_1_audio.c ****                 #if defined(USBMIDI_1_ENABLE_AUDIO_STREAMING)
 267:Generated_Source\PSoC5/USBMIDI_1_audio.c ****                     if (wValueHi == USBMIDI_1_SAMPLING_FREQ_CONTROL)
 268:Generated_Source\PSoC5/USBMIDI_1_audio.c ****                     {
 269:Generated_Source\PSoC5/USBMIDI_1_audio.c ****                          /* point Control Selector is Sampling Frequency */
 270:Generated_Source\PSoC5/USBMIDI_1_audio.c ****                         USBMIDI_1_currentTD.wCount = USBMIDI_1_SAMPLE_FREQ_LEN;
 271:Generated_Source\PSoC5/USBMIDI_1_audio.c ****                         USBMIDI_1_currentTD.pData  = USBMIDI_1_currentSampleFrequency[epNumber];
ARM GAS  C:\Users\214016~1\AppData\Local\Temp\ccEfxync.s 			page 7


 272:Generated_Source\PSoC5/USBMIDI_1_audio.c ****                         USBMIDI_1_frequencyChanged = (uint8) epNumber;
 273:Generated_Source\PSoC5/USBMIDI_1_audio.c ****                         
 274:Generated_Source\PSoC5/USBMIDI_1_audio.c ****                         requestHandled   = USBMIDI_1_InitControlWrite();
 275:Generated_Source\PSoC5/USBMIDI_1_audio.c ****                     }
 276:Generated_Source\PSoC5/USBMIDI_1_audio.c ****                 #endif /* (USBMIDI_1_ENABLE_AUDIO_STREAMING) */
 277:Generated_Source\PSoC5/USBMIDI_1_audio.c **** 
 278:Generated_Source\PSoC5/USBMIDI_1_audio.c ****                     /* `#START AUDIO_SAMPLING_FREQ_REQUESTS` Place other request handler here */
 279:Generated_Source\PSoC5/USBMIDI_1_audio.c **** 
 280:Generated_Source\PSoC5/USBMIDI_1_audio.c ****                     /* `#END` */
 281:Generated_Source\PSoC5/USBMIDI_1_audio.c **** 
 282:Generated_Source\PSoC5/USBMIDI_1_audio.c ****                 #ifdef USBMIDI_1_DISPATCH_AUDIO_CLASS_AUDIO_SAMPLING_FREQ_REQUESTS_CALLBACK
 283:Generated_Source\PSoC5/USBMIDI_1_audio.c ****                     USBMIDI_1_DispatchAUDIOClass_AUDIO_SAMPLING_FREQ_REQUESTS_Callback();
 284:Generated_Source\PSoC5/USBMIDI_1_audio.c ****                 #endif /* (USBMIDI_1_DISPATCH_AUDIO_CLASS_AUDIO_SAMPLING_FREQ_REQUESTS_CALLBACK) */
 285:Generated_Source\PSoC5/USBMIDI_1_audio.c ****                     break;
 286:Generated_Source\PSoC5/USBMIDI_1_audio.c ****                 
 287:Generated_Source\PSoC5/USBMIDI_1_audio.c ****                 default:
 288:Generated_Source\PSoC5/USBMIDI_1_audio.c ****                     /* Do not handle this request. */
 289:Generated_Source\PSoC5/USBMIDI_1_audio.c ****                     break;
 290:Generated_Source\PSoC5/USBMIDI_1_audio.c ****             }
 291:Generated_Source\PSoC5/USBMIDI_1_audio.c ****         }
 292:Generated_Source\PSoC5/USBMIDI_1_audio.c ****         else if(USBMIDI_1_RQST_RCPT_IFC == RqstRcpt)
  72              		.loc 1 292 0
  73 002e 012B     		cmp	r3, #1
  74 0030 01D1     		bne	.L4
 293:Generated_Source\PSoC5/USBMIDI_1_audio.c ****         {
 294:Generated_Source\PSoC5/USBMIDI_1_audio.c ****             /* Request recipient is interface or entity ID. */
 295:Generated_Source\PSoC5/USBMIDI_1_audio.c ****             switch (USBMIDI_1_bRequestReg)
  75              		.loc 1 295 0
  76 0032 024B     		ldr	r3, .L6
  77              	.LVL8:
  78 0034 5B78     		ldrb	r3, [r3, #1]	@ zero_extendqisi2
  79              	.L4:
 296:Generated_Source\PSoC5/USBMIDI_1_audio.c ****             {
 297:Generated_Source\PSoC5/USBMIDI_1_audio.c ****                 case USBMIDI_1_SET_CUR:
 298:Generated_Source\PSoC5/USBMIDI_1_audio.c ****                 #if defined(USBMIDI_1_ENABLE_AUDIO_STREAMING)
 299:Generated_Source\PSoC5/USBMIDI_1_audio.c ****                     if (wValueHi == USBMIDI_1_MUTE_CONTROL)
 300:Generated_Source\PSoC5/USBMIDI_1_audio.c ****                     {
 301:Generated_Source\PSoC5/USBMIDI_1_audio.c ****                         /* `#START MUTE_SET_REQUEST` Place multi-channel handler here */
 302:Generated_Source\PSoC5/USBMIDI_1_audio.c **** 
 303:Generated_Source\PSoC5/USBMIDI_1_audio.c ****                         /* `#END` */
 304:Generated_Source\PSoC5/USBMIDI_1_audio.c **** 
 305:Generated_Source\PSoC5/USBMIDI_1_audio.c ****                     #ifdef USBMIDI_1_DISPATCH_AUDIO_CLASS_MUTE_SET_REQUEST_CALLBACK
 306:Generated_Source\PSoC5/USBMIDI_1_audio.c ****                         USBMIDI_1_DispatchAUDIOClass_MUTE_SET_REQUEST_Callback();
 307:Generated_Source\PSoC5/USBMIDI_1_audio.c ****                     #endif /* (USBMIDI_1_DISPATCH_AUDIO_CLASS_MUTE_SET_REQUEST_CALLBACK) */
 308:Generated_Source\PSoC5/USBMIDI_1_audio.c **** 
 309:Generated_Source\PSoC5/USBMIDI_1_audio.c ****                         /* Entity ID Control Selector is MUTE */
 310:Generated_Source\PSoC5/USBMIDI_1_audio.c ****                         USBMIDI_1_currentTD.wCount = 1u;
 311:Generated_Source\PSoC5/USBMIDI_1_audio.c ****                         USBMIDI_1_currentTD.pData  = &USBMIDI_1_currentMute;
 312:Generated_Source\PSoC5/USBMIDI_1_audio.c ****                         
 313:Generated_Source\PSoC5/USBMIDI_1_audio.c ****                         requestHandled = USBMIDI_1_InitControlWrite();
 314:Generated_Source\PSoC5/USBMIDI_1_audio.c ****                     }
 315:Generated_Source\PSoC5/USBMIDI_1_audio.c ****                     else if (wValueHi == USBMIDI_1_VOLUME_CONTROL)
 316:Generated_Source\PSoC5/USBMIDI_1_audio.c ****                     {
 317:Generated_Source\PSoC5/USBMIDI_1_audio.c ****                         /* `#START VOLUME_CONTROL_SET_REQUEST` Place multi-channel handler here */
 318:Generated_Source\PSoC5/USBMIDI_1_audio.c **** 
 319:Generated_Source\PSoC5/USBMIDI_1_audio.c ****                         /* `#END` */
 320:Generated_Source\PSoC5/USBMIDI_1_audio.c **** 
ARM GAS  C:\Users\214016~1\AppData\Local\Temp\ccEfxync.s 			page 8


 321:Generated_Source\PSoC5/USBMIDI_1_audio.c ****                     #ifdef USBMIDI_1_DISPATCH_AUDIO_CLASS_VOLUME_CONTROL_SET_REQUEST_CALLBACK
 322:Generated_Source\PSoC5/USBMIDI_1_audio.c ****                         USBMIDI_1_DispatchAUDIOClass_VOLUME_CONTROL_SET_REQUEST_Callback();
 323:Generated_Source\PSoC5/USBMIDI_1_audio.c ****                     #endif /* (USBMIDI_1_DISPATCH_AUDIO_CLASS_VOLUME_CONTROL_SET_REQUEST_CALLBACK) 
 324:Generated_Source\PSoC5/USBMIDI_1_audio.c **** 
 325:Generated_Source\PSoC5/USBMIDI_1_audio.c ****                         /* Entity ID Control Selector is VOLUME */
 326:Generated_Source\PSoC5/USBMIDI_1_audio.c ****                         USBMIDI_1_currentTD.wCount = USBMIDI_1_VOLUME_LEN;
 327:Generated_Source\PSoC5/USBMIDI_1_audio.c ****                         USBMIDI_1_currentTD.pData  = USBMIDI_1_currentVolume;
 328:Generated_Source\PSoC5/USBMIDI_1_audio.c ****                         
 329:Generated_Source\PSoC5/USBMIDI_1_audio.c ****                         requestHandled = USBMIDI_1_InitControlWrite();
 330:Generated_Source\PSoC5/USBMIDI_1_audio.c ****                     }
 331:Generated_Source\PSoC5/USBMIDI_1_audio.c ****                     else
 332:Generated_Source\PSoC5/USBMIDI_1_audio.c ****                     {
 333:Generated_Source\PSoC5/USBMIDI_1_audio.c ****                         /* `#START OTHER_SET_CUR_REQUESTS` Place other request handler here */
 334:Generated_Source\PSoC5/USBMIDI_1_audio.c **** 
 335:Generated_Source\PSoC5/USBMIDI_1_audio.c ****                         /* `#END` */
 336:Generated_Source\PSoC5/USBMIDI_1_audio.c **** 
 337:Generated_Source\PSoC5/USBMIDI_1_audio.c ****                     #ifdef USBMIDI_1_DISPATCH_AUDIO_CLASS_OTHER_SET_CUR_REQUESTS_CALLBACK
 338:Generated_Source\PSoC5/USBMIDI_1_audio.c ****                         USBMIDI_1_DispatchAUDIOClass_OTHER_SET_CUR_REQUESTS_Callback();
 339:Generated_Source\PSoC5/USBMIDI_1_audio.c ****                     #endif /* (USBMIDI_1_DISPATCH_AUDIO_CLASS_OTHER_SET_CUR_REQUESTS_CALLBACK) */
 340:Generated_Source\PSoC5/USBMIDI_1_audio.c ****                     }
 341:Generated_Source\PSoC5/USBMIDI_1_audio.c ****                 #endif /*  USBMIDI_1_ENABLE_AUDIO_STREAMING */
 342:Generated_Source\PSoC5/USBMIDI_1_audio.c ****                 
 343:Generated_Source\PSoC5/USBMIDI_1_audio.c ****                 
 344:Generated_Source\PSoC5/USBMIDI_1_audio.c ****                     /* `#START AUDIO_CONTROL_SEL_REQUESTS` Place other request handler here */
 345:Generated_Source\PSoC5/USBMIDI_1_audio.c **** 
 346:Generated_Source\PSoC5/USBMIDI_1_audio.c ****                     /* `#END` */
 347:Generated_Source\PSoC5/USBMIDI_1_audio.c ****                     
 348:Generated_Source\PSoC5/USBMIDI_1_audio.c ****                 #ifdef USBMIDI_1_DISPATCH_AUDIO_CLASS_AUDIO_CONTROL_SEL_REQUESTS_CALLBACK
 349:Generated_Source\PSoC5/USBMIDI_1_audio.c ****                     USBMIDI_1_DispatchAUDIOClass_AUDIO_CONTROL_SEL_REQUESTS_Callback();
 350:Generated_Source\PSoC5/USBMIDI_1_audio.c ****                 #endif /* (USBMIDI_1_DISPATCH_AUDIO_CLASS_AUDIO_CONTROL_SEL_REQUESTS_CALLBACK) */
 351:Generated_Source\PSoC5/USBMIDI_1_audio.c ****                 break;
 352:Generated_Source\PSoC5/USBMIDI_1_audio.c **** 
 353:Generated_Source\PSoC5/USBMIDI_1_audio.c ****                 default:
 354:Generated_Source\PSoC5/USBMIDI_1_audio.c ****                     /* Do not handle this request. */
 355:Generated_Source\PSoC5/USBMIDI_1_audio.c ****                 break;
 356:Generated_Source\PSoC5/USBMIDI_1_audio.c ****             }
 357:Generated_Source\PSoC5/USBMIDI_1_audio.c ****         }
 358:Generated_Source\PSoC5/USBMIDI_1_audio.c ****         else
 359:Generated_Source\PSoC5/USBMIDI_1_audio.c ****         {
 360:Generated_Source\PSoC5/USBMIDI_1_audio.c ****             /* Do not handle other requests recipients. */
 361:Generated_Source\PSoC5/USBMIDI_1_audio.c ****         }
 362:Generated_Source\PSoC5/USBMIDI_1_audio.c ****     }
 363:Generated_Source\PSoC5/USBMIDI_1_audio.c **** 
 364:Generated_Source\PSoC5/USBMIDI_1_audio.c ****     return (requestHandled);
 365:Generated_Source\PSoC5/USBMIDI_1_audio.c **** }
  80              		.loc 1 365 0
  81 0036 0020     		movs	r0, #0
  82 0038 7047     		bx	lr
  83              	.L7:
  84 003a 00BF     		.align	2
  85              	.L6:
  86 003c 00600040 		.word	1073766400
  87              		.cfi_endproc
  88              	.LFE0:
  89              		.size	USBMIDI_1_DispatchAUDIOClassRqst, .-USBMIDI_1_DispatchAUDIOClassRqst
  90              		.text
  91              	.Letext0:
ARM GAS  C:\Users\214016~1\AppData\Local\Temp\ccEfxync.s 			page 9


  92              		.file 2 "Generated_Source\\PSoC5\\cytypes.h"
  93              		.file 3 "Generated_Source\\PSoC5\\USBMIDI_1.h"
  94              		.section	.debug_info,"",%progbits
  95              	.Ldebug_info0:
  96 0000 F1000000 		.4byte	0xf1
  97 0004 0400     		.2byte	0x4
  98 0006 00000000 		.4byte	.Ldebug_abbrev0
  99 000a 04       		.byte	0x4
 100 000b 01       		.uleb128 0x1
 101 000c 60000000 		.4byte	.LASF17
 102 0010 01       		.byte	0x1
 103 0011 1D010000 		.4byte	.LASF18
 104 0015 72010000 		.4byte	.LASF19
 105 0019 00000000 		.4byte	.Ldebug_ranges0+0
 106 001d 00000000 		.4byte	0
 107 0021 00000000 		.4byte	.Ldebug_line0
 108 0025 02       		.uleb128 0x2
 109 0026 01       		.byte	0x1
 110 0027 06       		.byte	0x6
 111 0028 60010000 		.4byte	.LASF0
 112 002c 02       		.uleb128 0x2
 113 002d 01       		.byte	0x1
 114 002e 08       		.byte	0x8
 115 002f EE000000 		.4byte	.LASF1
 116 0033 02       		.uleb128 0x2
 117 0034 02       		.byte	0x2
 118 0035 05       		.byte	0x5
 119 0036 13010000 		.4byte	.LASF2
 120 003a 02       		.uleb128 0x2
 121 003b 02       		.byte	0x2
 122 003c 07       		.byte	0x7
 123 003d 4D010000 		.4byte	.LASF3
 124 0041 02       		.uleb128 0x2
 125 0042 04       		.byte	0x4
 126 0043 05       		.byte	0x5
 127 0044 0A010000 		.4byte	.LASF4
 128 0048 02       		.uleb128 0x2
 129 0049 04       		.byte	0x4
 130 004a 07       		.byte	0x7
 131 004b 28000000 		.4byte	.LASF5
 132 004f 02       		.uleb128 0x2
 133 0050 08       		.byte	0x8
 134 0051 05       		.byte	0x5
 135 0052 00000000 		.4byte	.LASF6
 136 0056 02       		.uleb128 0x2
 137 0057 08       		.byte	0x8
 138 0058 07       		.byte	0x7
 139 0059 49000000 		.4byte	.LASF7
 140 005d 03       		.uleb128 0x3
 141 005e 04       		.byte	0x4
 142 005f 05       		.byte	0x5
 143 0060 696E7400 		.ascii	"int\000"
 144 0064 02       		.uleb128 0x2
 145 0065 04       		.byte	0x4
 146 0066 07       		.byte	0x7
 147 0067 15000000 		.4byte	.LASF8
 148 006b 04       		.uleb128 0x4
ARM GAS  C:\Users\214016~1\AppData\Local\Temp\ccEfxync.s 			page 10


 149 006c 22000000 		.4byte	.LASF13
 150 0070 02       		.byte	0x2
 151 0071 9201     		.2byte	0x192
 152 0073 2C000000 		.4byte	0x2c
 153 0077 02       		.uleb128 0x2
 154 0078 04       		.byte	0x4
 155 0079 04       		.byte	0x4
 156 007a 6C010000 		.4byte	.LASF9
 157 007e 02       		.uleb128 0x2
 158 007f 08       		.byte	0x8
 159 0080 04       		.byte	0x4
 160 0081 46010000 		.4byte	.LASF10
 161 0085 02       		.uleb128 0x2
 162 0086 01       		.byte	0x1
 163 0087 08       		.byte	0x8
 164 0088 FC000000 		.4byte	.LASF11
 165 008c 02       		.uleb128 0x2
 166 008d 04       		.byte	0x4
 167 008e 07       		.byte	0x7
 168 008f CC010000 		.4byte	.LASF12
 169 0093 05       		.uleb128 0x5
 170 0094 08       		.byte	0x8
 171 0095 03       		.byte	0x3
 172 0096 C5       		.byte	0xc5
 173 0097 A8000000 		.4byte	0xa8
 174 009b 06       		.uleb128 0x6
 175 009c 0E000000 		.4byte	.LASF20
 176 00a0 03       		.byte	0x3
 177 00a1 C7       		.byte	0xc7
 178 00a2 A8000000 		.4byte	0xa8
 179 00a6 00       		.byte	0
 180 00a7 00       		.byte	0
 181 00a8 07       		.uleb128 0x7
 182 00a9 6B000000 		.4byte	0x6b
 183 00ad B8000000 		.4byte	0xb8
 184 00b1 08       		.uleb128 0x8
 185 00b2 8C000000 		.4byte	0x8c
 186 00b6 07       		.byte	0x7
 187 00b7 00       		.byte	0
 188 00b8 09       		.uleb128 0x9
 189 00b9 B2010000 		.4byte	.LASF14
 190 00bd 03       		.byte	0x3
 191 00be C8       		.byte	0xc8
 192 00bf 93000000 		.4byte	0x93
 193 00c3 0A       		.uleb128 0xa
 194 00c4 D5010000 		.4byte	.LASF21
 195 00c8 01       		.byte	0x1
 196 00c9 5F       		.byte	0x5f
 197 00ca 6B000000 		.4byte	0x6b
 198 00ce 00000000 		.4byte	.LFB0
 199 00d2 40000000 		.4byte	.LFE0-.LFB0
 200 00d6 01       		.uleb128 0x1
 201 00d7 9C       		.byte	0x9c
 202 00d8 0B       		.uleb128 0xb
 203 00d9 3A000000 		.4byte	.LASF15
 204 00dd 01       		.byte	0x1
 205 00de 61       		.byte	0x61
ARM GAS  C:\Users\214016~1\AppData\Local\Temp\ccEfxync.s 			page 11


 206 00df 6B000000 		.4byte	0x6b
 207 00e3 00       		.byte	0
 208 00e4 0C       		.uleb128 0xc
 209 00e5 01010000 		.4byte	.LASF16
 210 00e9 01       		.byte	0x1
 211 00ea 63       		.byte	0x63
 212 00eb 6B000000 		.4byte	0x6b
 213 00ef 00000000 		.4byte	.LLST0
 214 00f3 00       		.byte	0
 215 00f4 00       		.byte	0
 216              		.section	.debug_abbrev,"",%progbits
 217              	.Ldebug_abbrev0:
 218 0000 01       		.uleb128 0x1
 219 0001 11       		.uleb128 0x11
 220 0002 01       		.byte	0x1
 221 0003 25       		.uleb128 0x25
 222 0004 0E       		.uleb128 0xe
 223 0005 13       		.uleb128 0x13
 224 0006 0B       		.uleb128 0xb
 225 0007 03       		.uleb128 0x3
 226 0008 0E       		.uleb128 0xe
 227 0009 1B       		.uleb128 0x1b
 228 000a 0E       		.uleb128 0xe
 229 000b 55       		.uleb128 0x55
 230 000c 17       		.uleb128 0x17
 231 000d 11       		.uleb128 0x11
 232 000e 01       		.uleb128 0x1
 233 000f 10       		.uleb128 0x10
 234 0010 17       		.uleb128 0x17
 235 0011 00       		.byte	0
 236 0012 00       		.byte	0
 237 0013 02       		.uleb128 0x2
 238 0014 24       		.uleb128 0x24
 239 0015 00       		.byte	0
 240 0016 0B       		.uleb128 0xb
 241 0017 0B       		.uleb128 0xb
 242 0018 3E       		.uleb128 0x3e
 243 0019 0B       		.uleb128 0xb
 244 001a 03       		.uleb128 0x3
 245 001b 0E       		.uleb128 0xe
 246 001c 00       		.byte	0
 247 001d 00       		.byte	0
 248 001e 03       		.uleb128 0x3
 249 001f 24       		.uleb128 0x24
 250 0020 00       		.byte	0
 251 0021 0B       		.uleb128 0xb
 252 0022 0B       		.uleb128 0xb
 253 0023 3E       		.uleb128 0x3e
 254 0024 0B       		.uleb128 0xb
 255 0025 03       		.uleb128 0x3
 256 0026 08       		.uleb128 0x8
 257 0027 00       		.byte	0
 258 0028 00       		.byte	0
 259 0029 04       		.uleb128 0x4
 260 002a 16       		.uleb128 0x16
 261 002b 00       		.byte	0
 262 002c 03       		.uleb128 0x3
ARM GAS  C:\Users\214016~1\AppData\Local\Temp\ccEfxync.s 			page 12


 263 002d 0E       		.uleb128 0xe
 264 002e 3A       		.uleb128 0x3a
 265 002f 0B       		.uleb128 0xb
 266 0030 3B       		.uleb128 0x3b
 267 0031 05       		.uleb128 0x5
 268 0032 49       		.uleb128 0x49
 269 0033 13       		.uleb128 0x13
 270 0034 00       		.byte	0
 271 0035 00       		.byte	0
 272 0036 05       		.uleb128 0x5
 273 0037 13       		.uleb128 0x13
 274 0038 01       		.byte	0x1
 275 0039 0B       		.uleb128 0xb
 276 003a 0B       		.uleb128 0xb
 277 003b 3A       		.uleb128 0x3a
 278 003c 0B       		.uleb128 0xb
 279 003d 3B       		.uleb128 0x3b
 280 003e 0B       		.uleb128 0xb
 281 003f 01       		.uleb128 0x1
 282 0040 13       		.uleb128 0x13
 283 0041 00       		.byte	0
 284 0042 00       		.byte	0
 285 0043 06       		.uleb128 0x6
 286 0044 0D       		.uleb128 0xd
 287 0045 00       		.byte	0
 288 0046 03       		.uleb128 0x3
 289 0047 0E       		.uleb128 0xe
 290 0048 3A       		.uleb128 0x3a
 291 0049 0B       		.uleb128 0xb
 292 004a 3B       		.uleb128 0x3b
 293 004b 0B       		.uleb128 0xb
 294 004c 49       		.uleb128 0x49
 295 004d 13       		.uleb128 0x13
 296 004e 38       		.uleb128 0x38
 297 004f 0B       		.uleb128 0xb
 298 0050 00       		.byte	0
 299 0051 00       		.byte	0
 300 0052 07       		.uleb128 0x7
 301 0053 01       		.uleb128 0x1
 302 0054 01       		.byte	0x1
 303 0055 49       		.uleb128 0x49
 304 0056 13       		.uleb128 0x13
 305 0057 01       		.uleb128 0x1
 306 0058 13       		.uleb128 0x13
 307 0059 00       		.byte	0
 308 005a 00       		.byte	0
 309 005b 08       		.uleb128 0x8
 310 005c 21       		.uleb128 0x21
 311 005d 00       		.byte	0
 312 005e 49       		.uleb128 0x49
 313 005f 13       		.uleb128 0x13
 314 0060 2F       		.uleb128 0x2f
 315 0061 0B       		.uleb128 0xb
 316 0062 00       		.byte	0
 317 0063 00       		.byte	0
 318 0064 09       		.uleb128 0x9
 319 0065 16       		.uleb128 0x16
ARM GAS  C:\Users\214016~1\AppData\Local\Temp\ccEfxync.s 			page 13


 320 0066 00       		.byte	0
 321 0067 03       		.uleb128 0x3
 322 0068 0E       		.uleb128 0xe
 323 0069 3A       		.uleb128 0x3a
 324 006a 0B       		.uleb128 0xb
 325 006b 3B       		.uleb128 0x3b
 326 006c 0B       		.uleb128 0xb
 327 006d 49       		.uleb128 0x49
 328 006e 13       		.uleb128 0x13
 329 006f 00       		.byte	0
 330 0070 00       		.byte	0
 331 0071 0A       		.uleb128 0xa
 332 0072 2E       		.uleb128 0x2e
 333 0073 01       		.byte	0x1
 334 0074 3F       		.uleb128 0x3f
 335 0075 19       		.uleb128 0x19
 336 0076 03       		.uleb128 0x3
 337 0077 0E       		.uleb128 0xe
 338 0078 3A       		.uleb128 0x3a
 339 0079 0B       		.uleb128 0xb
 340 007a 3B       		.uleb128 0x3b
 341 007b 0B       		.uleb128 0xb
 342 007c 27       		.uleb128 0x27
 343 007d 19       		.uleb128 0x19
 344 007e 49       		.uleb128 0x49
 345 007f 13       		.uleb128 0x13
 346 0080 11       		.uleb128 0x11
 347 0081 01       		.uleb128 0x1
 348 0082 12       		.uleb128 0x12
 349 0083 06       		.uleb128 0x6
 350 0084 40       		.uleb128 0x40
 351 0085 18       		.uleb128 0x18
 352 0086 9742     		.uleb128 0x2117
 353 0088 19       		.uleb128 0x19
 354 0089 00       		.byte	0
 355 008a 00       		.byte	0
 356 008b 0B       		.uleb128 0xb
 357 008c 34       		.uleb128 0x34
 358 008d 00       		.byte	0
 359 008e 03       		.uleb128 0x3
 360 008f 0E       		.uleb128 0xe
 361 0090 3A       		.uleb128 0x3a
 362 0091 0B       		.uleb128 0xb
 363 0092 3B       		.uleb128 0x3b
 364 0093 0B       		.uleb128 0xb
 365 0094 49       		.uleb128 0x49
 366 0095 13       		.uleb128 0x13
 367 0096 1C       		.uleb128 0x1c
 368 0097 0B       		.uleb128 0xb
 369 0098 00       		.byte	0
 370 0099 00       		.byte	0
 371 009a 0C       		.uleb128 0xc
 372 009b 34       		.uleb128 0x34
 373 009c 00       		.byte	0
 374 009d 03       		.uleb128 0x3
 375 009e 0E       		.uleb128 0xe
 376 009f 3A       		.uleb128 0x3a
ARM GAS  C:\Users\214016~1\AppData\Local\Temp\ccEfxync.s 			page 14


 377 00a0 0B       		.uleb128 0xb
 378 00a1 3B       		.uleb128 0x3b
 379 00a2 0B       		.uleb128 0xb
 380 00a3 49       		.uleb128 0x49
 381 00a4 13       		.uleb128 0x13
 382 00a5 02       		.uleb128 0x2
 383 00a6 17       		.uleb128 0x17
 384 00a7 00       		.byte	0
 385 00a8 00       		.byte	0
 386 00a9 00       		.byte	0
 387              		.section	.debug_loc,"",%progbits
 388              	.Ldebug_loc0:
 389              	.LLST0:
 390 0000 08000000 		.4byte	.LVL1
 391 0004 16000000 		.4byte	.LVL2
 392 0008 0100     		.2byte	0x1
 393 000a 53       		.byte	0x53
 394 000b 1A000000 		.4byte	.LVL3
 395 000f 20000000 		.4byte	.LVL4
 396 0013 0100     		.2byte	0x1
 397 0015 53       		.byte	0x53
 398 0016 24000000 		.4byte	.LVL5
 399 001a 2A000000 		.4byte	.LVL6
 400 001e 0100     		.2byte	0x1
 401 0020 53       		.byte	0x53
 402 0021 2E000000 		.4byte	.LVL7
 403 0025 34000000 		.4byte	.LVL8
 404 0029 0100     		.2byte	0x1
 405 002b 53       		.byte	0x53
 406 002c 00000000 		.4byte	0
 407 0030 00000000 		.4byte	0
 408              		.section	.debug_aranges,"",%progbits
 409 0000 1C000000 		.4byte	0x1c
 410 0004 0200     		.2byte	0x2
 411 0006 00000000 		.4byte	.Ldebug_info0
 412 000a 04       		.byte	0x4
 413 000b 00       		.byte	0
 414 000c 0000     		.2byte	0
 415 000e 0000     		.2byte	0
 416 0010 00000000 		.4byte	.LFB0
 417 0014 40000000 		.4byte	.LFE0-.LFB0
 418 0018 00000000 		.4byte	0
 419 001c 00000000 		.4byte	0
 420              		.section	.debug_ranges,"",%progbits
 421              	.Ldebug_ranges0:
 422 0000 00000000 		.4byte	.LFB0
 423 0004 40000000 		.4byte	.LFE0
 424 0008 00000000 		.4byte	0
 425 000c 00000000 		.4byte	0
 426              		.section	.debug_line,"",%progbits
 427              	.Ldebug_line0:
 428 0000 86000000 		.section	.debug_str,"MS",%progbits,1
 428      02005B00 
 428      00000201 
 428      FB0E0D00 
 428      01010101 
 429              	.LASF6:
ARM GAS  C:\Users\214016~1\AppData\Local\Temp\ccEfxync.s 			page 15


 430 0000 6C6F6E67 		.ascii	"long long int\000"
 430      206C6F6E 
 430      6720696E 
 430      7400
 431              	.LASF20:
 432 000e 65704461 		.ascii	"epData\000"
 432      746100
 433              	.LASF8:
 434 0015 756E7369 		.ascii	"unsigned int\000"
 434      676E6564 
 434      20696E74 
 434      00
 435              	.LASF13:
 436 0022 75696E74 		.ascii	"uint8\000"
 436      3800
 437              	.LASF5:
 438 0028 6C6F6E67 		.ascii	"long unsigned int\000"
 438      20756E73 
 438      69676E65 
 438      6420696E 
 438      7400
 439              	.LASF15:
 440 003a 72657175 		.ascii	"requestHandled\000"
 440      65737448 
 440      616E646C 
 440      656400
 441              	.LASF7:
 442 0049 6C6F6E67 		.ascii	"long long unsigned int\000"
 442      206C6F6E 
 442      6720756E 
 442      7369676E 
 442      65642069 
 443              	.LASF17:
 444 0060 474E5520 		.ascii	"GNU C 4.9.3 20150303 (release) [ARM/embedded-4_9-br"
 444      4320342E 
 444      392E3320 
 444      32303135 
 444      30333033 
 445 0093 616E6368 		.ascii	"anch revision 221220] -mcpu=cortex-m3 -mthumb -g -O"
 445      20726576 
 445      6973696F 
 445      6E203232 
 445      31323230 
 446 00c6 67202D66 		.ascii	"g -ffunction-sections -ffat-lto-objects\000"
 446      66756E63 
 446      74696F6E 
 446      2D736563 
 446      74696F6E 
 447              	.LASF1:
 448 00ee 756E7369 		.ascii	"unsigned char\000"
 448      676E6564 
 448      20636861 
 448      7200
 449              	.LASF11:
 450 00fc 63686172 		.ascii	"char\000"
 450      00
 451              	.LASF16:
ARM GAS  C:\Users\214016~1\AppData\Local\Temp\ccEfxync.s 			page 16


 452 0101 52717374 		.ascii	"RqstRcpt\000"
 452      52637074 
 452      00
 453              	.LASF4:
 454 010a 6C6F6E67 		.ascii	"long int\000"
 454      20696E74 
 454      00
 455              	.LASF2:
 456 0113 73686F72 		.ascii	"short int\000"
 456      7420696E 
 456      7400
 457              	.LASF18:
 458 011d 47656E65 		.ascii	"Generated_Source\\PSoC5\\USBMIDI_1_audio.c\000"
 458      72617465 
 458      645F536F 
 458      75726365 
 458      5C50536F 
 459              	.LASF10:
 460 0146 646F7562 		.ascii	"double\000"
 460      6C6500
 461              	.LASF3:
 462 014d 73686F72 		.ascii	"short unsigned int\000"
 462      7420756E 
 462      7369676E 
 462      65642069 
 462      6E7400
 463              	.LASF0:
 464 0160 7369676E 		.ascii	"signed char\000"
 464      65642063 
 464      68617200 
 465              	.LASF9:
 466 016c 666C6F61 		.ascii	"float\000"
 466      7400
 467              	.LASF19:
 468 0172 433A5C55 		.ascii	"C:\\Users\\214016586\\Documents\\PSoC Creator\\APU2"
 468      73657273 
 468      5C323134 
 468      30313635 
 468      38365C44 
 469 01a0 4130335C 		.ascii	"A03\\APU2A03.cydsn\000"
 469      41505532 
 469      4130332E 
 469      63796473 
 469      6E00
 470              	.LASF14:
 471 01b2 5553424D 		.ascii	"USBMIDI_1_ep0_data_struct\000"
 471      4944495F 
 471      315F6570 
 471      305F6461 
 471      74615F73 
 472              	.LASF12:
 473 01cc 73697A65 		.ascii	"sizetype\000"
 473      74797065 
 473      00
 474              	.LASF21:
 475 01d5 5553424D 		.ascii	"USBMIDI_1_DispatchAUDIOClassRqst\000"
 475      4944495F 
ARM GAS  C:\Users\214016~1\AppData\Local\Temp\ccEfxync.s 			page 17


 475      315F4469 
 475      73706174 
 475      63684155 
 476              		.ident	"GCC: (GNU Tools for ARM Embedded Processors) 4.9.3 20150303 (release) [ARM/embedded-4_9-br
