ARM GAS  C:\Users\214016~1\AppData\Local\Temp\ccOqpuul.s 			page 1


   1              		.syntax unified
   2              		.cpu cortex-m3
   3              		.fpu softvfp
   4              		.eabi_attribute 20, 1
   5              		.eabi_attribute 21, 1
   6              		.eabi_attribute 23, 3
   7              		.eabi_attribute 24, 1
   8              		.eabi_attribute 25, 1
   9              		.eabi_attribute 26, 1
  10              		.eabi_attribute 30, 1
  11              		.eabi_attribute 34, 1
  12              		.eabi_attribute 18, 4
  13              		.thumb
  14              		.file	"VDAC8_Noise.c"
  15              		.text
  16              	.Ltext0:
  17              		.cfi_sections	.debug_frame
  18              		.section	.text.VDAC8_Noise_Enable,"ax",%progbits
  19              		.align	2
  20              		.global	VDAC8_Noise_Enable
  21              		.thumb
  22              		.thumb_func
  23              		.type	VDAC8_Noise_Enable, %function
  24              	VDAC8_Noise_Enable:
  25              	.LFB1:
  26              		.file 1 "Generated_Source\\PSoC5\\VDAC8_Noise.c"
   1:Generated_Source\PSoC5/VDAC8_Noise.c **** /*******************************************************************************
   2:Generated_Source\PSoC5/VDAC8_Noise.c **** * File Name: VDAC8_Noise.c  
   3:Generated_Source\PSoC5/VDAC8_Noise.c **** * Version 1.90
   4:Generated_Source\PSoC5/VDAC8_Noise.c **** *
   5:Generated_Source\PSoC5/VDAC8_Noise.c **** * Description:
   6:Generated_Source\PSoC5/VDAC8_Noise.c **** *  This file provides the source code to the API for the 8-bit Voltage DAC 
   7:Generated_Source\PSoC5/VDAC8_Noise.c **** *  (VDAC8) User Module.
   8:Generated_Source\PSoC5/VDAC8_Noise.c **** *
   9:Generated_Source\PSoC5/VDAC8_Noise.c **** * Note:
  10:Generated_Source\PSoC5/VDAC8_Noise.c **** *  Any unusual or non-standard behavior should be noted here. Other-
  11:Generated_Source\PSoC5/VDAC8_Noise.c **** *  wise, this section should remain blank.
  12:Generated_Source\PSoC5/VDAC8_Noise.c **** *
  13:Generated_Source\PSoC5/VDAC8_Noise.c **** ********************************************************************************
  14:Generated_Source\PSoC5/VDAC8_Noise.c **** * Copyright 2008-2012, Cypress Semiconductor Corporation.  All rights reserved.
  15:Generated_Source\PSoC5/VDAC8_Noise.c **** * You may use this file only in accordance with the license, terms, conditions, 
  16:Generated_Source\PSoC5/VDAC8_Noise.c **** * disclaimers, and limitations in the end user license agreement accompanying 
  17:Generated_Source\PSoC5/VDAC8_Noise.c **** * the software package with which this file was provided.
  18:Generated_Source\PSoC5/VDAC8_Noise.c **** *******************************************************************************/
  19:Generated_Source\PSoC5/VDAC8_Noise.c **** 
  20:Generated_Source\PSoC5/VDAC8_Noise.c **** #include "cytypes.h"
  21:Generated_Source\PSoC5/VDAC8_Noise.c **** #include "VDAC8_Noise.h"
  22:Generated_Source\PSoC5/VDAC8_Noise.c **** 
  23:Generated_Source\PSoC5/VDAC8_Noise.c **** #if (CY_PSOC5A)
  24:Generated_Source\PSoC5/VDAC8_Noise.c **** #include <CyLib.h>
  25:Generated_Source\PSoC5/VDAC8_Noise.c **** #endif /* CY_PSOC5A */
  26:Generated_Source\PSoC5/VDAC8_Noise.c **** 
  27:Generated_Source\PSoC5/VDAC8_Noise.c **** uint8 VDAC8_Noise_initVar = 0u;
  28:Generated_Source\PSoC5/VDAC8_Noise.c **** 
  29:Generated_Source\PSoC5/VDAC8_Noise.c **** #if (CY_PSOC5A)
  30:Generated_Source\PSoC5/VDAC8_Noise.c ****     static uint8 VDAC8_Noise_restoreVal = 0u;
  31:Generated_Source\PSoC5/VDAC8_Noise.c **** #endif /* CY_PSOC5A */
ARM GAS  C:\Users\214016~1\AppData\Local\Temp\ccOqpuul.s 			page 2


  32:Generated_Source\PSoC5/VDAC8_Noise.c **** 
  33:Generated_Source\PSoC5/VDAC8_Noise.c **** #if (CY_PSOC5A)
  34:Generated_Source\PSoC5/VDAC8_Noise.c ****     static VDAC8_Noise_backupStruct VDAC8_Noise_backup;
  35:Generated_Source\PSoC5/VDAC8_Noise.c **** #endif /* CY_PSOC5A */
  36:Generated_Source\PSoC5/VDAC8_Noise.c **** 
  37:Generated_Source\PSoC5/VDAC8_Noise.c **** 
  38:Generated_Source\PSoC5/VDAC8_Noise.c **** /*******************************************************************************
  39:Generated_Source\PSoC5/VDAC8_Noise.c **** * Function Name: VDAC8_Noise_Init
  40:Generated_Source\PSoC5/VDAC8_Noise.c **** ********************************************************************************
  41:Generated_Source\PSoC5/VDAC8_Noise.c **** * Summary:
  42:Generated_Source\PSoC5/VDAC8_Noise.c **** *  Initialize to the schematic state.
  43:Generated_Source\PSoC5/VDAC8_Noise.c **** * 
  44:Generated_Source\PSoC5/VDAC8_Noise.c **** * Parameters:
  45:Generated_Source\PSoC5/VDAC8_Noise.c **** *  void:
  46:Generated_Source\PSoC5/VDAC8_Noise.c **** *
  47:Generated_Source\PSoC5/VDAC8_Noise.c **** * Return:
  48:Generated_Source\PSoC5/VDAC8_Noise.c **** *  void
  49:Generated_Source\PSoC5/VDAC8_Noise.c **** *
  50:Generated_Source\PSoC5/VDAC8_Noise.c **** * Theory:
  51:Generated_Source\PSoC5/VDAC8_Noise.c **** *
  52:Generated_Source\PSoC5/VDAC8_Noise.c **** * Side Effects:
  53:Generated_Source\PSoC5/VDAC8_Noise.c **** *
  54:Generated_Source\PSoC5/VDAC8_Noise.c **** *******************************************************************************/
  55:Generated_Source\PSoC5/VDAC8_Noise.c **** void VDAC8_Noise_Init(void) 
  56:Generated_Source\PSoC5/VDAC8_Noise.c **** {
  57:Generated_Source\PSoC5/VDAC8_Noise.c ****     VDAC8_Noise_CR0 = (VDAC8_Noise_MODE_V );
  58:Generated_Source\PSoC5/VDAC8_Noise.c **** 
  59:Generated_Source\PSoC5/VDAC8_Noise.c ****     /* Set default data source */
  60:Generated_Source\PSoC5/VDAC8_Noise.c ****     #if(VDAC8_Noise_DEFAULT_DATA_SRC != 0 )
  61:Generated_Source\PSoC5/VDAC8_Noise.c ****         VDAC8_Noise_CR1 = (VDAC8_Noise_DEFAULT_CNTL | VDAC8_Noise_DACBUS_ENABLE) ;
  62:Generated_Source\PSoC5/VDAC8_Noise.c ****     #else
  63:Generated_Source\PSoC5/VDAC8_Noise.c ****         VDAC8_Noise_CR1 = (VDAC8_Noise_DEFAULT_CNTL | VDAC8_Noise_DACBUS_DISABLE) ;
  64:Generated_Source\PSoC5/VDAC8_Noise.c ****     #endif /* (VDAC8_Noise_DEFAULT_DATA_SRC != 0 ) */
  65:Generated_Source\PSoC5/VDAC8_Noise.c **** 
  66:Generated_Source\PSoC5/VDAC8_Noise.c ****     /* Set default strobe mode */
  67:Generated_Source\PSoC5/VDAC8_Noise.c ****     #if(VDAC8_Noise_DEFAULT_STRB != 0)
  68:Generated_Source\PSoC5/VDAC8_Noise.c ****         VDAC8_Noise_Strobe |= VDAC8_Noise_STRB_EN ;
  69:Generated_Source\PSoC5/VDAC8_Noise.c ****     #endif/* (VDAC8_Noise_DEFAULT_STRB != 0) */
  70:Generated_Source\PSoC5/VDAC8_Noise.c **** 
  71:Generated_Source\PSoC5/VDAC8_Noise.c ****     /* Set default range */
  72:Generated_Source\PSoC5/VDAC8_Noise.c ****     VDAC8_Noise_SetRange(VDAC8_Noise_DEFAULT_RANGE); 
  73:Generated_Source\PSoC5/VDAC8_Noise.c **** 
  74:Generated_Source\PSoC5/VDAC8_Noise.c ****     /* Set default speed */
  75:Generated_Source\PSoC5/VDAC8_Noise.c ****     VDAC8_Noise_SetSpeed(VDAC8_Noise_DEFAULT_SPEED);
  76:Generated_Source\PSoC5/VDAC8_Noise.c **** }
  77:Generated_Source\PSoC5/VDAC8_Noise.c **** 
  78:Generated_Source\PSoC5/VDAC8_Noise.c **** 
  79:Generated_Source\PSoC5/VDAC8_Noise.c **** /*******************************************************************************
  80:Generated_Source\PSoC5/VDAC8_Noise.c **** * Function Name: VDAC8_Noise_Enable
  81:Generated_Source\PSoC5/VDAC8_Noise.c **** ********************************************************************************
  82:Generated_Source\PSoC5/VDAC8_Noise.c **** * Summary:
  83:Generated_Source\PSoC5/VDAC8_Noise.c **** *  Enable the VDAC8
  84:Generated_Source\PSoC5/VDAC8_Noise.c **** * 
  85:Generated_Source\PSoC5/VDAC8_Noise.c **** * Parameters:
  86:Generated_Source\PSoC5/VDAC8_Noise.c **** *  void
  87:Generated_Source\PSoC5/VDAC8_Noise.c **** *
  88:Generated_Source\PSoC5/VDAC8_Noise.c **** * Return:
ARM GAS  C:\Users\214016~1\AppData\Local\Temp\ccOqpuul.s 			page 3


  89:Generated_Source\PSoC5/VDAC8_Noise.c **** *  void
  90:Generated_Source\PSoC5/VDAC8_Noise.c **** *
  91:Generated_Source\PSoC5/VDAC8_Noise.c **** * Theory:
  92:Generated_Source\PSoC5/VDAC8_Noise.c **** *
  93:Generated_Source\PSoC5/VDAC8_Noise.c **** * Side Effects:
  94:Generated_Source\PSoC5/VDAC8_Noise.c **** *
  95:Generated_Source\PSoC5/VDAC8_Noise.c **** *******************************************************************************/
  96:Generated_Source\PSoC5/VDAC8_Noise.c **** void VDAC8_Noise_Enable(void) 
  97:Generated_Source\PSoC5/VDAC8_Noise.c **** {
  27              		.loc 1 97 0
  28              		.cfi_startproc
  29              		@ args = 0, pretend = 0, frame = 0
  30              		@ frame_needed = 0, uses_anonymous_args = 0
  31              		@ link register save eliminated.
  98:Generated_Source\PSoC5/VDAC8_Noise.c ****     VDAC8_Noise_PWRMGR |= VDAC8_Noise_ACT_PWR_EN;
  32              		.loc 1 98 0
  33 0000 054A     		ldr	r2, .L2
  34 0002 1378     		ldrb	r3, [r2]	@ zero_extendqisi2
  35 0004 43F00403 		orr	r3, r3, #4
  36 0008 1370     		strb	r3, [r2]
  99:Generated_Source\PSoC5/VDAC8_Noise.c ****     VDAC8_Noise_STBY_PWRMGR |= VDAC8_Noise_STBY_PWR_EN;
  37              		.loc 1 99 0
  38 000a 1032     		adds	r2, r2, #16
  39 000c 1378     		ldrb	r3, [r2]	@ zero_extendqisi2
  40 000e 43F00403 		orr	r3, r3, #4
  41 0012 1370     		strb	r3, [r2]
  42 0014 7047     		bx	lr
  43              	.L3:
  44 0016 00BF     		.align	2
  45              	.L2:
  46 0018 A8430040 		.word	1073759144
  47              		.cfi_endproc
  48              	.LFE1:
  49              		.size	VDAC8_Noise_Enable, .-VDAC8_Noise_Enable
  50              		.section	.text.VDAC8_Noise_Stop,"ax",%progbits
  51              		.align	2
  52              		.global	VDAC8_Noise_Stop
  53              		.thumb
  54              		.thumb_func
  55              		.type	VDAC8_Noise_Stop, %function
  56              	VDAC8_Noise_Stop:
  57              	.LFB3:
 100:Generated_Source\PSoC5/VDAC8_Noise.c **** 
 101:Generated_Source\PSoC5/VDAC8_Noise.c ****     /*This is to restore the value of register CR0 ,
 102:Generated_Source\PSoC5/VDAC8_Noise.c ****     which is modified  in Stop API , this prevents misbehaviour of VDAC */
 103:Generated_Source\PSoC5/VDAC8_Noise.c ****     #if (CY_PSOC5A)
 104:Generated_Source\PSoC5/VDAC8_Noise.c ****         if(VDAC8_Noise_restoreVal == 1u) 
 105:Generated_Source\PSoC5/VDAC8_Noise.c ****         {
 106:Generated_Source\PSoC5/VDAC8_Noise.c ****              VDAC8_Noise_CR0 = VDAC8_Noise_backup.data_value;
 107:Generated_Source\PSoC5/VDAC8_Noise.c ****              VDAC8_Noise_restoreVal = 0u;
 108:Generated_Source\PSoC5/VDAC8_Noise.c ****         }
 109:Generated_Source\PSoC5/VDAC8_Noise.c ****     #endif /* CY_PSOC5A */
 110:Generated_Source\PSoC5/VDAC8_Noise.c **** }
 111:Generated_Source\PSoC5/VDAC8_Noise.c **** 
 112:Generated_Source\PSoC5/VDAC8_Noise.c **** 
 113:Generated_Source\PSoC5/VDAC8_Noise.c **** /*******************************************************************************
 114:Generated_Source\PSoC5/VDAC8_Noise.c **** * Function Name: VDAC8_Noise_Start
ARM GAS  C:\Users\214016~1\AppData\Local\Temp\ccOqpuul.s 			page 4


 115:Generated_Source\PSoC5/VDAC8_Noise.c **** ********************************************************************************
 116:Generated_Source\PSoC5/VDAC8_Noise.c **** *
 117:Generated_Source\PSoC5/VDAC8_Noise.c **** * Summary:
 118:Generated_Source\PSoC5/VDAC8_Noise.c **** *  The start function initializes the voltage DAC with the default values, 
 119:Generated_Source\PSoC5/VDAC8_Noise.c **** *  and sets the power to the given level.  A power level of 0, is the same as
 120:Generated_Source\PSoC5/VDAC8_Noise.c **** *  executing the stop function.
 121:Generated_Source\PSoC5/VDAC8_Noise.c **** *
 122:Generated_Source\PSoC5/VDAC8_Noise.c **** * Parameters:
 123:Generated_Source\PSoC5/VDAC8_Noise.c **** *  Power: Sets power level between off (0) and (3) high power
 124:Generated_Source\PSoC5/VDAC8_Noise.c **** *
 125:Generated_Source\PSoC5/VDAC8_Noise.c **** * Return:
 126:Generated_Source\PSoC5/VDAC8_Noise.c **** *  void 
 127:Generated_Source\PSoC5/VDAC8_Noise.c **** *
 128:Generated_Source\PSoC5/VDAC8_Noise.c **** * Global variables:
 129:Generated_Source\PSoC5/VDAC8_Noise.c **** *  VDAC8_Noise_initVar: Is modified when this function is called for the 
 130:Generated_Source\PSoC5/VDAC8_Noise.c **** *  first time. Is used to ensure that initialization happens only once.
 131:Generated_Source\PSoC5/VDAC8_Noise.c **** *
 132:Generated_Source\PSoC5/VDAC8_Noise.c **** *******************************************************************************/
 133:Generated_Source\PSoC5/VDAC8_Noise.c **** void VDAC8_Noise_Start(void)  
 134:Generated_Source\PSoC5/VDAC8_Noise.c **** {
 135:Generated_Source\PSoC5/VDAC8_Noise.c ****     /* Hardware initiazation only needs to occure the first time */
 136:Generated_Source\PSoC5/VDAC8_Noise.c ****     if(VDAC8_Noise_initVar == 0u)
 137:Generated_Source\PSoC5/VDAC8_Noise.c ****     { 
 138:Generated_Source\PSoC5/VDAC8_Noise.c ****         VDAC8_Noise_Init();
 139:Generated_Source\PSoC5/VDAC8_Noise.c ****         VDAC8_Noise_initVar = 1u;
 140:Generated_Source\PSoC5/VDAC8_Noise.c ****     }
 141:Generated_Source\PSoC5/VDAC8_Noise.c **** 
 142:Generated_Source\PSoC5/VDAC8_Noise.c ****     /* Enable power to DAC */
 143:Generated_Source\PSoC5/VDAC8_Noise.c ****     VDAC8_Noise_Enable();
 144:Generated_Source\PSoC5/VDAC8_Noise.c **** 
 145:Generated_Source\PSoC5/VDAC8_Noise.c ****     /* Set default value */
 146:Generated_Source\PSoC5/VDAC8_Noise.c ****     VDAC8_Noise_SetValue(VDAC8_Noise_DEFAULT_DATA); 
 147:Generated_Source\PSoC5/VDAC8_Noise.c **** }
 148:Generated_Source\PSoC5/VDAC8_Noise.c **** 
 149:Generated_Source\PSoC5/VDAC8_Noise.c **** 
 150:Generated_Source\PSoC5/VDAC8_Noise.c **** /*******************************************************************************
 151:Generated_Source\PSoC5/VDAC8_Noise.c **** * Function Name: VDAC8_Noise_Stop
 152:Generated_Source\PSoC5/VDAC8_Noise.c **** ********************************************************************************
 153:Generated_Source\PSoC5/VDAC8_Noise.c **** *
 154:Generated_Source\PSoC5/VDAC8_Noise.c **** * Summary:
 155:Generated_Source\PSoC5/VDAC8_Noise.c **** *  Powers down DAC to lowest power state.
 156:Generated_Source\PSoC5/VDAC8_Noise.c **** *
 157:Generated_Source\PSoC5/VDAC8_Noise.c **** * Parameters:
 158:Generated_Source\PSoC5/VDAC8_Noise.c **** *  void
 159:Generated_Source\PSoC5/VDAC8_Noise.c **** *
 160:Generated_Source\PSoC5/VDAC8_Noise.c **** * Return:
 161:Generated_Source\PSoC5/VDAC8_Noise.c **** *  void
 162:Generated_Source\PSoC5/VDAC8_Noise.c **** *
 163:Generated_Source\PSoC5/VDAC8_Noise.c **** * Theory:
 164:Generated_Source\PSoC5/VDAC8_Noise.c **** *
 165:Generated_Source\PSoC5/VDAC8_Noise.c **** * Side Effects:
 166:Generated_Source\PSoC5/VDAC8_Noise.c **** *
 167:Generated_Source\PSoC5/VDAC8_Noise.c **** *******************************************************************************/
 168:Generated_Source\PSoC5/VDAC8_Noise.c **** void VDAC8_Noise_Stop(void) 
 169:Generated_Source\PSoC5/VDAC8_Noise.c **** {
  58              		.loc 1 169 0
  59              		.cfi_startproc
ARM GAS  C:\Users\214016~1\AppData\Local\Temp\ccOqpuul.s 			page 5


  60              		@ args = 0, pretend = 0, frame = 0
  61              		@ frame_needed = 0, uses_anonymous_args = 0
  62              		@ link register save eliminated.
 170:Generated_Source\PSoC5/VDAC8_Noise.c ****     /* Disble power to DAC */
 171:Generated_Source\PSoC5/VDAC8_Noise.c ****     VDAC8_Noise_PWRMGR &= (uint8)(~VDAC8_Noise_ACT_PWR_EN);
  63              		.loc 1 171 0
  64 0000 054A     		ldr	r2, .L5
  65 0002 1378     		ldrb	r3, [r2]	@ zero_extendqisi2
  66 0004 03F0FB03 		and	r3, r3, #251
  67 0008 1370     		strb	r3, [r2]
 172:Generated_Source\PSoC5/VDAC8_Noise.c ****     VDAC8_Noise_STBY_PWRMGR &= (uint8)(~VDAC8_Noise_STBY_PWR_EN);
  68              		.loc 1 172 0
  69 000a 1032     		adds	r2, r2, #16
  70 000c 1378     		ldrb	r3, [r2]	@ zero_extendqisi2
  71 000e 03F0FB03 		and	r3, r3, #251
  72 0012 1370     		strb	r3, [r2]
  73 0014 7047     		bx	lr
  74              	.L6:
  75 0016 00BF     		.align	2
  76              	.L5:
  77 0018 A8430040 		.word	1073759144
  78              		.cfi_endproc
  79              	.LFE3:
  80              		.size	VDAC8_Noise_Stop, .-VDAC8_Noise_Stop
  81              		.section	.text.VDAC8_Noise_SetSpeed,"ax",%progbits
  82              		.align	2
  83              		.global	VDAC8_Noise_SetSpeed
  84              		.thumb
  85              		.thumb_func
  86              		.type	VDAC8_Noise_SetSpeed, %function
  87              	VDAC8_Noise_SetSpeed:
  88              	.LFB4:
 173:Generated_Source\PSoC5/VDAC8_Noise.c **** 
 174:Generated_Source\PSoC5/VDAC8_Noise.c ****     /* This is a work around for PSoC5A  ,
 175:Generated_Source\PSoC5/VDAC8_Noise.c ****     this sets VDAC to current mode with output off */
 176:Generated_Source\PSoC5/VDAC8_Noise.c ****     #if (CY_PSOC5A)
 177:Generated_Source\PSoC5/VDAC8_Noise.c ****         VDAC8_Noise_backup.data_value = VDAC8_Noise_CR0;
 178:Generated_Source\PSoC5/VDAC8_Noise.c ****         VDAC8_Noise_CR0 = VDAC8_Noise_CUR_MODE_OUT_OFF;
 179:Generated_Source\PSoC5/VDAC8_Noise.c ****         VDAC8_Noise_restoreVal = 1u;
 180:Generated_Source\PSoC5/VDAC8_Noise.c ****     #endif /* CY_PSOC5A */
 181:Generated_Source\PSoC5/VDAC8_Noise.c **** }
 182:Generated_Source\PSoC5/VDAC8_Noise.c **** 
 183:Generated_Source\PSoC5/VDAC8_Noise.c **** 
 184:Generated_Source\PSoC5/VDAC8_Noise.c **** /*******************************************************************************
 185:Generated_Source\PSoC5/VDAC8_Noise.c **** * Function Name: VDAC8_Noise_SetSpeed
 186:Generated_Source\PSoC5/VDAC8_Noise.c **** ********************************************************************************
 187:Generated_Source\PSoC5/VDAC8_Noise.c **** *
 188:Generated_Source\PSoC5/VDAC8_Noise.c **** * Summary:
 189:Generated_Source\PSoC5/VDAC8_Noise.c **** *  Set DAC speed
 190:Generated_Source\PSoC5/VDAC8_Noise.c **** *
 191:Generated_Source\PSoC5/VDAC8_Noise.c **** * Parameters:
 192:Generated_Source\PSoC5/VDAC8_Noise.c **** *  power: Sets speed value
 193:Generated_Source\PSoC5/VDAC8_Noise.c **** *
 194:Generated_Source\PSoC5/VDAC8_Noise.c **** * Return:
 195:Generated_Source\PSoC5/VDAC8_Noise.c **** *  void
 196:Generated_Source\PSoC5/VDAC8_Noise.c **** *
 197:Generated_Source\PSoC5/VDAC8_Noise.c **** * Theory:
ARM GAS  C:\Users\214016~1\AppData\Local\Temp\ccOqpuul.s 			page 6


 198:Generated_Source\PSoC5/VDAC8_Noise.c **** *
 199:Generated_Source\PSoC5/VDAC8_Noise.c **** * Side Effects:
 200:Generated_Source\PSoC5/VDAC8_Noise.c **** *
 201:Generated_Source\PSoC5/VDAC8_Noise.c **** *******************************************************************************/
 202:Generated_Source\PSoC5/VDAC8_Noise.c **** void VDAC8_Noise_SetSpeed(uint8 speed) 
 203:Generated_Source\PSoC5/VDAC8_Noise.c **** {
  89              		.loc 1 203 0
  90              		.cfi_startproc
  91              		@ args = 0, pretend = 0, frame = 0
  92              		@ frame_needed = 0, uses_anonymous_args = 0
  93              		@ link register save eliminated.
  94              	.LVL0:
 204:Generated_Source\PSoC5/VDAC8_Noise.c ****     /* Clear power mask then write in new value */
 205:Generated_Source\PSoC5/VDAC8_Noise.c ****     VDAC8_Noise_CR0 &= (uint8)(~VDAC8_Noise_HS_MASK);
  95              		.loc 1 205 0
  96 0000 054B     		ldr	r3, .L8
  97 0002 1A78     		ldrb	r2, [r3]	@ zero_extendqisi2
  98 0004 02F0FD02 		and	r2, r2, #253
  99 0008 1A70     		strb	r2, [r3]
 206:Generated_Source\PSoC5/VDAC8_Noise.c ****     VDAC8_Noise_CR0 |=  (speed & VDAC8_Noise_HS_MASK);
 100              		.loc 1 206 0
 101 000a 1A78     		ldrb	r2, [r3]	@ zero_extendqisi2
 102 000c 00F00200 		and	r0, r0, #2
 103              	.LVL1:
 104 0010 1043     		orrs	r0, r0, r2
 105 0012 1870     		strb	r0, [r3]
 106 0014 7047     		bx	lr
 107              	.L9:
 108 0016 00BF     		.align	2
 109              	.L8:
 110 0018 28580040 		.word	1073764392
 111              		.cfi_endproc
 112              	.LFE4:
 113              		.size	VDAC8_Noise_SetSpeed, .-VDAC8_Noise_SetSpeed
 114              		.section	.text.VDAC8_Noise_SetValue,"ax",%progbits
 115              		.align	2
 116              		.global	VDAC8_Noise_SetValue
 117              		.thumb
 118              		.thumb_func
 119              		.type	VDAC8_Noise_SetValue, %function
 120              	VDAC8_Noise_SetValue:
 121              	.LFB6:
 207:Generated_Source\PSoC5/VDAC8_Noise.c **** }
 208:Generated_Source\PSoC5/VDAC8_Noise.c **** 
 209:Generated_Source\PSoC5/VDAC8_Noise.c **** 
 210:Generated_Source\PSoC5/VDAC8_Noise.c **** /*******************************************************************************
 211:Generated_Source\PSoC5/VDAC8_Noise.c **** * Function Name: VDAC8_Noise_SetRange
 212:Generated_Source\PSoC5/VDAC8_Noise.c **** ********************************************************************************
 213:Generated_Source\PSoC5/VDAC8_Noise.c **** *
 214:Generated_Source\PSoC5/VDAC8_Noise.c **** * Summary:
 215:Generated_Source\PSoC5/VDAC8_Noise.c **** *  Set one of three current ranges.
 216:Generated_Source\PSoC5/VDAC8_Noise.c **** *
 217:Generated_Source\PSoC5/VDAC8_Noise.c **** * Parameters:
 218:Generated_Source\PSoC5/VDAC8_Noise.c **** *  Range: Sets one of Three valid ranges.
 219:Generated_Source\PSoC5/VDAC8_Noise.c **** *
 220:Generated_Source\PSoC5/VDAC8_Noise.c **** * Return:
 221:Generated_Source\PSoC5/VDAC8_Noise.c **** *  void 
ARM GAS  C:\Users\214016~1\AppData\Local\Temp\ccOqpuul.s 			page 7


 222:Generated_Source\PSoC5/VDAC8_Noise.c **** *
 223:Generated_Source\PSoC5/VDAC8_Noise.c **** * Theory:
 224:Generated_Source\PSoC5/VDAC8_Noise.c **** *
 225:Generated_Source\PSoC5/VDAC8_Noise.c **** * Side Effects:
 226:Generated_Source\PSoC5/VDAC8_Noise.c **** *
 227:Generated_Source\PSoC5/VDAC8_Noise.c **** *******************************************************************************/
 228:Generated_Source\PSoC5/VDAC8_Noise.c **** void VDAC8_Noise_SetRange(uint8 range) 
 229:Generated_Source\PSoC5/VDAC8_Noise.c **** {
 230:Generated_Source\PSoC5/VDAC8_Noise.c ****     VDAC8_Noise_CR0 &= (uint8)(~VDAC8_Noise_RANGE_MASK);      /* Clear existing mode */
 231:Generated_Source\PSoC5/VDAC8_Noise.c ****     VDAC8_Noise_CR0 |= (range & VDAC8_Noise_RANGE_MASK);      /*  Set Range  */
 232:Generated_Source\PSoC5/VDAC8_Noise.c ****     VDAC8_Noise_DacTrim();
 233:Generated_Source\PSoC5/VDAC8_Noise.c **** }
 234:Generated_Source\PSoC5/VDAC8_Noise.c **** 
 235:Generated_Source\PSoC5/VDAC8_Noise.c **** 
 236:Generated_Source\PSoC5/VDAC8_Noise.c **** /*******************************************************************************
 237:Generated_Source\PSoC5/VDAC8_Noise.c **** * Function Name: VDAC8_Noise_SetValue
 238:Generated_Source\PSoC5/VDAC8_Noise.c **** ********************************************************************************
 239:Generated_Source\PSoC5/VDAC8_Noise.c **** *
 240:Generated_Source\PSoC5/VDAC8_Noise.c **** * Summary:
 241:Generated_Source\PSoC5/VDAC8_Noise.c **** *  Set 8-bit DAC value
 242:Generated_Source\PSoC5/VDAC8_Noise.c **** *
 243:Generated_Source\PSoC5/VDAC8_Noise.c **** * Parameters:  
 244:Generated_Source\PSoC5/VDAC8_Noise.c **** *  value:  Sets DAC value between 0 and 255.
 245:Generated_Source\PSoC5/VDAC8_Noise.c **** *
 246:Generated_Source\PSoC5/VDAC8_Noise.c **** * Return: 
 247:Generated_Source\PSoC5/VDAC8_Noise.c **** *  void 
 248:Generated_Source\PSoC5/VDAC8_Noise.c **** *
 249:Generated_Source\PSoC5/VDAC8_Noise.c **** * Theory: 
 250:Generated_Source\PSoC5/VDAC8_Noise.c **** *
 251:Generated_Source\PSoC5/VDAC8_Noise.c **** * Side Effects:
 252:Generated_Source\PSoC5/VDAC8_Noise.c **** *
 253:Generated_Source\PSoC5/VDAC8_Noise.c **** *******************************************************************************/
 254:Generated_Source\PSoC5/VDAC8_Noise.c **** void VDAC8_Noise_SetValue(uint8 value) 
 255:Generated_Source\PSoC5/VDAC8_Noise.c **** {
 122              		.loc 1 255 0
 123              		.cfi_startproc
 124              		@ args = 0, pretend = 0, frame = 0
 125              		@ frame_needed = 0, uses_anonymous_args = 0
 126              		@ link register save eliminated.
 127              	.LVL2:
 256:Generated_Source\PSoC5/VDAC8_Noise.c ****     #if (CY_PSOC5A)
 257:Generated_Source\PSoC5/VDAC8_Noise.c ****         uint8 VDAC8_Noise_intrStatus = CyEnterCriticalSection();
 258:Generated_Source\PSoC5/VDAC8_Noise.c ****     #endif /* CY_PSOC5A */
 259:Generated_Source\PSoC5/VDAC8_Noise.c **** 
 260:Generated_Source\PSoC5/VDAC8_Noise.c ****     VDAC8_Noise_Data = value;                /*  Set Value  */
 128              		.loc 1 260 0
 129 0000 014B     		ldr	r3, .L11
 130 0002 1870     		strb	r0, [r3]
 131 0004 7047     		bx	lr
 132              	.L12:
 133 0006 00BF     		.align	2
 134              	.L11:
 135 0008 825B0040 		.word	1073765250
 136              		.cfi_endproc
 137              	.LFE6:
 138              		.size	VDAC8_Noise_SetValue, .-VDAC8_Noise_SetValue
 139              		.section	.text.VDAC8_Noise_DacTrim,"ax",%progbits
ARM GAS  C:\Users\214016~1\AppData\Local\Temp\ccOqpuul.s 			page 8


 140              		.align	2
 141              		.global	VDAC8_Noise_DacTrim
 142              		.thumb
 143              		.thumb_func
 144              		.type	VDAC8_Noise_DacTrim, %function
 145              	VDAC8_Noise_DacTrim:
 146              	.LFB7:
 261:Generated_Source\PSoC5/VDAC8_Noise.c **** 
 262:Generated_Source\PSoC5/VDAC8_Noise.c ****     /* PSOC5A requires a double write */
 263:Generated_Source\PSoC5/VDAC8_Noise.c ****     /* Exit Critical Section */
 264:Generated_Source\PSoC5/VDAC8_Noise.c ****     #if (CY_PSOC5A)
 265:Generated_Source\PSoC5/VDAC8_Noise.c ****         VDAC8_Noise_Data = value;
 266:Generated_Source\PSoC5/VDAC8_Noise.c ****         CyExitCriticalSection(VDAC8_Noise_intrStatus);
 267:Generated_Source\PSoC5/VDAC8_Noise.c ****     #endif /* CY_PSOC5A */
 268:Generated_Source\PSoC5/VDAC8_Noise.c **** }
 269:Generated_Source\PSoC5/VDAC8_Noise.c **** 
 270:Generated_Source\PSoC5/VDAC8_Noise.c **** 
 271:Generated_Source\PSoC5/VDAC8_Noise.c **** /*******************************************************************************
 272:Generated_Source\PSoC5/VDAC8_Noise.c **** * Function Name: VDAC8_Noise_DacTrim
 273:Generated_Source\PSoC5/VDAC8_Noise.c **** ********************************************************************************
 274:Generated_Source\PSoC5/VDAC8_Noise.c **** *
 275:Generated_Source\PSoC5/VDAC8_Noise.c **** * Summary:
 276:Generated_Source\PSoC5/VDAC8_Noise.c **** *  Set the trim value for the given range.
 277:Generated_Source\PSoC5/VDAC8_Noise.c **** *
 278:Generated_Source\PSoC5/VDAC8_Noise.c **** * Parameters:
 279:Generated_Source\PSoC5/VDAC8_Noise.c **** *  range:  1V or 4V range.  See constants.
 280:Generated_Source\PSoC5/VDAC8_Noise.c **** *
 281:Generated_Source\PSoC5/VDAC8_Noise.c **** * Return:
 282:Generated_Source\PSoC5/VDAC8_Noise.c **** *  void
 283:Generated_Source\PSoC5/VDAC8_Noise.c **** *
 284:Generated_Source\PSoC5/VDAC8_Noise.c **** * Theory: 
 285:Generated_Source\PSoC5/VDAC8_Noise.c **** *
 286:Generated_Source\PSoC5/VDAC8_Noise.c **** * Side Effects:
 287:Generated_Source\PSoC5/VDAC8_Noise.c **** *
 288:Generated_Source\PSoC5/VDAC8_Noise.c **** *******************************************************************************/
 289:Generated_Source\PSoC5/VDAC8_Noise.c **** void VDAC8_Noise_DacTrim(void) 
 290:Generated_Source\PSoC5/VDAC8_Noise.c **** {
 147              		.loc 1 290 0
 148              		.cfi_startproc
 149              		@ args = 0, pretend = 0, frame = 0
 150              		@ frame_needed = 0, uses_anonymous_args = 0
 151              		@ link register save eliminated.
 291:Generated_Source\PSoC5/VDAC8_Noise.c ****     uint8 mode;
 292:Generated_Source\PSoC5/VDAC8_Noise.c **** 
 293:Generated_Source\PSoC5/VDAC8_Noise.c ****     mode = (uint8)((VDAC8_Noise_CR0 & VDAC8_Noise_RANGE_MASK) >> 2) + VDAC8_Noise_TRIM_M7_1V_RNG_OF
 152              		.loc 1 293 0
 153 0000 064B     		ldr	r3, .L14
 154 0002 1B78     		ldrb	r3, [r3]	@ zero_extendqisi2
 155 0004 C3F38103 		ubfx	r3, r3, #2, #2
 156              	.LVL3:
 294:Generated_Source\PSoC5/VDAC8_Noise.c ****     VDAC8_Noise_TR = CY_GET_XTND_REG8((uint8 *)(VDAC8_Noise_DAC_TRIM_BASE + mode));
 157              		.loc 1 294 0
 158 0008 03F19243 		add	r3, r3, #1224736768
 159              	.LVL4:
 160 000c 0633     		adds	r3, r3, #6
 161              	.LVL5:
 162 000e 93F82831 		ldrb	r3, [r3, #296]	@ zero_extendqisi2
ARM GAS  C:\Users\214016~1\AppData\Local\Temp\ccOqpuul.s 			page 9


 163              	.LVL6:
 164 0012 DBB2     		uxtb	r3, r3
 165 0014 024A     		ldr	r2, .L14+4
 166 0016 1370     		strb	r3, [r2]
 167 0018 7047     		bx	lr
 168              	.L15:
 169 001a 00BF     		.align	2
 170              	.L14:
 171 001c 28580040 		.word	1073764392
 172 0020 0A460040 		.word	1073759754
 173              		.cfi_endproc
 174              	.LFE7:
 175              		.size	VDAC8_Noise_DacTrim, .-VDAC8_Noise_DacTrim
 176              		.section	.text.VDAC8_Noise_SetRange,"ax",%progbits
 177              		.align	2
 178              		.global	VDAC8_Noise_SetRange
 179              		.thumb
 180              		.thumb_func
 181              		.type	VDAC8_Noise_SetRange, %function
 182              	VDAC8_Noise_SetRange:
 183              	.LFB5:
 229:Generated_Source\PSoC5/VDAC8_Noise.c ****     VDAC8_Noise_CR0 &= (uint8)(~VDAC8_Noise_RANGE_MASK);      /* Clear existing mode */
 184              		.loc 1 229 0
 185              		.cfi_startproc
 186              		@ args = 0, pretend = 0, frame = 0
 187              		@ frame_needed = 0, uses_anonymous_args = 0
 188              	.LVL7:
 189 0000 08B5     		push	{r3, lr}
 190              		.cfi_def_cfa_offset 8
 191              		.cfi_offset 3, -8
 192              		.cfi_offset 14, -4
 230:Generated_Source\PSoC5/VDAC8_Noise.c ****     VDAC8_Noise_CR0 |= (range & VDAC8_Noise_RANGE_MASK);      /*  Set Range  */
 193              		.loc 1 230 0
 194 0002 064B     		ldr	r3, .L18
 195 0004 1A78     		ldrb	r2, [r3]	@ zero_extendqisi2
 196 0006 02F0F302 		and	r2, r2, #243
 197 000a 1A70     		strb	r2, [r3]
 231:Generated_Source\PSoC5/VDAC8_Noise.c ****     VDAC8_Noise_DacTrim();
 198              		.loc 1 231 0
 199 000c 1A78     		ldrb	r2, [r3]	@ zero_extendqisi2
 200 000e 00F00C00 		and	r0, r0, #12
 201              	.LVL8:
 202 0012 1043     		orrs	r0, r0, r2
 203 0014 1870     		strb	r0, [r3]
 232:Generated_Source\PSoC5/VDAC8_Noise.c **** }
 204              		.loc 1 232 0
 205 0016 FFF7FEFF 		bl	VDAC8_Noise_DacTrim
 206              	.LVL9:
 207 001a 08BD     		pop	{r3, pc}
 208              	.L19:
 209              		.align	2
 210              	.L18:
 211 001c 28580040 		.word	1073764392
 212              		.cfi_endproc
 213              	.LFE5:
 214              		.size	VDAC8_Noise_SetRange, .-VDAC8_Noise_SetRange
 215              		.section	.text.VDAC8_Noise_Init,"ax",%progbits
ARM GAS  C:\Users\214016~1\AppData\Local\Temp\ccOqpuul.s 			page 10


 216              		.align	2
 217              		.global	VDAC8_Noise_Init
 218              		.thumb
 219              		.thumb_func
 220              		.type	VDAC8_Noise_Init, %function
 221              	VDAC8_Noise_Init:
 222              	.LFB0:
  56:Generated_Source\PSoC5/VDAC8_Noise.c ****     VDAC8_Noise_CR0 = (VDAC8_Noise_MODE_V );
 223              		.loc 1 56 0
 224              		.cfi_startproc
 225              		@ args = 0, pretend = 0, frame = 0
 226              		@ frame_needed = 0, uses_anonymous_args = 0
 227 0000 08B5     		push	{r3, lr}
 228              		.cfi_def_cfa_offset 8
 229              		.cfi_offset 3, -8
 230              		.cfi_offset 14, -4
  57:Generated_Source\PSoC5/VDAC8_Noise.c **** 
 231              		.loc 1 57 0
 232 0002 0022     		movs	r2, #0
 233 0004 084B     		ldr	r3, .L22
 234 0006 1A70     		strb	r2, [r3]
  61:Generated_Source\PSoC5/VDAC8_Noise.c ****     #else
 235              		.loc 1 61 0
 236 0008 2022     		movs	r2, #32
 237 000a 0133     		adds	r3, r3, #1
 238 000c 1A70     		strb	r2, [r3]
  68:Generated_Source\PSoC5/VDAC8_Noise.c ****     #endif/* (VDAC8_Noise_DEFAULT_STRB != 0) */
 239              		.loc 1 68 0
 240 000e 074A     		ldr	r2, .L22+4
 241 0010 1378     		ldrb	r3, [r2]	@ zero_extendqisi2
 242 0012 43F00803 		orr	r3, r3, #8
 243 0016 1370     		strb	r3, [r2]
  72:Generated_Source\PSoC5/VDAC8_Noise.c **** 
 244              		.loc 1 72 0
 245 0018 0420     		movs	r0, #4
 246 001a FFF7FEFF 		bl	VDAC8_Noise_SetRange
 247              	.LVL10:
  75:Generated_Source\PSoC5/VDAC8_Noise.c **** }
 248              		.loc 1 75 0
 249 001e 0220     		movs	r0, #2
 250 0020 FFF7FEFF 		bl	VDAC8_Noise_SetSpeed
 251              	.LVL11:
 252 0024 08BD     		pop	{r3, pc}
 253              	.L23:
 254 0026 00BF     		.align	2
 255              	.L22:
 256 0028 28580040 		.word	1073764392
 257 002c 975A0040 		.word	1073765015
 258              		.cfi_endproc
 259              	.LFE0:
 260              		.size	VDAC8_Noise_Init, .-VDAC8_Noise_Init
 261              		.section	.text.VDAC8_Noise_Start,"ax",%progbits
 262              		.align	2
 263              		.global	VDAC8_Noise_Start
 264              		.thumb
 265              		.thumb_func
 266              		.type	VDAC8_Noise_Start, %function
ARM GAS  C:\Users\214016~1\AppData\Local\Temp\ccOqpuul.s 			page 11


 267              	VDAC8_Noise_Start:
 268              	.LFB2:
 134:Generated_Source\PSoC5/VDAC8_Noise.c ****     /* Hardware initiazation only needs to occure the first time */
 269              		.loc 1 134 0
 270              		.cfi_startproc
 271              		@ args = 0, pretend = 0, frame = 0
 272              		@ frame_needed = 0, uses_anonymous_args = 0
 273 0000 08B5     		push	{r3, lr}
 274              		.cfi_def_cfa_offset 8
 275              		.cfi_offset 3, -8
 276              		.cfi_offset 14, -4
 136:Generated_Source\PSoC5/VDAC8_Noise.c ****     { 
 277              		.loc 1 136 0
 278 0002 074B     		ldr	r3, .L27
 279 0004 1B78     		ldrb	r3, [r3]	@ zero_extendqisi2
 280 0006 23B9     		cbnz	r3, .L25
 138:Generated_Source\PSoC5/VDAC8_Noise.c ****         VDAC8_Noise_initVar = 1u;
 281              		.loc 1 138 0
 282 0008 FFF7FEFF 		bl	VDAC8_Noise_Init
 283              	.LVL12:
 139:Generated_Source\PSoC5/VDAC8_Noise.c ****     }
 284              		.loc 1 139 0
 285 000c 0122     		movs	r2, #1
 286 000e 044B     		ldr	r3, .L27
 287 0010 1A70     		strb	r2, [r3]
 288              	.L25:
 143:Generated_Source\PSoC5/VDAC8_Noise.c **** 
 289              		.loc 1 143 0
 290 0012 FFF7FEFF 		bl	VDAC8_Noise_Enable
 291              	.LVL13:
 146:Generated_Source\PSoC5/VDAC8_Noise.c **** }
 292              		.loc 1 146 0
 293 0016 6420     		movs	r0, #100
 294 0018 FFF7FEFF 		bl	VDAC8_Noise_SetValue
 295              	.LVL14:
 296 001c 08BD     		pop	{r3, pc}
 297              	.L28:
 298 001e 00BF     		.align	2
 299              	.L27:
 300 0020 00000000 		.word	.LANCHOR0
 301              		.cfi_endproc
 302              	.LFE2:
 303              		.size	VDAC8_Noise_Start, .-VDAC8_Noise_Start
 304              		.global	VDAC8_Noise_initVar
 305              		.bss
 306              		.set	.LANCHOR0,. + 0
 307              		.type	VDAC8_Noise_initVar, %object
 308              		.size	VDAC8_Noise_initVar, 1
 309              	VDAC8_Noise_initVar:
 310 0000 00       		.space	1
 311              		.text
 312              	.Letext0:
 313              		.file 2 "Generated_Source\\PSoC5\\cytypes.h"
 314              		.section	.debug_info,"",%progbits
 315              	.Ldebug_info0:
 316 0000 DA010000 		.4byte	0x1da
 317 0004 0400     		.2byte	0x4
ARM GAS  C:\Users\214016~1\AppData\Local\Temp\ccOqpuul.s 			page 12


 318 0006 00000000 		.4byte	.Ldebug_abbrev0
 319 000a 04       		.byte	0x4
 320 000b 01       		.uleb128 0x1
 321 000c B1000000 		.4byte	.LASF25
 322 0010 01       		.byte	0x1
 323 0011 B7010000 		.4byte	.LASF26
 324 0015 63010000 		.4byte	.LASF27
 325 0019 00000000 		.4byte	.Ldebug_ranges0+0
 326 001d 00000000 		.4byte	0
 327 0021 00000000 		.4byte	.Ldebug_line0
 328 0025 02       		.uleb128 0x2
 329 0026 01       		.byte	0x1
 330 0027 06       		.byte	0x6
 331 0028 24020000 		.4byte	.LASF0
 332 002c 02       		.uleb128 0x2
 333 002d 01       		.byte	0x1
 334 002e 08       		.byte	0x8
 335 002f 57000000 		.4byte	.LASF1
 336 0033 02       		.uleb128 0x2
 337 0034 02       		.byte	0x2
 338 0035 05       		.byte	0x5
 339 0036 0B020000 		.4byte	.LASF2
 340 003a 02       		.uleb128 0x2
 341 003b 02       		.byte	0x2
 342 003c 07       		.byte	0x7
 343 003d 7C000000 		.4byte	.LASF3
 344 0041 02       		.uleb128 0x2
 345 0042 04       		.byte	0x4
 346 0043 05       		.byte	0x5
 347 0044 1B020000 		.4byte	.LASF4
 348 0048 02       		.uleb128 0x2
 349 0049 04       		.byte	0x4
 350 004a 07       		.byte	0x7
 351 004b 6A000000 		.4byte	.LASF5
 352 004f 02       		.uleb128 0x2
 353 0050 08       		.byte	0x8
 354 0051 05       		.byte	0x5
 355 0052 E7010000 		.4byte	.LASF6
 356 0056 02       		.uleb128 0x2
 357 0057 08       		.byte	0x8
 358 0058 07       		.byte	0x7
 359 0059 4C010000 		.4byte	.LASF7
 360 005d 03       		.uleb128 0x3
 361 005e 04       		.byte	0x4
 362 005f 05       		.byte	0x5
 363 0060 696E7400 		.ascii	"int\000"
 364 0064 02       		.uleb128 0x2
 365 0065 04       		.byte	0x4
 366 0066 07       		.byte	0x7
 367 0067 3F010000 		.4byte	.LASF8
 368 006b 04       		.uleb128 0x4
 369 006c 15020000 		.4byte	.LASF12
 370 0070 02       		.byte	0x2
 371 0071 9201     		.2byte	0x192
 372 0073 2C000000 		.4byte	0x2c
 373 0077 02       		.uleb128 0x2
 374 0078 04       		.byte	0x4
ARM GAS  C:\Users\214016~1\AppData\Local\Temp\ccOqpuul.s 			page 13


 375 0079 04       		.byte	0x4
 376 007a 3F000000 		.4byte	.LASF9
 377 007e 02       		.uleb128 0x2
 378 007f 08       		.byte	0x8
 379 0080 04       		.byte	0x4
 380 0081 95000000 		.4byte	.LASF10
 381 0085 02       		.uleb128 0x2
 382 0086 01       		.byte	0x1
 383 0087 08       		.byte	0x8
 384 0088 06020000 		.4byte	.LASF11
 385 008c 04       		.uleb128 0x4
 386 008d 65000000 		.4byte	.LASF13
 387 0091 02       		.byte	0x2
 388 0092 3C02     		.2byte	0x23c
 389 0094 98000000 		.4byte	0x98
 390 0098 05       		.uleb128 0x5
 391 0099 6B000000 		.4byte	0x6b
 392 009d 06       		.uleb128 0x6
 393 009e 00000000 		.4byte	.LASF14
 394 00a2 01       		.byte	0x1
 395 00a3 60       		.byte	0x60
 396 00a4 00000000 		.4byte	.LFB1
 397 00a8 1C000000 		.4byte	.LFE1-.LFB1
 398 00ac 01       		.uleb128 0x1
 399 00ad 9C       		.byte	0x9c
 400 00ae 06       		.uleb128 0x6
 401 00af 13000000 		.4byte	.LASF15
 402 00b3 01       		.byte	0x1
 403 00b4 A8       		.byte	0xa8
 404 00b5 00000000 		.4byte	.LFB3
 405 00b9 1C000000 		.4byte	.LFE3-.LFB3
 406 00bd 01       		.uleb128 0x1
 407 00be 9C       		.byte	0x9c
 408 00bf 07       		.uleb128 0x7
 409 00c0 9C000000 		.4byte	.LASF16
 410 00c4 01       		.byte	0x1
 411 00c5 CA       		.byte	0xca
 412 00c6 00000000 		.4byte	.LFB4
 413 00ca 1C000000 		.4byte	.LFE4-.LFB4
 414 00ce 01       		.uleb128 0x1
 415 00cf 9C       		.byte	0x9c
 416 00d0 E4000000 		.4byte	0xe4
 417 00d4 08       		.uleb128 0x8
 418 00d5 DC010000 		.4byte	.LASF18
 419 00d9 01       		.byte	0x1
 420 00da CA       		.byte	0xca
 421 00db 6B000000 		.4byte	0x6b
 422 00df 00000000 		.4byte	.LLST0
 423 00e3 00       		.byte	0
 424 00e4 07       		.uleb128 0x7
 425 00e5 44020000 		.4byte	.LASF17
 426 00e9 01       		.byte	0x1
 427 00ea FE       		.byte	0xfe
 428 00eb 00000000 		.4byte	.LFB6
 429 00ef 0C000000 		.4byte	.LFE6-.LFB6
 430 00f3 01       		.uleb128 0x1
 431 00f4 9C       		.byte	0x9c
ARM GAS  C:\Users\214016~1\AppData\Local\Temp\ccOqpuul.s 			page 14


 432 00f5 07010000 		.4byte	0x107
 433 00f9 09       		.uleb128 0x9
 434 00fa 24000000 		.4byte	.LASF19
 435 00fe 01       		.byte	0x1
 436 00ff FE       		.byte	0xfe
 437 0100 6B000000 		.4byte	0x6b
 438 0104 01       		.uleb128 0x1
 439 0105 50       		.byte	0x50
 440 0106 00       		.byte	0
 441 0107 0A       		.uleb128 0xa
 442 0108 30020000 		.4byte	.LASF20
 443 010c 01       		.byte	0x1
 444 010d 2101     		.2byte	0x121
 445 010f 00000000 		.4byte	.LFB7
 446 0113 24000000 		.4byte	.LFE7-.LFB7
 447 0117 01       		.uleb128 0x1
 448 0118 9C       		.byte	0x9c
 449 0119 2E010000 		.4byte	0x12e
 450 011d 0B       		.uleb128 0xb
 451 011e E2010000 		.4byte	.LASF28
 452 0122 01       		.byte	0x1
 453 0123 2301     		.2byte	0x123
 454 0125 6B000000 		.4byte	0x6b
 455 0129 21000000 		.4byte	.LLST1
 456 012d 00       		.byte	0
 457 012e 07       		.uleb128 0x7
 458 012f 2A000000 		.4byte	.LASF21
 459 0133 01       		.byte	0x1
 460 0134 E4       		.byte	0xe4
 461 0135 00000000 		.4byte	.LFB5
 462 0139 20000000 		.4byte	.LFE5-.LFB5
 463 013d 01       		.uleb128 0x1
 464 013e 9C       		.byte	0x9c
 465 013f 5C010000 		.4byte	0x15c
 466 0143 08       		.uleb128 0x8
 467 0144 8F000000 		.4byte	.LASF22
 468 0148 01       		.byte	0x1
 469 0149 E4       		.byte	0xe4
 470 014a 6B000000 		.4byte	0x6b
 471 014e 58000000 		.4byte	.LLST2
 472 0152 0C       		.uleb128 0xc
 473 0153 1A000000 		.4byte	.LVL9
 474 0157 07010000 		.4byte	0x107
 475 015b 00       		.byte	0
 476 015c 07       		.uleb128 0x7
 477 015d F5010000 		.4byte	.LASF23
 478 0161 01       		.byte	0x1
 479 0162 37       		.byte	0x37
 480 0163 00000000 		.4byte	.LFB0
 481 0167 30000000 		.4byte	.LFE0-.LFB0
 482 016b 01       		.uleb128 0x1
 483 016c 9C       		.byte	0x9c
 484 016d 94010000 		.4byte	0x194
 485 0171 0D       		.uleb128 0xd
 486 0172 1E000000 		.4byte	.LVL10
 487 0176 2E010000 		.4byte	0x12e
 488 017a 84010000 		.4byte	0x184
ARM GAS  C:\Users\214016~1\AppData\Local\Temp\ccOqpuul.s 			page 15


 489 017e 0E       		.uleb128 0xe
 490 017f 01       		.uleb128 0x1
 491 0180 50       		.byte	0x50
 492 0181 01       		.uleb128 0x1
 493 0182 34       		.byte	0x34
 494 0183 00       		.byte	0
 495 0184 0F       		.uleb128 0xf
 496 0185 24000000 		.4byte	.LVL11
 497 0189 BF000000 		.4byte	0xbf
 498 018d 0E       		.uleb128 0xe
 499 018e 01       		.uleb128 0x1
 500 018f 50       		.byte	0x50
 501 0190 01       		.uleb128 0x1
 502 0191 32       		.byte	0x32
 503 0192 00       		.byte	0
 504 0193 00       		.byte	0
 505 0194 07       		.uleb128 0x7
 506 0195 45000000 		.4byte	.LASF24
 507 0199 01       		.byte	0x1
 508 019a 85       		.byte	0x85
 509 019b 00000000 		.4byte	.LFB2
 510 019f 24000000 		.4byte	.LFE2-.LFB2
 511 01a3 01       		.uleb128 0x1
 512 01a4 9C       		.byte	0x9c
 513 01a5 CC010000 		.4byte	0x1cc
 514 01a9 0C       		.uleb128 0xc
 515 01aa 0C000000 		.4byte	.LVL12
 516 01ae 5C010000 		.4byte	0x15c
 517 01b2 0C       		.uleb128 0xc
 518 01b3 16000000 		.4byte	.LVL13
 519 01b7 9D000000 		.4byte	0x9d
 520 01bb 0F       		.uleb128 0xf
 521 01bc 1C000000 		.4byte	.LVL14
 522 01c0 E4000000 		.4byte	0xe4
 523 01c4 0E       		.uleb128 0xe
 524 01c5 01       		.uleb128 0x1
 525 01c6 50       		.byte	0x50
 526 01c7 02       		.uleb128 0x2
 527 01c8 08       		.byte	0x8
 528 01c9 64       		.byte	0x64
 529 01ca 00       		.byte	0
 530 01cb 00       		.byte	0
 531 01cc 10       		.uleb128 0x10
 532 01cd A3010000 		.4byte	.LASF29
 533 01d1 01       		.byte	0x1
 534 01d2 1B       		.byte	0x1b
 535 01d3 6B000000 		.4byte	0x6b
 536 01d7 05       		.uleb128 0x5
 537 01d8 03       		.byte	0x3
 538 01d9 00000000 		.4byte	VDAC8_Noise_initVar
 539 01dd 00       		.byte	0
 540              		.section	.debug_abbrev,"",%progbits
 541              	.Ldebug_abbrev0:
 542 0000 01       		.uleb128 0x1
 543 0001 11       		.uleb128 0x11
 544 0002 01       		.byte	0x1
 545 0003 25       		.uleb128 0x25
ARM GAS  C:\Users\214016~1\AppData\Local\Temp\ccOqpuul.s 			page 16


 546 0004 0E       		.uleb128 0xe
 547 0005 13       		.uleb128 0x13
 548 0006 0B       		.uleb128 0xb
 549 0007 03       		.uleb128 0x3
 550 0008 0E       		.uleb128 0xe
 551 0009 1B       		.uleb128 0x1b
 552 000a 0E       		.uleb128 0xe
 553 000b 55       		.uleb128 0x55
 554 000c 17       		.uleb128 0x17
 555 000d 11       		.uleb128 0x11
 556 000e 01       		.uleb128 0x1
 557 000f 10       		.uleb128 0x10
 558 0010 17       		.uleb128 0x17
 559 0011 00       		.byte	0
 560 0012 00       		.byte	0
 561 0013 02       		.uleb128 0x2
 562 0014 24       		.uleb128 0x24
 563 0015 00       		.byte	0
 564 0016 0B       		.uleb128 0xb
 565 0017 0B       		.uleb128 0xb
 566 0018 3E       		.uleb128 0x3e
 567 0019 0B       		.uleb128 0xb
 568 001a 03       		.uleb128 0x3
 569 001b 0E       		.uleb128 0xe
 570 001c 00       		.byte	0
 571 001d 00       		.byte	0
 572 001e 03       		.uleb128 0x3
 573 001f 24       		.uleb128 0x24
 574 0020 00       		.byte	0
 575 0021 0B       		.uleb128 0xb
 576 0022 0B       		.uleb128 0xb
 577 0023 3E       		.uleb128 0x3e
 578 0024 0B       		.uleb128 0xb
 579 0025 03       		.uleb128 0x3
 580 0026 08       		.uleb128 0x8
 581 0027 00       		.byte	0
 582 0028 00       		.byte	0
 583 0029 04       		.uleb128 0x4
 584 002a 16       		.uleb128 0x16
 585 002b 00       		.byte	0
 586 002c 03       		.uleb128 0x3
 587 002d 0E       		.uleb128 0xe
 588 002e 3A       		.uleb128 0x3a
 589 002f 0B       		.uleb128 0xb
 590 0030 3B       		.uleb128 0x3b
 591 0031 05       		.uleb128 0x5
 592 0032 49       		.uleb128 0x49
 593 0033 13       		.uleb128 0x13
 594 0034 00       		.byte	0
 595 0035 00       		.byte	0
 596 0036 05       		.uleb128 0x5
 597 0037 35       		.uleb128 0x35
 598 0038 00       		.byte	0
 599 0039 49       		.uleb128 0x49
 600 003a 13       		.uleb128 0x13
 601 003b 00       		.byte	0
 602 003c 00       		.byte	0
ARM GAS  C:\Users\214016~1\AppData\Local\Temp\ccOqpuul.s 			page 17


 603 003d 06       		.uleb128 0x6
 604 003e 2E       		.uleb128 0x2e
 605 003f 00       		.byte	0
 606 0040 3F       		.uleb128 0x3f
 607 0041 19       		.uleb128 0x19
 608 0042 03       		.uleb128 0x3
 609 0043 0E       		.uleb128 0xe
 610 0044 3A       		.uleb128 0x3a
 611 0045 0B       		.uleb128 0xb
 612 0046 3B       		.uleb128 0x3b
 613 0047 0B       		.uleb128 0xb
 614 0048 27       		.uleb128 0x27
 615 0049 19       		.uleb128 0x19
 616 004a 11       		.uleb128 0x11
 617 004b 01       		.uleb128 0x1
 618 004c 12       		.uleb128 0x12
 619 004d 06       		.uleb128 0x6
 620 004e 40       		.uleb128 0x40
 621 004f 18       		.uleb128 0x18
 622 0050 9742     		.uleb128 0x2117
 623 0052 19       		.uleb128 0x19
 624 0053 00       		.byte	0
 625 0054 00       		.byte	0
 626 0055 07       		.uleb128 0x7
 627 0056 2E       		.uleb128 0x2e
 628 0057 01       		.byte	0x1
 629 0058 3F       		.uleb128 0x3f
 630 0059 19       		.uleb128 0x19
 631 005a 03       		.uleb128 0x3
 632 005b 0E       		.uleb128 0xe
 633 005c 3A       		.uleb128 0x3a
 634 005d 0B       		.uleb128 0xb
 635 005e 3B       		.uleb128 0x3b
 636 005f 0B       		.uleb128 0xb
 637 0060 27       		.uleb128 0x27
 638 0061 19       		.uleb128 0x19
 639 0062 11       		.uleb128 0x11
 640 0063 01       		.uleb128 0x1
 641 0064 12       		.uleb128 0x12
 642 0065 06       		.uleb128 0x6
 643 0066 40       		.uleb128 0x40
 644 0067 18       		.uleb128 0x18
 645 0068 9742     		.uleb128 0x2117
 646 006a 19       		.uleb128 0x19
 647 006b 01       		.uleb128 0x1
 648 006c 13       		.uleb128 0x13
 649 006d 00       		.byte	0
 650 006e 00       		.byte	0
 651 006f 08       		.uleb128 0x8
 652 0070 05       		.uleb128 0x5
 653 0071 00       		.byte	0
 654 0072 03       		.uleb128 0x3
 655 0073 0E       		.uleb128 0xe
 656 0074 3A       		.uleb128 0x3a
 657 0075 0B       		.uleb128 0xb
 658 0076 3B       		.uleb128 0x3b
 659 0077 0B       		.uleb128 0xb
ARM GAS  C:\Users\214016~1\AppData\Local\Temp\ccOqpuul.s 			page 18


 660 0078 49       		.uleb128 0x49
 661 0079 13       		.uleb128 0x13
 662 007a 02       		.uleb128 0x2
 663 007b 17       		.uleb128 0x17
 664 007c 00       		.byte	0
 665 007d 00       		.byte	0
 666 007e 09       		.uleb128 0x9
 667 007f 05       		.uleb128 0x5
 668 0080 00       		.byte	0
 669 0081 03       		.uleb128 0x3
 670 0082 0E       		.uleb128 0xe
 671 0083 3A       		.uleb128 0x3a
 672 0084 0B       		.uleb128 0xb
 673 0085 3B       		.uleb128 0x3b
 674 0086 0B       		.uleb128 0xb
 675 0087 49       		.uleb128 0x49
 676 0088 13       		.uleb128 0x13
 677 0089 02       		.uleb128 0x2
 678 008a 18       		.uleb128 0x18
 679 008b 00       		.byte	0
 680 008c 00       		.byte	0
 681 008d 0A       		.uleb128 0xa
 682 008e 2E       		.uleb128 0x2e
 683 008f 01       		.byte	0x1
 684 0090 3F       		.uleb128 0x3f
 685 0091 19       		.uleb128 0x19
 686 0092 03       		.uleb128 0x3
 687 0093 0E       		.uleb128 0xe
 688 0094 3A       		.uleb128 0x3a
 689 0095 0B       		.uleb128 0xb
 690 0096 3B       		.uleb128 0x3b
 691 0097 05       		.uleb128 0x5
 692 0098 27       		.uleb128 0x27
 693 0099 19       		.uleb128 0x19
 694 009a 11       		.uleb128 0x11
 695 009b 01       		.uleb128 0x1
 696 009c 12       		.uleb128 0x12
 697 009d 06       		.uleb128 0x6
 698 009e 40       		.uleb128 0x40
 699 009f 18       		.uleb128 0x18
 700 00a0 9742     		.uleb128 0x2117
 701 00a2 19       		.uleb128 0x19
 702 00a3 01       		.uleb128 0x1
 703 00a4 13       		.uleb128 0x13
 704 00a5 00       		.byte	0
 705 00a6 00       		.byte	0
 706 00a7 0B       		.uleb128 0xb
 707 00a8 34       		.uleb128 0x34
 708 00a9 00       		.byte	0
 709 00aa 03       		.uleb128 0x3
 710 00ab 0E       		.uleb128 0xe
 711 00ac 3A       		.uleb128 0x3a
 712 00ad 0B       		.uleb128 0xb
 713 00ae 3B       		.uleb128 0x3b
 714 00af 05       		.uleb128 0x5
 715 00b0 49       		.uleb128 0x49
 716 00b1 13       		.uleb128 0x13
ARM GAS  C:\Users\214016~1\AppData\Local\Temp\ccOqpuul.s 			page 19


 717 00b2 02       		.uleb128 0x2
 718 00b3 17       		.uleb128 0x17
 719 00b4 00       		.byte	0
 720 00b5 00       		.byte	0
 721 00b6 0C       		.uleb128 0xc
 722 00b7 898201   		.uleb128 0x4109
 723 00ba 00       		.byte	0
 724 00bb 11       		.uleb128 0x11
 725 00bc 01       		.uleb128 0x1
 726 00bd 31       		.uleb128 0x31
 727 00be 13       		.uleb128 0x13
 728 00bf 00       		.byte	0
 729 00c0 00       		.byte	0
 730 00c1 0D       		.uleb128 0xd
 731 00c2 898201   		.uleb128 0x4109
 732 00c5 01       		.byte	0x1
 733 00c6 11       		.uleb128 0x11
 734 00c7 01       		.uleb128 0x1
 735 00c8 31       		.uleb128 0x31
 736 00c9 13       		.uleb128 0x13
 737 00ca 01       		.uleb128 0x1
 738 00cb 13       		.uleb128 0x13
 739 00cc 00       		.byte	0
 740 00cd 00       		.byte	0
 741 00ce 0E       		.uleb128 0xe
 742 00cf 8A8201   		.uleb128 0x410a
 743 00d2 00       		.byte	0
 744 00d3 02       		.uleb128 0x2
 745 00d4 18       		.uleb128 0x18
 746 00d5 9142     		.uleb128 0x2111
 747 00d7 18       		.uleb128 0x18
 748 00d8 00       		.byte	0
 749 00d9 00       		.byte	0
 750 00da 0F       		.uleb128 0xf
 751 00db 898201   		.uleb128 0x4109
 752 00de 01       		.byte	0x1
 753 00df 11       		.uleb128 0x11
 754 00e0 01       		.uleb128 0x1
 755 00e1 31       		.uleb128 0x31
 756 00e2 13       		.uleb128 0x13
 757 00e3 00       		.byte	0
 758 00e4 00       		.byte	0
 759 00e5 10       		.uleb128 0x10
 760 00e6 34       		.uleb128 0x34
 761 00e7 00       		.byte	0
 762 00e8 03       		.uleb128 0x3
 763 00e9 0E       		.uleb128 0xe
 764 00ea 3A       		.uleb128 0x3a
 765 00eb 0B       		.uleb128 0xb
 766 00ec 3B       		.uleb128 0x3b
 767 00ed 0B       		.uleb128 0xb
 768 00ee 49       		.uleb128 0x49
 769 00ef 13       		.uleb128 0x13
 770 00f0 3F       		.uleb128 0x3f
 771 00f1 19       		.uleb128 0x19
 772 00f2 02       		.uleb128 0x2
 773 00f3 18       		.uleb128 0x18
ARM GAS  C:\Users\214016~1\AppData\Local\Temp\ccOqpuul.s 			page 20


 774 00f4 00       		.byte	0
 775 00f5 00       		.byte	0
 776 00f6 00       		.byte	0
 777              		.section	.debug_loc,"",%progbits
 778              	.Ldebug_loc0:
 779              	.LLST0:
 780 0000 00000000 		.4byte	.LVL0
 781 0004 10000000 		.4byte	.LVL1
 782 0008 0100     		.2byte	0x1
 783 000a 50       		.byte	0x50
 784 000b 10000000 		.4byte	.LVL1
 785 000f 1C000000 		.4byte	.LFE4
 786 0013 0400     		.2byte	0x4
 787 0015 F3       		.byte	0xf3
 788 0016 01       		.uleb128 0x1
 789 0017 50       		.byte	0x50
 790 0018 9F       		.byte	0x9f
 791 0019 00000000 		.4byte	0
 792 001d 00000000 		.4byte	0
 793              	.LLST1:
 794 0021 08000000 		.4byte	.LVL3
 795 0025 0C000000 		.4byte	.LVL4
 796 0029 0300     		.2byte	0x3
 797 002b 73       		.byte	0x73
 798 002c 06       		.sleb128 6
 799 002d 9F       		.byte	0x9f
 800 002e 0C000000 		.4byte	.LVL4
 801 0032 0E000000 		.4byte	.LVL5
 802 0036 0700     		.2byte	0x7
 803 0038 73       		.byte	0x73
 804 0039 868080B8 		.sleb128 -1224736762
 804      7B
 805 003e 9F       		.byte	0x9f
 806 003f 0E000000 		.4byte	.LVL5
 807 0043 12000000 		.4byte	.LVL6
 808 0047 0700     		.2byte	0x7
 809 0049 73       		.byte	0x73
 810 004a 808080B8 		.sleb128 -1224736768
 810      7B
 811 004f 9F       		.byte	0x9f
 812 0050 00000000 		.4byte	0
 813 0054 00000000 		.4byte	0
 814              	.LLST2:
 815 0058 00000000 		.4byte	.LVL7
 816 005c 12000000 		.4byte	.LVL8
 817 0060 0100     		.2byte	0x1
 818 0062 50       		.byte	0x50
 819 0063 12000000 		.4byte	.LVL8
 820 0067 20000000 		.4byte	.LFE5
 821 006b 0400     		.2byte	0x4
 822 006d F3       		.byte	0xf3
 823 006e 01       		.uleb128 0x1
 824 006f 50       		.byte	0x50
 825 0070 9F       		.byte	0x9f
 826 0071 00000000 		.4byte	0
 827 0075 00000000 		.4byte	0
 828              		.section	.debug_aranges,"",%progbits
ARM GAS  C:\Users\214016~1\AppData\Local\Temp\ccOqpuul.s 			page 21


 829 0000 54000000 		.4byte	0x54
 830 0004 0200     		.2byte	0x2
 831 0006 00000000 		.4byte	.Ldebug_info0
 832 000a 04       		.byte	0x4
 833 000b 00       		.byte	0
 834 000c 0000     		.2byte	0
 835 000e 0000     		.2byte	0
 836 0010 00000000 		.4byte	.LFB1
 837 0014 1C000000 		.4byte	.LFE1-.LFB1
 838 0018 00000000 		.4byte	.LFB3
 839 001c 1C000000 		.4byte	.LFE3-.LFB3
 840 0020 00000000 		.4byte	.LFB4
 841 0024 1C000000 		.4byte	.LFE4-.LFB4
 842 0028 00000000 		.4byte	.LFB6
 843 002c 0C000000 		.4byte	.LFE6-.LFB6
 844 0030 00000000 		.4byte	.LFB7
 845 0034 24000000 		.4byte	.LFE7-.LFB7
 846 0038 00000000 		.4byte	.LFB5
 847 003c 20000000 		.4byte	.LFE5-.LFB5
 848 0040 00000000 		.4byte	.LFB0
 849 0044 30000000 		.4byte	.LFE0-.LFB0
 850 0048 00000000 		.4byte	.LFB2
 851 004c 24000000 		.4byte	.LFE2-.LFB2
 852 0050 00000000 		.4byte	0
 853 0054 00000000 		.4byte	0
 854              		.section	.debug_ranges,"",%progbits
 855              	.Ldebug_ranges0:
 856 0000 00000000 		.4byte	.LFB1
 857 0004 1C000000 		.4byte	.LFE1
 858 0008 00000000 		.4byte	.LFB3
 859 000c 1C000000 		.4byte	.LFE3
 860 0010 00000000 		.4byte	.LFB4
 861 0014 1C000000 		.4byte	.LFE4
 862 0018 00000000 		.4byte	.LFB6
 863 001c 0C000000 		.4byte	.LFE6
 864 0020 00000000 		.4byte	.LFB7
 865 0024 24000000 		.4byte	.LFE7
 866 0028 00000000 		.4byte	.LFB5
 867 002c 20000000 		.4byte	.LFE5
 868 0030 00000000 		.4byte	.LFB0
 869 0034 30000000 		.4byte	.LFE0
 870 0038 00000000 		.4byte	.LFB2
 871 003c 24000000 		.4byte	.LFE2
 872 0040 00000000 		.4byte	0
 873 0044 00000000 		.4byte	0
 874              		.section	.debug_line,"",%progbits
 875              	.Ldebug_line0:
 876 0000 E3000000 		.section	.debug_str,"MS",%progbits,1
 876      02004800 
 876      00000201 
 876      FB0E0D00 
 876      01010101 
 877              	.LASF14:
 878 0000 56444143 		.ascii	"VDAC8_Noise_Enable\000"
 878      385F4E6F 
 878      6973655F 
 878      456E6162 
ARM GAS  C:\Users\214016~1\AppData\Local\Temp\ccOqpuul.s 			page 22


 878      6C6500
 879              	.LASF15:
 880 0013 56444143 		.ascii	"VDAC8_Noise_Stop\000"
 880      385F4E6F 
 880      6973655F 
 880      53746F70 
 880      00
 881              	.LASF19:
 882 0024 76616C75 		.ascii	"value\000"
 882      6500
 883              	.LASF21:
 884 002a 56444143 		.ascii	"VDAC8_Noise_SetRange\000"
 884      385F4E6F 
 884      6973655F 
 884      53657452 
 884      616E6765 
 885              	.LASF9:
 886 003f 666C6F61 		.ascii	"float\000"
 886      7400
 887              	.LASF24:
 888 0045 56444143 		.ascii	"VDAC8_Noise_Start\000"
 888      385F4E6F 
 888      6973655F 
 888      53746172 
 888      7400
 889              	.LASF1:
 890 0057 756E7369 		.ascii	"unsigned char\000"
 890      676E6564 
 890      20636861 
 890      7200
 891              	.LASF13:
 892 0065 72656738 		.ascii	"reg8\000"
 892      00
 893              	.LASF5:
 894 006a 6C6F6E67 		.ascii	"long unsigned int\000"
 894      20756E73 
 894      69676E65 
 894      6420696E 
 894      7400
 895              	.LASF3:
 896 007c 73686F72 		.ascii	"short unsigned int\000"
 896      7420756E 
 896      7369676E 
 896      65642069 
 896      6E7400
 897              	.LASF22:
 898 008f 72616E67 		.ascii	"range\000"
 898      6500
 899              	.LASF10:
 900 0095 646F7562 		.ascii	"double\000"
 900      6C6500
 901              	.LASF16:
 902 009c 56444143 		.ascii	"VDAC8_Noise_SetSpeed\000"
 902      385F4E6F 
 902      6973655F 
 902      53657453 
 902      70656564 
ARM GAS  C:\Users\214016~1\AppData\Local\Temp\ccOqpuul.s 			page 23


 903              	.LASF25:
 904 00b1 474E5520 		.ascii	"GNU C 4.9.3 20150303 (release) [ARM/embedded-4_9-br"
 904      4320342E 
 904      392E3320 
 904      32303135 
 904      30333033 
 905 00e4 616E6368 		.ascii	"anch revision 221220] -mcpu=cortex-m3 -mthumb -g -O"
 905      20726576 
 905      6973696F 
 905      6E203232 
 905      31323230 
 906 0117 67202D66 		.ascii	"g -ffunction-sections -ffat-lto-objects\000"
 906      66756E63 
 906      74696F6E 
 906      2D736563 
 906      74696F6E 
 907              	.LASF8:
 908 013f 756E7369 		.ascii	"unsigned int\000"
 908      676E6564 
 908      20696E74 
 908      00
 909              	.LASF7:
 910 014c 6C6F6E67 		.ascii	"long long unsigned int\000"
 910      206C6F6E 
 910      6720756E 
 910      7369676E 
 910      65642069 
 911              	.LASF27:
 912 0163 433A5C55 		.ascii	"C:\\Users\\214016586\\Documents\\PSoC Creator\\APU2"
 912      73657273 
 912      5C323134 
 912      30313635 
 912      38365C44 
 913 0191 4130335C 		.ascii	"A03\\APU2A03.cydsn\000"
 913      41505532 
 913      4130332E 
 913      63796473 
 913      6E00
 914              	.LASF29:
 915 01a3 56444143 		.ascii	"VDAC8_Noise_initVar\000"
 915      385F4E6F 
 915      6973655F 
 915      696E6974 
 915      56617200 
 916              	.LASF26:
 917 01b7 47656E65 		.ascii	"Generated_Source\\PSoC5\\VDAC8_Noise.c\000"
 917      72617465 
 917      645F536F 
 917      75726365 
 917      5C50536F 
 918              	.LASF18:
 919 01dc 73706565 		.ascii	"speed\000"
 919      6400
 920              	.LASF28:
 921 01e2 6D6F6465 		.ascii	"mode\000"
 921      00
 922              	.LASF6:
ARM GAS  C:\Users\214016~1\AppData\Local\Temp\ccOqpuul.s 			page 24


 923 01e7 6C6F6E67 		.ascii	"long long int\000"
 923      206C6F6E 
 923      6720696E 
 923      7400
 924              	.LASF23:
 925 01f5 56444143 		.ascii	"VDAC8_Noise_Init\000"
 925      385F4E6F 
 925      6973655F 
 925      496E6974 
 925      00
 926              	.LASF11:
 927 0206 63686172 		.ascii	"char\000"
 927      00
 928              	.LASF2:
 929 020b 73686F72 		.ascii	"short int\000"
 929      7420696E 
 929      7400
 930              	.LASF12:
 931 0215 75696E74 		.ascii	"uint8\000"
 931      3800
 932              	.LASF4:
 933 021b 6C6F6E67 		.ascii	"long int\000"
 933      20696E74 
 933      00
 934              	.LASF0:
 935 0224 7369676E 		.ascii	"signed char\000"
 935      65642063 
 935      68617200 
 936              	.LASF20:
 937 0230 56444143 		.ascii	"VDAC8_Noise_DacTrim\000"
 937      385F4E6F 
 937      6973655F 
 937      44616354 
 937      72696D00 
 938              	.LASF17:
 939 0244 56444143 		.ascii	"VDAC8_Noise_SetValue\000"
 939      385F4E6F 
 939      6973655F 
 939      53657456 
 939      616C7565 
 940              		.ident	"GCC: (GNU Tools for ARM Embedded Processors) 4.9.3 20150303 (release) [ARM/embedded-4_9-br
