ARM GAS  C:\Users\214016~1\AppData\Local\Temp\ccv5eoax.s 			page 1


   1              		.syntax unified
   2              		.cpu cortex-m3
   3              		.fpu softvfp
   4              		.eabi_attribute 20, 1
   5              		.eabi_attribute 21, 1
   6              		.eabi_attribute 23, 3
   7              		.eabi_attribute 24, 1
   8              		.eabi_attribute 25, 1
   9              		.eabi_attribute 26, 1
  10              		.eabi_attribute 30, 1
  11              		.eabi_attribute 34, 1
  12              		.eabi_attribute 18, 4
  13              		.thumb
  14              		.syntax unified
  15              		.file	"LFSR.c"
  16              		.text
  17              	.Ltext0:
  18              		.cfi_sections	.debug_frame
  19              		.section	.text.LFSR_Enable,"ax",%progbits
  20              		.align	2
  21              		.global	LFSR_Enable
  22              		.thumb
  23              		.thumb_func
  24              		.type	LFSR_Enable, %function
  25              	LFSR_Enable:
  26              	.LFB1:
  27              		.file 1 "Generated_Source\\PSoC5\\LFSR.c"
   1:Generated_Source\PSoC5/LFSR.c **** /*******************************************************************************
   2:Generated_Source\PSoC5/LFSR.c **** * File Name: LFSR.c
   3:Generated_Source\PSoC5/LFSR.c **** * Version 2.40
   4:Generated_Source\PSoC5/LFSR.c **** *
   5:Generated_Source\PSoC5/LFSR.c **** * Description:
   6:Generated_Source\PSoC5/LFSR.c **** *  This file provides the source code to the API for the PRS component
   7:Generated_Source\PSoC5/LFSR.c **** *
   8:Generated_Source\PSoC5/LFSR.c **** * Note:
   9:Generated_Source\PSoC5/LFSR.c **** *  None
  10:Generated_Source\PSoC5/LFSR.c **** *
  11:Generated_Source\PSoC5/LFSR.c **** ********************************************************************************
  12:Generated_Source\PSoC5/LFSR.c **** * Copyright 2008-2013, Cypress Semiconductor Corporation.  All rights reserved.
  13:Generated_Source\PSoC5/LFSR.c **** * You may use this file only in accordance with the license, terms, conditions,
  14:Generated_Source\PSoC5/LFSR.c **** * disclaimers, and limitations in the end user license agreement accompanying
  15:Generated_Source\PSoC5/LFSR.c **** * the software package with which this file was provided.
  16:Generated_Source\PSoC5/LFSR.c **** *******************************************************************************/
  17:Generated_Source\PSoC5/LFSR.c **** 
  18:Generated_Source\PSoC5/LFSR.c **** #include "LFSR.h"
  19:Generated_Source\PSoC5/LFSR.c **** 
  20:Generated_Source\PSoC5/LFSR.c **** uint8 LFSR_initVar = 0u;
  21:Generated_Source\PSoC5/LFSR.c **** 
  22:Generated_Source\PSoC5/LFSR.c **** LFSR_BACKUP_STRUCT LFSR_backup =
  23:Generated_Source\PSoC5/LFSR.c **** {
  24:Generated_Source\PSoC5/LFSR.c ****     0x00u, /* enableState; */
  25:Generated_Source\PSoC5/LFSR.c **** 
  26:Generated_Source\PSoC5/LFSR.c ****     #if (LFSR_WAKEUP_BEHAVIOUR == LFSR__RESUMEWORK)
  27:Generated_Source\PSoC5/LFSR.c ****         /* Save dff register for time mult */
  28:Generated_Source\PSoC5/LFSR.c ****         #if (LFSR_TIME_MULTIPLEXING_ENABLE)
  29:Generated_Source\PSoC5/LFSR.c ****             LFSR_INIT_STATE, /* dffStatus; */
  30:Generated_Source\PSoC5/LFSR.c ****         #endif  /* End LFSR_TIME_MULTIPLEXING_ENABLE */
ARM GAS  C:\Users\214016~1\AppData\Local\Temp\ccv5eoax.s 			page 2


  31:Generated_Source\PSoC5/LFSR.c **** 
  32:Generated_Source\PSoC5/LFSR.c ****         /* Save A0 and A1 registers are none-retention */
  33:Generated_Source\PSoC5/LFSR.c ****         #if(LFSR_PRS_SIZE <= 32u)
  34:Generated_Source\PSoC5/LFSR.c ****             LFSR_DEFAULT_SEED, /* seed */
  35:Generated_Source\PSoC5/LFSR.c **** 
  36:Generated_Source\PSoC5/LFSR.c ****         #else
  37:Generated_Source\PSoC5/LFSR.c ****             LFSR_DEFAULT_SEED_UPPER, /* seedUpper; */
  38:Generated_Source\PSoC5/LFSR.c ****             LFSR_DEFAULT_SEED_LOWER, /* seedLower; */
  39:Generated_Source\PSoC5/LFSR.c **** 
  40:Generated_Source\PSoC5/LFSR.c ****         #endif  /* End (LFSR_PRS_SIZE <= 32u) */
  41:Generated_Source\PSoC5/LFSR.c **** 
  42:Generated_Source\PSoC5/LFSR.c ****     #endif  /* End (LFSR_WAKEUP_BEHAVIOUR == LFSR__RESUMEWORK) */
  43:Generated_Source\PSoC5/LFSR.c **** };
  44:Generated_Source\PSoC5/LFSR.c **** 
  45:Generated_Source\PSoC5/LFSR.c **** 
  46:Generated_Source\PSoC5/LFSR.c **** /*******************************************************************************
  47:Generated_Source\PSoC5/LFSR.c **** * Function Name: LFSR_Init
  48:Generated_Source\PSoC5/LFSR.c **** ********************************************************************************
  49:Generated_Source\PSoC5/LFSR.c **** *
  50:Generated_Source\PSoC5/LFSR.c **** * Summary:
  51:Generated_Source\PSoC5/LFSR.c **** *  Initializes seed and polynomial registers with initial values.
  52:Generated_Source\PSoC5/LFSR.c **** *
  53:Generated_Source\PSoC5/LFSR.c **** * Parameters:
  54:Generated_Source\PSoC5/LFSR.c **** *  void
  55:Generated_Source\PSoC5/LFSR.c **** *
  56:Generated_Source\PSoC5/LFSR.c **** * Return:
  57:Generated_Source\PSoC5/LFSR.c **** *  void
  58:Generated_Source\PSoC5/LFSR.c **** *
  59:Generated_Source\PSoC5/LFSR.c **** *******************************************************************************/
  60:Generated_Source\PSoC5/LFSR.c **** void LFSR_Init(void) 
  61:Generated_Source\PSoC5/LFSR.c **** {
  62:Generated_Source\PSoC5/LFSR.c ****     /* Writes seed value and ponynom value provided for customizer */
  63:Generated_Source\PSoC5/LFSR.c ****     #if (LFSR_PRS_SIZE <= 32u)
  64:Generated_Source\PSoC5/LFSR.c ****         LFSR_WritePolynomial(LFSR_DEFAULT_POLYNOM);
  65:Generated_Source\PSoC5/LFSR.c ****         LFSR_WriteSeed(LFSR_DEFAULT_SEED);
  66:Generated_Source\PSoC5/LFSR.c ****         #if (LFSR_RUN_MODE == LFSR__CLOCKED)
  67:Generated_Source\PSoC5/LFSR.c ****             LFSR_ResetSeedInit(LFSR_DEFAULT_SEED);
  68:Generated_Source\PSoC5/LFSR.c ****         #endif  /* End (LFSR_RUN_MODE == LFSR__CLOCKED) */
  69:Generated_Source\PSoC5/LFSR.c ****             LFSR_Enable();
  70:Generated_Source\PSoC5/LFSR.c ****     #else
  71:Generated_Source\PSoC5/LFSR.c ****         LFSR_WritePolynomialUpper(LFSR_DEFAULT_POLYNOM_UPPER);
  72:Generated_Source\PSoC5/LFSR.c ****         LFSR_WritePolynomialLower(LFSR_DEFAULT_POLYNOM_LOWER);
  73:Generated_Source\PSoC5/LFSR.c ****         LFSR_WriteSeedUpper(LFSR_DEFAULT_SEED_UPPER);
  74:Generated_Source\PSoC5/LFSR.c ****         LFSR_WriteSeedLower(LFSR_DEFAULT_SEED_LOWER);
  75:Generated_Source\PSoC5/LFSR.c ****         #if (LFSR_RUN_MODE == LFSR__CLOCKED)
  76:Generated_Source\PSoC5/LFSR.c ****             LFSR_ResetSeedInitUpper(LFSR_DEFAULT_SEED_UPPER);
  77:Generated_Source\PSoC5/LFSR.c ****             LFSR_ResetSeedInitLower(LFSR_DEFAULT_SEED_LOWER);
  78:Generated_Source\PSoC5/LFSR.c ****         #endif  /* End (LFSR_RUN_MODE == LFSR__CLOCKED) */
  79:Generated_Source\PSoC5/LFSR.c ****             LFSR_Enable();
  80:Generated_Source\PSoC5/LFSR.c ****     #endif  /* End (LFSR_PRS_SIZE <= 32u) */
  81:Generated_Source\PSoC5/LFSR.c **** }
  82:Generated_Source\PSoC5/LFSR.c **** 
  83:Generated_Source\PSoC5/LFSR.c **** 
  84:Generated_Source\PSoC5/LFSR.c **** /*******************************************************************************
  85:Generated_Source\PSoC5/LFSR.c **** * Function Name: LFSR_Enable
  86:Generated_Source\PSoC5/LFSR.c **** ********************************************************************************
  87:Generated_Source\PSoC5/LFSR.c **** *
ARM GAS  C:\Users\214016~1\AppData\Local\Temp\ccv5eoax.s 			page 3


  88:Generated_Source\PSoC5/LFSR.c **** * Summary:
  89:Generated_Source\PSoC5/LFSR.c **** *  Starts PRS computation on rising edge of input clock.
  90:Generated_Source\PSoC5/LFSR.c **** *
  91:Generated_Source\PSoC5/LFSR.c **** * Parameters:
  92:Generated_Source\PSoC5/LFSR.c **** *  void
  93:Generated_Source\PSoC5/LFSR.c **** *
  94:Generated_Source\PSoC5/LFSR.c **** * Return:
  95:Generated_Source\PSoC5/LFSR.c **** *  void
  96:Generated_Source\PSoC5/LFSR.c **** *
  97:Generated_Source\PSoC5/LFSR.c **** *******************************************************************************/
  98:Generated_Source\PSoC5/LFSR.c **** void LFSR_Enable(void) 
  99:Generated_Source\PSoC5/LFSR.c **** {
  28              		.loc 1 99 0
  29              		.cfi_startproc
  30              		@ args = 0, pretend = 0, frame = 0
  31              		@ frame_needed = 0, uses_anonymous_args = 0
  32              		@ link register save eliminated.
 100:Generated_Source\PSoC5/LFSR.c ****         LFSR_CONTROL_REG |= LFSR_CTRL_ENABLE;
  33              		.loc 1 100 0
  34 0000 024A     		ldr	r2, .L2
  35 0002 1378     		ldrb	r3, [r2]	@ zero_extendqisi2
  36 0004 43F00103 		orr	r3, r3, #1
  37 0008 1370     		strb	r3, [r2]
  38 000a 7047     		bx	lr
  39              	.L3:
  40              		.align	2
  41              	.L2:
  42 000c 75640040 		.word	1073767541
  43              		.cfi_endproc
  44              	.LFE1:
  45              		.size	LFSR_Enable, .-LFSR_Enable
  46              		.section	.text.LFSR_Stop,"ax",%progbits
  47              		.align	2
  48              		.global	LFSR_Stop
  49              		.thumb
  50              		.thumb_func
  51              		.type	LFSR_Stop, %function
  52              	LFSR_Stop:
  53              	.LFB3:
 101:Generated_Source\PSoC5/LFSR.c **** }
 102:Generated_Source\PSoC5/LFSR.c **** 
 103:Generated_Source\PSoC5/LFSR.c **** 
 104:Generated_Source\PSoC5/LFSR.c **** /*******************************************************************************
 105:Generated_Source\PSoC5/LFSR.c **** * Function Name: LFSR_Start
 106:Generated_Source\PSoC5/LFSR.c **** ********************************************************************************
 107:Generated_Source\PSoC5/LFSR.c **** *
 108:Generated_Source\PSoC5/LFSR.c **** * Summary:
 109:Generated_Source\PSoC5/LFSR.c **** *  Initializes seed and polynomial registers with initial values. Computation
 110:Generated_Source\PSoC5/LFSR.c **** *  of PRS starts on rising edge of input clock.
 111:Generated_Source\PSoC5/LFSR.c **** *
 112:Generated_Source\PSoC5/LFSR.c **** * Parameters:
 113:Generated_Source\PSoC5/LFSR.c **** *  void
 114:Generated_Source\PSoC5/LFSR.c **** *
 115:Generated_Source\PSoC5/LFSR.c **** * Return:
 116:Generated_Source\PSoC5/LFSR.c **** *  void
 117:Generated_Source\PSoC5/LFSR.c **** *
 118:Generated_Source\PSoC5/LFSR.c **** * Global variables:
ARM GAS  C:\Users\214016~1\AppData\Local\Temp\ccv5eoax.s 			page 4


 119:Generated_Source\PSoC5/LFSR.c **** *  LFSR_initVar: global variable is used to indicate initial
 120:Generated_Source\PSoC5/LFSR.c **** *  configuration of this component.  The variable is initialized to zero and set
 121:Generated_Source\PSoC5/LFSR.c **** *  to 1 the first time LFSR_Start() is called. This allows
 122:Generated_Source\PSoC5/LFSR.c **** *  enable/disable component without re-initialization in all subsequent calls
 123:Generated_Source\PSoC5/LFSR.c **** *  to the LFSR_Start() routine.
 124:Generated_Source\PSoC5/LFSR.c **** *
 125:Generated_Source\PSoC5/LFSR.c **** *******************************************************************************/
 126:Generated_Source\PSoC5/LFSR.c **** void LFSR_Start(void) 
 127:Generated_Source\PSoC5/LFSR.c **** {
 128:Generated_Source\PSoC5/LFSR.c ****     /* Writes seed value and ponynom value provided from customizer */
 129:Generated_Source\PSoC5/LFSR.c ****     if (LFSR_initVar == 0u)
 130:Generated_Source\PSoC5/LFSR.c ****     {
 131:Generated_Source\PSoC5/LFSR.c ****         LFSR_Init();
 132:Generated_Source\PSoC5/LFSR.c ****         LFSR_initVar = 1u;
 133:Generated_Source\PSoC5/LFSR.c ****     }
 134:Generated_Source\PSoC5/LFSR.c **** 
 135:Generated_Source\PSoC5/LFSR.c ****     LFSR_Enable();
 136:Generated_Source\PSoC5/LFSR.c **** }
 137:Generated_Source\PSoC5/LFSR.c **** 
 138:Generated_Source\PSoC5/LFSR.c **** 
 139:Generated_Source\PSoC5/LFSR.c **** /*******************************************************************************
 140:Generated_Source\PSoC5/LFSR.c **** * Function Name: LFSR_Stop
 141:Generated_Source\PSoC5/LFSR.c **** ********************************************************************************
 142:Generated_Source\PSoC5/LFSR.c **** *
 143:Generated_Source\PSoC5/LFSR.c **** * Summary:
 144:Generated_Source\PSoC5/LFSR.c **** *  Stops PRS computation.
 145:Generated_Source\PSoC5/LFSR.c **** *
 146:Generated_Source\PSoC5/LFSR.c **** * Parameters:
 147:Generated_Source\PSoC5/LFSR.c **** *  void
 148:Generated_Source\PSoC5/LFSR.c **** *
 149:Generated_Source\PSoC5/LFSR.c **** * Return:
 150:Generated_Source\PSoC5/LFSR.c **** *  void
 151:Generated_Source\PSoC5/LFSR.c **** *
 152:Generated_Source\PSoC5/LFSR.c **** *******************************************************************************/
 153:Generated_Source\PSoC5/LFSR.c **** void LFSR_Stop(void) 
 154:Generated_Source\PSoC5/LFSR.c **** {
  54              		.loc 1 154 0
  55              		.cfi_startproc
  56              		@ args = 0, pretend = 0, frame = 0
  57              		@ frame_needed = 0, uses_anonymous_args = 0
  58              		@ link register save eliminated.
 155:Generated_Source\PSoC5/LFSR.c ****     LFSR_CONTROL_REG &= ((uint8)~LFSR_CTRL_ENABLE);
  59              		.loc 1 155 0
  60 0000 024A     		ldr	r2, .L5
  61 0002 1378     		ldrb	r3, [r2]	@ zero_extendqisi2
  62 0004 03F0FE03 		and	r3, r3, #254
  63 0008 1370     		strb	r3, [r2]
  64 000a 7047     		bx	lr
  65              	.L6:
  66              		.align	2
  67              	.L5:
  68 000c 75640040 		.word	1073767541
  69              		.cfi_endproc
  70              	.LFE3:
  71              		.size	LFSR_Stop, .-LFSR_Stop
  72              		.section	.text.LFSR_ResetSeedInit,"ax",%progbits
  73              		.align	2
ARM GAS  C:\Users\214016~1\AppData\Local\Temp\ccv5eoax.s 			page 5


  74              		.global	LFSR_ResetSeedInit
  75              		.thumb
  76              		.thumb_func
  77              		.type	LFSR_ResetSeedInit, %function
  78              	LFSR_ResetSeedInit:
  79              	.LFB4:
 156:Generated_Source\PSoC5/LFSR.c **** }
 157:Generated_Source\PSoC5/LFSR.c **** 
 158:Generated_Source\PSoC5/LFSR.c **** 
 159:Generated_Source\PSoC5/LFSR.c **** #if (LFSR_RUN_MODE == LFSR__APISINGLESTEP)
 160:Generated_Source\PSoC5/LFSR.c ****     /*******************************************************************************
 161:Generated_Source\PSoC5/LFSR.c ****     * FUNCTION NAME: LFSR_Step
 162:Generated_Source\PSoC5/LFSR.c ****     ********************************************************************************
 163:Generated_Source\PSoC5/LFSR.c ****     *
 164:Generated_Source\PSoC5/LFSR.c ****     * Summary:
 165:Generated_Source\PSoC5/LFSR.c ****     *  Increments the PRS by one when API single step mode is used.
 166:Generated_Source\PSoC5/LFSR.c ****     *
 167:Generated_Source\PSoC5/LFSR.c ****     * Parameters:
 168:Generated_Source\PSoC5/LFSR.c ****     *  void
 169:Generated_Source\PSoC5/LFSR.c ****     *
 170:Generated_Source\PSoC5/LFSR.c ****     * Return:
 171:Generated_Source\PSoC5/LFSR.c ****     *  void
 172:Generated_Source\PSoC5/LFSR.c ****     *
 173:Generated_Source\PSoC5/LFSR.c ****     *******************************************************************************/
 174:Generated_Source\PSoC5/LFSR.c ****     void LFSR_Step(void) 
 175:Generated_Source\PSoC5/LFSR.c ****     {
 176:Generated_Source\PSoC5/LFSR.c ****         #if (LFSR_TIME_MULTIPLEXING_ENABLE)
 177:Generated_Source\PSoC5/LFSR.c ****             /* Makes 4 pulse, 4x for Time Mult */
 178:Generated_Source\PSoC5/LFSR.c ****             LFSR_EXECUTE_STEP;
 179:Generated_Source\PSoC5/LFSR.c ****             LFSR_EXECUTE_STEP;
 180:Generated_Source\PSoC5/LFSR.c ****             LFSR_EXECUTE_STEP;
 181:Generated_Source\PSoC5/LFSR.c ****             LFSR_EXECUTE_STEP;
 182:Generated_Source\PSoC5/LFSR.c **** 
 183:Generated_Source\PSoC5/LFSR.c ****         #else
 184:Generated_Source\PSoC5/LFSR.c ****             /* One pulse without Time mult required */
 185:Generated_Source\PSoC5/LFSR.c ****             LFSR_EXECUTE_STEP;
 186:Generated_Source\PSoC5/LFSR.c **** 
 187:Generated_Source\PSoC5/LFSR.c ****         #endif  /* End LFSR_TIME_MULTIPLEXING_ENABLE */
 188:Generated_Source\PSoC5/LFSR.c ****     }
 189:Generated_Source\PSoC5/LFSR.c **** #endif  /* End (LFSR_RUN_MODE == LFSR__APISINGLESTEP) */
 190:Generated_Source\PSoC5/LFSR.c **** 
 191:Generated_Source\PSoC5/LFSR.c **** 
 192:Generated_Source\PSoC5/LFSR.c **** #if (LFSR_RUN_MODE == LFSR__CLOCKED)
 193:Generated_Source\PSoC5/LFSR.c ****     #if (LFSR_PRS_SIZE <= 32u) /* 8-32 bits PRS */
 194:Generated_Source\PSoC5/LFSR.c ****         /*******************************************************************************
 195:Generated_Source\PSoC5/LFSR.c ****         * FUNCTION NAME: LFSR_ResetSeedInit
 196:Generated_Source\PSoC5/LFSR.c ****         ********************************************************************************
 197:Generated_Source\PSoC5/LFSR.c ****         *
 198:Generated_Source\PSoC5/LFSR.c ****         * Summary:
 199:Generated_Source\PSoC5/LFSR.c ****         *  Increments the PRS by one when API single step mode is used.
 200:Generated_Source\PSoC5/LFSR.c ****         *
 201:Generated_Source\PSoC5/LFSR.c ****         * Parameters:
 202:Generated_Source\PSoC5/LFSR.c ****         *  void
 203:Generated_Source\PSoC5/LFSR.c ****         *
 204:Generated_Source\PSoC5/LFSR.c ****         * Return:
 205:Generated_Source\PSoC5/LFSR.c ****         *  void
 206:Generated_Source\PSoC5/LFSR.c ****         *
ARM GAS  C:\Users\214016~1\AppData\Local\Temp\ccv5eoax.s 			page 6


 207:Generated_Source\PSoC5/LFSR.c ****         *******************************************************************************/
 208:Generated_Source\PSoC5/LFSR.c ****         void LFSR_ResetSeedInit(uint16 seed)
 209:Generated_Source\PSoC5/LFSR.c ****                                             
 210:Generated_Source\PSoC5/LFSR.c ****         {
  80              		.loc 1 210 0
  81              		.cfi_startproc
  82              		@ args = 0, pretend = 0, frame = 0
  83              		@ frame_needed = 0, uses_anonymous_args = 0
  84              	.LVL0:
  85 0000 10B5     		push	{r4, lr}
  86              		.cfi_def_cfa_offset 8
  87              		.cfi_offset 4, -8
  88              		.cfi_offset 14, -4
 211:Generated_Source\PSoC5/LFSR.c ****             uint8 enableInterrupts;
 212:Generated_Source\PSoC5/LFSR.c **** 
 213:Generated_Source\PSoC5/LFSR.c ****             /* Mask the Seed to cut unused bits */
 214:Generated_Source\PSoC5/LFSR.c ****             seed &= LFSR_MASK;
  89              		.loc 1 214 0
  90 0002 C0F30D04 		ubfx	r4, r0, #0, #14
  91              	.LVL1:
 215:Generated_Source\PSoC5/LFSR.c **** 
 216:Generated_Source\PSoC5/LFSR.c ****             /* Change AuxControl reg, need to be safety */
 217:Generated_Source\PSoC5/LFSR.c ****             enableInterrupts = CyEnterCriticalSection();
  92              		.loc 1 217 0
  93 0006 FFF7FEFF 		bl	CyEnterCriticalSection
  94              	.LVL2:
 218:Generated_Source\PSoC5/LFSR.c **** 
 219:Generated_Source\PSoC5/LFSR.c ****             #if (LFSR_TIME_MULTIPLEXING_ENABLE)
 220:Generated_Source\PSoC5/LFSR.c ****                 /* Set FIFOs to single register */
 221:Generated_Source\PSoC5/LFSR.c ****                 LFSR_AUX_CONTROL_A_REG |= LFSR_AUXCTRL_FIFO_SINGLE_REG;
 222:Generated_Source\PSoC5/LFSR.c **** 
 223:Generated_Source\PSoC5/LFSR.c ****                 #if(LFSR_PRS_SIZE > 16u)       /* 17-32 bits PRS */
 224:Generated_Source\PSoC5/LFSR.c ****                     LFSR_AUX_CONTROL_B_REG |= LFSR_AUXCTRL_FIFO_SINGLE_REG;
 225:Generated_Source\PSoC5/LFSR.c ****                 #endif  /* End (LFSR_PRS_SIZE <= 8u) */
 226:Generated_Source\PSoC5/LFSR.c **** 
 227:Generated_Source\PSoC5/LFSR.c ****                 /* AuxControl reg settings are done */
 228:Generated_Source\PSoC5/LFSR.c ****                 CyExitCriticalSection(enableInterrupts);
 229:Generated_Source\PSoC5/LFSR.c **** 
 230:Generated_Source\PSoC5/LFSR.c ****                 /* Write Seed COPY */
 231:Generated_Source\PSoC5/LFSR.c ****                 #if (LFSR_PRS_SIZE <= 16u)          /* 16 bits PRS */
 232:Generated_Source\PSoC5/LFSR.c ****                     LFSR_SEED_COPY_A__A1_REG = HI8(seed);
 233:Generated_Source\PSoC5/LFSR.c ****                     LFSR_SEED_COPY_A__A0_REG = LO8(seed);
 234:Generated_Source\PSoC5/LFSR.c **** 
 235:Generated_Source\PSoC5/LFSR.c ****                 #elif (LFSR_PRS_SIZE <= 24u)        /* 24 bits PRS */
 236:Generated_Source\PSoC5/LFSR.c ****                     LFSR_SEED_COPY_B__A1_REG = LO8(HI16(seed));
 237:Generated_Source\PSoC5/LFSR.c ****                     LFSR_SEED_COPY_B__A0_REG = HI8(seed);
 238:Generated_Source\PSoC5/LFSR.c ****                     LFSR_SEED_COPY_A__A0_REG = LO8(seed);
 239:Generated_Source\PSoC5/LFSR.c **** 
 240:Generated_Source\PSoC5/LFSR.c ****                 #else                                           /* 32 bits PRS */
 241:Generated_Source\PSoC5/LFSR.c ****                     LFSR_SEED_COPY_B__A1_REG = HI8(HI16(seed));
 242:Generated_Source\PSoC5/LFSR.c ****                     LFSR_SEED_COPY_A__A1_REG = LO8(HI16(seed));
 243:Generated_Source\PSoC5/LFSR.c ****                     LFSR_SEED_COPY_B__A0_REG = HI8(seed);
 244:Generated_Source\PSoC5/LFSR.c ****                     LFSR_SEED_COPY_A__A0_REG = LO8(seed);
 245:Generated_Source\PSoC5/LFSR.c ****                 #endif  /* End (LFSR_PRS_SIZE <= 32u) */
 246:Generated_Source\PSoC5/LFSR.c **** 
 247:Generated_Source\PSoC5/LFSR.c ****             #else
 248:Generated_Source\PSoC5/LFSR.c ****                 /* Set FIFOs to single register */
ARM GAS  C:\Users\214016~1\AppData\Local\Temp\ccv5eoax.s 			page 7


 249:Generated_Source\PSoC5/LFSR.c ****                 #if (LFSR_PRS_SIZE <= 8u)      /* 8 bits PRS */
 250:Generated_Source\PSoC5/LFSR.c ****                     LFSR_AUX_CONTROL_A_REG |= LFSR_AUXCTRL_FIFO_SINGLE_REG;
 251:Generated_Source\PSoC5/LFSR.c **** 
 252:Generated_Source\PSoC5/LFSR.c ****                 #elif (LFSR_PRS_SIZE <= 16u)      /* 16 bits PRS */
 253:Generated_Source\PSoC5/LFSR.c ****                     LFSR_AUX_CONTROL_A_REG  |= LFSR_AUXCTRL_FIFO_SINGLE_REG;
  95              		.loc 1 253 0
  96 000a 074A     		ldr	r2, .L9
  97 000c 1378     		ldrb	r3, [r2]	@ zero_extendqisi2
  98 000e 43F00303 		orr	r3, r3, #3
  99 0012 1370     		strb	r3, [r2]
 254:Generated_Source\PSoC5/LFSR.c ****                     LFSR_AUX_CONTROL_B_REG  |= LFSR_AUXCTRL_FIFO_SINGLE_REG;
 100              		.loc 1 254 0
 101 0014 0132     		adds	r2, r2, #1
 102 0016 1378     		ldrb	r3, [r2]	@ zero_extendqisi2
 103 0018 43F00303 		orr	r3, r3, #3
 104 001c 1370     		strb	r3, [r2]
 255:Generated_Source\PSoC5/LFSR.c **** 
 256:Generated_Source\PSoC5/LFSR.c ****                 #elif (LFSR_PRS_SIZE <= 24u)      /* 24-39 bits PRS */
 257:Generated_Source\PSoC5/LFSR.c ****                     LFSR_AUX_CONTROL_A_REG  |= LFSR_AUXCTRL_FIFO_SINGLE_REG;
 258:Generated_Source\PSoC5/LFSR.c ****                     LFSR_AUX_CONTROL_B_REG  |= LFSR_AUXCTRL_FIFO_SINGLE_REG;
 259:Generated_Source\PSoC5/LFSR.c ****                     LFSR_AUX_CONTROL_C_REG  |= LFSR_AUXCTRL_FIFO_SINGLE_REG;
 260:Generated_Source\PSoC5/LFSR.c **** 
 261:Generated_Source\PSoC5/LFSR.c ****                 #elif (LFSR_PRS_SIZE <= 32u)      /* 40-55 bits PRS */
 262:Generated_Source\PSoC5/LFSR.c ****                     LFSR_AUX_CONTROL_A_REG  |= LFSR_AUXCTRL_FIFO_SINGLE_REG;
 263:Generated_Source\PSoC5/LFSR.c ****                     LFSR_AUX_CONTROL_B_REG  |= LFSR_AUXCTRL_FIFO_SINGLE_REG;
 264:Generated_Source\PSoC5/LFSR.c ****                     LFSR_AUX_CONTROL_C_REG  |= LFSR_AUXCTRL_FIFO_SINGLE_REG;
 265:Generated_Source\PSoC5/LFSR.c ****                     LFSR_AUX_CONTROL_D_REG  |= LFSR_AUXCTRL_FIFO_SINGLE_REG;
 266:Generated_Source\PSoC5/LFSR.c **** 
 267:Generated_Source\PSoC5/LFSR.c ****                 #endif  /* End (LFSR_PRS_SIZE <= 8u) */
 268:Generated_Source\PSoC5/LFSR.c **** 
 269:Generated_Source\PSoC5/LFSR.c ****                 /* AuxControl reg setting are done */
 270:Generated_Source\PSoC5/LFSR.c ****                 CyExitCriticalSection(enableInterrupts);
 105              		.loc 1 270 0
 106 001e FFF7FEFF 		bl	CyExitCriticalSection
 107              	.LVL3:
 271:Generated_Source\PSoC5/LFSR.c **** 
 272:Generated_Source\PSoC5/LFSR.c ****                 /* Write Seed COPY */
 273:Generated_Source\PSoC5/LFSR.c ****                 CY_SET_REG16(LFSR_SEED_COPY_PTR, seed);
 108              		.loc 1 273 0
 109 0022 024B     		ldr	r3, .L9+4
 110 0024 1C80     		strh	r4, [r3]	@ movhi
 111 0026 10BD     		pop	{r4, pc}
 112              	.LVL4:
 113              	.L10:
 114              		.align	2
 115              	.L9:
 116 0028 96640040 		.word	1073767574
 117 002c 46640040 		.word	1073767494
 118              		.cfi_endproc
 119              	.LFE4:
 120              		.size	LFSR_ResetSeedInit, .-LFSR_ResetSeedInit
 121              		.section	.text.LFSR_Read,"ax",%progbits
 122              		.align	2
 123              		.global	LFSR_Read
 124              		.thumb
 125              		.thumb_func
 126              		.type	LFSR_Read, %function
ARM GAS  C:\Users\214016~1\AppData\Local\Temp\ccv5eoax.s 			page 8


 127              	LFSR_Read:
 128              	.LFB5:
 274:Generated_Source\PSoC5/LFSR.c **** 
 275:Generated_Source\PSoC5/LFSR.c ****             #endif  /* End (LFSR_TIME_MULTIPLEXING_ENABLE) */
 276:Generated_Source\PSoC5/LFSR.c ****         }
 277:Generated_Source\PSoC5/LFSR.c **** 
 278:Generated_Source\PSoC5/LFSR.c ****     #else
 279:Generated_Source\PSoC5/LFSR.c **** 
 280:Generated_Source\PSoC5/LFSR.c ****         /*******************************************************************************
 281:Generated_Source\PSoC5/LFSR.c ****         * FUNCTION NAME: LFSR_ResetSeedInitUpper
 282:Generated_Source\PSoC5/LFSR.c ****         ********************************************************************************
 283:Generated_Source\PSoC5/LFSR.c ****         *
 284:Generated_Source\PSoC5/LFSR.c ****         * Summary:
 285:Generated_Source\PSoC5/LFSR.c ****         *  Increments the PRS by one when API single step mode is used.
 286:Generated_Source\PSoC5/LFSR.c ****         *
 287:Generated_Source\PSoC5/LFSR.c ****         * Parameters:
 288:Generated_Source\PSoC5/LFSR.c ****         *  void
 289:Generated_Source\PSoC5/LFSR.c ****         *
 290:Generated_Source\PSoC5/LFSR.c ****         * Return:
 291:Generated_Source\PSoC5/LFSR.c ****         *  void
 292:Generated_Source\PSoC5/LFSR.c ****         *
 293:Generated_Source\PSoC5/LFSR.c ****         *******************************************************************************/
 294:Generated_Source\PSoC5/LFSR.c ****         void LFSR_ResetSeedInitUpper(uint32 seed) 
 295:Generated_Source\PSoC5/LFSR.c ****         {
 296:Generated_Source\PSoC5/LFSR.c **** 			uint8 enableInterrupts;
 297:Generated_Source\PSoC5/LFSR.c **** 
 298:Generated_Source\PSoC5/LFSR.c **** 			/* Mask the Seed Upper half to cut unused bits */
 299:Generated_Source\PSoC5/LFSR.c ****             seed &= LFSR_MASK;
 300:Generated_Source\PSoC5/LFSR.c **** 
 301:Generated_Source\PSoC5/LFSR.c **** 			/* Change AuxControl reg, need to be safety */
 302:Generated_Source\PSoC5/LFSR.c ****             enableInterrupts = CyEnterCriticalSection();
 303:Generated_Source\PSoC5/LFSR.c **** 
 304:Generated_Source\PSoC5/LFSR.c ****             /* Set FIFOs to single register */
 305:Generated_Source\PSoC5/LFSR.c ****             LFSR_AUX_CONTROL_A_REG |= LFSR_AUXCTRL_FIFO_SINGLE_REG;
 306:Generated_Source\PSoC5/LFSR.c ****             LFSR_AUX_CONTROL_B_REG |= LFSR_AUXCTRL_FIFO_SINGLE_REG;
 307:Generated_Source\PSoC5/LFSR.c ****             LFSR_AUX_CONTROL_C_REG |= LFSR_AUXCTRL_FIFO_SINGLE_REG;
 308:Generated_Source\PSoC5/LFSR.c **** 
 309:Generated_Source\PSoC5/LFSR.c **** 			#if (LFSR_PRS_SIZE > 48u)               /* 49-64 bits PRS */
 310:Generated_Source\PSoC5/LFSR.c ****                 LFSR_AUX_CONTROL_D_REG |= LFSR_AUXCTRL_FIFO_SINGLE_REG;
 311:Generated_Source\PSoC5/LFSR.c ****             #endif  /* End (LFSR_PRS_SIZE <= 8u) */
 312:Generated_Source\PSoC5/LFSR.c **** 
 313:Generated_Source\PSoC5/LFSR.c ****             /* AuxControl reg settings are done */
 314:Generated_Source\PSoC5/LFSR.c ****             CyExitCriticalSection(enableInterrupts);
 315:Generated_Source\PSoC5/LFSR.c **** 
 316:Generated_Source\PSoC5/LFSR.c ****             /* Write Seed Upper COPY */
 317:Generated_Source\PSoC5/LFSR.c ****             #if (LFSR_PRS_SIZE <= 40u)          /* 40 bits PRS */
 318:Generated_Source\PSoC5/LFSR.c ****                 LFSR_SEED_UPPER_COPY_C__A1_REG = LO8(seed);
 319:Generated_Source\PSoC5/LFSR.c **** 
 320:Generated_Source\PSoC5/LFSR.c ****             #elif (LFSR_PRS_SIZE <= 48u)        /* 48 bits PRS */
 321:Generated_Source\PSoC5/LFSR.c ****                 LFSR_SEED_UPPER_COPY_C__A1_REG = HI8(seed);
 322:Generated_Source\PSoC5/LFSR.c ****                 LFSR_SEED_UPPER_COPY_B__A1_REG = LO8(seed);
 323:Generated_Source\PSoC5/LFSR.c **** 
 324:Generated_Source\PSoC5/LFSR.c ****             #elif (LFSR_PRS_SIZE <= 56u)        /* 56 bits PRS */
 325:Generated_Source\PSoC5/LFSR.c ****                 LFSR_SEED_UPPER_COPY_D__A1_REG = LO8(HI16(seed));
 326:Generated_Source\PSoC5/LFSR.c ****                 LFSR_SEED_UPPER_COPY_C__A1_REG = HI8(seed);
 327:Generated_Source\PSoC5/LFSR.c ****                 LFSR_SEED_UPPER_COPY_B__A1_REG = HI8(seed);
 328:Generated_Source\PSoC5/LFSR.c **** 
ARM GAS  C:\Users\214016~1\AppData\Local\Temp\ccv5eoax.s 			page 9


 329:Generated_Source\PSoC5/LFSR.c ****             #else                                           /* 64 bits PRS */
 330:Generated_Source\PSoC5/LFSR.c ****                 LFSR_SEED_UPPER_COPY_D__A1_REG = HI8(HI16(seed));
 331:Generated_Source\PSoC5/LFSR.c ****                 LFSR_SEED_UPPER_COPY_C__A1_REG = LO8(HI16(seed));
 332:Generated_Source\PSoC5/LFSR.c ****                 LFSR_SEED_UPPER_COPY_B__A1_REG = HI8(seed);
 333:Generated_Source\PSoC5/LFSR.c ****                 LFSR_SEED_UPPER_COPY_A__A1_REG = LO8(seed);
 334:Generated_Source\PSoC5/LFSR.c **** 
 335:Generated_Source\PSoC5/LFSR.c ****             #endif  /* End (LFSR_PRS_SIZE <= 32u) */
 336:Generated_Source\PSoC5/LFSR.c ****         }
 337:Generated_Source\PSoC5/LFSR.c **** 
 338:Generated_Source\PSoC5/LFSR.c **** 
 339:Generated_Source\PSoC5/LFSR.c ****         /*******************************************************************************
 340:Generated_Source\PSoC5/LFSR.c ****         * FUNCTION NAME: LFSR_ResetSeedInitLower
 341:Generated_Source\PSoC5/LFSR.c ****         ********************************************************************************
 342:Generated_Source\PSoC5/LFSR.c ****         *
 343:Generated_Source\PSoC5/LFSR.c ****         * Summary:
 344:Generated_Source\PSoC5/LFSR.c ****         *  Increments the PRS by one when API single step mode is used.
 345:Generated_Source\PSoC5/LFSR.c ****         *
 346:Generated_Source\PSoC5/LFSR.c ****         * Parameters:
 347:Generated_Source\PSoC5/LFSR.c ****         *  void
 348:Generated_Source\PSoC5/LFSR.c ****         *
 349:Generated_Source\PSoC5/LFSR.c ****         * Return:
 350:Generated_Source\PSoC5/LFSR.c ****         *  void
 351:Generated_Source\PSoC5/LFSR.c ****         *
 352:Generated_Source\PSoC5/LFSR.c ****         *******************************************************************************/
 353:Generated_Source\PSoC5/LFSR.c ****         void LFSR_ResetSeedInitLower(uint32 seed) 
 354:Generated_Source\PSoC5/LFSR.c ****         {
 355:Generated_Source\PSoC5/LFSR.c ****             /* Write Seed Lower COPY */
 356:Generated_Source\PSoC5/LFSR.c ****             #if (LFSR_PRS_SIZE <= 40u)          /* 40 bits PRS */
 357:Generated_Source\PSoC5/LFSR.c ****                 LFSR_SEED_LOWER_COPY_B__A1_REG = HI8(HI16(seed));
 358:Generated_Source\PSoC5/LFSR.c ****                 LFSR_SEED_LOWER_COPY_C__A0_REG = LO8(HI16(seed));
 359:Generated_Source\PSoC5/LFSR.c ****                 LFSR_SEED_LOWER_COPY_B__A0_REG = HI8(seed);
 360:Generated_Source\PSoC5/LFSR.c ****                 LFSR_SEED_LOWER_COPY_A__A0_REG = LO8(seed);
 361:Generated_Source\PSoC5/LFSR.c **** 
 362:Generated_Source\PSoC5/LFSR.c ****             #elif (LFSR_PRS_SIZE <= 48u)        /* 48 bits PRS */
 363:Generated_Source\PSoC5/LFSR.c ****                 LFSR_SEED_LOWER_COPY_A__A1_REG = HI8(HI16(seed));
 364:Generated_Source\PSoC5/LFSR.c ****                 LFSR_SEED_LOWER_COPY_C__A0_REG = LO8(HI16(seed));
 365:Generated_Source\PSoC5/LFSR.c ****                 LFSR_SEED_LOWER_COPY_B__A0_REG = HI8(seed);
 366:Generated_Source\PSoC5/LFSR.c ****                 LFSR_SEED_LOWER_COPY_A__A0_REG = LO8(seed);
 367:Generated_Source\PSoC5/LFSR.c **** 
 368:Generated_Source\PSoC5/LFSR.c ****             #else                                           /* 64 bits PRS */
 369:Generated_Source\PSoC5/LFSR.c ****                 LFSR_SEED_LOWER_COPY_D__A0_REG = HI8(HI16(seed));
 370:Generated_Source\PSoC5/LFSR.c ****                 LFSR_SEED_LOWER_COPY_C__A0_REG = LO8(HI16(seed));
 371:Generated_Source\PSoC5/LFSR.c ****                 LFSR_SEED_LOWER_COPY_B__A0_REG = HI8(seed);
 372:Generated_Source\PSoC5/LFSR.c ****                 LFSR_SEED_LOWER_COPY_A__A0_REG = LO8(seed);
 373:Generated_Source\PSoC5/LFSR.c **** 
 374:Generated_Source\PSoC5/LFSR.c ****             #endif  /* End (LFSR_PRS_SIZE <= 32u) */
 375:Generated_Source\PSoC5/LFSR.c ****         }
 376:Generated_Source\PSoC5/LFSR.c **** 
 377:Generated_Source\PSoC5/LFSR.c ****     #endif  /* End (LFSR_PRS_SIZE <= 32u) */
 378:Generated_Source\PSoC5/LFSR.c **** 
 379:Generated_Source\PSoC5/LFSR.c **** #endif  /* End (LFSR_RUN_MODE == LFSR__CLOCKED) */
 380:Generated_Source\PSoC5/LFSR.c **** 
 381:Generated_Source\PSoC5/LFSR.c **** 
 382:Generated_Source\PSoC5/LFSR.c **** #if(LFSR_PRS_SIZE <= 32u) /* 8-32 bits PRS */
 383:Generated_Source\PSoC5/LFSR.c ****     /*******************************************************************************
 384:Generated_Source\PSoC5/LFSR.c ****     * Function Name: LFSR_Read
 385:Generated_Source\PSoC5/LFSR.c ****     ********************************************************************************
ARM GAS  C:\Users\214016~1\AppData\Local\Temp\ccv5eoax.s 			page 10


 386:Generated_Source\PSoC5/LFSR.c ****     *
 387:Generated_Source\PSoC5/LFSR.c ****     * Summary:
 388:Generated_Source\PSoC5/LFSR.c ****     *  Reads PRS value.
 389:Generated_Source\PSoC5/LFSR.c ****     *
 390:Generated_Source\PSoC5/LFSR.c ****     * Parameters:
 391:Generated_Source\PSoC5/LFSR.c ****     *  void
 392:Generated_Source\PSoC5/LFSR.c ****     *
 393:Generated_Source\PSoC5/LFSR.c ****     * Return:
 394:Generated_Source\PSoC5/LFSR.c ****     *  Returns PRS value.
 395:Generated_Source\PSoC5/LFSR.c ****     *
 396:Generated_Source\PSoC5/LFSR.c ****     * Side Effects:
 397:Generated_Source\PSoC5/LFSR.c ****     *  The seed value is cut according to mask = 2^(Resolution) - 1.
 398:Generated_Source\PSoC5/LFSR.c ****     *  For example if PRS Resolution is 14 bits the mask value is:
 399:Generated_Source\PSoC5/LFSR.c ****     *  mask = 2^(14) - 1 = 0x3FFFu.
 400:Generated_Source\PSoC5/LFSR.c ****     *  The seed value = 0xFFFFu is cut:
 401:Generated_Source\PSoC5/LFSR.c ****     *  seed & mask = 0xFFFFu & 0x3FFFu = 0x3FFFu.
 402:Generated_Source\PSoC5/LFSR.c ****     *
 403:Generated_Source\PSoC5/LFSR.c ****     *******************************************************************************/
 404:Generated_Source\PSoC5/LFSR.c ****     uint16 LFSR_Read(void) 
 405:Generated_Source\PSoC5/LFSR.c ****     {
 129              		.loc 1 405 0
 130              		.cfi_startproc
 131              		@ args = 0, pretend = 0, frame = 0
 132              		@ frame_needed = 0, uses_anonymous_args = 0
 133              		@ link register save eliminated.
 406:Generated_Source\PSoC5/LFSR.c ****         /* Read PRS */
 407:Generated_Source\PSoC5/LFSR.c ****         #if (LFSR_TIME_MULTIPLEXING_ENABLE)
 408:Generated_Source\PSoC5/LFSR.c **** 
 409:Generated_Source\PSoC5/LFSR.c ****             uint16 seed;
 410:Generated_Source\PSoC5/LFSR.c **** 
 411:Generated_Source\PSoC5/LFSR.c ****             #if (LFSR_PRS_SIZE <= 16u)          /* 16 bits PRS */
 412:Generated_Source\PSoC5/LFSR.c ****                 seed = ((uint16) LFSR_SEED_A__A1_REG) << 8u;
 413:Generated_Source\PSoC5/LFSR.c ****                 seed |= LFSR_SEED_A__A0_REG;
 414:Generated_Source\PSoC5/LFSR.c **** 
 415:Generated_Source\PSoC5/LFSR.c ****             #elif (LFSR_PRS_SIZE <= 24u)        /* 24 bits PRS */
 416:Generated_Source\PSoC5/LFSR.c ****                 seed = ((uint32) (LFSR_SEED_B__A1_REG)) << 16u;
 417:Generated_Source\PSoC5/LFSR.c ****                 seed |= ((uint32) (LFSR_SEED_B__A0_REG)) << 8u;
 418:Generated_Source\PSoC5/LFSR.c ****                 seed |= LFSR_SEED_A__A0_REG;
 419:Generated_Source\PSoC5/LFSR.c **** 
 420:Generated_Source\PSoC5/LFSR.c ****             #else                                           /* 32 bits PRS */
 421:Generated_Source\PSoC5/LFSR.c ****                 seed = ((uint32) LFSR_SEED_B__A1_REG) << 24u;
 422:Generated_Source\PSoC5/LFSR.c ****                 seed |= ((uint32) LFSR_SEED_A__A1_REG) << 16u;
 423:Generated_Source\PSoC5/LFSR.c ****                 seed |= ((uint32) LFSR_SEED_B__A0_REG) << 8u;
 424:Generated_Source\PSoC5/LFSR.c ****                 seed |= LFSR_SEED_A__A0_REG;
 425:Generated_Source\PSoC5/LFSR.c **** 
 426:Generated_Source\PSoC5/LFSR.c ****             #endif  /* End (LFSR_PRS_SIZE <= 8u) */
 427:Generated_Source\PSoC5/LFSR.c **** 
 428:Generated_Source\PSoC5/LFSR.c ****             return (seed  & LFSR_MASK);
 429:Generated_Source\PSoC5/LFSR.c **** 
 430:Generated_Source\PSoC5/LFSR.c ****         #else
 431:Generated_Source\PSoC5/LFSR.c **** 
 432:Generated_Source\PSoC5/LFSR.c ****             return (CY_GET_REG16(LFSR_SEED_PTR) & LFSR_MASK);
 134              		.loc 1 432 0
 135 0000 024B     		ldr	r3, .L12
 136 0002 1888     		ldrh	r0, [r3]
 433:Generated_Source\PSoC5/LFSR.c **** 
 434:Generated_Source\PSoC5/LFSR.c ****         #endif  /* End (LFSR_TIME_MULTIPLEXING_ENABLE) */
ARM GAS  C:\Users\214016~1\AppData\Local\Temp\ccv5eoax.s 			page 11


 435:Generated_Source\PSoC5/LFSR.c ****     }
 137              		.loc 1 435 0
 138 0004 C0F30D00 		ubfx	r0, r0, #0, #14
 139 0008 7047     		bx	lr
 140              	.L13:
 141 000a 00BF     		.align	2
 142              	.L12:
 143 000c 06640040 		.word	1073767430
 144              		.cfi_endproc
 145              	.LFE5:
 146              		.size	LFSR_Read, .-LFSR_Read
 147              		.section	.text.LFSR_WriteSeed,"ax",%progbits
 148              		.align	2
 149              		.global	LFSR_WriteSeed
 150              		.thumb
 151              		.thumb_func
 152              		.type	LFSR_WriteSeed, %function
 153              	LFSR_WriteSeed:
 154              	.LFB6:
 436:Generated_Source\PSoC5/LFSR.c **** 
 437:Generated_Source\PSoC5/LFSR.c **** 
 438:Generated_Source\PSoC5/LFSR.c ****     /*******************************************************************************
 439:Generated_Source\PSoC5/LFSR.c ****     * Function Name: LFSR_WriteSeed
 440:Generated_Source\PSoC5/LFSR.c ****     ********************************************************************************
 441:Generated_Source\PSoC5/LFSR.c ****     *
 442:Generated_Source\PSoC5/LFSR.c ****     * Summary:
 443:Generated_Source\PSoC5/LFSR.c ****     *  Writes seed value.
 444:Generated_Source\PSoC5/LFSR.c ****     *
 445:Generated_Source\PSoC5/LFSR.c ****     * Parameters:
 446:Generated_Source\PSoC5/LFSR.c ****     *  seed:  Seed value.
 447:Generated_Source\PSoC5/LFSR.c ****     *
 448:Generated_Source\PSoC5/LFSR.c ****     * Return:
 449:Generated_Source\PSoC5/LFSR.c ****     *  void
 450:Generated_Source\PSoC5/LFSR.c ****     *
 451:Generated_Source\PSoC5/LFSR.c ****     * Side Effects:
 452:Generated_Source\PSoC5/LFSR.c ****     *  The seed value is cut according to mask = 2^(Resolution) - 1.
 453:Generated_Source\PSoC5/LFSR.c ****     *  For example if PRS Resolution is 14 bits the mask value is:
 454:Generated_Source\PSoC5/LFSR.c ****     *  mask = 2^(14) - 1 = 0x3FFFu.
 455:Generated_Source\PSoC5/LFSR.c ****     *  The seed value = 0xFFFFu is cut:
 456:Generated_Source\PSoC5/LFSR.c ****     *  seed & mask = 0xFFFFu & 0x3FFFu = 0x3FFFu.
 457:Generated_Source\PSoC5/LFSR.c ****     *
 458:Generated_Source\PSoC5/LFSR.c ****     *******************************************************************************/
 459:Generated_Source\PSoC5/LFSR.c ****     void LFSR_WriteSeed(uint16 seed) 
 460:Generated_Source\PSoC5/LFSR.c ****     {
 155              		.loc 1 460 0
 156              		.cfi_startproc
 157              		@ args = 0, pretend = 0, frame = 0
 158              		@ frame_needed = 0, uses_anonymous_args = 0
 159              		@ link register save eliminated.
 160              	.LVL5:
 461:Generated_Source\PSoC5/LFSR.c ****         /* Masks the Seed to cut unused bits */
 462:Generated_Source\PSoC5/LFSR.c ****         seed &= LFSR_MASK;
 161              		.loc 1 462 0
 162 0000 C0F30D00 		ubfx	r0, r0, #0, #14
 163              	.LVL6:
 463:Generated_Source\PSoC5/LFSR.c **** 
 464:Generated_Source\PSoC5/LFSR.c ****         /* Writes Seed */
ARM GAS  C:\Users\214016~1\AppData\Local\Temp\ccv5eoax.s 			page 12


 465:Generated_Source\PSoC5/LFSR.c ****         #if (LFSR_TIME_MULTIPLEXING_ENABLE)
 466:Generated_Source\PSoC5/LFSR.c **** 
 467:Generated_Source\PSoC5/LFSR.c ****             #if (LFSR_PRS_SIZE <= 16u)          /* 16 bits PRS */
 468:Generated_Source\PSoC5/LFSR.c ****                 LFSR_SEED_A__A1_REG = HI8(seed);
 469:Generated_Source\PSoC5/LFSR.c ****                 LFSR_SEED_A__A0_REG = LO8(seed);
 470:Generated_Source\PSoC5/LFSR.c **** 
 471:Generated_Source\PSoC5/LFSR.c ****             #elif (LFSR_PRS_SIZE <= 24u)        /* 24 bits PRS */
 472:Generated_Source\PSoC5/LFSR.c ****                 LFSR_SEED_B__A1_REG = LO8(HI16(seed));
 473:Generated_Source\PSoC5/LFSR.c ****                 LFSR_SEED_B__A0_REG = HI8(seed);
 474:Generated_Source\PSoC5/LFSR.c ****                 LFSR_SEED_A__A0_REG = LO8(seed);
 475:Generated_Source\PSoC5/LFSR.c **** 
 476:Generated_Source\PSoC5/LFSR.c ****             #else                                           /* 32 bits PRS */
 477:Generated_Source\PSoC5/LFSR.c ****                 LFSR_SEED_B__A1_REG = HI8(HI16(seed));
 478:Generated_Source\PSoC5/LFSR.c ****                 LFSR_SEED_A__A1_REG = LO8(HI16(seed));
 479:Generated_Source\PSoC5/LFSR.c ****                 LFSR_SEED_B__A0_REG = HI8(seed);
 480:Generated_Source\PSoC5/LFSR.c ****                 LFSR_SEED_A__A0_REG = LO8(seed);
 481:Generated_Source\PSoC5/LFSR.c ****             #endif  /* End (LFSR_PRS_SIZE <= 32u) */
 482:Generated_Source\PSoC5/LFSR.c **** 
 483:Generated_Source\PSoC5/LFSR.c ****             /* Resets triggers */
 484:Generated_Source\PSoC5/LFSR.c ****             #if (LFSR_WAKEUP_BEHAVIOUR == LFSR__RESUMEWORK)
 485:Generated_Source\PSoC5/LFSR.c ****                 if((LFSR_sleepState & LFSR_NORMAL_SEQUENCE) != 0u)
 486:Generated_Source\PSoC5/LFSR.c ****                 {
 487:Generated_Source\PSoC5/LFSR.c ****                     LFSR_EXECUTE_DFF_RESET;
 488:Generated_Source\PSoC5/LFSR.c ****                 }
 489:Generated_Source\PSoC5/LFSR.c ****             #else
 490:Generated_Source\PSoC5/LFSR.c ****                 LFSR_EXECUTE_DFF_RESET;
 491:Generated_Source\PSoC5/LFSR.c ****             #endif  /* (LFSR_WAKEUP_BEHAVIOUR == LFSR__RESUMEWORK) */
 492:Generated_Source\PSoC5/LFSR.c **** 
 493:Generated_Source\PSoC5/LFSR.c ****         #else
 494:Generated_Source\PSoC5/LFSR.c **** 
 495:Generated_Source\PSoC5/LFSR.c ****             CY_SET_REG16(LFSR_SEED_PTR, seed);
 164              		.loc 1 495 0
 165 0004 014B     		ldr	r3, .L15
 166 0006 1880     		strh	r0, [r3]	@ movhi
 167 0008 7047     		bx	lr
 168              	.L16:
 169 000a 00BF     		.align	2
 170              	.L15:
 171 000c 06640040 		.word	1073767430
 172              		.cfi_endproc
 173              	.LFE6:
 174              		.size	LFSR_WriteSeed, .-LFSR_WriteSeed
 175              		.section	.text.LFSR_ReadPolynomial,"ax",%progbits
 176              		.align	2
 177              		.global	LFSR_ReadPolynomial
 178              		.thumb
 179              		.thumb_func
 180              		.type	LFSR_ReadPolynomial, %function
 181              	LFSR_ReadPolynomial:
 182              	.LFB7:
 496:Generated_Source\PSoC5/LFSR.c **** 
 497:Generated_Source\PSoC5/LFSR.c ****         #endif  /* End (LFSR_TIME_MULTIPLEXING_ENABLE) */
 498:Generated_Source\PSoC5/LFSR.c ****     }
 499:Generated_Source\PSoC5/LFSR.c **** 
 500:Generated_Source\PSoC5/LFSR.c **** 
 501:Generated_Source\PSoC5/LFSR.c ****     /*******************************************************************************
 502:Generated_Source\PSoC5/LFSR.c ****     * Function Name: LFSR_ReadPolynomial
ARM GAS  C:\Users\214016~1\AppData\Local\Temp\ccv5eoax.s 			page 13


 503:Generated_Source\PSoC5/LFSR.c ****     ********************************************************************************
 504:Generated_Source\PSoC5/LFSR.c ****     *
 505:Generated_Source\PSoC5/LFSR.c ****     * Summary:
 506:Generated_Source\PSoC5/LFSR.c ****     *  Reads PRS polynomial value.
 507:Generated_Source\PSoC5/LFSR.c ****     *
 508:Generated_Source\PSoC5/LFSR.c ****     * Parameters:
 509:Generated_Source\PSoC5/LFSR.c ****     *  void
 510:Generated_Source\PSoC5/LFSR.c ****     *
 511:Generated_Source\PSoC5/LFSR.c ****     * Return:
 512:Generated_Source\PSoC5/LFSR.c ****     *  Returns PRS polynomial value.
 513:Generated_Source\PSoC5/LFSR.c ****     *
 514:Generated_Source\PSoC5/LFSR.c ****     *******************************************************************************/
 515:Generated_Source\PSoC5/LFSR.c ****     uint16 LFSR_ReadPolynomial(void)
 516:Generated_Source\PSoC5/LFSR.c ****                                 
 517:Generated_Source\PSoC5/LFSR.c ****     {
 183              		.loc 1 517 0
 184              		.cfi_startproc
 185              		@ args = 0, pretend = 0, frame = 0
 186              		@ frame_needed = 0, uses_anonymous_args = 0
 187              		@ link register save eliminated.
 518:Generated_Source\PSoC5/LFSR.c ****         /* Reads polynomial */
 519:Generated_Source\PSoC5/LFSR.c ****         #if (LFSR_TIME_MULTIPLEXING_ENABLE)
 520:Generated_Source\PSoC5/LFSR.c **** 
 521:Generated_Source\PSoC5/LFSR.c ****             uint16 polynomial;
 522:Generated_Source\PSoC5/LFSR.c **** 
 523:Generated_Source\PSoC5/LFSR.c ****             #if (LFSR_PRS_SIZE <= 16u)          /* 16 bits PRS */
 524:Generated_Source\PSoC5/LFSR.c ****                 polynomial = ((uint16) LFSR_POLYNOM_A__D1_REG) << 8u;
 525:Generated_Source\PSoC5/LFSR.c ****                 polynomial |= (LFSR_POLYNOM_A__D0_REG);
 526:Generated_Source\PSoC5/LFSR.c **** 
 527:Generated_Source\PSoC5/LFSR.c ****             #elif (LFSR_PRS_SIZE <= 24u)        /* 24 bits PRS */
 528:Generated_Source\PSoC5/LFSR.c ****                 polynomial = ((uint32) LFSR_POLYNOM_B__D1_REG) << 16u;
 529:Generated_Source\PSoC5/LFSR.c ****                 polynomial |= ((uint32) LFSR_POLYNOM_B__D0_REG) << 8u;
 530:Generated_Source\PSoC5/LFSR.c ****                 polynomial |= LFSR_POLYNOM_A__D0_REG;
 531:Generated_Source\PSoC5/LFSR.c **** 
 532:Generated_Source\PSoC5/LFSR.c ****             #else                                           /* 32 bits PRS */
 533:Generated_Source\PSoC5/LFSR.c ****                 polynomial = ((uint32) LFSR_POLYNOM_B__D1_REG) << 24u;
 534:Generated_Source\PSoC5/LFSR.c ****                 polynomial |= ((uint32) LFSR_POLYNOM_A__D1_REG) << 16u;
 535:Generated_Source\PSoC5/LFSR.c ****                 polynomial |= ((uint32) LFSR_POLYNOM_B__D0_REG) << 8u;
 536:Generated_Source\PSoC5/LFSR.c ****                 polynomial |= LFSR_POLYNOM_A__D0_REG;
 537:Generated_Source\PSoC5/LFSR.c **** 
 538:Generated_Source\PSoC5/LFSR.c ****             #endif  /* End (LFSR_PRS_SIZE <= 32u) */
 539:Generated_Source\PSoC5/LFSR.c **** 
 540:Generated_Source\PSoC5/LFSR.c ****             return polynomial;
 541:Generated_Source\PSoC5/LFSR.c **** 
 542:Generated_Source\PSoC5/LFSR.c ****         #else
 543:Generated_Source\PSoC5/LFSR.c **** 
 544:Generated_Source\PSoC5/LFSR.c ****             return CY_GET_REG16(LFSR_POLYNOM_PTR);
 188              		.loc 1 544 0
 189 0000 014B     		ldr	r3, .L18
 190 0002 1888     		ldrh	r0, [r3]
 545:Generated_Source\PSoC5/LFSR.c **** 
 546:Generated_Source\PSoC5/LFSR.c ****         #endif  /* End (LFSR_TIME_MULTIPLEXING_ENABLE) */
 547:Generated_Source\PSoC5/LFSR.c ****     }
 191              		.loc 1 547 0
 192 0004 80B2     		uxth	r0, r0
 193 0006 7047     		bx	lr
 194              	.L19:
ARM GAS  C:\Users\214016~1\AppData\Local\Temp\ccv5eoax.s 			page 14


 195              		.align	2
 196              	.L18:
 197 0008 26640040 		.word	1073767462
 198              		.cfi_endproc
 199              	.LFE7:
 200              		.size	LFSR_ReadPolynomial, .-LFSR_ReadPolynomial
 201              		.section	.text.LFSR_WritePolynomial,"ax",%progbits
 202              		.align	2
 203              		.global	LFSR_WritePolynomial
 204              		.thumb
 205              		.thumb_func
 206              		.type	LFSR_WritePolynomial, %function
 207              	LFSR_WritePolynomial:
 208              	.LFB8:
 548:Generated_Source\PSoC5/LFSR.c **** 
 549:Generated_Source\PSoC5/LFSR.c **** 
 550:Generated_Source\PSoC5/LFSR.c ****     /*******************************************************************************
 551:Generated_Source\PSoC5/LFSR.c ****     * Function Name: LFSR_WritePolynomial
 552:Generated_Source\PSoC5/LFSR.c ****     ********************************************************************************
 553:Generated_Source\PSoC5/LFSR.c ****     *
 554:Generated_Source\PSoC5/LFSR.c ****     * Summary:
 555:Generated_Source\PSoC5/LFSR.c ****     *  Writes PRS polynomial value.
 556:Generated_Source\PSoC5/LFSR.c ****     *
 557:Generated_Source\PSoC5/LFSR.c ****     * Parameters:
 558:Generated_Source\PSoC5/LFSR.c ****     *  polynomial:  PRS polynomial.
 559:Generated_Source\PSoC5/LFSR.c ****     *
 560:Generated_Source\PSoC5/LFSR.c ****     * Return:
 561:Generated_Source\PSoC5/LFSR.c ****     *  void
 562:Generated_Source\PSoC5/LFSR.c ****     *
 563:Generated_Source\PSoC5/LFSR.c ****     * Side Effects:
 564:Generated_Source\PSoC5/LFSR.c ****     *  The polynomial value is cut according to mask = 2^(Resolution) - 1.
 565:Generated_Source\PSoC5/LFSR.c ****     *  For example if PRS Resolution is 14 bits the mask value is:
 566:Generated_Source\PSoC5/LFSR.c ****     *  mask = 2^(14) - 1 = 0x3FFFu.
 567:Generated_Source\PSoC5/LFSR.c ****     *  The polynomial value = 0xFFFFu is cut:
 568:Generated_Source\PSoC5/LFSR.c ****     *  polynomial & mask = 0xFFFFu & 0x3FFFu = 0x3FFFu.
 569:Generated_Source\PSoC5/LFSR.c ****     *
 570:Generated_Source\PSoC5/LFSR.c ****     *******************************************************************************/
 571:Generated_Source\PSoC5/LFSR.c ****     void LFSR_WritePolynomial(uint16 polynomial)
 572:Generated_Source\PSoC5/LFSR.c ****                                           
 573:Generated_Source\PSoC5/LFSR.c ****     {
 209              		.loc 1 573 0
 210              		.cfi_startproc
 211              		@ args = 0, pretend = 0, frame = 0
 212              		@ frame_needed = 0, uses_anonymous_args = 0
 213              		@ link register save eliminated.
 214              	.LVL7:
 574:Generated_Source\PSoC5/LFSR.c ****         /* Mask polynomial to cut unused bits */
 575:Generated_Source\PSoC5/LFSR.c ****         polynomial &= LFSR_MASK;
 215              		.loc 1 575 0
 216 0000 C0F30D00 		ubfx	r0, r0, #0, #14
 217              	.LVL8:
 576:Generated_Source\PSoC5/LFSR.c **** 
 577:Generated_Source\PSoC5/LFSR.c ****         /* Write polynomial */
 578:Generated_Source\PSoC5/LFSR.c ****         #if (LFSR_TIME_MULTIPLEXING_ENABLE)
 579:Generated_Source\PSoC5/LFSR.c **** 
 580:Generated_Source\PSoC5/LFSR.c ****             #if (LFSR_PRS_SIZE <= 16u)          /* 16 bits PRS */
 581:Generated_Source\PSoC5/LFSR.c **** 
ARM GAS  C:\Users\214016~1\AppData\Local\Temp\ccv5eoax.s 			page 15


 582:Generated_Source\PSoC5/LFSR.c ****                 LFSR_POLYNOM_A__D1_REG = HI8(polynomial);
 583:Generated_Source\PSoC5/LFSR.c ****                 LFSR_POLYNOM_A__D0_REG = LO8(polynomial);
 584:Generated_Source\PSoC5/LFSR.c **** 
 585:Generated_Source\PSoC5/LFSR.c ****             #elif (LFSR_PRS_SIZE <= 24u)        /* 24 bits PRS */
 586:Generated_Source\PSoC5/LFSR.c ****                 LFSR_POLYNOM_B__D1_REG = LO8(HI16(polynomial));
 587:Generated_Source\PSoC5/LFSR.c ****                 LFSR_POLYNOM_B__D0_REG = HI8(polynomial);
 588:Generated_Source\PSoC5/LFSR.c ****                 LFSR_POLYNOM_A__D0_REG = LO8(polynomial);
 589:Generated_Source\PSoC5/LFSR.c **** 
 590:Generated_Source\PSoC5/LFSR.c ****             #else                                           /* 32 bits PRS */
 591:Generated_Source\PSoC5/LFSR.c ****                 LFSR_POLYNOM_B__D1_REG = HI8(HI16(polynomial));
 592:Generated_Source\PSoC5/LFSR.c ****                 LFSR_POLYNOM_A__D1_REG = LO8(HI16(polynomial));
 593:Generated_Source\PSoC5/LFSR.c ****                 LFSR_POLYNOM_B__D0_REG = HI8(polynomial);
 594:Generated_Source\PSoC5/LFSR.c ****                 LFSR_POLYNOM_A__D0_REG = LO8(polynomial);
 595:Generated_Source\PSoC5/LFSR.c **** 
 596:Generated_Source\PSoC5/LFSR.c ****             #endif  /* End (LFSR_PRS_SIZE <= 32u) */
 597:Generated_Source\PSoC5/LFSR.c **** 
 598:Generated_Source\PSoC5/LFSR.c ****             /* Resets triggers */
 599:Generated_Source\PSoC5/LFSR.c ****             #if (LFSR_WAKEUP_BEHAVIOUR == LFSR__RESUMEWORK)
 600:Generated_Source\PSoC5/LFSR.c ****                 if((LFSR_sleepState & LFSR_NORMAL_SEQUENCE) != 0u)
 601:Generated_Source\PSoC5/LFSR.c ****                 {
 602:Generated_Source\PSoC5/LFSR.c ****                     LFSR_EXECUTE_DFF_RESET;
 603:Generated_Source\PSoC5/LFSR.c ****                 }
 604:Generated_Source\PSoC5/LFSR.c ****             #else
 605:Generated_Source\PSoC5/LFSR.c ****                 LFSR_EXECUTE_DFF_RESET;
 606:Generated_Source\PSoC5/LFSR.c ****             #endif  /* (LFSR_WAKEUP_BEHAVIOUR == LFSR__RESUMEWORK) */
 607:Generated_Source\PSoC5/LFSR.c **** 
 608:Generated_Source\PSoC5/LFSR.c ****         #else
 609:Generated_Source\PSoC5/LFSR.c **** 
 610:Generated_Source\PSoC5/LFSR.c ****             CY_SET_REG16(LFSR_POLYNOM_PTR, polynomial);
 218              		.loc 1 610 0
 219 0004 014B     		ldr	r3, .L21
 220 0006 1880     		strh	r0, [r3]	@ movhi
 221 0008 7047     		bx	lr
 222              	.L22:
 223 000a 00BF     		.align	2
 224              	.L21:
 225 000c 26640040 		.word	1073767462
 226              		.cfi_endproc
 227              	.LFE8:
 228              		.size	LFSR_WritePolynomial, .-LFSR_WritePolynomial
 229              		.section	.text.LFSR_Init,"ax",%progbits
 230              		.align	2
 231              		.global	LFSR_Init
 232              		.thumb
 233              		.thumb_func
 234              		.type	LFSR_Init, %function
 235              	LFSR_Init:
 236              	.LFB0:
  61:Generated_Source\PSoC5/LFSR.c ****     /* Writes seed value and ponynom value provided for customizer */
 237              		.loc 1 61 0
 238              		.cfi_startproc
 239              		@ args = 0, pretend = 0, frame = 0
 240              		@ frame_needed = 0, uses_anonymous_args = 0
 241 0000 08B5     		push	{r3, lr}
 242              		.cfi_def_cfa_offset 8
 243              		.cfi_offset 3, -8
 244              		.cfi_offset 14, -4
ARM GAS  C:\Users\214016~1\AppData\Local\Temp\ccv5eoax.s 			page 16


  64:Generated_Source\PSoC5/LFSR.c ****         LFSR_WriteSeed(LFSR_DEFAULT_SEED);
 245              		.loc 1 64 0
 246 0002 4FF45450 		mov	r0, #13568
 247 0006 FFF7FEFF 		bl	LFSR_WritePolynomial
 248              	.LVL9:
  65:Generated_Source\PSoC5/LFSR.c ****         #if (LFSR_RUN_MODE == LFSR__CLOCKED)
 249              		.loc 1 65 0
 250 000a 43F6FF70 		movw	r0, #16383
 251 000e FFF7FEFF 		bl	LFSR_WriteSeed
 252              	.LVL10:
  67:Generated_Source\PSoC5/LFSR.c ****         #endif  /* End (LFSR_RUN_MODE == LFSR__CLOCKED) */
 253              		.loc 1 67 0
 254 0012 43F6FF70 		movw	r0, #16383
 255 0016 FFF7FEFF 		bl	LFSR_ResetSeedInit
 256              	.LVL11:
  69:Generated_Source\PSoC5/LFSR.c ****     #else
 257              		.loc 1 69 0
 258 001a FFF7FEFF 		bl	LFSR_Enable
 259              	.LVL12:
 260 001e 08BD     		pop	{r3, pc}
 261              		.cfi_endproc
 262              	.LFE0:
 263              		.size	LFSR_Init, .-LFSR_Init
 264              		.section	.text.LFSR_Start,"ax",%progbits
 265              		.align	2
 266              		.global	LFSR_Start
 267              		.thumb
 268              		.thumb_func
 269              		.type	LFSR_Start, %function
 270              	LFSR_Start:
 271              	.LFB2:
 127:Generated_Source\PSoC5/LFSR.c ****     /* Writes seed value and ponynom value provided from customizer */
 272              		.loc 1 127 0
 273              		.cfi_startproc
 274              		@ args = 0, pretend = 0, frame = 0
 275              		@ frame_needed = 0, uses_anonymous_args = 0
 276 0000 08B5     		push	{r3, lr}
 277              		.cfi_def_cfa_offset 8
 278              		.cfi_offset 3, -8
 279              		.cfi_offset 14, -4
 129:Generated_Source\PSoC5/LFSR.c ****     {
 280              		.loc 1 129 0
 281 0002 054B     		ldr	r3, .L28
 282 0004 1B78     		ldrb	r3, [r3]	@ zero_extendqisi2
 283 0006 23B9     		cbnz	r3, .L26
 131:Generated_Source\PSoC5/LFSR.c ****         LFSR_initVar = 1u;
 284              		.loc 1 131 0
 285 0008 FFF7FEFF 		bl	LFSR_Init
 286              	.LVL13:
 132:Generated_Source\PSoC5/LFSR.c ****     }
 287              		.loc 1 132 0
 288 000c 0122     		movs	r2, #1
 289 000e 024B     		ldr	r3, .L28
 290 0010 1A70     		strb	r2, [r3]
 291              	.L26:
 135:Generated_Source\PSoC5/LFSR.c **** }
 292              		.loc 1 135 0
ARM GAS  C:\Users\214016~1\AppData\Local\Temp\ccv5eoax.s 			page 17


 293 0012 FFF7FEFF 		bl	LFSR_Enable
 294              	.LVL14:
 295 0016 08BD     		pop	{r3, pc}
 296              	.L29:
 297              		.align	2
 298              	.L28:
 299 0018 00000000 		.word	.LANCHOR0
 300              		.cfi_endproc
 301              	.LFE2:
 302              		.size	LFSR_Start, .-LFSR_Start
 303              		.global	LFSR_backup
 304              		.global	LFSR_initVar
 305              		.data
 306              		.align	2
 307              		.type	LFSR_backup, %object
 308              		.size	LFSR_backup, 4
 309              	LFSR_backup:
 310 0000 00       		.byte	0
 311 0001 00       		.space	1
 312 0002 FF3F     		.short	16383
 313              		.bss
 314              		.set	.LANCHOR0,. + 0
 315              		.type	LFSR_initVar, %object
 316              		.size	LFSR_initVar, 1
 317              	LFSR_initVar:
 318 0000 00       		.space	1
 319              		.text
 320              	.Letext0:
 321              		.file 2 "Generated_Source\\PSoC5\\cytypes.h"
 322              		.file 3 "Generated_Source\\PSoC5\\LFSR.h"
 323              		.file 4 "Generated_Source\\PSoC5\\CyLib.h"
 324              		.section	.debug_info,"",%progbits
 325              	.Ldebug_info0:
 326 0000 91020000 		.4byte	0x291
 327 0004 0400     		.2byte	0x4
 328 0006 00000000 		.4byte	.Ldebug_abbrev0
 329 000a 04       		.byte	0x4
 330 000b 01       		.uleb128 0x1
 331 000c E0000000 		.4byte	.LASF35
 332 0010 0C       		.byte	0xc
 333 0011 92000000 		.4byte	.LASF36
 334 0015 40000000 		.4byte	.LASF37
 335 0019 00000000 		.4byte	.Ldebug_ranges0+0
 336 001d 00000000 		.4byte	0
 337 0021 00000000 		.4byte	.Ldebug_line0
 338 0025 02       		.uleb128 0x2
 339 0026 01       		.byte	0x1
 340 0027 06       		.byte	0x6
 341 0028 96020000 		.4byte	.LASF0
 342 002c 02       		.uleb128 0x2
 343 002d 01       		.byte	0x1
 344 002e 08       		.byte	0x8
 345 002f D2000000 		.4byte	.LASF1
 346 0033 02       		.uleb128 0x2
 347 0034 02       		.byte	0x2
 348 0035 05       		.byte	0x5
 349 0036 4D020000 		.4byte	.LASF2
ARM GAS  C:\Users\214016~1\AppData\Local\Temp\ccv5eoax.s 			page 18


 350 003a 02       		.uleb128 0x2
 351 003b 02       		.byte	0x2
 352 003c 07       		.byte	0x7
 353 003d 1A000000 		.4byte	.LASF3
 354 0041 02       		.uleb128 0x2
 355 0042 04       		.byte	0x4
 356 0043 05       		.byte	0x5
 357 0044 75020000 		.4byte	.LASF4
 358 0048 02       		.uleb128 0x2
 359 0049 04       		.byte	0x4
 360 004a 07       		.byte	0x7
 361 004b E5010000 		.4byte	.LASF5
 362 004f 02       		.uleb128 0x2
 363 0050 08       		.byte	0x8
 364 0051 05       		.byte	0x5
 365 0052 3A020000 		.4byte	.LASF6
 366 0056 02       		.uleb128 0x2
 367 0057 08       		.byte	0x8
 368 0058 07       		.byte	0x7
 369 0059 B0000000 		.4byte	.LASF7
 370 005d 03       		.uleb128 0x3
 371 005e 04       		.byte	0x4
 372 005f 05       		.byte	0x5
 373 0060 696E7400 		.ascii	"int\000"
 374 0064 02       		.uleb128 0x2
 375 0065 04       		.byte	0x4
 376 0066 07       		.byte	0x7
 377 0067 F7010000 		.4byte	.LASF8
 378 006b 04       		.uleb128 0x4
 379 006c 92010000 		.4byte	.LASF9
 380 0070 02       		.byte	0x2
 381 0071 9201     		.2byte	0x192
 382 0073 2C000000 		.4byte	0x2c
 383 0077 04       		.uleb128 0x4
 384 0078 BB010000 		.4byte	.LASF10
 385 007c 02       		.byte	0x2
 386 007d 9301     		.2byte	0x193
 387 007f 3A000000 		.4byte	0x3a
 388 0083 02       		.uleb128 0x2
 389 0084 04       		.byte	0x4
 390 0085 04       		.byte	0x4
 391 0086 8C000000 		.4byte	.LASF11
 392 008a 02       		.uleb128 0x2
 393 008b 08       		.byte	0x8
 394 008c 04       		.byte	0x4
 395 008d A9010000 		.4byte	.LASF12
 396 0091 02       		.uleb128 0x2
 397 0092 01       		.byte	0x1
 398 0093 08       		.byte	0x8
 399 0094 48020000 		.4byte	.LASF13
 400 0098 04       		.uleb128 0x4
 401 0099 6E010000 		.4byte	.LASF14
 402 009d 02       		.byte	0x2
 403 009e 3C02     		.2byte	0x23c
 404 00a0 A4000000 		.4byte	0xa4
 405 00a4 05       		.uleb128 0x5
 406 00a5 6B000000 		.4byte	0x6b
ARM GAS  C:\Users\214016~1\AppData\Local\Temp\ccv5eoax.s 			page 19


 407 00a9 04       		.uleb128 0x4
 408 00aa 00000000 		.4byte	.LASF15
 409 00ae 02       		.byte	0x2
 410 00af 3D02     		.2byte	0x23d
 411 00b1 B5000000 		.4byte	0xb5
 412 00b5 05       		.uleb128 0x5
 413 00b6 77000000 		.4byte	0x77
 414 00ba 02       		.uleb128 0x2
 415 00bb 08       		.byte	0x8
 416 00bc 04       		.byte	0x4
 417 00bd 8A020000 		.4byte	.LASF16
 418 00c1 02       		.uleb128 0x2
 419 00c2 04       		.byte	0x4
 420 00c3 07       		.byte	0x7
 421 00c4 27020000 		.4byte	.LASF17
 422 00c8 06       		.uleb128 0x6
 423 00c9 04       		.byte	0x4
 424 00ca 03       		.byte	0x3
 425 00cb 31       		.byte	0x31
 426 00cc E9000000 		.4byte	0xe9
 427 00d0 07       		.uleb128 0x7
 428 00d1 7E020000 		.4byte	.LASF18
 429 00d5 03       		.byte	0x3
 430 00d6 33       		.byte	0x33
 431 00d7 6B000000 		.4byte	0x6b
 432 00db 00       		.byte	0
 433 00dc 07       		.uleb128 0x7
 434 00dd 61020000 		.4byte	.LASF19
 435 00e1 03       		.byte	0x3
 436 00e2 3D       		.byte	0x3d
 437 00e3 77000000 		.4byte	0x77
 438 00e7 02       		.byte	0x2
 439 00e8 00       		.byte	0
 440 00e9 08       		.uleb128 0x8
 441 00ea 2D000000 		.4byte	.LASF20
 442 00ee 03       		.byte	0x3
 443 00ef 47       		.byte	0x47
 444 00f0 C8000000 		.4byte	0xc8
 445 00f4 09       		.uleb128 0x9
 446 00f5 6D000000 		.4byte	.LASF21
 447 00f9 01       		.byte	0x1
 448 00fa 62       		.byte	0x62
 449 00fb 00000000 		.4byte	.LFB1
 450 00ff 10000000 		.4byte	.LFE1-.LFB1
 451 0103 01       		.uleb128 0x1
 452 0104 9C       		.byte	0x9c
 453 0105 09       		.uleb128 0x9
 454 0106 30020000 		.4byte	.LASF22
 455 010a 01       		.byte	0x1
 456 010b 99       		.byte	0x99
 457 010c 00000000 		.4byte	.LFB3
 458 0110 10000000 		.4byte	.LFE3-.LFB3
 459 0114 01       		.uleb128 0x1
 460 0115 9C       		.byte	0x9c
 461 0116 0A       		.uleb128 0xa
 462 0117 79000000 		.4byte	.LASF23
 463 011b 01       		.byte	0x1
ARM GAS  C:\Users\214016~1\AppData\Local\Temp\ccv5eoax.s 			page 20


 464 011c D0       		.byte	0xd0
 465 011d 00000000 		.4byte	.LFB4
 466 0121 30000000 		.4byte	.LFE4-.LFB4
 467 0125 01       		.uleb128 0x1
 468 0126 9C       		.byte	0x9c
 469 0127 5C010000 		.4byte	0x15c
 470 012b 0B       		.uleb128 0xb
 471 012c 61020000 		.4byte	.LASF19
 472 0130 01       		.byte	0x1
 473 0131 D0       		.byte	0xd0
 474 0132 77000000 		.4byte	0x77
 475 0136 00000000 		.4byte	.LLST0
 476 013a 0C       		.uleb128 0xc
 477 013b 98010000 		.4byte	.LASF38
 478 013f 01       		.byte	0x1
 479 0140 D3       		.byte	0xd3
 480 0141 6B000000 		.4byte	0x6b
 481 0145 2A000000 		.4byte	.LLST1
 482 0149 0D       		.uleb128 0xd
 483 014a 0A000000 		.4byte	.LVL2
 484 014e 7E020000 		.4byte	0x27e
 485 0152 0D       		.uleb128 0xd
 486 0153 22000000 		.4byte	.LVL3
 487 0157 89020000 		.4byte	0x289
 488 015b 00       		.byte	0
 489 015c 0E       		.uleb128 0xe
 490 015d 57020000 		.4byte	.LASF25
 491 0161 01       		.byte	0x1
 492 0162 9401     		.2byte	0x194
 493 0164 77000000 		.4byte	0x77
 494 0168 00000000 		.4byte	.LFB5
 495 016c 10000000 		.4byte	.LFE5-.LFB5
 496 0170 01       		.uleb128 0x1
 497 0171 9C       		.byte	0x9c
 498 0172 0F       		.uleb128 0xf
 499 0173 66020000 		.4byte	.LASF24
 500 0177 01       		.byte	0x1
 501 0178 CB01     		.2byte	0x1cb
 502 017a 00000000 		.4byte	.LFB6
 503 017e 10000000 		.4byte	.LFE6-.LFB6
 504 0182 01       		.uleb128 0x1
 505 0183 9C       		.byte	0x9c
 506 0184 99010000 		.4byte	0x199
 507 0188 10       		.uleb128 0x10
 508 0189 61020000 		.4byte	.LASF19
 509 018d 01       		.byte	0x1
 510 018e CB01     		.2byte	0x1cb
 511 0190 77000000 		.4byte	0x77
 512 0194 3D000000 		.4byte	.LLST2
 513 0198 00       		.byte	0
 514 0199 0E       		.uleb128 0xe
 515 019a 06000000 		.4byte	.LASF26
 516 019e 01       		.byte	0x1
 517 019f 0302     		.2byte	0x203
 518 01a1 77000000 		.4byte	0x77
 519 01a5 00000000 		.4byte	.LFB7
 520 01a9 0C000000 		.4byte	.LFE7-.LFB7
ARM GAS  C:\Users\214016~1\AppData\Local\Temp\ccv5eoax.s 			page 21


 521 01ad 01       		.uleb128 0x1
 522 01ae 9C       		.byte	0x9c
 523 01af 0F       		.uleb128 0xf
 524 01b0 73010000 		.4byte	.LASF27
 525 01b4 01       		.byte	0x1
 526 01b5 3B02     		.2byte	0x23b
 527 01b7 00000000 		.4byte	.LFB8
 528 01bb 10000000 		.4byte	.LFE8-.LFB8
 529 01bf 01       		.uleb128 0x1
 530 01c0 9C       		.byte	0x9c
 531 01c1 D6010000 		.4byte	0x1d6
 532 01c5 10       		.uleb128 0x10
 533 01c6 B0010000 		.4byte	.LASF28
 534 01ca 01       		.byte	0x1
 535 01cb 3B02     		.2byte	0x23b
 536 01cd 77000000 		.4byte	0x77
 537 01d1 5B000000 		.4byte	.LLST3
 538 01d5 00       		.byte	0
 539 01d6 0A       		.uleb128 0xa
 540 01d7 88010000 		.4byte	.LASF29
 541 01db 01       		.byte	0x1
 542 01dc 3C       		.byte	0x3c
 543 01dd 00000000 		.4byte	.LFB0
 544 01e1 20000000 		.4byte	.LFE0-.LFB0
 545 01e5 01       		.uleb128 0x1
 546 01e6 9C       		.byte	0x9c
 547 01e7 34020000 		.4byte	0x234
 548 01eb 11       		.uleb128 0x11
 549 01ec 0A000000 		.4byte	.LVL9
 550 01f0 AF010000 		.4byte	0x1af
 551 01f4 00020000 		.4byte	0x200
 552 01f8 12       		.uleb128 0x12
 553 01f9 01       		.uleb128 0x1
 554 01fa 50       		.byte	0x50
 555 01fb 03       		.uleb128 0x3
 556 01fc 0A       		.byte	0xa
 557 01fd 0035     		.2byte	0x3500
 558 01ff 00       		.byte	0
 559 0200 11       		.uleb128 0x11
 560 0201 12000000 		.4byte	.LVL10
 561 0205 72010000 		.4byte	0x172
 562 0209 15020000 		.4byte	0x215
 563 020d 12       		.uleb128 0x12
 564 020e 01       		.uleb128 0x1
 565 020f 50       		.byte	0x50
 566 0210 03       		.uleb128 0x3
 567 0211 0A       		.byte	0xa
 568 0212 FF3F     		.2byte	0x3fff
 569 0214 00       		.byte	0
 570 0215 11       		.uleb128 0x11
 571 0216 1A000000 		.4byte	.LVL11
 572 021a 16010000 		.4byte	0x116
 573 021e 2A020000 		.4byte	0x22a
 574 0222 12       		.uleb128 0x12
 575 0223 01       		.uleb128 0x1
 576 0224 50       		.byte	0x50
 577 0225 03       		.uleb128 0x3
ARM GAS  C:\Users\214016~1\AppData\Local\Temp\ccv5eoax.s 			page 22


 578 0226 0A       		.byte	0xa
 579 0227 FF3F     		.2byte	0x3fff
 580 0229 00       		.byte	0
 581 022a 0D       		.uleb128 0xd
 582 022b 1E000000 		.4byte	.LVL12
 583 022f F4000000 		.4byte	0xf4
 584 0233 00       		.byte	0
 585 0234 0A       		.uleb128 0xa
 586 0235 C7000000 		.4byte	.LASF30
 587 0239 01       		.byte	0x1
 588 023a 7E       		.byte	0x7e
 589 023b 00000000 		.4byte	.LFB2
 590 023f 1C000000 		.4byte	.LFE2-.LFB2
 591 0243 01       		.uleb128 0x1
 592 0244 9C       		.byte	0x9c
 593 0245 5C020000 		.4byte	0x25c
 594 0249 0D       		.uleb128 0xd
 595 024a 0C000000 		.4byte	.LVL13
 596 024e D6010000 		.4byte	0x1d6
 597 0252 0D       		.uleb128 0xd
 598 0253 16000000 		.4byte	.LVL14
 599 0257 F4000000 		.4byte	0xf4
 600 025b 00       		.byte	0
 601 025c 13       		.uleb128 0x13
 602 025d 1A020000 		.4byte	.LASF31
 603 0261 01       		.byte	0x1
 604 0262 14       		.byte	0x14
 605 0263 6B000000 		.4byte	0x6b
 606 0267 05       		.uleb128 0x5
 607 0268 03       		.byte	0x3
 608 0269 00000000 		.4byte	LFSR_initVar
 609 026d 13       		.uleb128 0x13
 610 026e C2010000 		.4byte	.LASF32
 611 0272 01       		.byte	0x1
 612 0273 16       		.byte	0x16
 613 0274 E9000000 		.4byte	0xe9
 614 0278 05       		.uleb128 0x5
 615 0279 03       		.byte	0x3
 616 027a 00000000 		.4byte	LFSR_backup
 617 027e 14       		.uleb128 0x14
 618 027f CE010000 		.4byte	.LASF33
 619 0283 CE010000 		.4byte	.LASF33
 620 0287 04       		.byte	0x4
 621 0288 7D       		.byte	0x7d
 622 0289 14       		.uleb128 0x14
 623 028a 04020000 		.4byte	.LASF34
 624 028e 04020000 		.4byte	.LASF34
 625 0292 04       		.byte	0x4
 626 0293 7E       		.byte	0x7e
 627 0294 00       		.byte	0
 628              		.section	.debug_abbrev,"",%progbits
 629              	.Ldebug_abbrev0:
 630 0000 01       		.uleb128 0x1
 631 0001 11       		.uleb128 0x11
 632 0002 01       		.byte	0x1
 633 0003 25       		.uleb128 0x25
 634 0004 0E       		.uleb128 0xe
ARM GAS  C:\Users\214016~1\AppData\Local\Temp\ccv5eoax.s 			page 23


 635 0005 13       		.uleb128 0x13
 636 0006 0B       		.uleb128 0xb
 637 0007 03       		.uleb128 0x3
 638 0008 0E       		.uleb128 0xe
 639 0009 1B       		.uleb128 0x1b
 640 000a 0E       		.uleb128 0xe
 641 000b 55       		.uleb128 0x55
 642 000c 17       		.uleb128 0x17
 643 000d 11       		.uleb128 0x11
 644 000e 01       		.uleb128 0x1
 645 000f 10       		.uleb128 0x10
 646 0010 17       		.uleb128 0x17
 647 0011 00       		.byte	0
 648 0012 00       		.byte	0
 649 0013 02       		.uleb128 0x2
 650 0014 24       		.uleb128 0x24
 651 0015 00       		.byte	0
 652 0016 0B       		.uleb128 0xb
 653 0017 0B       		.uleb128 0xb
 654 0018 3E       		.uleb128 0x3e
 655 0019 0B       		.uleb128 0xb
 656 001a 03       		.uleb128 0x3
 657 001b 0E       		.uleb128 0xe
 658 001c 00       		.byte	0
 659 001d 00       		.byte	0
 660 001e 03       		.uleb128 0x3
 661 001f 24       		.uleb128 0x24
 662 0020 00       		.byte	0
 663 0021 0B       		.uleb128 0xb
 664 0022 0B       		.uleb128 0xb
 665 0023 3E       		.uleb128 0x3e
 666 0024 0B       		.uleb128 0xb
 667 0025 03       		.uleb128 0x3
 668 0026 08       		.uleb128 0x8
 669 0027 00       		.byte	0
 670 0028 00       		.byte	0
 671 0029 04       		.uleb128 0x4
 672 002a 16       		.uleb128 0x16
 673 002b 00       		.byte	0
 674 002c 03       		.uleb128 0x3
 675 002d 0E       		.uleb128 0xe
 676 002e 3A       		.uleb128 0x3a
 677 002f 0B       		.uleb128 0xb
 678 0030 3B       		.uleb128 0x3b
 679 0031 05       		.uleb128 0x5
 680 0032 49       		.uleb128 0x49
 681 0033 13       		.uleb128 0x13
 682 0034 00       		.byte	0
 683 0035 00       		.byte	0
 684 0036 05       		.uleb128 0x5
 685 0037 35       		.uleb128 0x35
 686 0038 00       		.byte	0
 687 0039 49       		.uleb128 0x49
 688 003a 13       		.uleb128 0x13
 689 003b 00       		.byte	0
 690 003c 00       		.byte	0
 691 003d 06       		.uleb128 0x6
ARM GAS  C:\Users\214016~1\AppData\Local\Temp\ccv5eoax.s 			page 24


 692 003e 13       		.uleb128 0x13
 693 003f 01       		.byte	0x1
 694 0040 0B       		.uleb128 0xb
 695 0041 0B       		.uleb128 0xb
 696 0042 3A       		.uleb128 0x3a
 697 0043 0B       		.uleb128 0xb
 698 0044 3B       		.uleb128 0x3b
 699 0045 0B       		.uleb128 0xb
 700 0046 01       		.uleb128 0x1
 701 0047 13       		.uleb128 0x13
 702 0048 00       		.byte	0
 703 0049 00       		.byte	0
 704 004a 07       		.uleb128 0x7
 705 004b 0D       		.uleb128 0xd
 706 004c 00       		.byte	0
 707 004d 03       		.uleb128 0x3
 708 004e 0E       		.uleb128 0xe
 709 004f 3A       		.uleb128 0x3a
 710 0050 0B       		.uleb128 0xb
 711 0051 3B       		.uleb128 0x3b
 712 0052 0B       		.uleb128 0xb
 713 0053 49       		.uleb128 0x49
 714 0054 13       		.uleb128 0x13
 715 0055 38       		.uleb128 0x38
 716 0056 0B       		.uleb128 0xb
 717 0057 00       		.byte	0
 718 0058 00       		.byte	0
 719 0059 08       		.uleb128 0x8
 720 005a 16       		.uleb128 0x16
 721 005b 00       		.byte	0
 722 005c 03       		.uleb128 0x3
 723 005d 0E       		.uleb128 0xe
 724 005e 3A       		.uleb128 0x3a
 725 005f 0B       		.uleb128 0xb
 726 0060 3B       		.uleb128 0x3b
 727 0061 0B       		.uleb128 0xb
 728 0062 49       		.uleb128 0x49
 729 0063 13       		.uleb128 0x13
 730 0064 00       		.byte	0
 731 0065 00       		.byte	0
 732 0066 09       		.uleb128 0x9
 733 0067 2E       		.uleb128 0x2e
 734 0068 00       		.byte	0
 735 0069 3F       		.uleb128 0x3f
 736 006a 19       		.uleb128 0x19
 737 006b 03       		.uleb128 0x3
 738 006c 0E       		.uleb128 0xe
 739 006d 3A       		.uleb128 0x3a
 740 006e 0B       		.uleb128 0xb
 741 006f 3B       		.uleb128 0x3b
 742 0070 0B       		.uleb128 0xb
 743 0071 27       		.uleb128 0x27
 744 0072 19       		.uleb128 0x19
 745 0073 11       		.uleb128 0x11
 746 0074 01       		.uleb128 0x1
 747 0075 12       		.uleb128 0x12
 748 0076 06       		.uleb128 0x6
ARM GAS  C:\Users\214016~1\AppData\Local\Temp\ccv5eoax.s 			page 25


 749 0077 40       		.uleb128 0x40
 750 0078 18       		.uleb128 0x18
 751 0079 9742     		.uleb128 0x2117
 752 007b 19       		.uleb128 0x19
 753 007c 00       		.byte	0
 754 007d 00       		.byte	0
 755 007e 0A       		.uleb128 0xa
 756 007f 2E       		.uleb128 0x2e
 757 0080 01       		.byte	0x1
 758 0081 3F       		.uleb128 0x3f
 759 0082 19       		.uleb128 0x19
 760 0083 03       		.uleb128 0x3
 761 0084 0E       		.uleb128 0xe
 762 0085 3A       		.uleb128 0x3a
 763 0086 0B       		.uleb128 0xb
 764 0087 3B       		.uleb128 0x3b
 765 0088 0B       		.uleb128 0xb
 766 0089 27       		.uleb128 0x27
 767 008a 19       		.uleb128 0x19
 768 008b 11       		.uleb128 0x11
 769 008c 01       		.uleb128 0x1
 770 008d 12       		.uleb128 0x12
 771 008e 06       		.uleb128 0x6
 772 008f 40       		.uleb128 0x40
 773 0090 18       		.uleb128 0x18
 774 0091 9742     		.uleb128 0x2117
 775 0093 19       		.uleb128 0x19
 776 0094 01       		.uleb128 0x1
 777 0095 13       		.uleb128 0x13
 778 0096 00       		.byte	0
 779 0097 00       		.byte	0
 780 0098 0B       		.uleb128 0xb
 781 0099 05       		.uleb128 0x5
 782 009a 00       		.byte	0
 783 009b 03       		.uleb128 0x3
 784 009c 0E       		.uleb128 0xe
 785 009d 3A       		.uleb128 0x3a
 786 009e 0B       		.uleb128 0xb
 787 009f 3B       		.uleb128 0x3b
 788 00a0 0B       		.uleb128 0xb
 789 00a1 49       		.uleb128 0x49
 790 00a2 13       		.uleb128 0x13
 791 00a3 02       		.uleb128 0x2
 792 00a4 17       		.uleb128 0x17
 793 00a5 00       		.byte	0
 794 00a6 00       		.byte	0
 795 00a7 0C       		.uleb128 0xc
 796 00a8 34       		.uleb128 0x34
 797 00a9 00       		.byte	0
 798 00aa 03       		.uleb128 0x3
 799 00ab 0E       		.uleb128 0xe
 800 00ac 3A       		.uleb128 0x3a
 801 00ad 0B       		.uleb128 0xb
 802 00ae 3B       		.uleb128 0x3b
 803 00af 0B       		.uleb128 0xb
 804 00b0 49       		.uleb128 0x49
 805 00b1 13       		.uleb128 0x13
ARM GAS  C:\Users\214016~1\AppData\Local\Temp\ccv5eoax.s 			page 26


 806 00b2 02       		.uleb128 0x2
 807 00b3 17       		.uleb128 0x17
 808 00b4 00       		.byte	0
 809 00b5 00       		.byte	0
 810 00b6 0D       		.uleb128 0xd
 811 00b7 898201   		.uleb128 0x4109
 812 00ba 00       		.byte	0
 813 00bb 11       		.uleb128 0x11
 814 00bc 01       		.uleb128 0x1
 815 00bd 31       		.uleb128 0x31
 816 00be 13       		.uleb128 0x13
 817 00bf 00       		.byte	0
 818 00c0 00       		.byte	0
 819 00c1 0E       		.uleb128 0xe
 820 00c2 2E       		.uleb128 0x2e
 821 00c3 00       		.byte	0
 822 00c4 3F       		.uleb128 0x3f
 823 00c5 19       		.uleb128 0x19
 824 00c6 03       		.uleb128 0x3
 825 00c7 0E       		.uleb128 0xe
 826 00c8 3A       		.uleb128 0x3a
 827 00c9 0B       		.uleb128 0xb
 828 00ca 3B       		.uleb128 0x3b
 829 00cb 05       		.uleb128 0x5
 830 00cc 27       		.uleb128 0x27
 831 00cd 19       		.uleb128 0x19
 832 00ce 49       		.uleb128 0x49
 833 00cf 13       		.uleb128 0x13
 834 00d0 11       		.uleb128 0x11
 835 00d1 01       		.uleb128 0x1
 836 00d2 12       		.uleb128 0x12
 837 00d3 06       		.uleb128 0x6
 838 00d4 40       		.uleb128 0x40
 839 00d5 18       		.uleb128 0x18
 840 00d6 9742     		.uleb128 0x2117
 841 00d8 19       		.uleb128 0x19
 842 00d9 00       		.byte	0
 843 00da 00       		.byte	0
 844 00db 0F       		.uleb128 0xf
 845 00dc 2E       		.uleb128 0x2e
 846 00dd 01       		.byte	0x1
 847 00de 3F       		.uleb128 0x3f
 848 00df 19       		.uleb128 0x19
 849 00e0 03       		.uleb128 0x3
 850 00e1 0E       		.uleb128 0xe
 851 00e2 3A       		.uleb128 0x3a
 852 00e3 0B       		.uleb128 0xb
 853 00e4 3B       		.uleb128 0x3b
 854 00e5 05       		.uleb128 0x5
 855 00e6 27       		.uleb128 0x27
 856 00e7 19       		.uleb128 0x19
 857 00e8 11       		.uleb128 0x11
 858 00e9 01       		.uleb128 0x1
 859 00ea 12       		.uleb128 0x12
 860 00eb 06       		.uleb128 0x6
 861 00ec 40       		.uleb128 0x40
 862 00ed 18       		.uleb128 0x18
ARM GAS  C:\Users\214016~1\AppData\Local\Temp\ccv5eoax.s 			page 27


 863 00ee 9742     		.uleb128 0x2117
 864 00f0 19       		.uleb128 0x19
 865 00f1 01       		.uleb128 0x1
 866 00f2 13       		.uleb128 0x13
 867 00f3 00       		.byte	0
 868 00f4 00       		.byte	0
 869 00f5 10       		.uleb128 0x10
 870 00f6 05       		.uleb128 0x5
 871 00f7 00       		.byte	0
 872 00f8 03       		.uleb128 0x3
 873 00f9 0E       		.uleb128 0xe
 874 00fa 3A       		.uleb128 0x3a
 875 00fb 0B       		.uleb128 0xb
 876 00fc 3B       		.uleb128 0x3b
 877 00fd 05       		.uleb128 0x5
 878 00fe 49       		.uleb128 0x49
 879 00ff 13       		.uleb128 0x13
 880 0100 02       		.uleb128 0x2
 881 0101 17       		.uleb128 0x17
 882 0102 00       		.byte	0
 883 0103 00       		.byte	0
 884 0104 11       		.uleb128 0x11
 885 0105 898201   		.uleb128 0x4109
 886 0108 01       		.byte	0x1
 887 0109 11       		.uleb128 0x11
 888 010a 01       		.uleb128 0x1
 889 010b 31       		.uleb128 0x31
 890 010c 13       		.uleb128 0x13
 891 010d 01       		.uleb128 0x1
 892 010e 13       		.uleb128 0x13
 893 010f 00       		.byte	0
 894 0110 00       		.byte	0
 895 0111 12       		.uleb128 0x12
 896 0112 8A8201   		.uleb128 0x410a
 897 0115 00       		.byte	0
 898 0116 02       		.uleb128 0x2
 899 0117 18       		.uleb128 0x18
 900 0118 9142     		.uleb128 0x2111
 901 011a 18       		.uleb128 0x18
 902 011b 00       		.byte	0
 903 011c 00       		.byte	0
 904 011d 13       		.uleb128 0x13
 905 011e 34       		.uleb128 0x34
 906 011f 00       		.byte	0
 907 0120 03       		.uleb128 0x3
 908 0121 0E       		.uleb128 0xe
 909 0122 3A       		.uleb128 0x3a
 910 0123 0B       		.uleb128 0xb
 911 0124 3B       		.uleb128 0x3b
 912 0125 0B       		.uleb128 0xb
 913 0126 49       		.uleb128 0x49
 914 0127 13       		.uleb128 0x13
 915 0128 3F       		.uleb128 0x3f
 916 0129 19       		.uleb128 0x19
 917 012a 02       		.uleb128 0x2
 918 012b 18       		.uleb128 0x18
 919 012c 00       		.byte	0
ARM GAS  C:\Users\214016~1\AppData\Local\Temp\ccv5eoax.s 			page 28


 920 012d 00       		.byte	0
 921 012e 14       		.uleb128 0x14
 922 012f 2E       		.uleb128 0x2e
 923 0130 00       		.byte	0
 924 0131 3F       		.uleb128 0x3f
 925 0132 19       		.uleb128 0x19
 926 0133 3C       		.uleb128 0x3c
 927 0134 19       		.uleb128 0x19
 928 0135 6E       		.uleb128 0x6e
 929 0136 0E       		.uleb128 0xe
 930 0137 03       		.uleb128 0x3
 931 0138 0E       		.uleb128 0xe
 932 0139 3A       		.uleb128 0x3a
 933 013a 0B       		.uleb128 0xb
 934 013b 3B       		.uleb128 0x3b
 935 013c 0B       		.uleb128 0xb
 936 013d 00       		.byte	0
 937 013e 00       		.byte	0
 938 013f 00       		.byte	0
 939              		.section	.debug_loc,"",%progbits
 940              	.Ldebug_loc0:
 941              	.LLST0:
 942 0000 00000000 		.4byte	.LVL0
 943 0004 06000000 		.4byte	.LVL1
 944 0008 0100     		.2byte	0x1
 945 000a 50       		.byte	0x50
 946 000b 06000000 		.4byte	.LVL1
 947 000f 28000000 		.4byte	.LVL4
 948 0013 0100     		.2byte	0x1
 949 0015 54       		.byte	0x54
 950 0016 28000000 		.4byte	.LVL4
 951 001a 30000000 		.4byte	.LFE4
 952 001e 0200     		.2byte	0x2
 953 0020 73       		.byte	0x73
 954 0021 00       		.sleb128 0
 955 0022 00000000 		.4byte	0
 956 0026 00000000 		.4byte	0
 957              	.LLST1:
 958 002a 0A000000 		.4byte	.LVL2
 959 002e 21000000 		.4byte	.LVL3-1
 960 0032 0100     		.2byte	0x1
 961 0034 50       		.byte	0x50
 962 0035 00000000 		.4byte	0
 963 0039 00000000 		.4byte	0
 964              	.LLST2:
 965 003d 00000000 		.4byte	.LVL5
 966 0041 04000000 		.4byte	.LVL6
 967 0045 0100     		.2byte	0x1
 968 0047 50       		.byte	0x50
 969 0048 04000000 		.4byte	.LVL6
 970 004c 10000000 		.4byte	.LFE6
 971 0050 0100     		.2byte	0x1
 972 0052 50       		.byte	0x50
 973 0053 00000000 		.4byte	0
 974 0057 00000000 		.4byte	0
 975              	.LLST3:
 976 005b 00000000 		.4byte	.LVL7
ARM GAS  C:\Users\214016~1\AppData\Local\Temp\ccv5eoax.s 			page 29


 977 005f 04000000 		.4byte	.LVL8
 978 0063 0100     		.2byte	0x1
 979 0065 50       		.byte	0x50
 980 0066 04000000 		.4byte	.LVL8
 981 006a 10000000 		.4byte	.LFE8
 982 006e 0100     		.2byte	0x1
 983 0070 50       		.byte	0x50
 984 0071 00000000 		.4byte	0
 985 0075 00000000 		.4byte	0
 986              		.section	.debug_aranges,"",%progbits
 987 0000 5C000000 		.4byte	0x5c
 988 0004 0200     		.2byte	0x2
 989 0006 00000000 		.4byte	.Ldebug_info0
 990 000a 04       		.byte	0x4
 991 000b 00       		.byte	0
 992 000c 0000     		.2byte	0
 993 000e 0000     		.2byte	0
 994 0010 00000000 		.4byte	.LFB1
 995 0014 10000000 		.4byte	.LFE1-.LFB1
 996 0018 00000000 		.4byte	.LFB3
 997 001c 10000000 		.4byte	.LFE3-.LFB3
 998 0020 00000000 		.4byte	.LFB4
 999 0024 30000000 		.4byte	.LFE4-.LFB4
 1000 0028 00000000 		.4byte	.LFB5
 1001 002c 10000000 		.4byte	.LFE5-.LFB5
 1002 0030 00000000 		.4byte	.LFB6
 1003 0034 10000000 		.4byte	.LFE6-.LFB6
 1004 0038 00000000 		.4byte	.LFB7
 1005 003c 0C000000 		.4byte	.LFE7-.LFB7
 1006 0040 00000000 		.4byte	.LFB8
 1007 0044 10000000 		.4byte	.LFE8-.LFB8
 1008 0048 00000000 		.4byte	.LFB0
 1009 004c 20000000 		.4byte	.LFE0-.LFB0
 1010 0050 00000000 		.4byte	.LFB2
 1011 0054 1C000000 		.4byte	.LFE2-.LFB2
 1012 0058 00000000 		.4byte	0
 1013 005c 00000000 		.4byte	0
 1014              		.section	.debug_ranges,"",%progbits
 1015              	.Ldebug_ranges0:
 1016 0000 00000000 		.4byte	.LFB1
 1017 0004 10000000 		.4byte	.LFE1
 1018 0008 00000000 		.4byte	.LFB3
 1019 000c 10000000 		.4byte	.LFE3
 1020 0010 00000000 		.4byte	.LFB4
 1021 0014 30000000 		.4byte	.LFE4
 1022 0018 00000000 		.4byte	.LFB5
 1023 001c 10000000 		.4byte	.LFE5
 1024 0020 00000000 		.4byte	.LFB6
 1025 0024 10000000 		.4byte	.LFE6
 1026 0028 00000000 		.4byte	.LFB7
 1027 002c 0C000000 		.4byte	.LFE7
 1028 0030 00000000 		.4byte	.LFB8
 1029 0034 10000000 		.4byte	.LFE8
 1030 0038 00000000 		.4byte	.LFB0
 1031 003c 20000000 		.4byte	.LFE0
 1032 0040 00000000 		.4byte	.LFB2
 1033 0044 1C000000 		.4byte	.LFE2
ARM GAS  C:\Users\214016~1\AppData\Local\Temp\ccv5eoax.s 			page 30


 1034 0048 00000000 		.4byte	0
 1035 004c 00000000 		.4byte	0
 1036              		.section	.debug_line,"",%progbits
 1037              	.Ldebug_line0:
 1038 0000 0F010000 		.section	.debug_str,"MS",%progbits,1
 1038      02005600 
 1038      00000201 
 1038      FB0E0D00 
 1038      01010101 
 1039              	.LASF15:
 1040 0000 72656731 		.ascii	"reg16\000"
 1040      3600
 1041              	.LASF26:
 1042 0006 4C465352 		.ascii	"LFSR_ReadPolynomial\000"
 1042      5F526561 
 1042      64506F6C 
 1042      796E6F6D 
 1042      69616C00 
 1043              	.LASF3:
 1044 001a 73686F72 		.ascii	"short unsigned int\000"
 1044      7420756E 
 1044      7369676E 
 1044      65642069 
 1044      6E7400
 1045              	.LASF20:
 1046 002d 4C465352 		.ascii	"LFSR_BACKUP_STRUCT\000"
 1046      5F424143 
 1046      4B55505F 
 1046      53545255 
 1046      435400
 1047              	.LASF37:
 1048 0040 433A5C67 		.ascii	"C:\\github\\PSoC_2A03APU\\APU2A03\\APU2A03.cydsn\000"
 1048      69746875 
 1048      625C5053 
 1048      6F435F32 
 1048      41303341 
 1049              	.LASF21:
 1050 006d 4C465352 		.ascii	"LFSR_Enable\000"
 1050      5F456E61 
 1050      626C6500 
 1051              	.LASF23:
 1052 0079 4C465352 		.ascii	"LFSR_ResetSeedInit\000"
 1052      5F526573 
 1052      65745365 
 1052      6564496E 
 1052      697400
 1053              	.LASF11:
 1054 008c 666C6F61 		.ascii	"float\000"
 1054      7400
 1055              	.LASF36:
 1056 0092 47656E65 		.ascii	"Generated_Source\\PSoC5\\LFSR.c\000"
 1056      72617465 
 1056      645F536F 
 1056      75726365 
 1056      5C50536F 
 1057              	.LASF7:
 1058 00b0 6C6F6E67 		.ascii	"long long unsigned int\000"
ARM GAS  C:\Users\214016~1\AppData\Local\Temp\ccv5eoax.s 			page 31


 1058      206C6F6E 
 1058      6720756E 
 1058      7369676E 
 1058      65642069 
 1059              	.LASF30:
 1060 00c7 4C465352 		.ascii	"LFSR_Start\000"
 1060      5F537461 
 1060      727400
 1061              	.LASF1:
 1062 00d2 756E7369 		.ascii	"unsigned char\000"
 1062      676E6564 
 1062      20636861 
 1062      7200
 1063              	.LASF35:
 1064 00e0 474E5520 		.ascii	"GNU C11 5.4.1 20160609 (release) [ARM/embedded-5-br"
 1064      43313120 
 1064      352E342E 
 1064      31203230 
 1064      31363036 
 1065 0113 616E6368 		.ascii	"anch revision 237715] -mcpu=cortex-m3 -mthumb -g -O"
 1065      20726576 
 1065      6973696F 
 1065      6E203233 
 1065      37373135 
 1066 0146 67202D66 		.ascii	"g -ffunction-sections -ffat-lto-objects\000"
 1066      66756E63 
 1066      74696F6E 
 1066      2D736563 
 1066      74696F6E 
 1067              	.LASF14:
 1068 016e 72656738 		.ascii	"reg8\000"
 1068      00
 1069              	.LASF27:
 1070 0173 4C465352 		.ascii	"LFSR_WritePolynomial\000"
 1070      5F577269 
 1070      7465506F 
 1070      6C796E6F 
 1070      6D69616C 
 1071              	.LASF29:
 1072 0188 4C465352 		.ascii	"LFSR_Init\000"
 1072      5F496E69 
 1072      7400
 1073              	.LASF9:
 1074 0192 75696E74 		.ascii	"uint8\000"
 1074      3800
 1075              	.LASF38:
 1076 0198 656E6162 		.ascii	"enableInterrupts\000"
 1076      6C65496E 
 1076      74657272 
 1076      75707473 
 1076      00
 1077              	.LASF12:
 1078 01a9 646F7562 		.ascii	"double\000"
 1078      6C6500
 1079              	.LASF28:
 1080 01b0 706F6C79 		.ascii	"polynomial\000"
 1080      6E6F6D69 
ARM GAS  C:\Users\214016~1\AppData\Local\Temp\ccv5eoax.s 			page 32


 1080      616C00
 1081              	.LASF10:
 1082 01bb 75696E74 		.ascii	"uint16\000"
 1082      313600
 1083              	.LASF32:
 1084 01c2 4C465352 		.ascii	"LFSR_backup\000"
 1084      5F626163 
 1084      6B757000 
 1085              	.LASF33:
 1086 01ce 4379456E 		.ascii	"CyEnterCriticalSection\000"
 1086      74657243 
 1086      72697469 
 1086      63616C53 
 1086      65637469 
 1087              	.LASF5:
 1088 01e5 6C6F6E67 		.ascii	"long unsigned int\000"
 1088      20756E73 
 1088      69676E65 
 1088      6420696E 
 1088      7400
 1089              	.LASF8:
 1090 01f7 756E7369 		.ascii	"unsigned int\000"
 1090      676E6564 
 1090      20696E74 
 1090      00
 1091              	.LASF34:
 1092 0204 43794578 		.ascii	"CyExitCriticalSection\000"
 1092      69744372 
 1092      69746963 
 1092      616C5365 
 1092      6374696F 
 1093              	.LASF31:
 1094 021a 4C465352 		.ascii	"LFSR_initVar\000"
 1094      5F696E69 
 1094      74566172 
 1094      00
 1095              	.LASF17:
 1096 0227 73697A65 		.ascii	"sizetype\000"
 1096      74797065 
 1096      00
 1097              	.LASF22:
 1098 0230 4C465352 		.ascii	"LFSR_Stop\000"
 1098      5F53746F 
 1098      7000
 1099              	.LASF6:
 1100 023a 6C6F6E67 		.ascii	"long long int\000"
 1100      206C6F6E 
 1100      6720696E 
 1100      7400
 1101              	.LASF13:
 1102 0248 63686172 		.ascii	"char\000"
 1102      00
 1103              	.LASF2:
 1104 024d 73686F72 		.ascii	"short int\000"
 1104      7420696E 
 1104      7400
 1105              	.LASF25:
ARM GAS  C:\Users\214016~1\AppData\Local\Temp\ccv5eoax.s 			page 33


 1106 0257 4C465352 		.ascii	"LFSR_Read\000"
 1106      5F526561 
 1106      6400
 1107              	.LASF19:
 1108 0261 73656564 		.ascii	"seed\000"
 1108      00
 1109              	.LASF24:
 1110 0266 4C465352 		.ascii	"LFSR_WriteSeed\000"
 1110      5F577269 
 1110      74655365 
 1110      656400
 1111              	.LASF4:
 1112 0275 6C6F6E67 		.ascii	"long int\000"
 1112      20696E74 
 1112      00
 1113              	.LASF18:
 1114 027e 656E6162 		.ascii	"enableState\000"
 1114      6C655374 
 1114      61746500 
 1115              	.LASF16:
 1116 028a 6C6F6E67 		.ascii	"long double\000"
 1116      20646F75 
 1116      626C6500 
 1117              	.LASF0:
 1118 0296 7369676E 		.ascii	"signed char\000"
 1118      65642063 
 1118      68617200 
 1119              		.ident	"GCC: (GNU Tools for ARM Embedded Processors) 5.4.1 20160609 (release) [ARM/embedded-5-bran
