ARM GAS  C:\Users\214016~1\AppData\Local\Temp\ccvA1pQL.s 			page 1


   1              		.syntax unified
   2              		.cpu cortex-m3
   3              		.fpu softvfp
   4              		.eabi_attribute 20, 1
   5              		.eabi_attribute 21, 1
   6              		.eabi_attribute 23, 3
   7              		.eabi_attribute 24, 1
   8              		.eabi_attribute 25, 1
   9              		.eabi_attribute 26, 1
  10              		.eabi_attribute 30, 1
  11              		.eabi_attribute 34, 1
  12              		.eabi_attribute 18, 4
  13              		.thumb
  14              		.syntax unified
  15              		.file	"rectangle_generator_PM.c"
  16              		.text
  17              	.Ltext0:
  18              		.cfi_sections	.debug_frame
  19              		.section	.text.rectangle_generator_SaveConfig,"ax",%progbits
  20              		.align	2
  21              		.global	rectangle_generator_SaveConfig
  22              		.thumb
  23              		.thumb_func
  24              		.type	rectangle_generator_SaveConfig, %function
  25              	rectangle_generator_SaveConfig:
  26              	.LFB0:
  27              		.file 1 "Generated_Source\\PSoC5\\rectangle_generator_PM.c"
   1:Generated_Source\PSoC5/rectangle_generator_PM.c **** /*******************************************************************************
   2:Generated_Source\PSoC5/rectangle_generator_PM.c **** * File Name: rectangle_generator_PM.c
   3:Generated_Source\PSoC5/rectangle_generator_PM.c **** * Version 2.30
   4:Generated_Source\PSoC5/rectangle_generator_PM.c **** *
   5:Generated_Source\PSoC5/rectangle_generator_PM.c **** * Description:
   6:Generated_Source\PSoC5/rectangle_generator_PM.c **** *  This file provides the API source code for sleep mode support for Shift
   7:Generated_Source\PSoC5/rectangle_generator_PM.c **** *  Register component.
   8:Generated_Source\PSoC5/rectangle_generator_PM.c **** *
   9:Generated_Source\PSoC5/rectangle_generator_PM.c **** * Note:
  10:Generated_Source\PSoC5/rectangle_generator_PM.c **** *
  11:Generated_Source\PSoC5/rectangle_generator_PM.c **** ********************************************************************************
  12:Generated_Source\PSoC5/rectangle_generator_PM.c **** * Copyright 2008-2013, Cypress Semiconductor Corporation.  All rights reserved.
  13:Generated_Source\PSoC5/rectangle_generator_PM.c **** * You may use this file only in accordance with the license, terms, conditions,
  14:Generated_Source\PSoC5/rectangle_generator_PM.c **** * disclaimers, and limitations in the end user license agreement accompanying
  15:Generated_Source\PSoC5/rectangle_generator_PM.c **** * the software package with which this file was provided.
  16:Generated_Source\PSoC5/rectangle_generator_PM.c **** *******************************************************************************/
  17:Generated_Source\PSoC5/rectangle_generator_PM.c **** 
  18:Generated_Source\PSoC5/rectangle_generator_PM.c **** #include "rectangle_generator.h"
  19:Generated_Source\PSoC5/rectangle_generator_PM.c **** 
  20:Generated_Source\PSoC5/rectangle_generator_PM.c **** static rectangle_generator_BACKUP_STRUCT rectangle_generator_backup =
  21:Generated_Source\PSoC5/rectangle_generator_PM.c **** {
  22:Generated_Source\PSoC5/rectangle_generator_PM.c ****     rectangle_generator_DISABLED,
  23:Generated_Source\PSoC5/rectangle_generator_PM.c **** 
  24:Generated_Source\PSoC5/rectangle_generator_PM.c ****     ((uint16) rectangle_generator_DEFAULT_A0),
  25:Generated_Source\PSoC5/rectangle_generator_PM.c ****     ((uint16) rectangle_generator_DEFAULT_A1),
  26:Generated_Source\PSoC5/rectangle_generator_PM.c **** 
  27:Generated_Source\PSoC5/rectangle_generator_PM.c ****     #if(CY_UDB_V0)
  28:Generated_Source\PSoC5/rectangle_generator_PM.c ****         ((uint16) rectangle_generator_INT_SRC),
  29:Generated_Source\PSoC5/rectangle_generator_PM.c ****     #endif /* (CY_UDB_V0) */
  30:Generated_Source\PSoC5/rectangle_generator_PM.c **** };
ARM GAS  C:\Users\214016~1\AppData\Local\Temp\ccvA1pQL.s 			page 2


  31:Generated_Source\PSoC5/rectangle_generator_PM.c **** 
  32:Generated_Source\PSoC5/rectangle_generator_PM.c **** 
  33:Generated_Source\PSoC5/rectangle_generator_PM.c **** /*******************************************************************************
  34:Generated_Source\PSoC5/rectangle_generator_PM.c **** * Function Name: rectangle_generator_SaveConfig
  35:Generated_Source\PSoC5/rectangle_generator_PM.c **** ********************************************************************************
  36:Generated_Source\PSoC5/rectangle_generator_PM.c **** *
  37:Generated_Source\PSoC5/rectangle_generator_PM.c **** * Summary:
  38:Generated_Source\PSoC5/rectangle_generator_PM.c **** *  Saves Shift Register configuration.
  39:Generated_Source\PSoC5/rectangle_generator_PM.c **** *
  40:Generated_Source\PSoC5/rectangle_generator_PM.c **** * Parameters:
  41:Generated_Source\PSoC5/rectangle_generator_PM.c **** *  None.
  42:Generated_Source\PSoC5/rectangle_generator_PM.c **** *
  43:Generated_Source\PSoC5/rectangle_generator_PM.c **** * Return:
  44:Generated_Source\PSoC5/rectangle_generator_PM.c **** *  None.
  45:Generated_Source\PSoC5/rectangle_generator_PM.c **** *
  46:Generated_Source\PSoC5/rectangle_generator_PM.c **** * Reentrant:
  47:Generated_Source\PSoC5/rectangle_generator_PM.c **** *  No.
  48:Generated_Source\PSoC5/rectangle_generator_PM.c **** *
  49:Generated_Source\PSoC5/rectangle_generator_PM.c **** *******************************************************************************/
  50:Generated_Source\PSoC5/rectangle_generator_PM.c **** void rectangle_generator_SaveConfig(void) 
  51:Generated_Source\PSoC5/rectangle_generator_PM.c **** {
  28              		.loc 1 51 0
  29              		.cfi_startproc
  30              		@ args = 0, pretend = 0, frame = 0
  31              		@ frame_needed = 0, uses_anonymous_args = 0
  32              		@ link register save eliminated.
  52:Generated_Source\PSoC5/rectangle_generator_PM.c ****     /* Store working registers A0 and A1 */
  53:Generated_Source\PSoC5/rectangle_generator_PM.c ****     rectangle_generator_backup.saveSrA0Reg   = CY_GET_REG16(rectangle_generator_SHIFT_REG_LSB_PTR);
  33              		.loc 1 53 0
  34 0000 034B     		ldr	r3, .L2
  35 0002 1A88     		ldrh	r2, [r3]
  36 0004 034B     		ldr	r3, .L2+4
  37 0006 5A80     		strh	r2, [r3, #2]	@ movhi
  54:Generated_Source\PSoC5/rectangle_generator_PM.c ****     rectangle_generator_backup.saveSrA1Reg   = CY_GET_REG16(rectangle_generator_SHIFT_REG_VALUE_LSB
  38              		.loc 1 54 0
  39 0008 034A     		ldr	r2, .L2+8
  40 000a 1288     		ldrh	r2, [r2]
  41 000c 9A80     		strh	r2, [r3, #4]	@ movhi
  42 000e 7047     		bx	lr
  43              	.L3:
  44              		.align	2
  45              	.L2:
  46 0010 00640040 		.word	1073767424
  47 0014 00000000 		.word	.LANCHOR0
  48 0018 10640040 		.word	1073767440
  49              		.cfi_endproc
  50              	.LFE0:
  51              		.size	rectangle_generator_SaveConfig, .-rectangle_generator_SaveConfig
  52              		.section	.text.rectangle_generator_RestoreConfig,"ax",%progbits
  53              		.align	2
  54              		.global	rectangle_generator_RestoreConfig
  55              		.thumb
  56              		.thumb_func
  57              		.type	rectangle_generator_RestoreConfig, %function
  58              	rectangle_generator_RestoreConfig:
  59              	.LFB1:
  55:Generated_Source\PSoC5/rectangle_generator_PM.c **** 
ARM GAS  C:\Users\214016~1\AppData\Local\Temp\ccvA1pQL.s 			page 3


  56:Generated_Source\PSoC5/rectangle_generator_PM.c ****     #if(CY_UDB_V0)
  57:Generated_Source\PSoC5/rectangle_generator_PM.c ****         rectangle_generator_backup.saveSrIntMask = rectangle_generator_SR_STATUS_MASK;
  58:Generated_Source\PSoC5/rectangle_generator_PM.c ****     #endif /* (CY_UDB_V0) */
  59:Generated_Source\PSoC5/rectangle_generator_PM.c **** }
  60:Generated_Source\PSoC5/rectangle_generator_PM.c **** 
  61:Generated_Source\PSoC5/rectangle_generator_PM.c **** 
  62:Generated_Source\PSoC5/rectangle_generator_PM.c **** /*******************************************************************************
  63:Generated_Source\PSoC5/rectangle_generator_PM.c **** * Function Name: rectangle_generator_RestoreConfig
  64:Generated_Source\PSoC5/rectangle_generator_PM.c **** ********************************************************************************
  65:Generated_Source\PSoC5/rectangle_generator_PM.c **** *
  66:Generated_Source\PSoC5/rectangle_generator_PM.c **** * Summary:
  67:Generated_Source\PSoC5/rectangle_generator_PM.c **** *  Restores Shift Register configuration.
  68:Generated_Source\PSoC5/rectangle_generator_PM.c **** *
  69:Generated_Source\PSoC5/rectangle_generator_PM.c **** * Parameters:
  70:Generated_Source\PSoC5/rectangle_generator_PM.c **** *  None.
  71:Generated_Source\PSoC5/rectangle_generator_PM.c **** *
  72:Generated_Source\PSoC5/rectangle_generator_PM.c **** * Return:
  73:Generated_Source\PSoC5/rectangle_generator_PM.c **** *  None.
  74:Generated_Source\PSoC5/rectangle_generator_PM.c **** *
  75:Generated_Source\PSoC5/rectangle_generator_PM.c **** *******************************************************************************/
  76:Generated_Source\PSoC5/rectangle_generator_PM.c **** void rectangle_generator_RestoreConfig(void) 
  77:Generated_Source\PSoC5/rectangle_generator_PM.c **** {
  60              		.loc 1 77 0
  61              		.cfi_startproc
  62              		@ args = 0, pretend = 0, frame = 0
  63              		@ frame_needed = 0, uses_anonymous_args = 0
  64              		@ link register save eliminated.
  78:Generated_Source\PSoC5/rectangle_generator_PM.c ****     /* Restore working registers A0 and A1 */
  79:Generated_Source\PSoC5/rectangle_generator_PM.c ****     CY_SET_REG16(rectangle_generator_SHIFT_REG_LSB_PTR, rectangle_generator_backup.saveSrA0Reg);
  65              		.loc 1 79 0
  66 0000 034B     		ldr	r3, .L5
  67 0002 5988     		ldrh	r1, [r3, #2]
  68 0004 034A     		ldr	r2, .L5+4
  69 0006 1180     		strh	r1, [r2]	@ movhi
  80:Generated_Source\PSoC5/rectangle_generator_PM.c ****     CY_SET_REG16(rectangle_generator_SHIFT_REG_VALUE_LSB_PTR, rectangle_generator_backup.saveSrA1Re
  70              		.loc 1 80 0
  71 0008 9A88     		ldrh	r2, [r3, #4]
  72 000a 034B     		ldr	r3, .L5+8
  73 000c 1A80     		strh	r2, [r3]	@ movhi
  74 000e 7047     		bx	lr
  75              	.L6:
  76              		.align	2
  77              	.L5:
  78 0010 00000000 		.word	.LANCHOR0
  79 0014 00640040 		.word	1073767424
  80 0018 10640040 		.word	1073767440
  81              		.cfi_endproc
  82              	.LFE1:
  83              		.size	rectangle_generator_RestoreConfig, .-rectangle_generator_RestoreConfig
  84              		.section	.text.rectangle_generator_Sleep,"ax",%progbits
  85              		.align	2
  86              		.global	rectangle_generator_Sleep
  87              		.thumb
  88              		.thumb_func
  89              		.type	rectangle_generator_Sleep, %function
  90              	rectangle_generator_Sleep:
  91              	.LFB2:
ARM GAS  C:\Users\214016~1\AppData\Local\Temp\ccvA1pQL.s 			page 4


  81:Generated_Source\PSoC5/rectangle_generator_PM.c **** 
  82:Generated_Source\PSoC5/rectangle_generator_PM.c ****     #if(CY_UDB_V0)
  83:Generated_Source\PSoC5/rectangle_generator_PM.c ****         rectangle_generator_SR_STATUS_MASK = ((uint8) rectangle_generator_backup.saveSrIntMask);
  84:Generated_Source\PSoC5/rectangle_generator_PM.c ****     #endif /* (CY_UDB_V0) */
  85:Generated_Source\PSoC5/rectangle_generator_PM.c **** }
  86:Generated_Source\PSoC5/rectangle_generator_PM.c **** 
  87:Generated_Source\PSoC5/rectangle_generator_PM.c **** 
  88:Generated_Source\PSoC5/rectangle_generator_PM.c **** /*******************************************************************************
  89:Generated_Source\PSoC5/rectangle_generator_PM.c **** * Function Name: rectangle_generator_Sleep
  90:Generated_Source\PSoC5/rectangle_generator_PM.c **** ********************************************************************************
  91:Generated_Source\PSoC5/rectangle_generator_PM.c **** *
  92:Generated_Source\PSoC5/rectangle_generator_PM.c **** * Summary:
  93:Generated_Source\PSoC5/rectangle_generator_PM.c **** *  Prepare the component to enter a Sleep mode.
  94:Generated_Source\PSoC5/rectangle_generator_PM.c **** *
  95:Generated_Source\PSoC5/rectangle_generator_PM.c **** * Parameters:
  96:Generated_Source\PSoC5/rectangle_generator_PM.c **** *  None.
  97:Generated_Source\PSoC5/rectangle_generator_PM.c **** *
  98:Generated_Source\PSoC5/rectangle_generator_PM.c **** * Return:
  99:Generated_Source\PSoC5/rectangle_generator_PM.c **** *  None.
 100:Generated_Source\PSoC5/rectangle_generator_PM.c **** *
 101:Generated_Source\PSoC5/rectangle_generator_PM.c **** * Reentrant:
 102:Generated_Source\PSoC5/rectangle_generator_PM.c **** *  No.
 103:Generated_Source\PSoC5/rectangle_generator_PM.c **** *
 104:Generated_Source\PSoC5/rectangle_generator_PM.c **** *******************************************************************************/
 105:Generated_Source\PSoC5/rectangle_generator_PM.c **** void rectangle_generator_Sleep(void) 
 106:Generated_Source\PSoC5/rectangle_generator_PM.c **** {
  92              		.loc 1 106 0
  93              		.cfi_startproc
  94              		@ args = 0, pretend = 0, frame = 0
  95              		@ frame_needed = 0, uses_anonymous_args = 0
  96 0000 08B5     		push	{r3, lr}
  97              		.cfi_def_cfa_offset 8
  98              		.cfi_offset 3, -8
  99              		.cfi_offset 14, -4
 107:Generated_Source\PSoC5/rectangle_generator_PM.c ****     rectangle_generator_backup.enableState = ((uint8) rectangle_generator_IS_ENABLED);
 100              		.loc 1 107 0
 101 0002 054B     		ldr	r3, .L9
 102 0004 1B78     		ldrb	r3, [r3]	@ zero_extendqisi2
 103 0006 03F00103 		and	r3, r3, #1
 104 000a 044A     		ldr	r2, .L9+4
 105 000c 1370     		strb	r3, [r2]
 108:Generated_Source\PSoC5/rectangle_generator_PM.c **** 
 109:Generated_Source\PSoC5/rectangle_generator_PM.c ****     rectangle_generator_Stop();
 106              		.loc 1 109 0
 107 000e FFF7FEFF 		bl	rectangle_generator_Stop
 108              	.LVL0:
 110:Generated_Source\PSoC5/rectangle_generator_PM.c ****     rectangle_generator_SaveConfig();
 109              		.loc 1 110 0
 110 0012 FFF7FEFF 		bl	rectangle_generator_SaveConfig
 111              	.LVL1:
 112 0016 08BD     		pop	{r3, pc}
 113              	.L10:
 114              		.align	2
 115              	.L9:
 116 0018 73640040 		.word	1073767539
 117 001c 00000000 		.word	.LANCHOR0
 118              		.cfi_endproc
ARM GAS  C:\Users\214016~1\AppData\Local\Temp\ccvA1pQL.s 			page 5


 119              	.LFE2:
 120              		.size	rectangle_generator_Sleep, .-rectangle_generator_Sleep
 121              		.section	.text.rectangle_generator_Wakeup,"ax",%progbits
 122              		.align	2
 123              		.global	rectangle_generator_Wakeup
 124              		.thumb
 125              		.thumb_func
 126              		.type	rectangle_generator_Wakeup, %function
 127              	rectangle_generator_Wakeup:
 128              	.LFB3:
 111:Generated_Source\PSoC5/rectangle_generator_PM.c **** }
 112:Generated_Source\PSoC5/rectangle_generator_PM.c **** 
 113:Generated_Source\PSoC5/rectangle_generator_PM.c **** 
 114:Generated_Source\PSoC5/rectangle_generator_PM.c **** /*******************************************************************************
 115:Generated_Source\PSoC5/rectangle_generator_PM.c **** * Function Name: rectangle_generator_Wakeup
 116:Generated_Source\PSoC5/rectangle_generator_PM.c **** ********************************************************************************
 117:Generated_Source\PSoC5/rectangle_generator_PM.c **** *
 118:Generated_Source\PSoC5/rectangle_generator_PM.c **** * Summary:
 119:Generated_Source\PSoC5/rectangle_generator_PM.c **** *  Restores and enables the user configuration.
 120:Generated_Source\PSoC5/rectangle_generator_PM.c **** *
 121:Generated_Source\PSoC5/rectangle_generator_PM.c **** * Parameters:
 122:Generated_Source\PSoC5/rectangle_generator_PM.c **** *  None.
 123:Generated_Source\PSoC5/rectangle_generator_PM.c **** *
 124:Generated_Source\PSoC5/rectangle_generator_PM.c **** * Return:
 125:Generated_Source\PSoC5/rectangle_generator_PM.c **** *  None.
 126:Generated_Source\PSoC5/rectangle_generator_PM.c **** *
 127:Generated_Source\PSoC5/rectangle_generator_PM.c **** *******************************************************************************/
 128:Generated_Source\PSoC5/rectangle_generator_PM.c **** void rectangle_generator_Wakeup(void) 
 129:Generated_Source\PSoC5/rectangle_generator_PM.c **** {
 129              		.loc 1 129 0
 130              		.cfi_startproc
 131              		@ args = 0, pretend = 0, frame = 0
 132              		@ frame_needed = 0, uses_anonymous_args = 0
 133 0000 08B5     		push	{r3, lr}
 134              		.cfi_def_cfa_offset 8
 135              		.cfi_offset 3, -8
 136              		.cfi_offset 14, -4
 130:Generated_Source\PSoC5/rectangle_generator_PM.c ****     rectangle_generator_RestoreConfig();
 137              		.loc 1 130 0
 138 0002 FFF7FEFF 		bl	rectangle_generator_RestoreConfig
 139              	.LVL2:
 131:Generated_Source\PSoC5/rectangle_generator_PM.c **** 
 132:Generated_Source\PSoC5/rectangle_generator_PM.c ****     if(0u != rectangle_generator_backup.enableState)
 140              		.loc 1 132 0
 141 0006 034B     		ldr	r3, .L14
 142 0008 1B78     		ldrb	r3, [r3]	@ zero_extendqisi2
 143 000a 0BB1     		cbz	r3, .L11
 133:Generated_Source\PSoC5/rectangle_generator_PM.c ****     {
 134:Generated_Source\PSoC5/rectangle_generator_PM.c ****         rectangle_generator_Enable();
 144              		.loc 1 134 0
 145 000c FFF7FEFF 		bl	rectangle_generator_Enable
 146              	.LVL3:
 147              	.L11:
 148 0010 08BD     		pop	{r3, pc}
 149              	.L15:
 150 0012 00BF     		.align	2
 151              	.L14:
ARM GAS  C:\Users\214016~1\AppData\Local\Temp\ccvA1pQL.s 			page 6


 152 0014 00000000 		.word	.LANCHOR0
 153              		.cfi_endproc
 154              	.LFE3:
 155              		.size	rectangle_generator_Wakeup, .-rectangle_generator_Wakeup
 156              		.bss
 157              		.align	2
 158              		.set	.LANCHOR0,. + 0
 159              		.type	rectangle_generator_backup, %object
 160              		.size	rectangle_generator_backup, 6
 161              	rectangle_generator_backup:
 162 0000 00000000 		.space	6
 162      0000
 163              		.text
 164              	.Letext0:
 165              		.file 2 "Generated_Source\\PSoC5\\cytypes.h"
 166              		.file 3 "Generated_Source\\PSoC5\\rectangle_generator.h"
 167              		.section	.debug_info,"",%progbits
 168              	.Ldebug_info0:
 169 0000 96010000 		.4byte	0x196
 170 0004 0400     		.2byte	0x4
 171 0006 00000000 		.4byte	.Ldebug_abbrev0
 172 000a 04       		.byte	0x4
 173 000b 01       		.uleb128 0x1
 174 000c D3000000 		.4byte	.LASF28
 175 0010 0C       		.byte	0xc
 176 0011 89020000 		.4byte	.LASF29
 177 0015 5E000000 		.4byte	.LASF30
 178 0019 00000000 		.4byte	.Ldebug_ranges0+0
 179 001d 00000000 		.4byte	0
 180 0021 00000000 		.4byte	.Ldebug_line0
 181 0025 02       		.uleb128 0x2
 182 0026 01       		.byte	0x1
 183 0027 06       		.byte	0x6
 184 0028 71020000 		.4byte	.LASF0
 185 002c 02       		.uleb128 0x2
 186 002d 01       		.byte	0x1
 187 002e 08       		.byte	0x8
 188 002f C5000000 		.4byte	.LASF1
 189 0033 02       		.uleb128 0x2
 190 0034 02       		.byte	0x2
 191 0035 05       		.byte	0x5
 192 0036 A7010000 		.4byte	.LASF2
 193 003a 02       		.uleb128 0x2
 194 003b 02       		.byte	0x2
 195 003c 07       		.byte	0x7
 196 003d 3F000000 		.4byte	.LASF3
 197 0041 02       		.uleb128 0x2
 198 0042 04       		.byte	0x4
 199 0043 05       		.byte	0x5
 200 0044 50020000 		.4byte	.LASF4
 201 0048 02       		.uleb128 0x2
 202 0049 04       		.byte	0x4
 203 004a 07       		.byte	0x7
 204 004b 66010000 		.4byte	.LASF5
 205 004f 02       		.uleb128 0x2
 206 0050 08       		.byte	0x8
 207 0051 05       		.byte	0x5
ARM GAS  C:\Users\214016~1\AppData\Local\Temp\ccvA1pQL.s 			page 7


 208 0052 22020000 		.4byte	.LASF6
 209 0056 02       		.uleb128 0x2
 210 0057 08       		.byte	0x8
 211 0058 07       		.byte	0x7
 212 0059 E0010000 		.4byte	.LASF7
 213 005d 03       		.uleb128 0x3
 214 005e 04       		.byte	0x4
 215 005f 05       		.byte	0x5
 216 0060 696E7400 		.ascii	"int\000"
 217 0064 02       		.uleb128 0x2
 218 0065 04       		.byte	0x4
 219 0066 07       		.byte	0x7
 220 0067 B8010000 		.4byte	.LASF8
 221 006b 04       		.uleb128 0x4
 222 006c 78010000 		.4byte	.LASF9
 223 0070 02       		.byte	0x2
 224 0071 9201     		.2byte	0x192
 225 0073 2C000000 		.4byte	0x2c
 226 0077 04       		.uleb128 0x4
 227 0078 B1010000 		.4byte	.LASF10
 228 007c 02       		.byte	0x2
 229 007d 9301     		.2byte	0x193
 230 007f 3A000000 		.4byte	0x3a
 231 0083 02       		.uleb128 0x2
 232 0084 04       		.byte	0x4
 233 0085 04       		.byte	0x4
 234 0086 BF000000 		.4byte	.LASF11
 235 008a 02       		.uleb128 0x2
 236 008b 08       		.byte	0x8
 237 008c 04       		.byte	0x4
 238 008d 7E010000 		.4byte	.LASF12
 239 0091 02       		.uleb128 0x2
 240 0092 01       		.byte	0x1
 241 0093 08       		.byte	0x8
 242 0094 30020000 		.4byte	.LASF13
 243 0098 04       		.uleb128 0x4
 244 0099 61010000 		.4byte	.LASF14
 245 009d 02       		.byte	0x2
 246 009e 3C02     		.2byte	0x23c
 247 00a0 A4000000 		.4byte	0xa4
 248 00a4 05       		.uleb128 0x5
 249 00a5 6B000000 		.4byte	0x6b
 250 00a9 04       		.uleb128 0x4
 251 00aa 00000000 		.4byte	.LASF15
 252 00ae 02       		.byte	0x2
 253 00af 3D02     		.2byte	0x23d
 254 00b1 B5000000 		.4byte	0xb5
 255 00b5 05       		.uleb128 0x5
 256 00b6 77000000 		.4byte	0x77
 257 00ba 02       		.uleb128 0x2
 258 00bb 08       		.byte	0x8
 259 00bc 04       		.byte	0x4
 260 00bd 65020000 		.4byte	.LASF16
 261 00c1 02       		.uleb128 0x2
 262 00c2 04       		.byte	0x4
 263 00c3 07       		.byte	0x7
 264 00c4 19020000 		.4byte	.LASF17
ARM GAS  C:\Users\214016~1\AppData\Local\Temp\ccvA1pQL.s 			page 8


 265 00c8 06       		.uleb128 0x6
 266 00c9 06       		.byte	0x6
 267 00ca 03       		.byte	0x3
 268 00cb 2A       		.byte	0x2a
 269 00cc F5000000 		.4byte	0xf5
 270 00d0 07       		.uleb128 0x7
 271 00d1 59020000 		.4byte	.LASF18
 272 00d5 03       		.byte	0x3
 273 00d6 2C       		.byte	0x2c
 274 00d7 6B000000 		.4byte	0x6b
 275 00db 00       		.byte	0
 276 00dc 07       		.uleb128 0x7
 277 00dd 7D020000 		.4byte	.LASF19
 278 00e1 03       		.byte	0x3
 279 00e2 2E       		.byte	0x2e
 280 00e3 77000000 		.4byte	0x77
 281 00e7 02       		.byte	0x2
 282 00e8 07       		.uleb128 0x7
 283 00e9 52000000 		.4byte	.LASF20
 284 00ed 03       		.byte	0x3
 285 00ee 2F       		.byte	0x2f
 286 00ef 77000000 		.4byte	0x77
 287 00f3 04       		.byte	0x4
 288 00f4 00       		.byte	0
 289 00f5 08       		.uleb128 0x8
 290 00f6 85010000 		.4byte	.LASF21
 291 00fa 03       		.byte	0x3
 292 00fb 35       		.byte	0x35
 293 00fc C8000000 		.4byte	0xc8
 294 0100 09       		.uleb128 0x9
 295 0101 06000000 		.4byte	.LASF22
 296 0105 01       		.byte	0x1
 297 0106 32       		.byte	0x32
 298 0107 00000000 		.4byte	.LFB0
 299 010b 1C000000 		.4byte	.LFE0-.LFB0
 300 010f 01       		.uleb128 0x1
 301 0110 9C       		.byte	0x9c
 302 0111 09       		.uleb128 0x9
 303 0112 F7010000 		.4byte	.LASF23
 304 0116 01       		.byte	0x1
 305 0117 4C       		.byte	0x4c
 306 0118 00000000 		.4byte	.LFB1
 307 011c 1C000000 		.4byte	.LFE1-.LFB1
 308 0120 01       		.uleb128 0x1
 309 0121 9C       		.byte	0x9c
 310 0122 0A       		.uleb128 0xa
 311 0123 25000000 		.4byte	.LASF24
 312 0127 01       		.byte	0x1
 313 0128 69       		.byte	0x69
 314 0129 00000000 		.4byte	.LFB2
 315 012d 20000000 		.4byte	.LFE2-.LFB2
 316 0131 01       		.uleb128 0x1
 317 0132 9C       		.byte	0x9c
 318 0133 4A010000 		.4byte	0x14a
 319 0137 0B       		.uleb128 0xb
 320 0138 12000000 		.4byte	.LVL0
 321 013c 83010000 		.4byte	0x183
ARM GAS  C:\Users\214016~1\AppData\Local\Temp\ccvA1pQL.s 			page 9


 322 0140 0B       		.uleb128 0xb
 323 0141 16000000 		.4byte	.LVL1
 324 0145 00010000 		.4byte	0x100
 325 0149 00       		.byte	0
 326 014a 0A       		.uleb128 0xa
 327 014b 35020000 		.4byte	.LASF25
 328 014f 01       		.byte	0x1
 329 0150 80       		.byte	0x80
 330 0151 00000000 		.4byte	.LFB3
 331 0155 18000000 		.4byte	.LFE3-.LFB3
 332 0159 01       		.uleb128 0x1
 333 015a 9C       		.byte	0x9c
 334 015b 72010000 		.4byte	0x172
 335 015f 0B       		.uleb128 0xb
 336 0160 06000000 		.4byte	.LVL2
 337 0164 11010000 		.4byte	0x111
 338 0168 0B       		.uleb128 0xb
 339 0169 10000000 		.4byte	.LVL3
 340 016d 8E010000 		.4byte	0x18e
 341 0171 00       		.byte	0
 342 0172 0C       		.uleb128 0xc
 343 0173 C5010000 		.4byte	.LASF31
 344 0177 01       		.byte	0x1
 345 0178 14       		.byte	0x14
 346 0179 F5000000 		.4byte	0xf5
 347 017d 05       		.uleb128 0x5
 348 017e 03       		.byte	0x3
 349 017f 00000000 		.4byte	rectangle_generator_backup
 350 0183 0D       		.uleb128 0xd
 351 0184 A6000000 		.4byte	.LASF26
 352 0188 A6000000 		.4byte	.LASF26
 353 018c 03       		.byte	0x3
 354 018d 3D       		.byte	0x3d
 355 018e 0D       		.uleb128 0xd
 356 018f 8B000000 		.4byte	.LASF27
 357 0193 8B000000 		.4byte	.LASF27
 358 0197 03       		.byte	0x3
 359 0198 3F       		.byte	0x3f
 360 0199 00       		.byte	0
 361              		.section	.debug_abbrev,"",%progbits
 362              	.Ldebug_abbrev0:
 363 0000 01       		.uleb128 0x1
 364 0001 11       		.uleb128 0x11
 365 0002 01       		.byte	0x1
 366 0003 25       		.uleb128 0x25
 367 0004 0E       		.uleb128 0xe
 368 0005 13       		.uleb128 0x13
 369 0006 0B       		.uleb128 0xb
 370 0007 03       		.uleb128 0x3
 371 0008 0E       		.uleb128 0xe
 372 0009 1B       		.uleb128 0x1b
 373 000a 0E       		.uleb128 0xe
 374 000b 55       		.uleb128 0x55
 375 000c 17       		.uleb128 0x17
 376 000d 11       		.uleb128 0x11
 377 000e 01       		.uleb128 0x1
 378 000f 10       		.uleb128 0x10
ARM GAS  C:\Users\214016~1\AppData\Local\Temp\ccvA1pQL.s 			page 10


 379 0010 17       		.uleb128 0x17
 380 0011 00       		.byte	0
 381 0012 00       		.byte	0
 382 0013 02       		.uleb128 0x2
 383 0014 24       		.uleb128 0x24
 384 0015 00       		.byte	0
 385 0016 0B       		.uleb128 0xb
 386 0017 0B       		.uleb128 0xb
 387 0018 3E       		.uleb128 0x3e
 388 0019 0B       		.uleb128 0xb
 389 001a 03       		.uleb128 0x3
 390 001b 0E       		.uleb128 0xe
 391 001c 00       		.byte	0
 392 001d 00       		.byte	0
 393 001e 03       		.uleb128 0x3
 394 001f 24       		.uleb128 0x24
 395 0020 00       		.byte	0
 396 0021 0B       		.uleb128 0xb
 397 0022 0B       		.uleb128 0xb
 398 0023 3E       		.uleb128 0x3e
 399 0024 0B       		.uleb128 0xb
 400 0025 03       		.uleb128 0x3
 401 0026 08       		.uleb128 0x8
 402 0027 00       		.byte	0
 403 0028 00       		.byte	0
 404 0029 04       		.uleb128 0x4
 405 002a 16       		.uleb128 0x16
 406 002b 00       		.byte	0
 407 002c 03       		.uleb128 0x3
 408 002d 0E       		.uleb128 0xe
 409 002e 3A       		.uleb128 0x3a
 410 002f 0B       		.uleb128 0xb
 411 0030 3B       		.uleb128 0x3b
 412 0031 05       		.uleb128 0x5
 413 0032 49       		.uleb128 0x49
 414 0033 13       		.uleb128 0x13
 415 0034 00       		.byte	0
 416 0035 00       		.byte	0
 417 0036 05       		.uleb128 0x5
 418 0037 35       		.uleb128 0x35
 419 0038 00       		.byte	0
 420 0039 49       		.uleb128 0x49
 421 003a 13       		.uleb128 0x13
 422 003b 00       		.byte	0
 423 003c 00       		.byte	0
 424 003d 06       		.uleb128 0x6
 425 003e 13       		.uleb128 0x13
 426 003f 01       		.byte	0x1
 427 0040 0B       		.uleb128 0xb
 428 0041 0B       		.uleb128 0xb
 429 0042 3A       		.uleb128 0x3a
 430 0043 0B       		.uleb128 0xb
 431 0044 3B       		.uleb128 0x3b
 432 0045 0B       		.uleb128 0xb
 433 0046 01       		.uleb128 0x1
 434 0047 13       		.uleb128 0x13
 435 0048 00       		.byte	0
ARM GAS  C:\Users\214016~1\AppData\Local\Temp\ccvA1pQL.s 			page 11


 436 0049 00       		.byte	0
 437 004a 07       		.uleb128 0x7
 438 004b 0D       		.uleb128 0xd
 439 004c 00       		.byte	0
 440 004d 03       		.uleb128 0x3
 441 004e 0E       		.uleb128 0xe
 442 004f 3A       		.uleb128 0x3a
 443 0050 0B       		.uleb128 0xb
 444 0051 3B       		.uleb128 0x3b
 445 0052 0B       		.uleb128 0xb
 446 0053 49       		.uleb128 0x49
 447 0054 13       		.uleb128 0x13
 448 0055 38       		.uleb128 0x38
 449 0056 0B       		.uleb128 0xb
 450 0057 00       		.byte	0
 451 0058 00       		.byte	0
 452 0059 08       		.uleb128 0x8
 453 005a 16       		.uleb128 0x16
 454 005b 00       		.byte	0
 455 005c 03       		.uleb128 0x3
 456 005d 0E       		.uleb128 0xe
 457 005e 3A       		.uleb128 0x3a
 458 005f 0B       		.uleb128 0xb
 459 0060 3B       		.uleb128 0x3b
 460 0061 0B       		.uleb128 0xb
 461 0062 49       		.uleb128 0x49
 462 0063 13       		.uleb128 0x13
 463 0064 00       		.byte	0
 464 0065 00       		.byte	0
 465 0066 09       		.uleb128 0x9
 466 0067 2E       		.uleb128 0x2e
 467 0068 00       		.byte	0
 468 0069 3F       		.uleb128 0x3f
 469 006a 19       		.uleb128 0x19
 470 006b 03       		.uleb128 0x3
 471 006c 0E       		.uleb128 0xe
 472 006d 3A       		.uleb128 0x3a
 473 006e 0B       		.uleb128 0xb
 474 006f 3B       		.uleb128 0x3b
 475 0070 0B       		.uleb128 0xb
 476 0071 27       		.uleb128 0x27
 477 0072 19       		.uleb128 0x19
 478 0073 11       		.uleb128 0x11
 479 0074 01       		.uleb128 0x1
 480 0075 12       		.uleb128 0x12
 481 0076 06       		.uleb128 0x6
 482 0077 40       		.uleb128 0x40
 483 0078 18       		.uleb128 0x18
 484 0079 9742     		.uleb128 0x2117
 485 007b 19       		.uleb128 0x19
 486 007c 00       		.byte	0
 487 007d 00       		.byte	0
 488 007e 0A       		.uleb128 0xa
 489 007f 2E       		.uleb128 0x2e
 490 0080 01       		.byte	0x1
 491 0081 3F       		.uleb128 0x3f
 492 0082 19       		.uleb128 0x19
ARM GAS  C:\Users\214016~1\AppData\Local\Temp\ccvA1pQL.s 			page 12


 493 0083 03       		.uleb128 0x3
 494 0084 0E       		.uleb128 0xe
 495 0085 3A       		.uleb128 0x3a
 496 0086 0B       		.uleb128 0xb
 497 0087 3B       		.uleb128 0x3b
 498 0088 0B       		.uleb128 0xb
 499 0089 27       		.uleb128 0x27
 500 008a 19       		.uleb128 0x19
 501 008b 11       		.uleb128 0x11
 502 008c 01       		.uleb128 0x1
 503 008d 12       		.uleb128 0x12
 504 008e 06       		.uleb128 0x6
 505 008f 40       		.uleb128 0x40
 506 0090 18       		.uleb128 0x18
 507 0091 9742     		.uleb128 0x2117
 508 0093 19       		.uleb128 0x19
 509 0094 01       		.uleb128 0x1
 510 0095 13       		.uleb128 0x13
 511 0096 00       		.byte	0
 512 0097 00       		.byte	0
 513 0098 0B       		.uleb128 0xb
 514 0099 898201   		.uleb128 0x4109
 515 009c 00       		.byte	0
 516 009d 11       		.uleb128 0x11
 517 009e 01       		.uleb128 0x1
 518 009f 31       		.uleb128 0x31
 519 00a0 13       		.uleb128 0x13
 520 00a1 00       		.byte	0
 521 00a2 00       		.byte	0
 522 00a3 0C       		.uleb128 0xc
 523 00a4 34       		.uleb128 0x34
 524 00a5 00       		.byte	0
 525 00a6 03       		.uleb128 0x3
 526 00a7 0E       		.uleb128 0xe
 527 00a8 3A       		.uleb128 0x3a
 528 00a9 0B       		.uleb128 0xb
 529 00aa 3B       		.uleb128 0x3b
 530 00ab 0B       		.uleb128 0xb
 531 00ac 49       		.uleb128 0x49
 532 00ad 13       		.uleb128 0x13
 533 00ae 02       		.uleb128 0x2
 534 00af 18       		.uleb128 0x18
 535 00b0 00       		.byte	0
 536 00b1 00       		.byte	0
 537 00b2 0D       		.uleb128 0xd
 538 00b3 2E       		.uleb128 0x2e
 539 00b4 00       		.byte	0
 540 00b5 3F       		.uleb128 0x3f
 541 00b6 19       		.uleb128 0x19
 542 00b7 3C       		.uleb128 0x3c
 543 00b8 19       		.uleb128 0x19
 544 00b9 6E       		.uleb128 0x6e
 545 00ba 0E       		.uleb128 0xe
 546 00bb 03       		.uleb128 0x3
 547 00bc 0E       		.uleb128 0xe
 548 00bd 3A       		.uleb128 0x3a
 549 00be 0B       		.uleb128 0xb
ARM GAS  C:\Users\214016~1\AppData\Local\Temp\ccvA1pQL.s 			page 13


 550 00bf 3B       		.uleb128 0x3b
 551 00c0 0B       		.uleb128 0xb
 552 00c1 00       		.byte	0
 553 00c2 00       		.byte	0
 554 00c3 00       		.byte	0
 555              		.section	.debug_aranges,"",%progbits
 556 0000 34000000 		.4byte	0x34
 557 0004 0200     		.2byte	0x2
 558 0006 00000000 		.4byte	.Ldebug_info0
 559 000a 04       		.byte	0x4
 560 000b 00       		.byte	0
 561 000c 0000     		.2byte	0
 562 000e 0000     		.2byte	0
 563 0010 00000000 		.4byte	.LFB0
 564 0014 1C000000 		.4byte	.LFE0-.LFB0
 565 0018 00000000 		.4byte	.LFB1
 566 001c 1C000000 		.4byte	.LFE1-.LFB1
 567 0020 00000000 		.4byte	.LFB2
 568 0024 20000000 		.4byte	.LFE2-.LFB2
 569 0028 00000000 		.4byte	.LFB3
 570 002c 18000000 		.4byte	.LFE3-.LFB3
 571 0030 00000000 		.4byte	0
 572 0034 00000000 		.4byte	0
 573              		.section	.debug_ranges,"",%progbits
 574              	.Ldebug_ranges0:
 575 0000 00000000 		.4byte	.LFB0
 576 0004 1C000000 		.4byte	.LFE0
 577 0008 00000000 		.4byte	.LFB1
 578 000c 1C000000 		.4byte	.LFE1
 579 0010 00000000 		.4byte	.LFB2
 580 0014 20000000 		.4byte	.LFE2
 581 0018 00000000 		.4byte	.LFB3
 582 001c 18000000 		.4byte	.LFE3
 583 0020 00000000 		.4byte	0
 584 0024 00000000 		.4byte	0
 585              		.section	.debug_line,"",%progbits
 586              	.Ldebug_line0:
 587 0000 BB000000 		.section	.debug_str,"MS",%progbits,1
 587      02006C00 
 587      00000201 
 587      FB0E0D00 
 587      01010101 
 588              	.LASF15:
 589 0000 72656731 		.ascii	"reg16\000"
 589      3600
 590              	.LASF22:
 591 0006 72656374 		.ascii	"rectangle_generator_SaveConfig\000"
 591      616E676C 
 591      655F6765 
 591      6E657261 
 591      746F725F 
 592              	.LASF24:
 593 0025 72656374 		.ascii	"rectangle_generator_Sleep\000"
 593      616E676C 
 593      655F6765 
 593      6E657261 
 593      746F725F 
ARM GAS  C:\Users\214016~1\AppData\Local\Temp\ccvA1pQL.s 			page 14


 594              	.LASF3:
 595 003f 73686F72 		.ascii	"short unsigned int\000"
 595      7420756E 
 595      7369676E 
 595      65642069 
 595      6E7400
 596              	.LASF20:
 597 0052 73617665 		.ascii	"saveSrA1Reg\000"
 597      53724131 
 597      52656700 
 598              	.LASF30:
 599 005e 433A5C67 		.ascii	"C:\\github\\PSoC_2A03APU\\APU2A03\\APU2A03.cydsn\000"
 599      69746875 
 599      625C5053 
 599      6F435F32 
 599      41303341 
 600              	.LASF27:
 601 008b 72656374 		.ascii	"rectangle_generator_Enable\000"
 601      616E676C 
 601      655F6765 
 601      6E657261 
 601      746F725F 
 602              	.LASF26:
 603 00a6 72656374 		.ascii	"rectangle_generator_Stop\000"
 603      616E676C 
 603      655F6765 
 603      6E657261 
 603      746F725F 
 604              	.LASF11:
 605 00bf 666C6F61 		.ascii	"float\000"
 605      7400
 606              	.LASF1:
 607 00c5 756E7369 		.ascii	"unsigned char\000"
 607      676E6564 
 607      20636861 
 607      7200
 608              	.LASF28:
 609 00d3 474E5520 		.ascii	"GNU C11 5.4.1 20160609 (release) [ARM/embedded-5-br"
 609      43313120 
 609      352E342E 
 609      31203230 
 609      31363036 
 610 0106 616E6368 		.ascii	"anch revision 237715] -mcpu=cortex-m3 -mthumb -g -O"
 610      20726576 
 610      6973696F 
 610      6E203233 
 610      37373135 
 611 0139 67202D66 		.ascii	"g -ffunction-sections -ffat-lto-objects\000"
 611      66756E63 
 611      74696F6E 
 611      2D736563 
 611      74696F6E 
 612              	.LASF14:
 613 0161 72656738 		.ascii	"reg8\000"
 613      00
 614              	.LASF5:
 615 0166 6C6F6E67 		.ascii	"long unsigned int\000"
ARM GAS  C:\Users\214016~1\AppData\Local\Temp\ccvA1pQL.s 			page 15


 615      20756E73 
 615      69676E65 
 615      6420696E 
 615      7400
 616              	.LASF9:
 617 0178 75696E74 		.ascii	"uint8\000"
 617      3800
 618              	.LASF12:
 619 017e 646F7562 		.ascii	"double\000"
 619      6C6500
 620              	.LASF21:
 621 0185 72656374 		.ascii	"rectangle_generator_BACKUP_STRUCT\000"
 621      616E676C 
 621      655F6765 
 621      6E657261 
 621      746F725F 
 622              	.LASF2:
 623 01a7 73686F72 		.ascii	"short int\000"
 623      7420696E 
 623      7400
 624              	.LASF10:
 625 01b1 75696E74 		.ascii	"uint16\000"
 625      313600
 626              	.LASF8:
 627 01b8 756E7369 		.ascii	"unsigned int\000"
 627      676E6564 
 627      20696E74 
 627      00
 628              	.LASF31:
 629 01c5 72656374 		.ascii	"rectangle_generator_backup\000"
 629      616E676C 
 629      655F6765 
 629      6E657261 
 629      746F725F 
 630              	.LASF7:
 631 01e0 6C6F6E67 		.ascii	"long long unsigned int\000"
 631      206C6F6E 
 631      6720756E 
 631      7369676E 
 631      65642069 
 632              	.LASF23:
 633 01f7 72656374 		.ascii	"rectangle_generator_RestoreConfig\000"
 633      616E676C 
 633      655F6765 
 633      6E657261 
 633      746F725F 
 634              	.LASF17:
 635 0219 73697A65 		.ascii	"sizetype\000"
 635      74797065 
 635      00
 636              	.LASF6:
 637 0222 6C6F6E67 		.ascii	"long long int\000"
 637      206C6F6E 
 637      6720696E 
 637      7400
 638              	.LASF13:
 639 0230 63686172 		.ascii	"char\000"
ARM GAS  C:\Users\214016~1\AppData\Local\Temp\ccvA1pQL.s 			page 16


 639      00
 640              	.LASF25:
 641 0235 72656374 		.ascii	"rectangle_generator_Wakeup\000"
 641      616E676C 
 641      655F6765 
 641      6E657261 
 641      746F725F 
 642              	.LASF4:
 643 0250 6C6F6E67 		.ascii	"long int\000"
 643      20696E74 
 643      00
 644              	.LASF18:
 645 0259 656E6162 		.ascii	"enableState\000"
 645      6C655374 
 645      61746500 
 646              	.LASF16:
 647 0265 6C6F6E67 		.ascii	"long double\000"
 647      20646F75 
 647      626C6500 
 648              	.LASF0:
 649 0271 7369676E 		.ascii	"signed char\000"
 649      65642063 
 649      68617200 
 650              	.LASF19:
 651 027d 73617665 		.ascii	"saveSrA0Reg\000"
 651      53724130 
 651      52656700 
 652              	.LASF29:
 653 0289 47656E65 		.ascii	"Generated_Source\\PSoC5\\rectangle_generator_PM.c\000"
 653      72617465 
 653      645F536F 
 653      75726365 
 653      5C50536F 
 654              		.ident	"GCC: (GNU Tools for ARM Embedded Processors) 5.4.1 20160609 (release) [ARM/embedded-5-bran
