--------------- Rebuild Started: 07/19/2019 09:37:03 Project: APU2A03, Configuration: ARM GCC 5.4-2016-q2-update Debug ---------------
Deleting file ".\APU2A03.cycdx"
Deleting file ".\APU2A03.svd"
Deleting file ".\APU2A03.rpt"
Deleting file ".\APU2A03_timing.html"
cydsfit.exe -.appdatapath "C:\Users\214016586\AppData\Local\Cypress Semiconductor\PSoC Creator\4.1" -.fdsnotice -.fdswarpdepfile=warp_dependencies.txt -.fdselabdepfile=elab_dependencies.txt -.fdsbldfile=generated_files.txt -.fdsreffile=referenced_files.txt -p C:\github\PSoC_2A03APU\APU2A03\APU2A03.cydsn\APU2A03.cyprj -d CY8C5868AXI-LP035 -s C:\github\PSoC_2A03APU\APU2A03\APU2A03.cydsn\Generated_Source\PSoC5 -- -yv2 -q10 -ygs -o2 -v3 -.fftcfgtype=LE
Elaborating Design...
HDL Generation...
Synthesis...
Tech Mapping...
ADD: pft.M0040: information: The following 9 pin(s) will be assigned a location by the fitter: \USBMIDI_1:Dm(0)\, \USBMIDI_1:Dp(0)\, MIDI_IN1(0), MIDI_OUT1(0), Noise_Out(0), Pin_1(0), Pin_2(0), Pin_3(0), Pin_6(0)
Analog Placement...
Log: apr.M0058: The analog placement iterative improvement is 41% done. (App=cydsfit)
Analog Routing...
Analog Code Generation...
Digital Placement...
Digital Routing...
Bitstream Generation...
Bitstream Verification...
Static timing analysis...
Warning: sta.M0021: APU2A03_timing.html: Warning-1350: Asynchronous path(s) exist from "Clock_179(fixed-function)" to "Clock_179". See the timing report for details. (File=C:\github\PSoC_2A03APU\APU2A03\APU2A03.cydsn\APU2A03_timing.html)
API Generation...
Dependency Generation...
Cleanup...
arm-none-eabi-gcc.exe -mcpu=cortex-m3 -mthumb -I. -IGenerated_Source\PSoC5 -Wa,-alh=.\CortexM3\ARM_GCC_541\Debug/main.lst -g -D DEBUG -Wall -ffunction-sections -ffat-lto-objects -Og -c main.c -o .\CortexM3\ARM_GCC_541\Debug\main.o
arm-none-eabi-gcc.exe -mcpu=cortex-m3 -mthumb -I. -IGenerated_Source\PSoC5 -Wa,-alh=.\CortexM3\ARM_GCC_541\Debug/cyfitter_cfg.lst -g -D DEBUG -Wall -ffunction-sections -ffat-lto-objects -Og -c Generated_Source\PSoC5\cyfitter_cfg.c -o .\CortexM3\ARM_GCC_541\Debug\cyfitter_cfg.o
arm-none-eabi-gcc.exe -mcpu=cortex-m3 -mthumb -I. -IGenerated_Source\PSoC5 -Wa,-alh=.\CortexM3\ARM_GCC_541\Debug/cymetadata.lst -g -D DEBUG -Wall -ffunction-sections -ffat-lto-objects -Og -c Generated_Source\PSoC5\cymetadata.c -o .\CortexM3\ARM_GCC_541\Debug\cymetadata.o
arm-none-eabi-gcc.exe -mcpu=cortex-m3 -mthumb -I. -IGenerated_Source\PSoC5 -Wa,-alh=.\CortexM3\ARM_GCC_541\Debug/LFSR.lst -g -D DEBUG -Wall -ffunction-sections -ffat-lto-objects -Og -c Generated_Source\PSoC5\LFSR.c -o .\CortexM3\ARM_GCC_541\Debug\LFSR.o
arm-none-eabi-gcc.exe -mcpu=cortex-m3 -mthumb -I. -IGenerated_Source\PSoC5 -Wa,-alh=.\CortexM3\ARM_GCC_541\Debug/LFSR_PM.lst -g -D DEBUG -Wall -ffunction-sections -ffat-lto-objects -Og -c Generated_Source\PSoC5\LFSR_PM.c -o .\CortexM3\ARM_GCC_541\Debug\LFSR_PM.o
arm-none-eabi-gcc.exe -mcpu=cortex-m3 -mthumb -I. -IGenerated_Source\PSoC5 -Wa,-alh=.\CortexM3\ARM_GCC_541\Debug/Length_Counter.lst -g -D DEBUG -Wall -ffunction-sections -ffat-lto-objects -Og -c Generated_Source\PSoC5\Length_Counter.c -o .\CortexM3\ARM_GCC_541\Debug\Length_Counter.o
arm-none-eabi-gcc.exe -mcpu=cortex-m3 -mthumb -I. -IGenerated_Source\PSoC5 -Wa,-alh=.\CortexM3\ARM_GCC_541\Debug/Length_Counter_PM.lst -g -D DEBUG -Wall -ffunction-sections -ffat-lto-objects -Og -c Generated_Source\PSoC5\Length_Counter_PM.c -o .\CortexM3\ARM_GCC_541\Debug\Length_Counter_PM.o
arm-none-eabi-gcc.exe -mcpu=cortex-m3 -mthumb -I. -IGenerated_Source\PSoC5 -Wa,-alh=.\CortexM3\ARM_GCC_541\Debug/Clock_179.lst -g -D DEBUG -Wall -ffunction-sections -ffat-lto-objects -Og -c Generated_Source\PSoC5\Clock_179.c -o .\CortexM3\ARM_GCC_541\Debug\Clock_179.o
arm-none-eabi-gcc.exe -mcpu=cortex-m3 -mthumb -I. -IGenerated_Source\PSoC5 -Wa,-alh=.\CortexM3\ARM_GCC_541\Debug/Control_Reg_1.lst -g -D DEBUG -Wall -ffunction-sections -ffat-lto-objects -Og -c Generated_Source\PSoC5\Control_Reg_1.c -o .\CortexM3\ARM_GCC_541\Debug\Control_Reg_1.o
arm-none-eabi-gcc.exe -mcpu=cortex-m3 -mthumb -I. -IGenerated_Source\PSoC5 -Wa,-alh=.\CortexM3\ARM_GCC_541\Debug/Control_Reg_1_PM.lst -g -D DEBUG -Wall -ffunction-sections -ffat-lto-objects -Og -c Generated_Source\PSoC5\Control_Reg_1_PM.c -o .\CortexM3\ARM_GCC_541\Debug\Control_Reg_1_PM.o
arm-none-eabi-gcc.exe -mcpu=cortex-m3 -mthumb -I. -IGenerated_Source\PSoC5 -Wa,-alh=.\CortexM3\ARM_GCC_541\Debug/Pin_1.lst -g -D DEBUG -Wall -ffunction-sections -ffat-lto-objects -Og -c Generated_Source\PSoC5\Pin_1.c -o .\CortexM3\ARM_GCC_541\Debug\Pin_1.o
arm-none-eabi-gcc.exe -mcpu=cortex-m3 -mthumb -I. -IGenerated_Source\PSoC5 -Wa,-alh=.\CortexM3\ARM_GCC_541\Debug/Cm3Start.lst -g -D DEBUG -Wall -ffunction-sections -ffat-lto-objects -Og -c Generated_Source\PSoC5\Cm3Start.c -o .\CortexM3\ARM_GCC_541\Debug\Cm3Start.o
arm-none-eabi-gcc.exe -mcpu=cortex-m3 -mthumb -I. -IGenerated_Source\PSoC5 -Wa,-alh=.\CortexM3\ARM_GCC_541\Debug/CyDmac.lst -g -D DEBUG -Wall -ffunction-sections -ffat-lto-objects -Og -c Generated_Source\PSoC5\CyDmac.c -o .\CortexM3\ARM_GCC_541\Debug\CyDmac.o
arm-none-eabi-gcc.exe -mcpu=cortex-m3 -mthumb -I. -IGenerated_Source\PSoC5 -Wa,-alh=.\CortexM3\ARM_GCC_541\Debug/CyFlash.lst -g -D DEBUG -Wall -ffunction-sections -ffat-lto-objects -Og -c Generated_Source\PSoC5\CyFlash.c -o .\CortexM3\ARM_GCC_541\Debug\CyFlash.o
arm-none-eabi-gcc.exe -mcpu=cortex-m3 -mthumb -I. -IGenerated_Source\PSoC5 -Wa,-alh=.\CortexM3\ARM_GCC_541\Debug/CyLib.lst -g -D DEBUG -Wall -ffunction-sections -ffat-lto-objects -Og -c Generated_Source\PSoC5\CyLib.c -o .\CortexM3\ARM_GCC_541\Debug\CyLib.o
arm-none-eabi-gcc.exe -mcpu=cortex-m3 -mthumb -I. -IGenerated_Source\PSoC5 -Wa,-alh=.\CortexM3\ARM_GCC_541\Debug/cyPm.lst -g -D DEBUG -Wall -ffunction-sections -ffat-lto-objects -Og -c Generated_Source\PSoC5\cyPm.c -o .\CortexM3\ARM_GCC_541\Debug\cyPm.o
arm-none-eabi-gcc.exe -mcpu=cortex-m3 -mthumb -I. -IGenerated_Source\PSoC5 -Wa,-alh=.\CortexM3\ARM_GCC_541\Debug/CySpc.lst -g -D DEBUG -Wall -ffunction-sections -ffat-lto-objects -Og -c Generated_Source\PSoC5\CySpc.c -o .\CortexM3\ARM_GCC_541\Debug\CySpc.o
arm-none-eabi-gcc.exe -mcpu=cortex-m3 -mthumb -I. -IGenerated_Source\PSoC5 -Wa,-alh=.\CortexM3\ARM_GCC_541\Debug/cyutils.lst -g -D DEBUG -Wall -ffunction-sections -ffat-lto-objects -Og -c Generated_Source\PSoC5\cyutils.c -o .\CortexM3\ARM_GCC_541\Debug\cyutils.o
arm-none-eabi-gcc.exe -mcpu=cortex-m3 -mthumb -I. -IGenerated_Source\PSoC5 -Wa,-alh=.\CortexM3\ARM_GCC_541\Debug/volume_generator.lst -g -D DEBUG -Wall -ffunction-sections -ffat-lto-objects -Og -c Generated_Source\PSoC5\volume_generator.c -o .\CortexM3\ARM_GCC_541\Debug\volume_generator.o
arm-none-eabi-gcc.exe -mcpu=cortex-m3 -mthumb -I. -IGenerated_Source\PSoC5 -Wa,-alh=.\CortexM3\ARM_GCC_541\Debug/volume_generator_PM.lst -g -D DEBUG -Wall -ffunction-sections -ffat-lto-objects -Og -c Generated_Source\PSoC5\volume_generator_PM.c -o .\CortexM3\ARM_GCC_541\Debug\volume_generator_PM.o
arm-none-eabi-gcc.exe -mcpu=cortex-m3 -mthumb -I. -IGenerated_Source\PSoC5 -Wa,-alh=.\CortexM3\ARM_GCC_541\Debug/Pin_2.lst -g -D DEBUG -Wall -ffunction-sections -ffat-lto-objects -Og -c Generated_Source\PSoC5\Pin_2.c -o .\CortexM3\ARM_GCC_541\Debug\Pin_2.o
arm-none-eabi-gcc.exe -mcpu=cortex-m3 -mthumb -I. -IGenerated_Source\PSoC5 -Wa,-alh=.\CortexM3\ARM_GCC_541\Debug/Pin_3.lst -g -D DEBUG -Wall -ffunction-sections -ffat-lto-objects -Og -c Generated_Source\PSoC5\Pin_3.c -o .\CortexM3\ARM_GCC_541\Debug\Pin_3.o
arm-none-eabi-gcc.exe -mcpu=cortex-m3 -mthumb -I. -IGenerated_Source\PSoC5 -Wa,-alh=.\CortexM3\ARM_GCC_541\Debug/Control_Reg_2.lst -g -D DEBUG -Wall -ffunction-sections -ffat-lto-objects -Og -c Generated_Source\PSoC5\Control_Reg_2.c -o .\CortexM3\ARM_GCC_541\Debug\Control_Reg_2.o
arm-none-eabi-gcc.exe -mcpu=cortex-m3 -mthumb -I. -IGenerated_Source\PSoC5 -Wa,-alh=.\CortexM3\ARM_GCC_541\Debug/Control_Reg_2_PM.lst -g -D DEBUG -Wall -ffunction-sections -ffat-lto-objects -Og -c Generated_Source\PSoC5\Control_Reg_2_PM.c -o .\CortexM3\ARM_GCC_541\Debug\Control_Reg_2_PM.o
arm-none-eabi-gcc.exe -mcpu=cortex-m3 -mthumb -I. -IGenerated_Source\PSoC5 -Wa,-alh=.\CortexM3\ARM_GCC_541\Debug/Noise_Vol_Clk_Div.lst -g -D DEBUG -Wall -ffunction-sections -ffat-lto-objects -Og -c Generated_Source\PSoC5\Noise_Vol_Clk_Div.c -o .\CortexM3\ARM_GCC_541\Debug\Noise_Vol_Clk_Div.o
arm-none-eabi-gcc.exe -mcpu=cortex-m3 -mthumb -I. -IGenerated_Source\PSoC5 -Wa,-alh=.\CortexM3\ARM_GCC_541\Debug/Noise_Vol_Clk_Div_PM.lst -g -D DEBUG -Wall -ffunction-sections -ffat-lto-objects -Og -c Generated_Source\PSoC5\Noise_Vol_Clk_Div_PM.c -o .\CortexM3\ARM_GCC_541\Debug\Noise_Vol_Clk_Div_PM.o
arm-none-eabi-gcc.exe -mcpu=cortex-m3 -mthumb -I. -IGenerated_Source\PSoC5 -Wa,-alh=.\CortexM3\ARM_GCC_541\Debug/Noise_Clk_Div.lst -g -D DEBUG -Wall -ffunction-sections -ffat-lto-objects -Og -c Generated_Source\PSoC5\Noise_Clk_Div.c -o .\CortexM3\ARM_GCC_541\Debug\Noise_Clk_Div.o
arm-none-eabi-gcc.exe -mcpu=cortex-m3 -mthumb -I. -IGenerated_Source\PSoC5 -Wa,-alh=.\CortexM3\ARM_GCC_541\Debug/Noise_Clk_Div_PM.lst -g -D DEBUG -Wall -ffunction-sections -ffat-lto-objects -Og -c Generated_Source\PSoC5\Noise_Clk_Div_PM.c -o .\CortexM3\ARM_GCC_541\Debug\Noise_Clk_Div_PM.o
arm-none-eabi-gcc.exe -mcpu=cortex-m3 -mthumb -I. -IGenerated_Source\PSoC5 -Wa,-alh=.\CortexM3\ARM_GCC_541\Debug/Pin_6.lst -g -D DEBUG -Wall -ffunction-sections -ffat-lto-objects -Og -c Generated_Source\PSoC5\Pin_6.c -o .\CortexM3\ARM_GCC_541\Debug\Pin_6.o
arm-none-eabi-gcc.exe -mcpu=cortex-m3 -mthumb -I. -IGenerated_Source\PSoC5 -Wa,-alh=.\CortexM3\ARM_GCC_541\Debug/Length_Counter_1.lst -g -D DEBUG -Wall -ffunction-sections -ffat-lto-objects -Og -c Generated_Source\PSoC5\Length_Counter_1.c -o .\CortexM3\ARM_GCC_541\Debug\Length_Counter_1.o
arm-none-eabi-gcc.exe -mcpu=cortex-m3 -mthumb -I. -IGenerated_Source\PSoC5 -Wa,-alh=.\CortexM3\ARM_GCC_541\Debug/Length_Counter_1_PM.lst -g -D DEBUG -Wall -ffunction-sections -ffat-lto-objects -Og -c Generated_Source\PSoC5\Length_Counter_1_PM.c -o .\CortexM3\ARM_GCC_541\Debug\Length_Counter_1_PM.o
arm-none-eabi-gcc.exe -mcpu=cortex-m3 -mthumb -I. -IGenerated_Source\PSoC5 -Wa,-alh=.\CortexM3\ARM_GCC_541\Debug/Tri_Divider.lst -g -D DEBUG -Wall -ffunction-sections -ffat-lto-objects -Og -c Generated_Source\PSoC5\Tri_Divider.c -o .\CortexM3\ARM_GCC_541\Debug\Tri_Divider.o
arm-none-eabi-gcc.exe -mcpu=cortex-m3 -mthumb -I. -IGenerated_Source\PSoC5 -Wa,-alh=.\CortexM3\ARM_GCC_541\Debug/Tri_Divider_PM.lst -g -D DEBUG -Wall -ffunction-sections -ffat-lto-objects -Og -c Generated_Source\PSoC5\Tri_Divider_PM.c -o .\CortexM3\ARM_GCC_541\Debug\Tri_Divider_PM.o
arm-none-eabi-gcc.exe -mcpu=cortex-m3 -mthumb -I. -IGenerated_Source\PSoC5 -Wa,-alh=.\CortexM3\ARM_GCC_541\Debug/DAC_Clk.lst -g -D DEBUG -Wall -ffunction-sections -ffat-lto-objects -Og -c Generated_Source\PSoC5\DAC_Clk.c -o .\CortexM3\ARM_GCC_541\Debug\DAC_Clk.o
arm-none-eabi-gcc.exe -mcpu=cortex-m3 -mthumb -I. -IGenerated_Source\PSoC5 -Wa,-alh=.\CortexM3\ARM_GCC_541\Debug/Noise_Out.lst -g -D DEBUG -Wall -ffunction-sections -ffat-lto-objects -Og -c Generated_Source\PSoC5\Noise_Out.c -o .\CortexM3\ARM_GCC_541\Debug\Noise_Out.o
arm-none-eabi-gcc.exe -mcpu=cortex-m3 -mthumb -I. -IGenerated_Source\PSoC5 -Wa,-alh=.\CortexM3\ARM_GCC_541\Debug/VDAC8_Noise.lst -g -D DEBUG -Wall -ffunction-sections -ffat-lto-objects -Og -c Generated_Source\PSoC5\VDAC8_Noise.c -o .\CortexM3\ARM_GCC_541\Debug\VDAC8_Noise.o
arm-none-eabi-gcc.exe -mcpu=cortex-m3 -mthumb -I. -IGenerated_Source\PSoC5 -Wa,-alh=.\CortexM3\ARM_GCC_541\Debug/VDAC8_Noise_PM.lst -g -D DEBUG -Wall -ffunction-sections -ffat-lto-objects -Og -c Generated_Source\PSoC5\VDAC8_Noise_PM.c -o .\CortexM3\ARM_GCC_541\Debug\VDAC8_Noise_PM.o
arm-none-eabi-gcc.exe -mcpu=cortex-m3 -mthumb -I. -IGenerated_Source\PSoC5 -Wa,-alh=.\CortexM3\ARM_GCC_541\Debug/MIDI1_UART.lst -g -D DEBUG -Wall -ffunction-sections -ffat-lto-objects -Og -c Generated_Source\PSoC5\MIDI1_UART.c -o .\CortexM3\ARM_GCC_541\Debug\MIDI1_UART.o
arm-none-eabi-gcc.exe -mcpu=cortex-m3 -mthumb -I. -IGenerated_Source\PSoC5 -Wa,-alh=.\CortexM3\ARM_GCC_541\Debug/MIDI1_UART_PM.lst -g -D DEBUG -Wall -ffunction-sections -ffat-lto-objects -Og -c Generated_Source\PSoC5\MIDI1_UART_PM.c -o .\CortexM3\ARM_GCC_541\Debug\MIDI1_UART_PM.o
arm-none-eabi-gcc.exe -mcpu=cortex-m3 -mthumb -I. -IGenerated_Source\PSoC5 -Wa,-alh=.\CortexM3\ARM_GCC_541\Debug/MIDI1_UART_INT.lst -g -D DEBUG -Wall -ffunction-sections -ffat-lto-objects -Og -c Generated_Source\PSoC5\MIDI1_UART_INT.c -o .\CortexM3\ARM_GCC_541\Debug\MIDI1_UART_INT.o
arm-none-eabi-gcc.exe -mcpu=cortex-m3 -mthumb -I. -IGenerated_Source\PSoC5 -Wa,-alh=.\CortexM3\ARM_GCC_541\Debug/MIDI1_UART_BOOT.lst -g -D DEBUG -Wall -ffunction-sections -ffat-lto-objects -Og -c Generated_Source\PSoC5\MIDI1_UART_BOOT.c -o .\CortexM3\ARM_GCC_541\Debug\MIDI1_UART_BOOT.o
arm-none-eabi-gcc.exe -mcpu=cortex-m3 -mthumb -I. -IGenerated_Source\PSoC5 -Wa,-alh=.\CortexM3\ARM_GCC_541\Debug/USBMIDI_1.lst -g -D DEBUG -Wall -ffunction-sections -ffat-lto-objects -Og -c Generated_Source\PSoC5\USBMIDI_1.c -o .\CortexM3\ARM_GCC_541\Debug\USBMIDI_1.o
arm-none-eabi-gcc.exe -mcpu=cortex-m3 -mthumb -I. -IGenerated_Source\PSoC5 -Wa,-alh=.\CortexM3\ARM_GCC_541\Debug/USBMIDI_1_audio.lst -g -D DEBUG -Wall -ffunction-sections -ffat-lto-objects -Og -c Generated_Source\PSoC5\USBMIDI_1_audio.c -o .\CortexM3\ARM_GCC_541\Debug\USBMIDI_1_audio.o
arm-none-eabi-gcc.exe -mcpu=cortex-m3 -mthumb -I. -IGenerated_Source\PSoC5 -Wa,-alh=.\CortexM3\ARM_GCC_541\Debug/USBMIDI_1_boot.lst -g -D DEBUG -Wall -ffunction-sections -ffat-lto-objects -Og -c Generated_Source\PSoC5\USBMIDI_1_boot.c -o .\CortexM3\ARM_GCC_541\Debug\USBMIDI_1_boot.o
arm-none-eabi-gcc.exe -mcpu=cortex-m3 -mthumb -I. -IGenerated_Source\PSoC5 -Wa,-alh=.\CortexM3\ARM_GCC_541\Debug/USBMIDI_1_cdc.lst -g -D DEBUG -Wall -ffunction-sections -ffat-lto-objects -Og -c Generated_Source\PSoC5\USBMIDI_1_cdc.c -o .\CortexM3\ARM_GCC_541\Debug\USBMIDI_1_cdc.o
arm-none-eabi-gcc.exe -mcpu=cortex-m3 -mthumb -I. -IGenerated_Source\PSoC5 -Wa,-alh=.\CortexM3\ARM_GCC_541\Debug/USBMIDI_1_cls.lst -g -D DEBUG -Wall -ffunction-sections -ffat-lto-objects -Og -c Generated_Source\PSoC5\USBMIDI_1_cls.c -o .\CortexM3\ARM_GCC_541\Debug\USBMIDI_1_cls.o
arm-none-eabi-gcc.exe -mcpu=cortex-m3 -mthumb -I. -IGenerated_Source\PSoC5 -Wa,-alh=.\CortexM3\ARM_GCC_541\Debug/USBMIDI_1_descr.lst -g -D DEBUG -Wall -ffunction-sections -ffat-lto-objects -Og -c Generated_Source\PSoC5\USBMIDI_1_descr.c -o .\CortexM3\ARM_GCC_541\Debug\USBMIDI_1_descr.o
arm-none-eabi-gcc.exe -mcpu=cortex-m3 -mthumb -I. -IGenerated_Source\PSoC5 -Wa,-alh=.\CortexM3\ARM_GCC_541\Debug/USBMIDI_1_drv.lst -g -D DEBUG -Wall -ffunction-sections -ffat-lto-objects -Og -c Generated_Source\PSoC5\USBMIDI_1_drv.c -o .\CortexM3\ARM_GCC_541\Debug\USBMIDI_1_drv.o
arm-none-eabi-gcc.exe -mcpu=cortex-m3 -mthumb -I. -IGenerated_Source\PSoC5 -Wa,-alh=.\CortexM3\ARM_GCC_541\Debug/USBMIDI_1_episr.lst -g -D DEBUG -Wall -ffunction-sections -ffat-lto-objects -Og -c Generated_Source\PSoC5\USBMIDI_1_episr.c -o .\CortexM3\ARM_GCC_541\Debug\USBMIDI_1_episr.o
arm-none-eabi-gcc.exe -mcpu=cortex-m3 -mthumb -I. -IGenerated_Source\PSoC5 -Wa,-alh=.\CortexM3\ARM_GCC_541\Debug/USBMIDI_1_hid.lst -g -D DEBUG -Wall -ffunction-sections -ffat-lto-objects -Og -c Generated_Source\PSoC5\USBMIDI_1_hid.c -o .\CortexM3\ARM_GCC_541\Debug\USBMIDI_1_hid.o
arm-none-eabi-gcc.exe -mcpu=cortex-m3 -mthumb -I. -IGenerated_Source\PSoC5 -Wa,-alh=.\CortexM3\ARM_GCC_541\Debug/USBMIDI_1_pm.lst -g -D DEBUG -Wall -ffunction-sections -ffat-lto-objects -Og -c Generated_Source\PSoC5\USBMIDI_1_pm.c -o .\CortexM3\ARM_GCC_541\Debug\USBMIDI_1_pm.o
arm-none-eabi-gcc.exe -mcpu=cortex-m3 -mthumb -I. -IGenerated_Source\PSoC5 -Wa,-alh=.\CortexM3\ARM_GCC_541\Debug/USBMIDI_1_std.lst -g -D DEBUG -Wall -ffunction-sections -ffat-lto-objects -Og -c Generated_Source\PSoC5\USBMIDI_1_std.c -o .\CortexM3\ARM_GCC_541\Debug\USBMIDI_1_std.o
arm-none-eabi-gcc.exe -mcpu=cortex-m3 -mthumb -I. -IGenerated_Source\PSoC5 -Wa,-alh=.\CortexM3\ARM_GCC_541\Debug/USBMIDI_1_vnd.lst -g -D DEBUG -Wall -ffunction-sections -ffat-lto-objects -Og -c Generated_Source\PSoC5\USBMIDI_1_vnd.c -o .\CortexM3\ARM_GCC_541\Debug\USBMIDI_1_vnd.o
arm-none-eabi-gcc.exe -mcpu=cortex-m3 -mthumb -I. -IGenerated_Source\PSoC5 -Wa,-alh=.\CortexM3\ARM_GCC_541\Debug/USBMIDI_1_midi.lst -g -D DEBUG -Wall -ffunction-sections -ffat-lto-objects -Og -c Generated_Source\PSoC5\USBMIDI_1_midi.c -o .\CortexM3\ARM_GCC_541\Debug\USBMIDI_1_midi.o
arm-none-eabi-gcc.exe -mcpu=cortex-m3 -mthumb -I. -IGenerated_Source\PSoC5 -Wa,-alh=.\CortexM3\ARM_GCC_541\Debug/USBMIDI_1_msc.lst -g -D DEBUG -Wall -ffunction-sections -ffat-lto-objects -Og -c Generated_Source\PSoC5\USBMIDI_1_msc.c -o .\CortexM3\ARM_GCC_541\Debug\USBMIDI_1_msc.o
arm-none-eabi-gcc.exe -mcpu=cortex-m3 -mthumb -I. -IGenerated_Source\PSoC5 -Wa,-alh=.\CortexM3\ARM_GCC_541\Debug/MIDI1_UART_IntClock.lst -g -D DEBUG -Wall -ffunction-sections -ffat-lto-objects -Og -c Generated_Source\PSoC5\MIDI1_UART_IntClock.c -o .\CortexM3\ARM_GCC_541\Debug\MIDI1_UART_IntClock.o
arm-none-eabi-gcc.exe -mcpu=cortex-m3 -mthumb -I. -IGenerated_Source\PSoC5 -Wa,-alh=.\CortexM3\ARM_GCC_541\Debug/USBMIDI_1_Dm.lst -g -D DEBUG -Wall -ffunction-sections -ffat-lto-objects -Og -c Generated_Source\PSoC5\USBMIDI_1_Dm.c -o .\CortexM3\ARM_GCC_541\Debug\USBMIDI_1_Dm.o
arm-none-eabi-gcc.exe -mcpu=cortex-m3 -mthumb -I. -IGenerated_Source\PSoC5 -Wa,-alh=.\CortexM3\ARM_GCC_541\Debug/USBMIDI_1_Dp.lst -g -D DEBUG -Wall -ffunction-sections -ffat-lto-objects -Og -c Generated_Source\PSoC5\USBMIDI_1_Dp.c -o .\CortexM3\ARM_GCC_541\Debug\USBMIDI_1_Dp.o
arm-none-eabi-gcc.exe -mcpu=cortex-m3 -mthumb -I. -IGenerated_Source\PSoC5 -Wa,-alh=.\CortexM3\ARM_GCC_541\Debug/Counter_1.lst -g -D DEBUG -Wall -ffunction-sections -ffat-lto-objects -Og -c Generated_Source\PSoC5\Counter_1.c -o .\CortexM3\ARM_GCC_541\Debug\Counter_1.o
arm-none-eabi-gcc.exe -mcpu=cortex-m3 -mthumb -I. -IGenerated_Source\PSoC5 -Wa,-alh=.\CortexM3\ARM_GCC_541\Debug/Counter_1_PM.lst -g -D DEBUG -Wall -ffunction-sections -ffat-lto-objects -Og -c Generated_Source\PSoC5\Counter_1_PM.c -o .\CortexM3\ARM_GCC_541\Debug\Counter_1_PM.o
arm-none-eabi-gcc.exe -mcpu=cortex-m3 -mthumb -I. -IGenerated_Source\PSoC5 -Wa,-alh=.\CortexM3\ARM_GCC_541\Debug/Count7_1.lst -g -D DEBUG -Wall -ffunction-sections -ffat-lto-objects -Og -c Generated_Source\PSoC5\Count7_1.c -o .\CortexM3\ARM_GCC_541\Debug\Count7_1.o
arm-none-eabi-gcc.exe -mcpu=cortex-m3 -mthumb -I. -IGenerated_Source\PSoC5 -Wa,-alh=.\CortexM3\ARM_GCC_541\Debug/Count7_1_PM.lst -g -D DEBUG -Wall -ffunction-sections -ffat-lto-objects -Og -c Generated_Source\PSoC5\Count7_1_PM.c -o .\CortexM3\ARM_GCC_541\Debug\Count7_1_PM.o
arm-none-eabi-gcc.exe -mcpu=cortex-m3 -mthumb -I. -IGenerated_Source\PSoC5 -Wa,-alh=.\CortexM3\ARM_GCC_541\Debug/Count7_2.lst -g -D DEBUG -Wall -ffunction-sections -ffat-lto-objects -Og -c Generated_Source\PSoC5\Count7_2.c -o .\CortexM3\ARM_GCC_541\Debug\Count7_2.o
arm-none-eabi-gcc.exe -mcpu=cortex-m3 -mthumb -I. -IGenerated_Source\PSoC5 -Wa,-alh=.\CortexM3\ARM_GCC_541\Debug/Count7_2_PM.lst -g -D DEBUG -Wall -ffunction-sections -ffat-lto-objects -Og -c Generated_Source\PSoC5\Count7_2_PM.c -o .\CortexM3\ARM_GCC_541\Debug\Count7_2_PM.o
arm-none-eabi-gcc.exe -mcpu=cortex-m3 -mthumb -I. -IGenerated_Source\PSoC5 -Wa,-alh=.\CortexM3\ARM_GCC_541\Debug/Control_Reg_3.lst -g -D DEBUG -Wall -ffunction-sections -ffat-lto-objects -Og -c Generated_Source\PSoC5\Control_Reg_3.c -o .\CortexM3\ARM_GCC_541\Debug\Control_Reg_3.o
arm-none-eabi-gcc.exe -mcpu=cortex-m3 -mthumb -I. -IGenerated_Source\PSoC5 -Wa,-alh=.\CortexM3\ARM_GCC_541\Debug/Control_Reg_3_PM.lst -g -D DEBUG -Wall -ffunction-sections -ffat-lto-objects -Og -c Generated_Source\PSoC5\Control_Reg_3_PM.c -o .\CortexM3\ARM_GCC_541\Debug\Control_Reg_3_PM.o
arm-none-eabi-gcc.exe -mcpu=cortex-m3 -mthumb -I. -IGenerated_Source\PSoC5 -Wa,-alh=.\CortexM3\ARM_GCC_541\Debug/rectangle_generator.lst -g -D DEBUG -Wall -ffunction-sections -ffat-lto-objects -Og -c Generated_Source\PSoC5\rectangle_generator.c -o .\CortexM3\ARM_GCC_541\Debug\rectangle_generator.o
arm-none-eabi-gcc.exe -mcpu=cortex-m3 -mthumb -I. -IGenerated_Source\PSoC5 -Wa,-alh=.\CortexM3\ARM_GCC_541\Debug/rectangle_generator_PM.lst -g -D DEBUG -Wall -ffunction-sections -ffat-lto-objects -Og -c Generated_Source\PSoC5\rectangle_generator_PM.c -o .\CortexM3\ARM_GCC_541\Debug\rectangle_generator_PM.o
arm-none-eabi-gcc.exe -mcpu=cortex-m3 -mthumb -I. -IGenerated_Source\PSoC5 -Wa,-alh=.\CortexM3\ARM_GCC_541\Debug/Control_Reg_4.lst -g -D DEBUG -Wall -ffunction-sections -ffat-lto-objects -Og -c Generated_Source\PSoC5\Control_Reg_4.c -o .\CortexM3\ARM_GCC_541\Debug\Control_Reg_4.o
arm-none-eabi-gcc.exe -mcpu=cortex-m3 -mthumb -I. -IGenerated_Source\PSoC5 -Wa,-alh=.\CortexM3\ARM_GCC_541\Debug/Control_Reg_4_PM.lst -g -D DEBUG -Wall -ffunction-sections -ffat-lto-objects -Og -c Generated_Source\PSoC5\Control_Reg_4_PM.c -o .\CortexM3\ARM_GCC_541\Debug\Control_Reg_4_PM.o
arm-none-eabi-gcc.exe -mcpu=cortex-m3 -mthumb -I. -IGenerated_Source\PSoC5 -Wa,-alh=.\CortexM3\ARM_GCC_541\Debug/Status_Reg_1.lst -g -D DEBUG -Wall -ffunction-sections -ffat-lto-objects -Og -c Generated_Source\PSoC5\Status_Reg_1.c -o .\CortexM3\ARM_GCC_541\Debug\Status_Reg_1.o
arm-none-eabi-as.exe -mcpu=cortex-m3 -mthumb -I. -IGenerated_Source\PSoC5 -alh=.\CortexM3\ARM_GCC_541\Debug/CyBootAsmGnu.lst -g -W -o .\CortexM3\ARM_GCC_541\Debug\CyBootAsmGnu.o Generated_Source\PSoC5\CyBootAsmGnu.s
arm-none-eabi-ar.exe -rs .\CortexM3\ARM_GCC_541\Debug\APU2A03.a .\CortexM3\ARM_GCC_541\Debug\LFSR.o .\CortexM3\ARM_GCC_541\Debug\LFSR_PM.o .\CortexM3\ARM_GCC_541\Debug\Length_Counter.o .\CortexM3\ARM_GCC_541\Debug\Length_Counter_PM.o .\CortexM3\ARM_GCC_541\Debug\Clock_179.o .\CortexM3\ARM_GCC_541\Debug\Control_Reg_1.o .\CortexM3\ARM_GCC_541\Debug\Control_Reg_1_PM.o .\CortexM3\ARM_GCC_541\Debug\Pin_1.o .\CortexM3\ARM_GCC_541\Debug\CyDmac.o .\CortexM3\ARM_GCC_541\Debug\CyFlash.o .\CortexM3\ARM_GCC_541\Debug\CyLib.o .\CortexM3\ARM_GCC_541\Debug\cyPm.o .\CortexM3\ARM_GCC_541\Debug\CySpc.o .\CortexM3\ARM_GCC_541\Debug\cyutils.o .\CortexM3\ARM_GCC_541\Debug\volume_generator.o .\CortexM3\ARM_GCC_541\Debug\volume_generator_PM.o .\CortexM3\ARM_GCC_541\Debug\Pin_2.o .\CortexM3\ARM_GCC_541\Debug\Pin_3.o .\CortexM3\ARM_GCC_541\Debug\Control_Reg_2.o .\CortexM3\ARM_GCC_541\Debug\Control_Reg_2_PM.o .\CortexM3\ARM_GCC_541\Debug\Noise_Vol_Clk_Div.o .\CortexM3\ARM_GCC_541\Debug\Noise_Vol_Clk_Div_PM.o .\CortexM3\ARM_GCC_541\Debug\Noise_Clk_Div.o .\CortexM3\ARM_GCC_541\Debug\Noise_Clk_Div_PM.o .\CortexM3\ARM_GCC_541\Debug\Pin_6.o .\CortexM3\ARM_GCC_541\Debug\Length_Counter_1.o .\CortexM3\ARM_GCC_541\Debug\Length_Counter_1_PM.o .\CortexM3\ARM_GCC_541\Debug\Tri_Divider.o .\CortexM3\ARM_GCC_541\Debug\Tri_Divider_PM.o .\CortexM3\ARM_GCC_541\Debug\DAC_Clk.o .\CortexM3\ARM_GCC_541\Debug\Noise_Out.o .\CortexM3\ARM_GCC_541\Debug\VDAC8_Noise.o .\CortexM3\ARM_GCC_541\Debug\VDAC8_Noise_PM.o .\CortexM3\ARM_GCC_541\Debug\MIDI1_UART.o .\CortexM3\ARM_GCC_541\Debug\MIDI1_UART_PM.o .\CortexM3\ARM_GCC_541\Debug\MIDI1_UART_INT.o .\CortexM3\ARM_GCC_541\Debug\MIDI1_UART_BOOT.o .\CortexM3\ARM_GCC_541\Debug\USBMIDI_1.o .\CortexM3\ARM_GCC_541\Debug\USBMIDI_1_audio.o .\CortexM3\ARM_GCC_541\Debug\USBMIDI_1_boot.o .\CortexM3\ARM_GCC_541\Debug\USBMIDI_1_cdc.o .\CortexM3\ARM_GCC_541\Debug\USBMIDI_1_cls.o .\CortexM3\ARM_GCC_541\Debug\USBMIDI_1_descr.o .\CortexM3\ARM_GCC_541\Debug\USBMIDI_1_drv.o .\CortexM3\ARM_GCC_541\Debug\USBMIDI_1_episr.o .\CortexM3\ARM_GCC_541\Debug\USBMIDI_1_hid.o .\CortexM3\ARM_GCC_541\Debug\USBMIDI_1_pm.o .\CortexM3\ARM_GCC_541\Debug\USBMIDI_1_std.o .\CortexM3\ARM_GCC_541\Debug\USBMIDI_1_vnd.o .\CortexM3\ARM_GCC_541\Debug\USBMIDI_1_midi.o .\CortexM3\ARM_GCC_541\Debug\USBMIDI_1_msc.o .\CortexM3\ARM_GCC_541\Debug\MIDI1_UART_IntClock.o .\CortexM3\ARM_GCC_541\Debug\USBMIDI_1_Dm.o .\CortexM3\ARM_GCC_541\Debug\USBMIDI_1_Dp.o .\CortexM3\ARM_GCC_541\Debug\Counter_1.o .\CortexM3\ARM_GCC_541\Debug\Counter_1_PM.o .\CortexM3\ARM_GCC_541\Debug\Count7_1.o .\CortexM3\ARM_GCC_541\Debug\Count7_1_PM.o .\CortexM3\ARM_GCC_541\Debug\Count7_2.o .\CortexM3\ARM_GCC_541\Debug\Count7_2_PM.o .\CortexM3\ARM_GCC_541\Debug\Control_Reg_3.o .\CortexM3\ARM_GCC_541\Debug\Control_Reg_3_PM.o .\CortexM3\ARM_GCC_541\Debug\rectangle_generator.o .\CortexM3\ARM_GCC_541\Debug\rectangle_generator_PM.o .\CortexM3\ARM_GCC_541\Debug\Control_Reg_4.o .\CortexM3\ARM_GCC_541\Debug\Control_Reg_4_PM.o .\CortexM3\ARM_GCC_541\Debug\Status_Reg_1.o .\CortexM3\ARM_GCC_541\Debug\CyBootAsmGnu.o
arm-none-eabi-ar.exe: creating .\CortexM3\ARM_GCC_541\Debug\APU2A03.a
arm-none-eabi-gcc.exe -Wl,--start-group -o C:\github\PSoC_2A03APU\APU2A03\APU2A03.cydsn\CortexM3\ARM_GCC_541\Debug\APU2A03.elf .\CortexM3\ARM_GCC_541\Debug\main.o .\CortexM3\ARM_GCC_541\Debug\cyfitter_cfg.o .\CortexM3\ARM_GCC_541\Debug\cymetadata.o .\CortexM3\ARM_GCC_541\Debug\Cm3Start.o .\CortexM3\ARM_GCC_541\Debug\APU2A03.a "C:\Program Files (x86)\Cypress\PSoC Creator\4.1\PSoC Creator\psoc\content\cycomponentlibrary\CyComponentLibrary.cylib\CortexM3\ARM_GCC_541\Debug\CyComponentLibrary.a" -mcpu=cortex-m3 -mthumb -L Generated_Source\PSoC5 -Wl,-Map,.\CortexM3\ARM_GCC_541\Debug/APU2A03.map -T Generated_Source\PSoC5\cm3gcc.ld -specs=nano.specs -Wl,--gc-sections -g -ffunction-sections -Og -ffat-lto-objects -Wl,--end-group
cyelftool.exe -C C:\github\PSoC_2A03APU\APU2A03\APU2A03.cydsn\CortexM3\ARM_GCC_541\Debug\APU2A03.elf --flash_row_size 256 --flash_size 262144 --flash_offset 0x00000000
cyelftool.exe -S C:\github\PSoC_2A03APU\APU2A03\APU2A03.cydsn\CortexM3\ARM_GCC_541\Debug\APU2A03.elf
Flash used: 1374 of 262144 bytes (0.5 %).
SRAM used: 2505 of 65536 bytes (3.8 %). Stack: 2048 bytes. Heap: 128 bytes.
--------------- Rebuild Succeeded: 07/19/2019 09:38:06 ---------------
