#***************************************************************************

#sjplacer

#Version:            1.1

#Build Date:         Apr 29 2016 09:00:55

#File Generated:     Jul 25 2017 10:20:30

#Purpose:            

#Copyright (C) 2010-2011 by Softjin Technologies Pvt Ltd. All rights reserved.

#***************************************************************************

Executing : C:\Program Files (x86)\Cypress\PSoC Creator\4.0\PSoC Creator\bin/sjplacer.exe --proj-name APU2A03 --netlist-vh2 APU2A03_p.vh2 --arch-file C:\Program Files (x86)\Cypress\PSoC Creator\4.0\PSoC Creator\dev/arch/p35_udb4x6.ark --rrg-file C:\Program Files (x86)\Cypress\PSoC Creator\4.0\PSoC Creator\dev/psoc5/psoc5lp/route_arch-rrg.cydata --irq-file C:\Program Files (x86)\Cypress\PSoC Creator\4.0\PSoC Creator\dev/psoc5/psoc5lp/irqconn.cydata --drq-file C:\Program Files (x86)\Cypress\PSoC Creator\4.0\PSoC Creator\dev/psoc5/psoc5lp/dmaconn.cydata --dsi-conn-file C:\Program Files (x86)\Cypress\PSoC Creator\4.0\PSoC Creator\dev/psoc5/psoc5lp/dsiconn.cydata --pins-file pins_100-TQFP.xml --lib-file APU2A03_p.lib --sdc-file APU2A03.sdc --io-pcf APU2A03.pci --outdir .

		Softjin Techologies Placer, Version 1.1

Build Date : Apr 29 2016	08:58:44

D2004: Option and Settings Summary
=============================================================
Netlist vh2 file          - APU2A03_p.vh2
Architecture file         - C:\Program Files (x86)\Cypress\PSoC Creator\4.0\PSoC Creator\dev/arch/p35_udb4x6.ark
Package                   - 
Defparam file             - 
SDC file                  - APU2A03.sdc
Output directory          - .
Timing library            - APU2A03_p.lib
IO Placement file         - APU2A03.pci

D2050: Starting reading inputs for placer
=============================================================
D2065: Reading netlist file : "APU2A03_p.vh2"
D2065: Reading arch file : "C:\Program Files (x86)\Cypress\PSoC Creator\4.0\PSoC Creator\dev/arch/p35_udb4x6.ark"
D2051: Reading of inputs for placer completed successfully

D2053: Starting placement of the design
=============================================================

Phase 2
Phase 3

Design Statistics after Packing
    Number of Combinational MCs 	:	38
    Number of Sequential MCs    	:	49
    Number of DPs               	:	9
    Number of Controls          	:	13
    Number of Status            	:	6
    Number of SyncCells         	:	2
    Number of count7cells       	:	5

Device Utilization Summary after Packing
    Macrocells                  :	87/192
    UDBS                        :	22/24
    IOs                         :	9/72


D2088: Phase 3, elapsed time : 0.0 (sec)

Phase 4
D2088: Phase 4, elapsed time : 0.0 (sec)

Phase 5
D2088: Phase 5, elapsed time : 0.0 (sec)

Phase 6

######################################################################
Placement Timing Summary

The timing summary is based on estimated routing delays after
placement. For final timing report, please carry out the timing
analysis after routing.
======================================================================

######################################################################
                     Clock Summary 
======================================================================
Number of clocks: 11
Clock: Clock_179            | Frequency:  29.8 MHz | Target:   1.8 MHz
Clock: Clock_179(fixed-function) | Frequency: N/A       | Target:   1.8 MHz
Clock: Clock_179(routed)    | Frequency: N/A       | Target:   1.8 MHz
Clock: CyBUS_CLK            | Frequency:  66.2 MHz | Target:  48.0 MHz
Clock: CyILO                | Frequency: N/A       | Target:   0.1 MHz
Clock: CyIMO                | Frequency: N/A       | Target:  24.0 MHz
Clock: CyMASTER_CLK         | Frequency: N/A       | Target:  48.0 MHz
Clock: CyPLL_OUT            | Frequency: N/A       | Target:  48.0 MHz
Clock: DAC_Clk              | Frequency: N/A       | Target:   0.3 MHz
Clock: DAC_Clk(routed)      | Frequency: N/A       | Target:   0.3 MHz
Clock: MIDI1_UART_IntClock  | Frequency:  55.9 MHz | Target:   0.3 MHz

======================================================================
                     End of Clock Summary
######################################################################

D2088: Phase 6, elapsed time : 0.1 (sec)

Phase 7
######################################################################
                     Clock Summary 
======================================================================
Number of clocks: 11
Clock: Clock_179            | Frequency:   3.0 MHz | Target:   1.8 MHz
Clock: Clock_179(fixed-function) | Frequency: N/A       | Target:   1.8 MHz
Clock: Clock_179(routed)    | Frequency: N/A       | Target:   1.8 MHz
Clock: CyBUS_CLK            | Frequency:   3.0 MHz | Target:  48.0 MHz
Clock: CyILO                | Frequency: N/A       | Target:   0.1 MHz
Clock: CyIMO                | Frequency: N/A       | Target:  24.0 MHz
Clock: CyMASTER_CLK         | Frequency: N/A       | Target:  48.0 MHz
Clock: CyPLL_OUT            | Frequency: N/A       | Target:  48.0 MHz
Clock: DAC_Clk              | Frequency: N/A       | Target:   0.3 MHz
Clock: DAC_Clk(routed)      | Frequency: N/A       | Target:   0.3 MHz
Clock: MIDI1_UART_IntClock  | Frequency:   3.4 MHz | Target:   0.3 MHz

======================================================================
                     End of Clock Summary
######################################################################
D2088: Phase 7, elapsed time : 0.5 (sec)

Final Design Statistics
    Number of Combinational MCs 	:	38
    Number of Sequential MCs    	:	49
    Number of DPs               	:	9
    Number of Controls          	:	13
    Number of Status            	:	6
    Number of SyncCells         	:	2
    Number of count7cells       	:	5
    Number of IOs       	:	9

Device Utilization Summary
    Macrocells                  :	87/192
    IOs                         :	9/72



######################################################################
Placement Timing Summary

The timing summary is based on estimated routing delays after
placement. For final timing report, please carry out the timing
analysis after routing.
======================================================================


######################################################################
                     Clock Summary 
======================================================================
Number of clocks: 11
Clock: Clock_179            | Frequency:   3.0 MHz | Target:   1.8 MHz
Clock: Clock_179(fixed-function) | Frequency: N/A       | Target:   1.8 MHz
Clock: Clock_179(routed)    | Frequency: N/A       | Target:   1.8 MHz
Clock: CyBUS_CLK            | Frequency:   3.0 MHz | Target:  48.0 MHz
Clock: CyILO                | Frequency: N/A       | Target:   0.1 MHz
Clock: CyIMO                | Frequency: N/A       | Target:  24.0 MHz
Clock: CyMASTER_CLK         | Frequency: N/A       | Target:  48.0 MHz
Clock: CyPLL_OUT            | Frequency: N/A       | Target:  48.0 MHz
Clock: DAC_Clk              | Frequency: N/A       | Target:   0.3 MHz
Clock: DAC_Clk(routed)      | Frequency: N/A       | Target:   0.3 MHz
Clock: MIDI1_UART_IntClock  | Frequency:   3.4 MHz | Target:   0.3 MHz

======================================================================
                     End of Clock Summary
######################################################################

Phase 6

######################################################################
Placement Timing Summary

The timing summary is based on estimated routing delays after
placement. For final timing report, please carry out the timing
analysis after routing.
======================================================================

######################################################################
                     Clock Summary 
======================================================================
Number of clocks: 11
Clock: Clock_179            | Frequency:   3.2 MHz | Target:   1.8 MHz
Clock: Clock_179(fixed-function) | Frequency: N/A       | Target:   1.8 MHz
Clock: Clock_179(routed)    | Frequency: N/A       | Target:   1.8 MHz
Clock: CyBUS_CLK            | Frequency:   3.2 MHz | Target:  48.0 MHz
Clock: CyILO                | Frequency: N/A       | Target:   0.1 MHz
Clock: CyIMO                | Frequency: N/A       | Target:  24.0 MHz
Clock: CyMASTER_CLK         | Frequency: N/A       | Target:  48.0 MHz
Clock: CyPLL_OUT            | Frequency: N/A       | Target:  48.0 MHz
Clock: DAC_Clk              | Frequency: N/A       | Target:   0.3 MHz
Clock: DAC_Clk(routed)      | Frequency: N/A       | Target:   0.3 MHz
Clock: MIDI1_UART_IntClock  | Frequency:   3.3 MHz | Target:   0.3 MHz

======================================================================
                     End of Clock Summary
######################################################################

D2088: Phase 6, elapsed time : 0.1 (sec)

Phase 7
######################################################################
                     Clock Summary 
======================================================================
Number of clocks: 11
Clock: Clock_179            | Frequency:   3.2 MHz | Target:   1.8 MHz
Clock: Clock_179(fixed-function) | Frequency: N/A       | Target:   1.8 MHz
Clock: Clock_179(routed)    | Frequency: N/A       | Target:   1.8 MHz
Clock: CyBUS_CLK            | Frequency:   3.2 MHz | Target:  48.0 MHz
Clock: CyILO                | Frequency: N/A       | Target:   0.1 MHz
Clock: CyIMO                | Frequency: N/A       | Target:  24.0 MHz
Clock: CyMASTER_CLK         | Frequency: N/A       | Target:  48.0 MHz
Clock: CyPLL_OUT            | Frequency: N/A       | Target:  48.0 MHz
Clock: DAC_Clk              | Frequency: N/A       | Target:   0.3 MHz
Clock: DAC_Clk(routed)      | Frequency: N/A       | Target:   0.3 MHz
Clock: MIDI1_UART_IntClock  | Frequency:   3.3 MHz | Target:   0.3 MHz

======================================================================
                     End of Clock Summary
######################################################################
D2088: Phase 7, elapsed time : 1.7 (sec)

Final Design Statistics
    Number of Combinational MCs 	:	38
    Number of Sequential MCs    	:	49
    Number of DPs               	:	9
    Number of Controls          	:	13
    Number of Status            	:	6
    Number of SyncCells         	:	2
    Number of count7cells       	:	5
    Number of IOs       	:	9

Device Utilization Summary
    Macrocells                  :	87/192
    IOs                         :	9/72



######################################################################
Placement Timing Summary

The timing summary is based on estimated routing delays after
placement. For final timing report, please carry out the timing
analysis after routing.
======================================================================


######################################################################
                     Clock Summary 
======================================================================
Number of clocks: 11
Clock: Clock_179            | Frequency:   3.3 MHz | Target:   1.8 MHz
Clock: Clock_179(fixed-function) | Frequency: N/A       | Target:   1.8 MHz
Clock: Clock_179(routed)    | Frequency: N/A       | Target:   1.8 MHz
Clock: CyBUS_CLK            | Frequency:   3.3 MHz | Target:  48.0 MHz
Clock: CyILO                | Frequency: N/A       | Target:   0.1 MHz
Clock: CyIMO                | Frequency: N/A       | Target:  24.0 MHz
Clock: CyMASTER_CLK         | Frequency: N/A       | Target:  48.0 MHz
Clock: CyPLL_OUT            | Frequency: N/A       | Target:  48.0 MHz
Clock: DAC_Clk              | Frequency: N/A       | Target:   0.3 MHz
Clock: DAC_Clk(routed)      | Frequency: N/A       | Target:   0.3 MHz
Clock: MIDI1_UART_IntClock  | Frequency:   3.4 MHz | Target:   0.3 MHz

======================================================================
                     End of Clock Summary
######################################################################

Phase 8
D2088: Phase 8, elapsed time : 0.0 (sec)

D2054: Placement of the design completed successfully

I2076: Total run-time: 3.4 sec.

